<?xml version="1.0" encoding="UTF-8"?>
<testsuite name="KarateRunnerTest" tests="1" skipped="0" failures="0" errors="0" timestamp="2021-02-05T10:33:35" hostname="DESKTOP-NACHEK3" time="28.369">
  <properties/>
  <testcase name="testrunAll()" classname="KarateRunnerTest" time="28.369"/>
  <system-out><![CDATA[16:03:36.210 [Test worker] INFO com.intuit.karate.Runner - waiting for parallel features to complete ...
16:03:36.289 [ForkJoinPool-1-worker-1] INFO com.intuit.karate - From karate-config file 
16:03:36.289 [ForkJoinPool-1-worker-0] INFO com.intuit.karate - From karate-config file 
16:03:36.382 [ForkJoinPool-1-worker-1] DEBUG com.jayway.jsonpath.internal.path.CompiledPath - Evaluating path: $
16:03:36.382 [ForkJoinPool-1-worker-0] DEBUG com.jayway.jsonpath.internal.path.CompiledPath - Evaluating path: $
16:03:36.663 [ForkJoinPool-1-worker-1] DEBUG org.apache.http.client.protocol.RequestAddCookies - CookieSpec selected: karate
16:03:36.663 [ForkJoinPool-1-worker-0] DEBUG org.apache.http.client.protocol.RequestAddCookies - CookieSpec selected: karate
16:03:36.679 [ForkJoinPool-1-worker-1] DEBUG org.apache.http.client.protocol.RequestAuthCache - Auth cache not set in the context
16:03:36.679 [ForkJoinPool-1-worker-1] DEBUG com.intuit.karate - request:
1 > POST https://www.w3schools.com/xml/tempconvert.asmx/CelsiusToFahrenheit
1 > Accept-Encoding: gzip,deflate
1 > Connection: Keep-Alive
1 > Content-Length: 10
1 > Content-Type: application/x-www-form-urlencoded; charset=UTF-8
1 > Host: www.w3schools.com
1 > User-Agent: Apache-HttpClient/4.5.12 (Java/1.8.0_251)
Celsius=40

16:03:36.679 [ForkJoinPool-1-worker-1] DEBUG org.apache.http.impl.conn.PoolingHttpClientConnectionManager - Connection request: [route: {s}->https://www.w3schools.com:443][total available: 0; route allocated: 0 of 5; total allocated: 0 of 10]
16:03:36.679 [ForkJoinPool-1-worker-0] DEBUG org.apache.http.client.protocol.RequestAuthCache - Auth cache not set in the context
16:03:36.679 [ForkJoinPool-1-worker-0] DEBUG com.intuit.karate - request:
1 > POST https://www.w3schools.com/xml/tempconvert.asmx/CelsiusToFahrenheit
1 > Accept-Encoding: gzip,deflate
1 > Connection: Keep-Alive
1 > Content-Length: 10
1 > Content-Type: application/x-www-form-urlencoded; charset=UTF-8
1 > Host: www.w3schools.com
1 > User-Agent: Apache-HttpClient/4.5.12 (Java/1.8.0_251)
Celsius=40

16:03:36.695 [ForkJoinPool-1-worker-0] DEBUG org.apache.http.impl.conn.PoolingHttpClientConnectionManager - Connection request: [route: {s}->https://www.w3schools.com:443][total available: 0; route allocated: 0 of 5; total allocated: 0 of 10]
16:03:36.695 [ForkJoinPool-1-worker-0] DEBUG org.apache.http.impl.conn.PoolingHttpClientConnectionManager - Connection leased: [id: 0][route: {s}->https://www.w3schools.com:443][total available: 0; route allocated: 1 of 5; total allocated: 1 of 10]
16:03:36.695 [ForkJoinPool-1-worker-1] DEBUG org.apache.http.impl.conn.PoolingHttpClientConnectionManager - Connection leased: [id: 1][route: {s}->https://www.w3schools.com:443][total available: 0; route allocated: 1 of 5; total allocated: 1 of 10]
16:03:36.695 [ForkJoinPool-1-worker-0] DEBUG org.apache.http.impl.execchain.MainClientExec - Opening connection {s}->https://www.w3schools.com:443
16:03:36.695 [ForkJoinPool-1-worker-1] DEBUG org.apache.http.impl.execchain.MainClientExec - Opening connection {s}->https://www.w3schools.com:443
16:03:36.710 [ForkJoinPool-1-worker-1] DEBUG org.apache.http.impl.conn.DefaultHttpClientConnectionOperator - Connecting to www.w3schools.com/192.229.179.87:443
16:03:36.710 [ForkJoinPool-1-worker-1] DEBUG org.apache.http.conn.ssl.SSLConnectionSocketFactory - Connecting socket to www.w3schools.com/192.229.179.87:443 with timeout 5000
16:03:36.710 [ForkJoinPool-1-worker-0] DEBUG org.apache.http.impl.conn.DefaultHttpClientConnectionOperator - Connecting to www.w3schools.com/192.229.179.87:443
16:03:36.710 [ForkJoinPool-1-worker-0] DEBUG org.apache.http.conn.ssl.SSLConnectionSocketFactory - Connecting socket to www.w3schools.com/192.229.179.87:443 with timeout 5000
16:03:36.820 [ForkJoinPool-1-worker-1] DEBUG org.apache.http.conn.ssl.SSLConnectionSocketFactory - Enabled protocols: [TLSv1, TLSv1.1, TLSv1.2]
16:03:36.820 [ForkJoinPool-1-worker-1] DEBUG org.apache.http.conn.ssl.SSLConnectionSocketFactory - Enabled cipher suites:[TLS_ECDHE_ECDSA_WITH_AES_256_CBC_SHA384, TLS_ECDHE_RSA_WITH_AES_256_CBC_SHA384, TLS_RSA_WITH_AES_256_CBC_SHA256, TLS_ECDH_ECDSA_WITH_AES_256_CBC_SHA384, TLS_ECDH_RSA_WITH_AES_256_CBC_SHA384, TLS_DHE_RSA_WITH_AES_256_CBC_SHA256, TLS_DHE_DSS_WITH_AES_256_CBC_SHA256, TLS_ECDHE_ECDSA_WITH_AES_256_CBC_SHA, TLS_ECDHE_RSA_WITH_AES_256_CBC_SHA, TLS_RSA_WITH_AES_256_CBC_SHA, TLS_ECDH_ECDSA_WITH_AES_256_CBC_SHA, TLS_ECDH_RSA_WITH_AES_256_CBC_SHA, TLS_DHE_RSA_WITH_AES_256_CBC_SHA, TLS_DHE_DSS_WITH_AES_256_CBC_SHA, TLS_ECDHE_ECDSA_WITH_AES_128_CBC_SHA256, TLS_ECDHE_RSA_WITH_AES_128_CBC_SHA256, TLS_RSA_WITH_AES_128_CBC_SHA256, TLS_ECDH_ECDSA_WITH_AES_128_CBC_SHA256, TLS_ECDH_RSA_WITH_AES_128_CBC_SHA256, TLS_DHE_RSA_WITH_AES_128_CBC_SHA256, TLS_DHE_DSS_WITH_AES_128_CBC_SHA256, TLS_ECDHE_ECDSA_WITH_AES_128_CBC_SHA, TLS_ECDHE_RSA_WITH_AES_128_CBC_SHA, TLS_RSA_WITH_AES_128_CBC_SHA, TLS_ECDH_ECDSA_WITH_AES_128_CBC_SHA, TLS_ECDH_RSA_WITH_AES_128_CBC_SHA, TLS_DHE_RSA_WITH_AES_128_CBC_SHA, TLS_DHE_DSS_WITH_AES_128_CBC_SHA, TLS_ECDHE_ECDSA_WITH_AES_256_GCM_SHA384, TLS_ECDHE_ECDSA_WITH_AES_128_GCM_SHA256, TLS_ECDHE_RSA_WITH_AES_256_GCM_SHA384, TLS_RSA_WITH_AES_256_GCM_SHA384, TLS_ECDH_ECDSA_WITH_AES_256_GCM_SHA384, TLS_ECDH_RSA_WITH_AES_256_GCM_SHA384, TLS_DHE_RSA_WITH_AES_256_GCM_SHA384, TLS_DHE_DSS_WITH_AES_256_GCM_SHA384, TLS_ECDHE_RSA_WITH_AES_128_GCM_SHA256, TLS_RSA_WITH_AES_128_GCM_SHA256, TLS_ECDH_ECDSA_WITH_AES_128_GCM_SHA256, TLS_ECDH_RSA_WITH_AES_128_GCM_SHA256, TLS_DHE_RSA_WITH_AES_128_GCM_SHA256, TLS_DHE_DSS_WITH_AES_128_GCM_SHA256, TLS_EMPTY_RENEGOTIATION_INFO_SCSV]
16:03:36.820 [ForkJoinPool-1-worker-1] DEBUG org.apache.http.conn.ssl.SSLConnectionSocketFactory - Starting handshake
16:03:36.835 [ForkJoinPool-1-worker-0] DEBUG org.apache.http.conn.ssl.SSLConnectionSocketFactory - Enabled protocols: [TLSv1, TLSv1.1, TLSv1.2]
16:03:36.835 [ForkJoinPool-1-worker-0] DEBUG org.apache.http.conn.ssl.SSLConnectionSocketFactory - Enabled cipher suites:[TLS_ECDHE_ECDSA_WITH_AES_256_CBC_SHA384, TLS_ECDHE_RSA_WITH_AES_256_CBC_SHA384, TLS_RSA_WITH_AES_256_CBC_SHA256, TLS_ECDH_ECDSA_WITH_AES_256_CBC_SHA384, TLS_ECDH_RSA_WITH_AES_256_CBC_SHA384, TLS_DHE_RSA_WITH_AES_256_CBC_SHA256, TLS_DHE_DSS_WITH_AES_256_CBC_SHA256, TLS_ECDHE_ECDSA_WITH_AES_256_CBC_SHA, TLS_ECDHE_RSA_WITH_AES_256_CBC_SHA, TLS_RSA_WITH_AES_256_CBC_SHA, TLS_ECDH_ECDSA_WITH_AES_256_CBC_SHA, TLS_ECDH_RSA_WITH_AES_256_CBC_SHA, TLS_DHE_RSA_WITH_AES_256_CBC_SHA, TLS_DHE_DSS_WITH_AES_256_CBC_SHA, TLS_ECDHE_ECDSA_WITH_AES_128_CBC_SHA256, TLS_ECDHE_RSA_WITH_AES_128_CBC_SHA256, TLS_RSA_WITH_AES_128_CBC_SHA256, TLS_ECDH_ECDSA_WITH_AES_128_CBC_SHA256, TLS_ECDH_RSA_WITH_AES_128_CBC_SHA256, TLS_DHE_RSA_WITH_AES_128_CBC_SHA256, TLS_DHE_DSS_WITH_AES_128_CBC_SHA256, TLS_ECDHE_ECDSA_WITH_AES_128_CBC_SHA, TLS_ECDHE_RSA_WITH_AES_128_CBC_SHA, TLS_RSA_WITH_AES_128_CBC_SHA, TLS_ECDH_ECDSA_WITH_AES_128_CBC_SHA, TLS_ECDH_RSA_WITH_AES_128_CBC_SHA, TLS_DHE_RSA_WITH_AES_128_CBC_SHA, TLS_DHE_DSS_WITH_AES_128_CBC_SHA, TLS_ECDHE_ECDSA_WITH_AES_256_GCM_SHA384, TLS_ECDHE_ECDSA_WITH_AES_128_GCM_SHA256, TLS_ECDHE_RSA_WITH_AES_256_GCM_SHA384, TLS_RSA_WITH_AES_256_GCM_SHA384, TLS_ECDH_ECDSA_WITH_AES_256_GCM_SHA384, TLS_ECDH_RSA_WITH_AES_256_GCM_SHA384, TLS_DHE_RSA_WITH_AES_256_GCM_SHA384, TLS_DHE_DSS_WITH_AES_256_GCM_SHA384, TLS_ECDHE_RSA_WITH_AES_128_GCM_SHA256, TLS_RSA_WITH_AES_128_GCM_SHA256, TLS_ECDH_ECDSA_WITH_AES_128_GCM_SHA256, TLS_ECDH_RSA_WITH_AES_128_GCM_SHA256, TLS_DHE_RSA_WITH_AES_128_GCM_SHA256, TLS_DHE_DSS_WITH_AES_128_GCM_SHA256, TLS_EMPTY_RENEGOTIATION_INFO_SCSV]
16:03:36.835 [ForkJoinPool-1-worker-0] DEBUG org.apache.http.conn.ssl.SSLConnectionSocketFactory - Starting handshake
16:03:36.976 [ForkJoinPool-1-worker-1] DEBUG org.apache.http.conn.ssl.SSLConnectionSocketFactory - Secure session established
16:03:36.976 [ForkJoinPool-1-worker-1] DEBUG org.apache.http.conn.ssl.SSLConnectionSocketFactory -  negotiated protocol: TLSv1.2
16:03:36.976 [ForkJoinPool-1-worker-1] DEBUG org.apache.http.conn.ssl.SSLConnectionSocketFactory -  negotiated cipher suite: TLS_ECDHE_RSA_WITH_AES_128_GCM_SHA256
16:03:36.976 [ForkJoinPool-1-worker-1] DEBUG org.apache.http.conn.ssl.SSLConnectionSocketFactory -  peer principal: CN=*.w3schools.com, OU=IT, O="Verizon Digital Media Services, Inc.", L=Los Angeles, ST=California, C=US
16:03:36.976 [ForkJoinPool-1-worker-1] DEBUG org.apache.http.conn.ssl.SSLConnectionSocketFactory -  peer alternative names: [*.w3schools.com, w3schools.com]
16:03:36.976 [ForkJoinPool-1-worker-1] DEBUG org.apache.http.conn.ssl.SSLConnectionSocketFactory -  issuer principal: CN=DigiCert SHA2 Secure Server CA, O=DigiCert Inc, C=US
16:03:36.976 [ForkJoinPool-1-worker-0] DEBUG org.apache.http.conn.ssl.SSLConnectionSocketFactory - Secure session established
16:03:36.976 [ForkJoinPool-1-worker-0] DEBUG org.apache.http.conn.ssl.SSLConnectionSocketFactory -  negotiated protocol: TLSv1.2
16:03:36.976 [ForkJoinPool-1-worker-0] DEBUG org.apache.http.conn.ssl.SSLConnectionSocketFactory -  negotiated cipher suite: TLS_ECDHE_RSA_WITH_AES_128_GCM_SHA256
16:03:36.976 [ForkJoinPool-1-worker-0] DEBUG org.apache.http.conn.ssl.SSLConnectionSocketFactory -  peer principal: CN=*.w3schools.com, OU=IT, O="Verizon Digital Media Services, Inc.", L=Los Angeles, ST=California, C=US
16:03:36.976 [ForkJoinPool-1-worker-0] DEBUG org.apache.http.conn.ssl.SSLConnectionSocketFactory -  peer alternative names: [*.w3schools.com, w3schools.com]
16:03:36.976 [ForkJoinPool-1-worker-0] DEBUG org.apache.http.conn.ssl.SSLConnectionSocketFactory -  issuer principal: CN=DigiCert SHA2 Secure Server CA, O=DigiCert Inc, C=US
16:03:36.976 [ForkJoinPool-1-worker-1] DEBUG org.apache.http.impl.conn.DefaultHttpClientConnectionOperator - Connection established 192.168.1.49:63143<->192.229.179.87:443
16:03:36.976 [ForkJoinPool-1-worker-0] DEBUG org.apache.http.impl.conn.DefaultHttpClientConnectionOperator - Connection established 192.168.1.49:63144<->192.229.179.87:443
16:03:36.976 [ForkJoinPool-1-worker-1] DEBUG org.apache.http.impl.conn.DefaultManagedHttpClientConnection - http-outgoing-0: set socket timeout to 5000
16:03:36.976 [ForkJoinPool-1-worker-0] DEBUG org.apache.http.impl.conn.DefaultManagedHttpClientConnection - http-outgoing-1: set socket timeout to 5000
16:03:36.976 [ForkJoinPool-1-worker-1] DEBUG org.apache.http.impl.execchain.MainClientExec - Executing request POST /xml/tempconvert.asmx/CelsiusToFahrenheit HTTP/1.1
16:03:36.976 [ForkJoinPool-1-worker-1] DEBUG org.apache.http.impl.execchain.MainClientExec - Target auth state: UNCHALLENGED
16:03:36.976 [ForkJoinPool-1-worker-0] DEBUG org.apache.http.impl.execchain.MainClientExec - Executing request POST /xml/tempconvert.asmx/CelsiusToFahrenheit HTTP/1.1
16:03:36.976 [ForkJoinPool-1-worker-0] DEBUG org.apache.http.impl.execchain.MainClientExec - Target auth state: UNCHALLENGED
16:03:36.976 [ForkJoinPool-1-worker-1] DEBUG org.apache.http.impl.execchain.MainClientExec - Proxy auth state: UNCHALLENGED
16:03:36.976 [ForkJoinPool-1-worker-0] DEBUG org.apache.http.impl.execchain.MainClientExec - Proxy auth state: UNCHALLENGED
16:03:36.991 [ForkJoinPool-1-worker-1] DEBUG org.apache.http.headers - http-outgoing-0 >> POST /xml/tempconvert.asmx/CelsiusToFahrenheit HTTP/1.1
16:03:36.991 [ForkJoinPool-1-worker-0] DEBUG org.apache.http.headers - http-outgoing-1 >> POST /xml/tempconvert.asmx/CelsiusToFahrenheit HTTP/1.1
16:03:36.991 [ForkJoinPool-1-worker-1] DEBUG org.apache.http.headers - http-outgoing-0 >> Content-Type: application/x-www-form-urlencoded; charset=UTF-8
16:03:36.991 [ForkJoinPool-1-worker-1] DEBUG org.apache.http.headers - http-outgoing-0 >> Content-Length: 10
16:03:36.991 [ForkJoinPool-1-worker-1] DEBUG org.apache.http.headers - http-outgoing-0 >> Host: www.w3schools.com
16:03:36.991 [ForkJoinPool-1-worker-1] DEBUG org.apache.http.headers - http-outgoing-0 >> Connection: Keep-Alive
16:03:36.991 [ForkJoinPool-1-worker-1] DEBUG org.apache.http.headers - http-outgoing-0 >> User-Agent: Apache-HttpClient/4.5.12 (Java/1.8.0_251)
16:03:36.991 [ForkJoinPool-1-worker-1] DEBUG org.apache.http.headers - http-outgoing-0 >> Accept-Encoding: gzip,deflate
16:03:36.991 [ForkJoinPool-1-worker-1] DEBUG org.apache.http.wire - http-outgoing-0 >> "POST /xml/tempconvert.asmx/CelsiusToFahrenheit HTTP/1.1[\r][\n]"
16:03:36.991 [ForkJoinPool-1-worker-1] DEBUG org.apache.http.wire - http-outgoing-0 >> "Content-Type: application/x-www-form-urlencoded; charset=UTF-8[\r][\n]"
16:03:36.991 [ForkJoinPool-1-worker-1] DEBUG org.apache.http.wire - http-outgoing-0 >> "Content-Length: 10[\r][\n]"
16:03:36.991 [ForkJoinPool-1-worker-1] DEBUG org.apache.http.wire - http-outgoing-0 >> "Host: www.w3schools.com[\r][\n]"
16:03:36.991 [ForkJoinPool-1-worker-0] DEBUG org.apache.http.headers - http-outgoing-1 >> Content-Type: application/x-www-form-urlencoded; charset=UTF-8
16:03:36.991 [ForkJoinPool-1-worker-1] DEBUG org.apache.http.wire - http-outgoing-0 >> "Connection: Keep-Alive[\r][\n]"
16:03:36.991 [ForkJoinPool-1-worker-0] DEBUG org.apache.http.headers - http-outgoing-1 >> Content-Length: 10
16:03:36.991 [ForkJoinPool-1-worker-1] DEBUG org.apache.http.wire - http-outgoing-0 >> "User-Agent: Apache-HttpClient/4.5.12 (Java/1.8.0_251)[\r][\n]"
16:03:36.991 [ForkJoinPool-1-worker-1] DEBUG org.apache.http.wire - http-outgoing-0 >> "Accept-Encoding: gzip,deflate[\r][\n]"
16:03:36.991 [ForkJoinPool-1-worker-1] DEBUG org.apache.http.wire - http-outgoing-0 >> "[\r][\n]"
16:03:36.991 [ForkJoinPool-1-worker-0] DEBUG org.apache.http.headers - http-outgoing-1 >> Host: www.w3schools.com
16:03:36.991 [ForkJoinPool-1-worker-1] DEBUG org.apache.http.wire - http-outgoing-0 >> "Celsius=40"
16:03:36.991 [ForkJoinPool-1-worker-0] DEBUG org.apache.http.headers - http-outgoing-1 >> Connection: Keep-Alive
16:03:36.991 [ForkJoinPool-1-worker-0] DEBUG org.apache.http.headers - http-outgoing-1 >> User-Agent: Apache-HttpClient/4.5.12 (Java/1.8.0_251)
16:03:36.991 [ForkJoinPool-1-worker-0] DEBUG org.apache.http.headers - http-outgoing-1 >> Accept-Encoding: gzip,deflate
16:03:36.991 [ForkJoinPool-1-worker-0] DEBUG org.apache.http.wire - http-outgoing-1 >> "POST /xml/tempconvert.asmx/CelsiusToFahrenheit HTTP/1.1[\r][\n]"
16:03:36.991 [ForkJoinPool-1-worker-0] DEBUG org.apache.http.wire - http-outgoing-1 >> "Content-Type: application/x-www-form-urlencoded; charset=UTF-8[\r][\n]"
16:03:36.991 [ForkJoinPool-1-worker-0] DEBUG org.apache.http.wire - http-outgoing-1 >> "Content-Length: 10[\r][\n]"
16:03:36.991 [ForkJoinPool-1-worker-0] DEBUG org.apache.http.wire - http-outgoing-1 >> "Host: www.w3schools.com[\r][\n]"
16:03:36.991 [ForkJoinPool-1-worker-0] DEBUG org.apache.http.wire - http-outgoing-1 >> "Connection: Keep-Alive[\r][\n]"
16:03:36.991 [ForkJoinPool-1-worker-0] DEBUG org.apache.http.wire - http-outgoing-1 >> "User-Agent: Apache-HttpClient/4.5.12 (Java/1.8.0_251)[\r][\n]"
16:03:36.991 [ForkJoinPool-1-worker-0] DEBUG org.apache.http.wire - http-outgoing-1 >> "Accept-Encoding: gzip,deflate[\r][\n]"
16:03:36.991 [ForkJoinPool-1-worker-0] DEBUG org.apache.http.wire - http-outgoing-1 >> "[\r][\n]"
16:03:36.991 [ForkJoinPool-1-worker-0] DEBUG org.apache.http.wire - http-outgoing-1 >> "Celsius=40"
16:03:37.226 [ForkJoinPool-1-worker-1] DEBUG org.apache.http.wire - http-outgoing-0 << "HTTP/1.1 200 OK[\r][\n]"
16:03:37.226 [ForkJoinPool-1-worker-1] DEBUG org.apache.http.wire - http-outgoing-0 << "Content-Encoding: gzip[\r][\n]"
16:03:37.226 [ForkJoinPool-1-worker-1] DEBUG org.apache.http.wire - http-outgoing-0 << "Cache-Control: private, max-age=0,public[\r][\n]"
16:03:37.226 [ForkJoinPool-1-worker-1] DEBUG org.apache.http.wire - http-outgoing-0 << "Content-Type: text/xml; charset=utf-8[\r][\n]"
16:03:37.226 [ForkJoinPool-1-worker-1] DEBUG org.apache.http.wire - http-outgoing-0 << "Date: Fri, 05 Feb 2021 10:25:27 GMT[\r][\n]"
16:03:37.226 [ForkJoinPool-1-worker-1] DEBUG org.apache.http.wire - http-outgoing-0 << "Server: Microsoft-IIS/7.5[\r][\n]"
16:03:37.226 [ForkJoinPool-1-worker-1] DEBUG org.apache.http.wire - http-outgoing-0 << "Vary: Accept-Encoding[\r][\n]"
16:03:37.226 [ForkJoinPool-1-worker-1] DEBUG org.apache.http.wire - http-outgoing-0 << "X-AspNet-Version: 4.0.30319[\r][\n]"
16:03:37.226 [ForkJoinPool-1-worker-1] DEBUG org.apache.http.wire - http-outgoing-0 << "X-Frame-Options: SAMEORIGIN[\r][\n]"
16:03:37.226 [ForkJoinPool-1-worker-1] DEBUG org.apache.http.wire - http-outgoing-0 << "X-Powered-By: ASP.NET[\r][\n]"
16:03:37.226 [ForkJoinPool-1-worker-0] DEBUG org.apache.http.wire - http-outgoing-1 << "HTTP/1.1 200 OK[\r][\n]"
16:03:37.226 [ForkJoinPool-1-worker-1] DEBUG org.apache.http.wire - http-outgoing-0 << "Content-Length: 207[\r][\n]"
16:03:37.226 [ForkJoinPool-1-worker-0] DEBUG org.apache.http.wire - http-outgoing-1 << "Content-Encoding: gzip[\r][\n]"
16:03:37.226 [ForkJoinPool-1-worker-1] DEBUG org.apache.http.wire - http-outgoing-0 << "[\r][\n]"
16:03:37.226 [ForkJoinPool-1-worker-0] DEBUG org.apache.http.wire - http-outgoing-1 << "Cache-Control: private, max-age=0,public[\r][\n]"
16:03:37.226 [ForkJoinPool-1-worker-0] DEBUG org.apache.http.wire - http-outgoing-1 << "Content-Type: text/xml; charset=utf-8[\r][\n]"
16:03:37.226 [ForkJoinPool-1-worker-0] DEBUG org.apache.http.wire - http-outgoing-1 << "Date: Fri, 05 Feb 2021 10:25:27 GMT[\r][\n]"
16:03:37.226 [ForkJoinPool-1-worker-0] DEBUG org.apache.http.wire - http-outgoing-1 << "Server: Microsoft-IIS/7.5[\r][\n]"
16:03:37.226 [ForkJoinPool-1-worker-0] DEBUG org.apache.http.wire - http-outgoing-1 << "Vary: Accept-Encoding[\r][\n]"
16:03:37.226 [ForkJoinPool-1-worker-0] DEBUG org.apache.http.wire - http-outgoing-1 << "X-AspNet-Version: 4.0.30319[\r][\n]"
16:03:37.226 [ForkJoinPool-1-worker-0] DEBUG org.apache.http.wire - http-outgoing-1 << "X-Frame-Options: SAMEORIGIN[\r][\n]"
16:03:37.226 [ForkJoinPool-1-worker-0] DEBUG org.apache.http.wire - http-outgoing-1 << "X-Powered-By: ASP.NET[\r][\n]"
16:03:37.226 [ForkJoinPool-1-worker-0] DEBUG org.apache.http.wire - http-outgoing-1 << "Content-Length: 207[\r][\n]"
16:03:37.226 [ForkJoinPool-1-worker-0] DEBUG org.apache.http.wire - http-outgoing-1 << "[\r][\n]"
16:03:37.226 [ForkJoinPool-1-worker-0] DEBUG org.apache.http.headers - http-outgoing-1 << HTTP/1.1 200 OK
16:03:37.226 [ForkJoinPool-1-worker-0] DEBUG org.apache.http.headers - http-outgoing-1 << Content-Encoding: gzip
16:03:37.226 [ForkJoinPool-1-worker-1] DEBUG org.apache.http.headers - http-outgoing-0 << HTTP/1.1 200 OK
16:03:37.226 [ForkJoinPool-1-worker-0] DEBUG org.apache.http.headers - http-outgoing-1 << Cache-Control: private, max-age=0,public
16:03:37.226 [ForkJoinPool-1-worker-1] DEBUG org.apache.http.headers - http-outgoing-0 << Content-Encoding: gzip
16:03:37.226 [ForkJoinPool-1-worker-0] DEBUG org.apache.http.headers - http-outgoing-1 << Content-Type: text/xml; charset=utf-8
16:03:37.226 [ForkJoinPool-1-worker-1] DEBUG org.apache.http.headers - http-outgoing-0 << Cache-Control: private, max-age=0,public
16:03:37.226 [ForkJoinPool-1-worker-0] DEBUG org.apache.http.headers - http-outgoing-1 << Date: Fri, 05 Feb 2021 10:25:27 GMT
16:03:37.226 [ForkJoinPool-1-worker-1] DEBUG org.apache.http.headers - http-outgoing-0 << Content-Type: text/xml; charset=utf-8
16:03:37.226 [ForkJoinPool-1-worker-0] DEBUG org.apache.http.headers - http-outgoing-1 << Server: Microsoft-IIS/7.5
16:03:37.226 [ForkJoinPool-1-worker-1] DEBUG org.apache.http.headers - http-outgoing-0 << Date: Fri, 05 Feb 2021 10:25:27 GMT
16:03:37.226 [ForkJoinPool-1-worker-0] DEBUG org.apache.http.headers - http-outgoing-1 << Vary: Accept-Encoding
16:03:37.226 [ForkJoinPool-1-worker-1] DEBUG org.apache.http.headers - http-outgoing-0 << Server: Microsoft-IIS/7.5
16:03:37.226 [ForkJoinPool-1-worker-0] DEBUG org.apache.http.headers - http-outgoing-1 << X-AspNet-Version: 4.0.30319
16:03:37.226 [ForkJoinPool-1-worker-1] DEBUG org.apache.http.headers - http-outgoing-0 << Vary: Accept-Encoding
16:03:37.226 [ForkJoinPool-1-worker-0] DEBUG org.apache.http.headers - http-outgoing-1 << X-Frame-Options: SAMEORIGIN
16:03:37.226 [ForkJoinPool-1-worker-1] DEBUG org.apache.http.headers - http-outgoing-0 << X-AspNet-Version: 4.0.30319
16:03:37.226 [ForkJoinPool-1-worker-0] DEBUG org.apache.http.headers - http-outgoing-1 << X-Powered-By: ASP.NET
16:03:37.226 [ForkJoinPool-1-worker-1] DEBUG org.apache.http.headers - http-outgoing-0 << X-Frame-Options: SAMEORIGIN
16:03:37.226 [ForkJoinPool-1-worker-0] DEBUG org.apache.http.headers - http-outgoing-1 << Content-Length: 207
16:03:37.226 [ForkJoinPool-1-worker-1] DEBUG org.apache.http.headers - http-outgoing-0 << X-Powered-By: ASP.NET
16:03:37.226 [ForkJoinPool-1-worker-1] DEBUG org.apache.http.headers - http-outgoing-0 << Content-Length: 207
16:03:37.241 [ForkJoinPool-1-worker-1] DEBUG org.apache.http.impl.execchain.MainClientExec - Connection can be kept alive indefinitely
16:03:37.241 [ForkJoinPool-1-worker-0] DEBUG org.apache.http.impl.execchain.MainClientExec - Connection can be kept alive indefinitely
16:03:37.241 [ForkJoinPool-1-worker-0] DEBUG org.apache.http.wire - http-outgoing-1 << "[0x1f][0x8b][0x8][0x0][0x0][0x0][0x0][0x0][0x4][0x0][0xed][0xbd][0x7]`[0x1c]I[0x96]%&/m[0xca]{]]>&#x7f;<![CDATA[J[0xf5]J[0xd7][0xe0]t[0xa1][0x8][0x80]`[0x13]$[0xd8][0x90]@[0x10][0xec][0xc1][0x88][0xcd][0xe6][0x92][0xec][0x1d]iG#)[0xab]*[0x81][0xca]eVe]f[0x16]@[0xcc][0xed][0x9d][0xbc][0xf7][0xde]{[0xef][0xbd][0xf7][0xde]{[0xef][0xbd][0xf7][0xba];[0x9d]N'[0xf7][0xdf][0xff]?\fd[0x1]l[0xf6][0xce]J[0xda][0xc9][0x9e]![0x80][0xaa][0xc8][0x1f]?~|[0x1f]?"[0x1e][0xff][0x1e][0xef][0x16]ez[0x99][0xd7]MQ-?[0xfb]hw[0xbc][0xf3]Q[0x9a]/[0xa7][0xd5][0xac]X^|[0xf6][0xd1][0xba]=[0xdf]>[0xf8][0xe8][0xf7]8[0xfa][0x8d][0x93][0xc7]M[[0xd3]G)[0xb5]^6[0x9f]}4o[0xdb]U[0xf3][0xe8][0xee][0xdd][0xab][0xab][0xab][0xf1][0xd5][0xbd]f:[0xaf][0xaa][0xb2][0x19]O[0xab][0xc5]]jp[0xf7][0xa3][0xa3][0xdd][0x9d][0xfd][0xc7]w[0xe5][0x95][0xa3][0xff][0x7] [0xa2]\[0x8c]c[0x0][0x0][0x0]"
16:03:37.241 [ForkJoinPool-1-worker-1] DEBUG org.apache.http.wire - http-outgoing-0 << "[0x1f][0x8b][0x8][0x0][0x0][0x0][0x0][0x0][0x4][0x0][0xed][0xbd][0x7]`[0x1c]I[0x96]%&/m[0xca]{]]>&#x7f;<![CDATA[J[0xf5]J[0xd7][0xe0]t[0xa1][0x8][0x80]`[0x13]$[0xd8][0x90]@[0x10][0xec][0xc1][0x88][0xcd][0xe6][0x92][0xec][0x1d]iG#)[0xab]*[0x81][0xca]eVe]f[0x16]@[0xcc][0xed][0x9d][0xbc][0xf7][0xde]{[0xef][0xbd][0xf7][0xde]{[0xef][0xbd][0xf7][0xba];[0x9d]N'[0xf7][0xdf][0xff]?\fd[0x1]l[0xf6][0xce]J[0xda][0xc9][0x9e]![0x80][0xaa][0xc8][0x1f]?~|[0x1f]?"[0x1e][0xff][0x1e][0xef][0x16]ez[0x99][0xd7]MQ-?[0xfb]hw[0xbc][0xf3]Q[0x9a]/[0xa7][0xd5][0xac]X^|[0xf6][0xd1][0xba]=[0xdf]>[0xf8][0xe8][0xf7]8[0xfa][0x8d][0x93][0xc7]M[[0xd3]G)[0xb5]^6[0x9f]}4o[0xdb]U[0xf3][0xe8][0xee][0xdd][0xab][0xab][0xab][0xf1][0xd5][0xbd]f:[0xaf][0xaa][0xb2][0x19]O[0xab][0xc5]]jp[0xf7][0xa3][0xa3][0xdd][0x9d][0xfd][0xc7]w[0xe5][0x95][0xa3][0xff][0x7] [0xa2]\[0x8c]c[0x0][0x0][0x0]"
16:03:37.241 [ForkJoinPool-1-worker-0] DEBUG org.apache.http.impl.conn.PoolingHttpClientConnectionManager - Connection [id: 0][route: {s}->https://www.w3schools.com:443] can be kept alive indefinitely
16:03:37.241 [ForkJoinPool-1-worker-0] DEBUG org.apache.http.impl.conn.DefaultManagedHttpClientConnection - http-outgoing-1: set socket timeout to 0
16:03:37.241 [ForkJoinPool-1-worker-1] DEBUG org.apache.http.impl.conn.PoolingHttpClientConnectionManager - Connection [id: 1][route: {s}->https://www.w3schools.com:443] can be kept alive indefinitely
16:03:37.241 [ForkJoinPool-1-worker-1] DEBUG org.apache.http.impl.conn.DefaultManagedHttpClientConnection - http-outgoing-0: set socket timeout to 0
16:03:37.241 [ForkJoinPool-1-worker-0] DEBUG org.apache.http.impl.conn.PoolingHttpClientConnectionManager - Connection released: [id: 0][route: {s}->https://www.w3schools.com:443][total available: 1; route allocated: 1 of 5; total allocated: 1 of 10]
16:03:37.241 [ForkJoinPool-1-worker-1] DEBUG org.apache.http.impl.conn.PoolingHttpClientConnectionManager - Connection released: [id: 1][route: {s}->https://www.w3schools.com:443][total available: 1; route allocated: 1 of 5; total allocated: 1 of 10]
16:03:37.241 [ForkJoinPool-1-worker-0] DEBUG com.intuit.karate - response time in milliseconds: 547.53
1 < 200
1 < Cache-Control: private, max-age=0,public
1 < Content-Type: text/xml; charset=utf-8
1 < Date: Fri, 05 Feb 2021 10:25:27 GMT
1 < Server: Microsoft-IIS/7.5
1 < Vary: Accept-Encoding
1 < X-AspNet-Version: 4.0.30319
1 < X-Frame-Options: SAMEORIGIN
1 < X-Powered-By: ASP.NET
<?xml version="1.0" encoding="utf-8"?>
<string xmlns="https://www.w3schools.com/xml/">104</string>

16:03:37.241 [ForkJoinPool-1-worker-1] DEBUG com.intuit.karate - response time in milliseconds: 554.87
1 < 200
1 < Cache-Control: private, max-age=0,public
1 < Content-Type: text/xml; charset=utf-8
1 < Date: Fri, 05 Feb 2021 10:25:27 GMT
1 < Server: Microsoft-IIS/7.5
1 < Vary: Accept-Encoding
1 < X-AspNet-Version: 4.0.30319
1 < X-Frame-Options: SAMEORIGIN
1 < X-Powered-By: ASP.NET
<?xml version="1.0" encoding="utf-8"?>
<string xmlns="https://www.w3schools.com/xml/">104</string>

16:03:37.257 [ForkJoinPool-1-worker-1] DEBUG com.jayway.jsonpath.internal.path.CompiledPath - Evaluating path: $
16:03:37.257 [ForkJoinPool-1-worker-0] DEBUG com.jayway.jsonpath.internal.path.CompiledPath - Evaluating path: $
16:03:37.257 [ForkJoinPool-1-worker-1] INFO com.intuit.karate - [print] {
  "Cache-Control": [
    "private, max-age=0,public"
  ],
  "Content-Type": [
    "text/xml; charset=utf-8"
  ],
  "Date": [
    "Fri, 05 Feb 2021 10:25:27 GMT"
  ],
  "Server": [
    "Microsoft-IIS/7.5"
  ],
  "Vary": [
    "Accept-Encoding"
  ],
  "X-AspNet-Version": [
    "4.0.30319"
  ],
  "X-Frame-Options": [
    "SAMEORIGIN"
  ],
  "X-Powered-By": [
    "ASP.NET"
  ]
}

16:03:37.257 [ForkJoinPool-1-worker-0] INFO com.intuit.karate - [print] {
  "Cache-Control": [
    "private, max-age=0,public"
  ],
  "Content-Type": [
    "text/xml; charset=utf-8"
  ],
  "Date": [
    "Fri, 05 Feb 2021 10:25:27 GMT"
  ],
  "Server": [
    "Microsoft-IIS/7.5"
  ],
  "Vary": [
    "Accept-Encoding"
  ],
  "X-AspNet-Version": [
    "4.0.30319"
  ],
  "X-Frame-Options": [
    "SAMEORIGIN"
  ],
  "X-Powered-By": [
    "ASP.NET"
  ]
}

16:03:37.273 [ForkJoinPool-1-worker-1] INFO com.intuit.karate - [print] xml
16:03:37.273 [ForkJoinPool-1-worker-0] INFO com.intuit.karate - [print] xml
16:03:37.288 [ForkJoinPool-1-worker-0] INFO com.intuit.karate - [print] <string xmlns="https://www.w3schools.com/xml/">104</string>

16:03:37.288 [ForkJoinPool-1-worker-1] INFO com.intuit.karate - [print] <string xmlns="https://www.w3schools.com/xml/">104</string>

16:03:37.320 [ForkJoinPool-1-worker-1] DEBUG com.jayway.jsonpath.internal.path.CompiledPath - Evaluating path: $
16:03:37.320 [ForkJoinPool-1-worker-1] INFO com.intuit.karate - [print] {
  "__arg": null,
  "baseUrl": "https://reqres.in",
  "responseType": "xml",
  "responseHeaders": {
    "Cache-Control": [
      "private, max-age=0,public"
    ],
    "Content-Type": [
      "text/xml; charset=utf-8"
    ],
    "Date": [
      "Fri, 05 Feb 2021 10:25:27 GMT"
    ],
    "Server": [
      "Microsoft-IIS/7.5"
    ],
    "Vary": [
      "Accept-Encoding"
    ],
    "X-AspNet-Version": [
      "4.0.30319"
    ],
    "X-Frame-Options": [
      "SAMEORIGIN"
    ],
    "X-Powered-By": [
      "ASP.NET"
    ]
  },
  "listUsers": "/api/users?page=2",
  "responseTime": 555,
  "response": {
    "string": {
      "_": "104",
      "@": {
        "xmlns": "https://www.w3schools.com/xml/"
      }
    }
  },
  "requestTimeStamp": 1612521216679,
  "responseStatus": 200,
  "__loop": -1,
  "responseCookies": null
}

16:03:37.320 [ForkJoinPool-1-worker-0] INFO com.intuit.karate - after scenario inside config 
16:03:37.336 [pool-1-thread-1] INFO com.intuit.karate.Runner - <<pass>> feature 1 of 26: classpath:feauturefiles/calledfeature.feature
---------------------------------------------------------
16:03:37.336 [ForkJoinPool-1-worker-1] INFO com.intuit.karate - [print] true
feature: classpath:feauturefiles/calledfeature.feature
16:03:37.336 [ForkJoinPool-1-worker-1] INFO com.intuit.karate - after scenario inside config 
report: build\surefire-reports\feauturefiles.calledfeature.json
scenarios:  1 | passed:  1 | failed:  0 | time: 0.9194
---------------------------------------------------------
16:03:37.336 [pool-1-thread-2] INFO com.intuit.karate.Runner - <<pass>> feature 2 of 26: classpath:feauturefiles/callingfeature.feature
---------------------------------------------------------
feature: classpath:feauturefiles/callingfeature.feature
report: build\surefire-reports\feauturefiles.callingfeature.json
scenarios:  1 | passed:  1 | failed:  0 | time: 0.9357
---------------------------------------------------------
16:03:37.351 [ForkJoinPool-1-worker-0] INFO com.intuit.karate - From karate-config file 
16:03:37.351 [ForkJoinPool-1-worker-0] DEBUG com.jayway.jsonpath.internal.path.CompiledPath - Evaluating path: $
16:03:37.367 [ForkJoinPool-1-worker-1] INFO com.intuit.karate - From karate-config file 
16:03:37.367 [ForkJoinPool-1-worker-1] DEBUG com.jayway.jsonpath.internal.path.CompiledPath - Evaluating path: $
16:03:37.367 [ForkJoinPool-1-worker-0] INFO com.intuit.karate - [print] c =  30.0
16:03:37.367 [ForkJoinPool-1-worker-1] INFO com.intuit.karate - [print] c =  30.0
16:03:37.367 [ForkJoinPool-1-worker-0] INFO com.intuit.karate - End of the  test 
16:03:37.367 [ForkJoinPool-1-worker-1] INFO com.intuit.karate - End of the  test 
16:03:37.367 [ForkJoinPool-1-worker-1] INFO com.intuit.karate - after scenario inside config 
16:03:37.367 [ForkJoinPool-1-worker-0] INFO com.intuit.karate - after scenario inside config 
16:03:37.367 [ForkJoinPool-1-worker-1] INFO com.intuit.karate - From karate-config file 
16:03:37.382 [ForkJoinPool-1-worker-1] DEBUG com.jayway.jsonpath.internal.path.CompiledPath - Evaluating path: $
16:03:37.382 [ForkJoinPool-1-worker-1] DEBUG com.jayway.jsonpath.internal.path.CompiledPath - Evaluating path: $
16:03:37.382 [ForkJoinPool-1-worker-1] DEBUG com.jayway.jsonpath.internal.path.CompiledPath - Evaluating path: $
16:03:37.382 [ForkJoinPool-1-worker-1] INFO com.intuit.karate - [print] {
  "id": "101",
  "tool": {
    "name": "Karate",
    "version": "0.9.6"
  }
}

16:03:37.382 [ForkJoinPool-1-worker-0] INFO com.intuit.karate - From karate-config file 
16:03:37.382 [ForkJoinPool-1-worker-0] DEBUG com.jayway.jsonpath.internal.path.CompiledPath - Evaluating path: $
16:03:37.382 [ForkJoinPool-1-worker-0] DEBUG com.jayway.jsonpath.internal.path.CompiledPath - Evaluating path: $
16:03:37.382 [ForkJoinPool-1-worker-0] DEBUG com.jayway.jsonpath.internal.path.CompiledPath - Evaluating path: $
16:03:37.382 [ForkJoinPool-1-worker-0] INFO com.intuit.karate - [print] {
  "id": "101",
  "tool": {
    "name": "Karate",
    "version": "0.9.6"
  }
}

16:03:37.382 [ForkJoinPool-1-worker-0] DEBUG com.jayway.jsonpath.internal.path.CompiledPath - Evaluating path: $
16:03:37.382 [ForkJoinPool-1-worker-0] INFO com.intuit.karate - [print] 101
16:03:37.382 [ForkJoinPool-1-worker-0] DEBUG com.jayway.jsonpath.internal.path.CompiledPath - Evaluating path: $
16:03:37.382 [ForkJoinPool-1-worker-0] INFO com.intuit.karate - [print] Karate
16:03:37.382 [ForkJoinPool-1-worker-0] INFO com.intuit.karate - after scenario inside config 
16:03:37.398 [ForkJoinPool-1-worker-0] INFO com.intuit.karate - From karate-config file 
16:03:37.398 [ForkJoinPool-1-worker-1] DEBUG com.jayway.jsonpath.internal.path.CompiledPath - Evaluating path: $
16:03:37.398 [ForkJoinPool-1-worker-1] INFO com.intuit.karate - [print] 101
16:03:37.398 [ForkJoinPool-1-worker-1] DEBUG com.jayway.jsonpath.internal.path.CompiledPath - Evaluating path: $
16:03:37.398 [ForkJoinPool-1-worker-1] INFO com.intuit.karate - [print] Karate
16:03:37.398 [ForkJoinPool-1-worker-1] INFO com.intuit.karate - after scenario inside config 
16:03:37.398 [ForkJoinPool-1-worker-1] INFO com.intuit.karate - From karate-config file 
16:03:37.398 [ForkJoinPool-1-worker-1] DEBUG com.jayway.jsonpath.internal.path.CompiledPath - Evaluating path: $
16:03:37.398 [ForkJoinPool-1-worker-1] DEBUG com.jayway.jsonpath.internal.path.CompiledPath - Evaluating path: $
16:03:37.398 [ForkJoinPool-1-worker-1] DEBUG com.jayway.jsonpath.internal.path.CompiledPath - Evaluating path: $
16:03:37.398 [ForkJoinPool-1-worker-1] DEBUG com.jayway.jsonpath.internal.path.CompiledPath - Evaluating path: $['tool']
16:03:37.398 [ForkJoinPool-1-worker-1] DEBUG com.jayway.jsonpath.internal.path.CompiledPath - Evaluating path: $
16:03:37.398 [ForkJoinPool-1-worker-1] INFO com.intuit.karate - after scenario inside config 
16:03:37.398 [ForkJoinPool-1-worker-1] INFO com.intuit.karate - From karate-config file 
16:03:37.398 [ForkJoinPool-1-worker-1] DEBUG com.jayway.jsonpath.internal.path.CompiledPath - Evaluating path: $
16:03:37.414 [ForkJoinPool-1-worker-1] INFO com.intuit.karate - [print] c =  30.0
16:03:37.414 [ForkJoinPool-1-worker-1] INFO com.intuit.karate - End of the  test 
16:03:37.414 [ForkJoinPool-1-worker-1] INFO com.intuit.karate - after scenario inside config 
16:03:37.414 [ForkJoinPool-1-worker-1] INFO com.intuit.karate - From karate-config file 
16:03:37.414 [ForkJoinPool-1-worker-1] DEBUG com.jayway.jsonpath.internal.path.CompiledPath - Evaluating path: $
16:03:37.414 [ForkJoinPool-1-worker-1] DEBUG com.jayway.jsonpath.internal.path.CompiledPath - Evaluating path: $
16:03:37.414 [ForkJoinPool-1-worker-1] DEBUG com.jayway.jsonpath.internal.path.CompiledPath - Evaluating path: $
16:03:37.414 [ForkJoinPool-1-worker-1] DEBUG com.jayway.jsonpath.internal.path.CompiledPath - Evaluating path: $['tool']
16:03:37.414 [ForkJoinPool-1-worker-1] DEBUG com.jayway.jsonpath.internal.path.CompiledPath - Evaluating path: $
16:03:37.414 [ForkJoinPool-1-worker-1] ERROR com.intuit.karate - assertion failed: path: $.tool.version, actual: '0.9.4', expected: '0.9.6', reason: not equal
16:03:37.414 [ForkJoinPool-1-worker-1] INFO com.intuit.karate - after scenario inside config 
16:03:37.414 [ForkJoinPool-1-worker-0] DEBUG com.jayway.jsonpath.internal.path.CompiledPath - Evaluating path: $
16:03:37.414 [ForkJoinPool-1-worker-0] DEBUG com.jayway.jsonpath.internal.path.CompiledPath - Evaluating path: $
16:03:37.429 [ForkJoinPool-1-worker-0] DEBUG com.jayway.jsonpath.internal.path.CompiledPath - Evaluating path: $
16:03:37.429 [ForkJoinPool-1-worker-0] DEBUG com.jayway.jsonpath.internal.path.CompiledPath - Evaluating path: $
16:03:37.429 [ForkJoinPool-1-worker-0] INFO com.intuit.karate - after scenario inside config 
16:03:37.429 [pool-1-thread-1] INFO com.intuit.karate.Runner - <<pass>> feature 3 of 26: classpath:feauturefiles/karate01.feature
---------------------------------------------------------
feature: classpath:feauturefiles/karate01.feature
report: build\surefire-reports\feauturefiles.karate01.json
scenarios:  3 | passed:  3 | failed:  0 | time: 0.0246
---------------------------------------------------------
16:03:37.445 [ForkJoinPool-1-worker-0] INFO com.intuit.karate - From karate-config file 
16:03:37.445 [ForkJoinPool-1-worker-0] DEBUG com.jayway.jsonpath.internal.path.CompiledPath - Evaluating path: $
16:03:37.460 [ForkJoinPool-1-worker-1] INFO com.intuit.karate - From karate-config file 
16:03:37.460 [ForkJoinPool-1-worker-0] INFO com.intuit.karate - [print] <info>
  <id>101</id>
  <tool>
    <name>Karate</name>
    <version>0.9.6</version>
  </tool>
</info>

16:03:37.460 [ForkJoinPool-1-worker-1] DEBUG com.jayway.jsonpath.internal.path.CompiledPath - Evaluating path: $
16:03:37.460 [ForkJoinPool-1-worker-1] INFO com.intuit.karate - [print] <info>
  <id>101</id>
  <tool>
    <name>Karate</name>
    <version>0.9.6</version>
  </tool>
</info>

16:03:37.460 [ForkJoinPool-1-worker-0] INFO com.intuit.karate - [print]
16:03:37.460 [ForkJoinPool-1-worker-1] INFO com.intuit.karate - [print]
16:03:37.460 [ForkJoinPool-1-worker-0] INFO com.intuit.karate - [print] 101
16:03:37.476 [ForkJoinPool-1-worker-1] INFO com.intuit.karate - [print] 101
16:03:37.476 [ForkJoinPool-1-worker-0] INFO com.intuit.karate - [print] Karate
16:03:37.476 [ForkJoinPool-1-worker-0] INFO com.intuit.karate - after scenario inside config 
16:03:37.476 [ForkJoinPool-1-worker-1] INFO com.intuit.karate - [print] Karate
16:03:37.476 [ForkJoinPool-1-worker-1] INFO com.intuit.karate - after scenario inside config 
16:03:37.476 [ForkJoinPool-1-worker-1] INFO com.intuit.karate - From karate-config file 
16:03:37.476 [ForkJoinPool-1-worker-1] DEBUG com.jayway.jsonpath.internal.path.CompiledPath - Evaluating path: $
16:03:37.476 [ForkJoinPool-1-worker-0] INFO com.intuit.karate - From karate-config file 
16:03:37.476 [ForkJoinPool-1-worker-1] INFO com.intuit.karate - after scenario inside config 
16:03:37.476 [ForkJoinPool-1-worker-0] DEBUG com.jayway.jsonpath.internal.path.CompiledPath - Evaluating path: $
16:03:37.491 [ForkJoinPool-1-worker-1] INFO com.intuit.karate - From karate-config file 
16:03:37.491 [ForkJoinPool-1-worker-1] DEBUG com.jayway.jsonpath.internal.path.CompiledPath - Evaluating path: $
16:03:37.491 [ForkJoinPool-1-worker-0] INFO com.intuit.karate - after scenario inside config 
16:03:37.491 [ForkJoinPool-1-worker-1] INFO com.intuit.karate - after scenario inside config 
16:03:37.507 [pool-1-thread-2] INFO com.intuit.karate.Runner - <<fail>> feature 4 of 26: classpath:feauturefiles/karate02.feature
---------------------------------------------------------
feature: classpath:feauturefiles/karate02.feature
report: build\surefire-reports\feauturefiles.karate02.json
scenarios:  5 | passed:  4 | failed:  1 | time: 0.0277
---------------------------------------------------------
16:03:37.507 [ForkJoinPool-1-worker-1] INFO com.intuit.karate - From karate-config file 
16:03:37.507 [ForkJoinPool-1-worker-0] INFO com.intuit.karate - From karate-config file 
16:03:37.507 [ForkJoinPool-1-worker-1] DEBUG com.jayway.jsonpath.internal.path.CompiledPath - Evaluating path: $
16:03:37.523 [ForkJoinPool-1-worker-0] DEBUG com.jayway.jsonpath.internal.path.CompiledPath - Evaluating path: $
16:03:37.523 [ForkJoinPool-1-worker-1] INFO com.intuit.karate - after scenario inside config 
16:03:37.523 [ForkJoinPool-1-worker-1] INFO com.intuit.karate - From karate-config file 
16:03:37.523 [ForkJoinPool-1-worker-1] DEBUG com.jayway.jsonpath.internal.path.CompiledPath - Evaluating path: $
16:03:37.523 [ForkJoinPool-1-worker-0] INFO com.intuit.karate - after scenario inside config 
16:03:37.538 [ForkJoinPool-1-worker-0] INFO com.intuit.karate - From karate-config file 
16:03:37.538 [ForkJoinPool-1-worker-0] DEBUG com.jayway.jsonpath.internal.path.CompiledPath - Evaluating path: $
16:03:37.538 [Finalizer] DEBUG org.apache.http.impl.conn.PoolingHttpClientConnectionManager - Connection manager is shutting down
16:03:37.538 [Finalizer] DEBUG org.apache.http.impl.conn.DefaultManagedHttpClientConnection - http-outgoing-1: Close connection
16:03:37.538 [Finalizer] DEBUG org.apache.http.impl.conn.PoolingHttpClientConnectionManager - Connection manager shut down
16:03:37.538 [Finalizer] DEBUG org.apache.http.impl.conn.PoolingHttpClientConnectionManager - Connection manager is shutting down
16:03:37.538 [Finalizer] DEBUG org.apache.http.impl.conn.DefaultManagedHttpClientConnection - http-outgoing-0: Close connection
16:03:37.538 [Finalizer] DEBUG org.apache.http.impl.conn.PoolingHttpClientConnectionManager - Connection manager shut down
16:03:37.538 [ForkJoinPool-1-worker-1] DEBUG org.apache.http.client.protocol.RequestAddCookies - CookieSpec selected: karate
16:03:37.538 [ForkJoinPool-1-worker-1] DEBUG org.apache.http.client.protocol.RequestAuthCache - Auth cache not set in the context
16:03:37.538 [ForkJoinPool-1-worker-1] DEBUG com.intuit.karate - request:
1 > POST https://www.w3schools.com/xml/tempconvert.asmx
1 > Accept-Encoding: gzip,deflate
1 > Connection: Keep-Alive
1 > Content-Length: 353
1 > Content-Type: text/xml; charset=UTF-8
1 > Host: www.w3schools.com
1 > SOAPAction: https://www.w3schools.com/xml/CelsiusToFahrenheit
1 > User-Agent: Apache-HttpClient/4.5.12 (Java/1.8.0_251)
<soap:Envelope xmlns:soap="http://schemas.xmlsoap.org/soap/envelope/" xmlns:xsd="http://www.w3.org/2001/XMLSchema" xmlns:xsi="http://www.w3.org/2001/XMLSchema-instance">
    <soap:Body>
      <CelsiusToFahrenheit xmlns="https://www.w3schools.com/xml/">
        <Celsius>37</Celsius>
      </CelsiusToFahrenheit>
    </soap:Body>
  </soap:Envelope>

16:03:37.538 [ForkJoinPool-1-worker-1] DEBUG org.apache.http.impl.conn.PoolingHttpClientConnectionManager - Connection request: [route: {s}->https://www.w3schools.com:443][total available: 0; route allocated: 0 of 5; total allocated: 0 of 10]
16:03:37.538 [ForkJoinPool-1-worker-1] DEBUG org.apache.http.impl.conn.PoolingHttpClientConnectionManager - Connection leased: [id: 2][route: {s}->https://www.w3schools.com:443][total available: 0; route allocated: 1 of 5; total allocated: 1 of 10]
16:03:37.538 [ForkJoinPool-1-worker-1] DEBUG org.apache.http.impl.execchain.MainClientExec - Opening connection {s}->https://www.w3schools.com:443
16:03:37.554 [ForkJoinPool-1-worker-1] DEBUG org.apache.http.impl.conn.DefaultHttpClientConnectionOperator - Connecting to www.w3schools.com/192.229.179.87:443
16:03:37.554 [ForkJoinPool-1-worker-1] DEBUG org.apache.http.conn.ssl.SSLConnectionSocketFactory - Connecting socket to www.w3schools.com/192.229.179.87:443 with timeout 5000
16:03:37.554 [ForkJoinPool-1-worker-0] DEBUG org.apache.http.client.protocol.RequestAddCookies - CookieSpec selected: karate
16:03:37.554 [ForkJoinPool-1-worker-0] DEBUG org.apache.http.client.protocol.RequestAuthCache - Auth cache not set in the context
16:03:37.554 [ForkJoinPool-1-worker-0] DEBUG com.intuit.karate - request:
1 > POST http://www.dneonline.com/calculator.asmx
1 > Accept-Encoding: gzip,deflate
1 > Connection: Keep-Alive
1 > Content-Length: 315
1 > Content-Type: text/xml; charset=UTF-8
1 > Host: www.dneonline.com
1 > SOAPAction: http://tempuri.org/Add
1 > User-Agent: Apache-HttpClient/4.5.12 (Java/1.8.0_251)
<soap:Envelope xmlns:soap="http://schemas.xmlsoap.org/soap/envelope/" xmlns:xsd="http://www.w3.org/2001/XMLSchema" xmlns:xsi="http://www.w3.org/2001/XMLSchema-instance">
    <soap:Body>
      <Add xmlns="http://tempuri.org/">
<intA>100</intA>
<intB>200</intB>
      </Add>
    </soap:Body>
  </soap:Envelope>

16:03:37.554 [ForkJoinPool-1-worker-0] DEBUG org.apache.http.impl.conn.PoolingHttpClientConnectionManager - Connection request: [route: {}->http://www.dneonline.com:80][total available: 0; route allocated: 0 of 5; total allocated: 0 of 10]
16:03:37.554 [ForkJoinPool-1-worker-0] DEBUG org.apache.http.impl.conn.PoolingHttpClientConnectionManager - Connection leased: [id: 3][route: {}->http://www.dneonline.com:80][total available: 0; route allocated: 1 of 5; total allocated: 1 of 10]
16:03:37.554 [ForkJoinPool-1-worker-0] DEBUG org.apache.http.impl.execchain.MainClientExec - Opening connection {}->http://www.dneonline.com:80
16:03:37.554 [ForkJoinPool-1-worker-0] DEBUG org.apache.http.impl.conn.DefaultHttpClientConnectionOperator - Connecting to www.dneonline.com/50.62.168.5:80
16:03:37.554 [pool-1-thread-1] INFO com.intuit.karate.Runner - <<fail>> feature 5 of 26: classpath:feauturefiles/karate03.feature
---------------------------------------------------------
feature: classpath:feauturefiles/karate03.feature
report: build\surefire-reports\feauturefiles.karate03.json
scenarios:  7 | passed:  6 | failed:  1 | time: 0.0595
---------------------------------------------------------
16:03:37.570 [ForkJoinPool-1-worker-1] DEBUG org.apache.http.conn.ssl.SSLConnectionSocketFactory - Enabled protocols: [TLSv1, TLSv1.1, TLSv1.2]
16:03:37.570 [ForkJoinPool-1-worker-1] DEBUG org.apache.http.conn.ssl.SSLConnectionSocketFactory - Enabled cipher suites:[TLS_ECDHE_ECDSA_WITH_AES_256_CBC_SHA384, TLS_ECDHE_RSA_WITH_AES_256_CBC_SHA384, TLS_RSA_WITH_AES_256_CBC_SHA256, TLS_ECDH_ECDSA_WITH_AES_256_CBC_SHA384, TLS_ECDH_RSA_WITH_AES_256_CBC_SHA384, TLS_DHE_RSA_WITH_AES_256_CBC_SHA256, TLS_DHE_DSS_WITH_AES_256_CBC_SHA256, TLS_ECDHE_ECDSA_WITH_AES_256_CBC_SHA, TLS_ECDHE_RSA_WITH_AES_256_CBC_SHA, TLS_RSA_WITH_AES_256_CBC_SHA, TLS_ECDH_ECDSA_WITH_AES_256_CBC_SHA, TLS_ECDH_RSA_WITH_AES_256_CBC_SHA, TLS_DHE_RSA_WITH_AES_256_CBC_SHA, TLS_DHE_DSS_WITH_AES_256_CBC_SHA, TLS_ECDHE_ECDSA_WITH_AES_128_CBC_SHA256, TLS_ECDHE_RSA_WITH_AES_128_CBC_SHA256, TLS_RSA_WITH_AES_128_CBC_SHA256, TLS_ECDH_ECDSA_WITH_AES_128_CBC_SHA256, TLS_ECDH_RSA_WITH_AES_128_CBC_SHA256, TLS_DHE_RSA_WITH_AES_128_CBC_SHA256, TLS_DHE_DSS_WITH_AES_128_CBC_SHA256, TLS_ECDHE_ECDSA_WITH_AES_128_CBC_SHA, TLS_ECDHE_RSA_WITH_AES_128_CBC_SHA, TLS_RSA_WITH_AES_128_CBC_SHA, TLS_ECDH_ECDSA_WITH_AES_128_CBC_SHA, TLS_ECDH_RSA_WITH_AES_128_CBC_SHA, TLS_DHE_RSA_WITH_AES_128_CBC_SHA, TLS_DHE_DSS_WITH_AES_128_CBC_SHA, TLS_ECDHE_ECDSA_WITH_AES_256_GCM_SHA384, TLS_ECDHE_ECDSA_WITH_AES_128_GCM_SHA256, TLS_ECDHE_RSA_WITH_AES_256_GCM_SHA384, TLS_RSA_WITH_AES_256_GCM_SHA384, TLS_ECDH_ECDSA_WITH_AES_256_GCM_SHA384, TLS_ECDH_RSA_WITH_AES_256_GCM_SHA384, TLS_DHE_RSA_WITH_AES_256_GCM_SHA384, TLS_DHE_DSS_WITH_AES_256_GCM_SHA384, TLS_ECDHE_RSA_WITH_AES_128_GCM_SHA256, TLS_RSA_WITH_AES_128_GCM_SHA256, TLS_ECDH_ECDSA_WITH_AES_128_GCM_SHA256, TLS_ECDH_RSA_WITH_AES_128_GCM_SHA256, TLS_DHE_RSA_WITH_AES_128_GCM_SHA256, TLS_DHE_DSS_WITH_AES_128_GCM_SHA256, TLS_EMPTY_RENEGOTIATION_INFO_SCSV]
16:03:37.570 [ForkJoinPool-1-worker-1] DEBUG org.apache.http.conn.ssl.SSLConnectionSocketFactory - Starting handshake
16:03:37.616 [ForkJoinPool-1-worker-1] DEBUG org.apache.http.conn.ssl.SSLConnectionSocketFactory - Secure session established
16:03:37.616 [ForkJoinPool-1-worker-1] DEBUG org.apache.http.conn.ssl.SSLConnectionSocketFactory -  negotiated protocol: TLSv1.2
16:03:37.616 [ForkJoinPool-1-worker-1] DEBUG org.apache.http.conn.ssl.SSLConnectionSocketFactory -  negotiated cipher suite: TLS_ECDHE_RSA_WITH_AES_128_GCM_SHA256
16:03:37.616 [ForkJoinPool-1-worker-1] DEBUG org.apache.http.conn.ssl.SSLConnectionSocketFactory -  peer principal: CN=*.w3schools.com, OU=IT, O="Verizon Digital Media Services, Inc.", L=Los Angeles, ST=California, C=US
16:03:37.616 [ForkJoinPool-1-worker-1] DEBUG org.apache.http.conn.ssl.SSLConnectionSocketFactory -  peer alternative names: [*.w3schools.com, w3schools.com]
16:03:37.616 [ForkJoinPool-1-worker-1] DEBUG org.apache.http.conn.ssl.SSLConnectionSocketFactory -  issuer principal: CN=DigiCert SHA2 Secure Server CA, O=DigiCert Inc, C=US
16:03:37.616 [ForkJoinPool-1-worker-1] DEBUG org.apache.http.impl.conn.DefaultHttpClientConnectionOperator - Connection established 192.168.1.49:63145<->192.229.179.87:443
16:03:37.616 [ForkJoinPool-1-worker-1] DEBUG org.apache.http.impl.conn.DefaultManagedHttpClientConnection - http-outgoing-2: set socket timeout to 5000
16:03:37.616 [ForkJoinPool-1-worker-1] DEBUG org.apache.http.impl.execchain.MainClientExec - Executing request POST /xml/tempconvert.asmx HTTP/1.1
16:03:37.616 [ForkJoinPool-1-worker-1] DEBUG org.apache.http.impl.execchain.MainClientExec - Target auth state: UNCHALLENGED
16:03:37.616 [ForkJoinPool-1-worker-1] DEBUG org.apache.http.impl.execchain.MainClientExec - Proxy auth state: UNCHALLENGED
16:03:37.616 [ForkJoinPool-1-worker-1] DEBUG org.apache.http.headers - http-outgoing-2 >> POST /xml/tempconvert.asmx HTTP/1.1
16:03:37.616 [ForkJoinPool-1-worker-1] DEBUG org.apache.http.headers - http-outgoing-2 >> Content-Type: text/xml; charset=UTF-8
16:03:37.616 [ForkJoinPool-1-worker-1] DEBUG org.apache.http.headers - http-outgoing-2 >> SOAPAction: https://www.w3schools.com/xml/CelsiusToFahrenheit
16:03:37.616 [ForkJoinPool-1-worker-1] DEBUG org.apache.http.headers - http-outgoing-2 >> Content-Length: 353
16:03:37.616 [ForkJoinPool-1-worker-1] DEBUG org.apache.http.headers - http-outgoing-2 >> Host: www.w3schools.com
16:03:37.616 [ForkJoinPool-1-worker-1] DEBUG org.apache.http.headers - http-outgoing-2 >> Connection: Keep-Alive
16:03:37.616 [ForkJoinPool-1-worker-1] DEBUG org.apache.http.headers - http-outgoing-2 >> User-Agent: Apache-HttpClient/4.5.12 (Java/1.8.0_251)
16:03:37.616 [ForkJoinPool-1-worker-1] DEBUG org.apache.http.headers - http-outgoing-2 >> Accept-Encoding: gzip,deflate
16:03:37.616 [ForkJoinPool-1-worker-1] DEBUG org.apache.http.wire - http-outgoing-2 >> "POST /xml/tempconvert.asmx HTTP/1.1[\r][\n]"
16:03:37.616 [ForkJoinPool-1-worker-1] DEBUG org.apache.http.wire - http-outgoing-2 >> "Content-Type: text/xml; charset=UTF-8[\r][\n]"
16:03:37.616 [ForkJoinPool-1-worker-1] DEBUG org.apache.http.wire - http-outgoing-2 >> "SOAPAction: https://www.w3schools.com/xml/CelsiusToFahrenheit[\r][\n]"
16:03:37.616 [ForkJoinPool-1-worker-1] DEBUG org.apache.http.wire - http-outgoing-2 >> "Content-Length: 353[\r][\n]"
16:03:37.616 [ForkJoinPool-1-worker-1] DEBUG org.apache.http.wire - http-outgoing-2 >> "Host: www.w3schools.com[\r][\n]"
16:03:37.616 [ForkJoinPool-1-worker-1] DEBUG org.apache.http.wire - http-outgoing-2 >> "Connection: Keep-Alive[\r][\n]"
16:03:37.616 [ForkJoinPool-1-worker-1] DEBUG org.apache.http.wire - http-outgoing-2 >> "User-Agent: Apache-HttpClient/4.5.12 (Java/1.8.0_251)[\r][\n]"
16:03:37.616 [ForkJoinPool-1-worker-1] DEBUG org.apache.http.wire - http-outgoing-2 >> "Accept-Encoding: gzip,deflate[\r][\n]"
16:03:37.616 [ForkJoinPool-1-worker-1] DEBUG org.apache.http.wire - http-outgoing-2 >> "[\r][\n]"
16:03:37.616 [ForkJoinPool-1-worker-1] DEBUG org.apache.http.wire - http-outgoing-2 >> "<soap:Envelope xmlns:soap="http://schemas.xmlsoap.org/soap/envelope/" xmlns:xsd="http://www.w3.org/2001/XMLSchema" xmlns:xsi="http://www.w3.org/2001/XMLSchema-instance">[\r][\n]"
16:03:37.616 [ForkJoinPool-1-worker-1] DEBUG org.apache.http.wire - http-outgoing-2 >> "    <soap:Body>[\r][\n]"
16:03:37.616 [ForkJoinPool-1-worker-1] DEBUG org.apache.http.wire - http-outgoing-2 >> "      <CelsiusToFahrenheit xmlns="https://www.w3schools.com/xml/">[\r][\n]"
16:03:37.616 [ForkJoinPool-1-worker-1] DEBUG org.apache.http.wire - http-outgoing-2 >> "        <Celsius>37</Celsius>[\r][\n]"
16:03:37.616 [ForkJoinPool-1-worker-1] DEBUG org.apache.http.wire - http-outgoing-2 >> "      </CelsiusToFahrenheit>[\r][\n]"
16:03:37.616 [ForkJoinPool-1-worker-1] DEBUG org.apache.http.wire - http-outgoing-2 >> "    </soap:Body>[\r][\n]"
16:03:37.616 [ForkJoinPool-1-worker-1] DEBUG org.apache.http.wire - http-outgoing-2 >> "  </soap:Envelope>"
16:03:37.835 [ForkJoinPool-1-worker-0] DEBUG org.apache.http.impl.conn.DefaultHttpClientConnectionOperator - Connection established 192.168.1.49:63146<->50.62.168.5:80
16:03:37.835 [ForkJoinPool-1-worker-0] DEBUG org.apache.http.impl.conn.DefaultManagedHttpClientConnection - http-outgoing-3: set socket timeout to 5000
16:03:37.835 [ForkJoinPool-1-worker-0] DEBUG org.apache.http.impl.execchain.MainClientExec - Executing request POST /calculator.asmx HTTP/1.1
16:03:37.835 [ForkJoinPool-1-worker-0] DEBUG org.apache.http.impl.execchain.MainClientExec - Target auth state: UNCHALLENGED
16:03:37.835 [ForkJoinPool-1-worker-0] DEBUG org.apache.http.impl.execchain.MainClientExec - Proxy auth state: UNCHALLENGED
16:03:37.835 [ForkJoinPool-1-worker-0] DEBUG org.apache.http.headers - http-outgoing-3 >> POST /calculator.asmx HTTP/1.1
16:03:37.835 [ForkJoinPool-1-worker-0] DEBUG org.apache.http.headers - http-outgoing-3 >> Content-Type: text/xml; charset=UTF-8
16:03:37.835 [ForkJoinPool-1-worker-0] DEBUG org.apache.http.headers - http-outgoing-3 >> SOAPAction: http://tempuri.org/Add
16:03:37.835 [ForkJoinPool-1-worker-0] DEBUG org.apache.http.headers - http-outgoing-3 >> Content-Length: 315
16:03:37.835 [ForkJoinPool-1-worker-0] DEBUG org.apache.http.headers - http-outgoing-3 >> Host: www.dneonline.com
16:03:37.835 [ForkJoinPool-1-worker-0] DEBUG org.apache.http.headers - http-outgoing-3 >> Connection: Keep-Alive
16:03:37.835 [ForkJoinPool-1-worker-0] DEBUG org.apache.http.headers - http-outgoing-3 >> User-Agent: Apache-HttpClient/4.5.12 (Java/1.8.0_251)
16:03:37.835 [ForkJoinPool-1-worker-0] DEBUG org.apache.http.headers - http-outgoing-3 >> Accept-Encoding: gzip,deflate
16:03:37.835 [ForkJoinPool-1-worker-0] DEBUG org.apache.http.wire - http-outgoing-3 >> "POST /calculator.asmx HTTP/1.1[\r][\n]"
16:03:37.835 [ForkJoinPool-1-worker-0] DEBUG org.apache.http.wire - http-outgoing-3 >> "Content-Type: text/xml; charset=UTF-8[\r][\n]"
16:03:37.835 [ForkJoinPool-1-worker-0] DEBUG org.apache.http.wire - http-outgoing-3 >> "SOAPAction: http://tempuri.org/Add[\r][\n]"
16:03:37.835 [ForkJoinPool-1-worker-0] DEBUG org.apache.http.wire - http-outgoing-3 >> "Content-Length: 315[\r][\n]"
16:03:37.835 [ForkJoinPool-1-worker-0] DEBUG org.apache.http.wire - http-outgoing-3 >> "Host: www.dneonline.com[\r][\n]"
16:03:37.835 [ForkJoinPool-1-worker-0] DEBUG org.apache.http.wire - http-outgoing-3 >> "Connection: Keep-Alive[\r][\n]"
16:03:37.835 [ForkJoinPool-1-worker-0] DEBUG org.apache.http.wire - http-outgoing-3 >> "User-Agent: Apache-HttpClient/4.5.12 (Java/1.8.0_251)[\r][\n]"
16:03:37.835 [ForkJoinPool-1-worker-0] DEBUG org.apache.http.wire - http-outgoing-3 >> "Accept-Encoding: gzip,deflate[\r][\n]"
16:03:37.835 [ForkJoinPool-1-worker-0] DEBUG org.apache.http.wire - http-outgoing-3 >> "[\r][\n]"
16:03:37.835 [ForkJoinPool-1-worker-0] DEBUG org.apache.http.wire - http-outgoing-3 >> "<soap:Envelope xmlns:soap="http://schemas.xmlsoap.org/soap/envelope/" xmlns:xsd="http://www.w3.org/2001/XMLSchema" xmlns:xsi="http://www.w3.org/2001/XMLSchema-instance">[\r][\n]"
16:03:37.835 [ForkJoinPool-1-worker-0] DEBUG org.apache.http.wire - http-outgoing-3 >> "    <soap:Body>[\r][\n]"
16:03:37.835 [ForkJoinPool-1-worker-0] DEBUG org.apache.http.wire - http-outgoing-3 >> "      <Add xmlns="http://tempuri.org/">[\r][\n]"
16:03:37.835 [ForkJoinPool-1-worker-0] DEBUG org.apache.http.wire - http-outgoing-3 >> "<intA>100</intA>[\r][\n]"
16:03:37.835 [ForkJoinPool-1-worker-0] DEBUG org.apache.http.wire - http-outgoing-3 >> "<intB>200</intB>[\r][\n]"
16:03:37.835 [ForkJoinPool-1-worker-0] DEBUG org.apache.http.wire - http-outgoing-3 >> "      </Add>[\r][\n]"
16:03:37.835 [ForkJoinPool-1-worker-0] DEBUG org.apache.http.wire - http-outgoing-3 >> "    </soap:Body>[\r][\n]"
16:03:37.835 [ForkJoinPool-1-worker-0] DEBUG org.apache.http.wire - http-outgoing-3 >> "  </soap:Envelope>"
16:03:37.851 [ForkJoinPool-1-worker-1] DEBUG org.apache.http.wire - http-outgoing-2 << "HTTP/1.1 200 OK[\r][\n]"
16:03:37.851 [ForkJoinPool-1-worker-1] DEBUG org.apache.http.wire - http-outgoing-2 << "Content-Encoding: gzip[\r][\n]"
16:03:37.851 [ForkJoinPool-1-worker-1] DEBUG org.apache.http.wire - http-outgoing-2 << "Cache-Control: private, max-age=0,public[\r][\n]"
16:03:37.851 [ForkJoinPool-1-worker-1] DEBUG org.apache.http.wire - http-outgoing-2 << "Content-Type: text/xml; charset=utf-8[\r][\n]"
16:03:37.851 [ForkJoinPool-1-worker-1] DEBUG org.apache.http.wire - http-outgoing-2 << "Date: Fri, 05 Feb 2021 10:25:27 GMT[\r][\n]"
16:03:37.851 [ForkJoinPool-1-worker-1] DEBUG org.apache.http.wire - http-outgoing-2 << "Server: Microsoft-IIS/7.5[\r][\n]"
16:03:37.851 [ForkJoinPool-1-worker-1] DEBUG org.apache.http.wire - http-outgoing-2 << "Vary: Accept-Encoding[\r][\n]"
16:03:37.851 [ForkJoinPool-1-worker-1] DEBUG org.apache.http.wire - http-outgoing-2 << "X-AspNet-Version: 4.0.30319[\r][\n]"
16:03:37.851 [ForkJoinPool-1-worker-1] DEBUG org.apache.http.wire - http-outgoing-2 << "X-Frame-Options: SAMEORIGIN[\r][\n]"
16:03:37.851 [ForkJoinPool-1-worker-1] DEBUG org.apache.http.wire - http-outgoing-2 << "X-Powered-By: ASP.NET[\r][\n]"
16:03:37.851 [ForkJoinPool-1-worker-1] DEBUG org.apache.http.wire - http-outgoing-2 << "Content-Length: 322[\r][\n]"
16:03:37.851 [ForkJoinPool-1-worker-1] DEBUG org.apache.http.wire - http-outgoing-2 << "[\r][\n]"
16:03:37.866 [ForkJoinPool-1-worker-1] DEBUG org.apache.http.headers - http-outgoing-2 << HTTP/1.1 200 OK
16:03:37.866 [ForkJoinPool-1-worker-1] DEBUG org.apache.http.headers - http-outgoing-2 << Content-Encoding: gzip
16:03:37.866 [ForkJoinPool-1-worker-1] DEBUG org.apache.http.headers - http-outgoing-2 << Cache-Control: private, max-age=0,public
16:03:37.866 [ForkJoinPool-1-worker-1] DEBUG org.apache.http.headers - http-outgoing-2 << Content-Type: text/xml; charset=utf-8
16:03:37.866 [ForkJoinPool-1-worker-1] DEBUG org.apache.http.headers - http-outgoing-2 << Date: Fri, 05 Feb 2021 10:25:27 GMT
16:03:37.866 [ForkJoinPool-1-worker-1] DEBUG org.apache.http.headers - http-outgoing-2 << Server: Microsoft-IIS/7.5
16:03:37.866 [ForkJoinPool-1-worker-1] DEBUG org.apache.http.headers - http-outgoing-2 << Vary: Accept-Encoding
16:03:37.866 [ForkJoinPool-1-worker-1] DEBUG org.apache.http.headers - http-outgoing-2 << X-AspNet-Version: 4.0.30319
16:03:37.866 [ForkJoinPool-1-worker-1] DEBUG org.apache.http.headers - http-outgoing-2 << X-Frame-Options: SAMEORIGIN
16:03:37.866 [ForkJoinPool-1-worker-1] DEBUG org.apache.http.headers - http-outgoing-2 << X-Powered-By: ASP.NET
16:03:37.866 [ForkJoinPool-1-worker-1] DEBUG org.apache.http.headers - http-outgoing-2 << Content-Length: 322
16:03:37.866 [ForkJoinPool-1-worker-1] DEBUG org.apache.http.impl.execchain.MainClientExec - Connection can be kept alive indefinitely
16:03:37.866 [ForkJoinPool-1-worker-1] DEBUG org.apache.http.wire - http-outgoing-2 << "[0x1f][0x8b][0x8][0x0][0x0][0x0][0x0][0x0][0x4][0x0][0xed][0xbd][0x7]`[0x1c]I[0x96]%&/m[0xca]{]]>&#x7f;<![CDATA[J[0xf5]J[0xd7][0xe0]t[0xa1][0x8][0x80]`[0x13]$[0xd8][0x90]@[0x10][0xec][0xc1][0x88][0xcd][0xe6][0x92][0xec][0x1d]iG#)[0xab]*[0x81][0xca]eVe]f[0x16]@[0xcc][0xed][0x9d][0xbc][0xf7][0xde]{[0xef][0xbd][0xf7][0xde]{[0xef][0xbd][0xf7][0xba];[0x9d]N'[0xf7][0xdf][0xff]?\fd[0x1]l[0xf6][0xce]J[0xda][0xc9][0x9e]![0x80][0xaa][0xc8][0x1f]?~|[0x1f]?"[0x1e][0xff][0x1e][0xef][0x16]ez[0x99][0xd7]MQ-?[0xfb]hw[0xbc][0xf3]Q[0x9a]/[0xa7][0xd5][0xac]X^|[0xf6][0xd1][0xba]=[0xdf]>[0xf8][0xe8][0xf7]8z[0xdc]T[0xd9][0xea][0xd1][0xe9][0xf2]2/[0xab]U[0x9e][0xd2]+[0xcb][0xe6][0x11]>[0xfb][0xec][0xa3]y[0xdb][0xae][0x1e][0xdd][0xbd][0xdb]L[0xe7][0xf9]"k[0xc6][0xf4][0x15]>[0x1f]W[0xf5][0xc5]][0xfc]r7[0xd7][0x97][0xee]~[0xa4][0xaf][0xbd]k[\n]"
16:03:37.866 [ForkJoinPool-1-worker-1] DEBUG org.apache.http.wire - http-outgoing-2 << "[0xfb][0xd6][0xd5][0xd5][0xd5][0xf8][0xea][0x1e]7[0xde][0xdb][0xd9][0xd9][0xbd][0xfb]{]]>&#x7f;<![CDATA[[0xf1][0xfc]5[0x3][0xda].[0x96]M[0x9b]-[0xa7][0xb9]{kv[0xf3][[0x1f])[0xa2]O[0xaa][0xd9][0xf5][0xd1][0xe3][0x93][0xbc]l[0x8a]u[0xf3][0xa6]z[0x96][0xcd][0xeb]|9[0xcf][0x8b][0xf6]U[0xde][0xac][0xaa]e[0xa3]#[0x10][0x80][0x8d][0x85]Hc[0xa8][0xaa][0xb2][0x19]O[0xab][0xc5]]jp[0x97][0xc0][0xc5]a[0xac][0xcb][0xf6][0xe8][0xe1][0xc1][0xf8][0xd3][0xc7]w[0x87][0xbf][0x1f][0xfa][0x8e][0xfb][0xa7]o=D[0xe5]wC[0xdd][0xa3][0xff][0x7][0x14]j[0xe5][0x2][0x93][0x1][0x0][0x0]"
16:03:37.866 [ForkJoinPool-1-worker-1] DEBUG org.apache.http.impl.conn.PoolingHttpClientConnectionManager - Connection [id: 2][route: {s}->https://www.w3schools.com:443] can be kept alive indefinitely
16:03:37.866 [ForkJoinPool-1-worker-1] DEBUG org.apache.http.impl.conn.DefaultManagedHttpClientConnection - http-outgoing-2: set socket timeout to 0
16:03:37.866 [ForkJoinPool-1-worker-1] DEBUG org.apache.http.impl.conn.PoolingHttpClientConnectionManager - Connection released: [id: 2][route: {s}->https://www.w3schools.com:443][total available: 1; route allocated: 1 of 5; total allocated: 1 of 10]
16:03:37.866 [ForkJoinPool-1-worker-1] DEBUG com.intuit.karate - response time in milliseconds: 314.22
1 < 200
1 < Cache-Control: private, max-age=0,public
1 < Content-Type: text/xml; charset=utf-8
1 < Date: Fri, 05 Feb 2021 10:25:27 GMT
1 < Server: Microsoft-IIS/7.5
1 < Vary: Accept-Encoding
1 < X-AspNet-Version: 4.0.30319
1 < X-Frame-Options: SAMEORIGIN
1 < X-Powered-By: ASP.NET
<?xml version="1.0" encoding="utf-8"?><soap:Envelope xmlns:soap="http://schemas.xmlsoap.org/soap/envelope/" xmlns:xsi="http://www.w3.org/2001/XMLSchema-instance" xmlns:xsd="http://www.w3.org/2001/XMLSchema"><soap:Body><CelsiusToFahrenheitResponse xmlns="https://www.w3schools.com/xml/"><CelsiusToFahrenheitResult>98.6</CelsiusToFahrenheitResult></CelsiusToFahrenheitResponse></soap:Body></soap:Envelope>

16:03:37.866 [ForkJoinPool-1-worker-1] DEBUG com.jayway.jsonpath.internal.path.CompiledPath - Evaluating path: $
16:03:37.866 [ForkJoinPool-1-worker-1] INFO com.intuit.karate - [print] {
  "Cache-Control": [
    "private, max-age=0,public"
  ],
  "Content-Type": [
    "text/xml; charset=utf-8"
  ],
  "Date": [
    "Fri, 05 Feb 2021 10:25:27 GMT"
  ],
  "Server": [
    "Microsoft-IIS/7.5"
  ],
  "Vary": [
    "Accept-Encoding"
  ],
  "X-AspNet-Version": [
    "4.0.30319"
  ],
  "X-Frame-Options": [
    "SAMEORIGIN"
  ],
  "X-Powered-By": [
    "ASP.NET"
  ]
}

16:03:37.882 [ForkJoinPool-1-worker-1] DEBUG com.jayway.jsonpath.internal.path.CompiledPath - Evaluating path: $
16:03:37.882 [ForkJoinPool-1-worker-1] INFO com.intuit.karate - [print] [
  "Microsoft-IIS/7.5"
]

16:03:37.898 [ForkJoinPool-1-worker-1] INFO com.intuit.karate - [print] Microsoft-IIS/7.5
16:03:37.898 [ForkJoinPool-1-worker-1] DEBUG com.jayway.jsonpath.internal.path.CompiledPath - Evaluating path: $
16:03:37.898 [ForkJoinPool-1-worker-1] DEBUG com.jayway.jsonpath.internal.path.CompiledPath - Evaluating path: $["Server"]
16:03:37.898 [ForkJoinPool-1-worker-1] DEBUG com.jayway.jsonpath.internal.path.CompiledPath - Evaluating path: $
16:03:37.898 [ForkJoinPool-1-worker-1] DEBUG com.jayway.jsonpath.internal.path.CompiledPath - Evaluating path: $["Server"][0]
16:03:37.898 [ForkJoinPool-1-worker-1] INFO com.intuit.karate - [print] xml
16:03:37.898 [ForkJoinPool-1-worker-1] INFO com.intuit.karate - [print] <soap:Envelope xmlns:soap="http://schemas.xmlsoap.org/soap/envelope/" xmlns:xsd="http://www.w3.org/2001/XMLSchema" xmlns:xsi="http://www.w3.org/2001/XMLSchema-instance">
  <soap:Body>
    <CelsiusToFahrenheitResponse xmlns="https://www.w3schools.com/xml/">
      <CelsiusToFahrenheitResult>98.6</CelsiusToFahrenheitResult>
    </CelsiusToFahrenheitResponse>
  </soap:Body>
</soap:Envelope>

16:03:37.913 [ForkJoinPool-1-worker-1] INFO com.intuit.karate - [print] 314
16:03:37.913 [ForkJoinPool-1-worker-1] INFO com.intuit.karate - [print] 200
16:03:37.913 [ForkJoinPool-1-worker-1] INFO com.intuit.karate - after scenario inside config 
16:03:37.913 [ForkJoinPool-1-worker-1] INFO com.intuit.karate - From karate-config file 
16:03:37.913 [ForkJoinPool-1-worker-1] DEBUG com.jayway.jsonpath.internal.path.CompiledPath - Evaluating path: $
16:03:37.913 [ForkJoinPool-1-worker-1] DEBUG org.apache.http.client.protocol.RequestAddCookies - CookieSpec selected: karate
16:03:37.913 [ForkJoinPool-1-worker-1] DEBUG org.apache.http.client.protocol.RequestAuthCache - Auth cache not set in the context
16:03:37.913 [ForkJoinPool-1-worker-1] DEBUG com.intuit.karate - request:
1 > POST https://www.w3schools.com/xml/tempconvert.asmx/CelsiusToFahrenheit
1 > Accept-Encoding: gzip,deflate
1 > Connection: Keep-Alive
1 > Content-Length: 10
1 > Content-Type: application/x-www-form-urlencoded; charset=UTF-8
1 > Host: www.w3schools.com
1 > User-Agent: Apache-HttpClient/4.5.12 (Java/1.8.0_251)
Celsius=40

16:03:37.913 [ForkJoinPool-1-worker-1] DEBUG org.apache.http.impl.conn.PoolingHttpClientConnectionManager - Connection request: [route: {s}->https://www.w3schools.com:443][total available: 0; route allocated: 0 of 5; total allocated: 0 of 10]
16:03:37.913 [ForkJoinPool-1-worker-1] DEBUG org.apache.http.impl.conn.PoolingHttpClientConnectionManager - Connection leased: [id: 4][route: {s}->https://www.w3schools.com:443][total available: 0; route allocated: 1 of 5; total allocated: 1 of 10]
16:03:37.913 [ForkJoinPool-1-worker-1] DEBUG org.apache.http.impl.execchain.MainClientExec - Opening connection {s}->https://www.w3schools.com:443
16:03:37.913 [ForkJoinPool-1-worker-1] DEBUG org.apache.http.impl.conn.DefaultHttpClientConnectionOperator - Connecting to www.w3schools.com/192.229.179.87:443
16:03:37.913 [ForkJoinPool-1-worker-1] DEBUG org.apache.http.conn.ssl.SSLConnectionSocketFactory - Connecting socket to www.w3schools.com/192.229.179.87:443 with timeout 5000
16:03:37.929 [ForkJoinPool-1-worker-1] DEBUG org.apache.http.conn.ssl.SSLConnectionSocketFactory - Enabled protocols: [TLSv1, TLSv1.1, TLSv1.2]
16:03:37.929 [ForkJoinPool-1-worker-1] DEBUG org.apache.http.conn.ssl.SSLConnectionSocketFactory - Enabled cipher suites:[TLS_ECDHE_ECDSA_WITH_AES_256_CBC_SHA384, TLS_ECDHE_RSA_WITH_AES_256_CBC_SHA384, TLS_RSA_WITH_AES_256_CBC_SHA256, TLS_ECDH_ECDSA_WITH_AES_256_CBC_SHA384, TLS_ECDH_RSA_WITH_AES_256_CBC_SHA384, TLS_DHE_RSA_WITH_AES_256_CBC_SHA256, TLS_DHE_DSS_WITH_AES_256_CBC_SHA256, TLS_ECDHE_ECDSA_WITH_AES_256_CBC_SHA, TLS_ECDHE_RSA_WITH_AES_256_CBC_SHA, TLS_RSA_WITH_AES_256_CBC_SHA, TLS_ECDH_ECDSA_WITH_AES_256_CBC_SHA, TLS_ECDH_RSA_WITH_AES_256_CBC_SHA, TLS_DHE_RSA_WITH_AES_256_CBC_SHA, TLS_DHE_DSS_WITH_AES_256_CBC_SHA, TLS_ECDHE_ECDSA_WITH_AES_128_CBC_SHA256, TLS_ECDHE_RSA_WITH_AES_128_CBC_SHA256, TLS_RSA_WITH_AES_128_CBC_SHA256, TLS_ECDH_ECDSA_WITH_AES_128_CBC_SHA256, TLS_ECDH_RSA_WITH_AES_128_CBC_SHA256, TLS_DHE_RSA_WITH_AES_128_CBC_SHA256, TLS_DHE_DSS_WITH_AES_128_CBC_SHA256, TLS_ECDHE_ECDSA_WITH_AES_128_CBC_SHA, TLS_ECDHE_RSA_WITH_AES_128_CBC_SHA, TLS_RSA_WITH_AES_128_CBC_SHA, TLS_ECDH_ECDSA_WITH_AES_128_CBC_SHA, TLS_ECDH_RSA_WITH_AES_128_CBC_SHA, TLS_DHE_RSA_WITH_AES_128_CBC_SHA, TLS_DHE_DSS_WITH_AES_128_CBC_SHA, TLS_ECDHE_ECDSA_WITH_AES_256_GCM_SHA384, TLS_ECDHE_ECDSA_WITH_AES_128_GCM_SHA256, TLS_ECDHE_RSA_WITH_AES_256_GCM_SHA384, TLS_RSA_WITH_AES_256_GCM_SHA384, TLS_ECDH_ECDSA_WITH_AES_256_GCM_SHA384, TLS_ECDH_RSA_WITH_AES_256_GCM_SHA384, TLS_DHE_RSA_WITH_AES_256_GCM_SHA384, TLS_DHE_DSS_WITH_AES_256_GCM_SHA384, TLS_ECDHE_RSA_WITH_AES_128_GCM_SHA256, TLS_RSA_WITH_AES_128_GCM_SHA256, TLS_ECDH_ECDSA_WITH_AES_128_GCM_SHA256, TLS_ECDH_RSA_WITH_AES_128_GCM_SHA256, TLS_DHE_RSA_WITH_AES_128_GCM_SHA256, TLS_DHE_DSS_WITH_AES_128_GCM_SHA256, TLS_EMPTY_RENEGOTIATION_INFO_SCSV]
16:03:37.929 [ForkJoinPool-1-worker-1] DEBUG org.apache.http.conn.ssl.SSLConnectionSocketFactory - Starting handshake
16:03:37.976 [ForkJoinPool-1-worker-1] DEBUG org.apache.http.conn.ssl.SSLConnectionSocketFactory - Secure session established
16:03:37.976 [ForkJoinPool-1-worker-1] DEBUG org.apache.http.conn.ssl.SSLConnectionSocketFactory -  negotiated protocol: TLSv1.2
16:03:37.976 [ForkJoinPool-1-worker-1] DEBUG org.apache.http.conn.ssl.SSLConnectionSocketFactory -  negotiated cipher suite: TLS_ECDHE_RSA_WITH_AES_128_GCM_SHA256
16:03:37.976 [ForkJoinPool-1-worker-1] DEBUG org.apache.http.conn.ssl.SSLConnectionSocketFactory -  peer principal: CN=*.w3schools.com, OU=IT, O="Verizon Digital Media Services, Inc.", L=Los Angeles, ST=California, C=US
16:03:37.976 [ForkJoinPool-1-worker-1] DEBUG org.apache.http.conn.ssl.SSLConnectionSocketFactory -  peer alternative names: [*.w3schools.com, w3schools.com]
16:03:37.976 [ForkJoinPool-1-worker-1] DEBUG org.apache.http.conn.ssl.SSLConnectionSocketFactory -  issuer principal: CN=DigiCert SHA2 Secure Server CA, O=DigiCert Inc, C=US
16:03:37.976 [ForkJoinPool-1-worker-1] DEBUG org.apache.http.impl.conn.DefaultHttpClientConnectionOperator - Connection established 192.168.1.49:63147<->192.229.179.87:443
16:03:37.976 [ForkJoinPool-1-worker-1] DEBUG org.apache.http.impl.conn.DefaultManagedHttpClientConnection - http-outgoing-4: set socket timeout to 5000
16:03:37.976 [ForkJoinPool-1-worker-1] DEBUG org.apache.http.impl.execchain.MainClientExec - Executing request POST /xml/tempconvert.asmx/CelsiusToFahrenheit HTTP/1.1
16:03:37.976 [ForkJoinPool-1-worker-1] DEBUG org.apache.http.impl.execchain.MainClientExec - Target auth state: UNCHALLENGED
16:03:37.976 [ForkJoinPool-1-worker-1] DEBUG org.apache.http.impl.execchain.MainClientExec - Proxy auth state: UNCHALLENGED
16:03:37.976 [ForkJoinPool-1-worker-1] DEBUG org.apache.http.headers - http-outgoing-4 >> POST /xml/tempconvert.asmx/CelsiusToFahrenheit HTTP/1.1
16:03:37.976 [ForkJoinPool-1-worker-1] DEBUG org.apache.http.headers - http-outgoing-4 >> Content-Type: application/x-www-form-urlencoded; charset=UTF-8
16:03:37.976 [ForkJoinPool-1-worker-1] DEBUG org.apache.http.headers - http-outgoing-4 >> Content-Length: 10
16:03:37.976 [ForkJoinPool-1-worker-1] DEBUG org.apache.http.headers - http-outgoing-4 >> Host: www.w3schools.com
16:03:37.976 [ForkJoinPool-1-worker-1] DEBUG org.apache.http.headers - http-outgoing-4 >> Connection: Keep-Alive
16:03:37.976 [ForkJoinPool-1-worker-1] DEBUG org.apache.http.headers - http-outgoing-4 >> User-Agent: Apache-HttpClient/4.5.12 (Java/1.8.0_251)
16:03:37.976 [ForkJoinPool-1-worker-1] DEBUG org.apache.http.headers - http-outgoing-4 >> Accept-Encoding: gzip,deflate
16:03:37.976 [ForkJoinPool-1-worker-1] DEBUG org.apache.http.wire - http-outgoing-4 >> "POST /xml/tempconvert.asmx/CelsiusToFahrenheit HTTP/1.1[\r][\n]"
16:03:37.976 [ForkJoinPool-1-worker-1] DEBUG org.apache.http.wire - http-outgoing-4 >> "Content-Type: application/x-www-form-urlencoded; charset=UTF-8[\r][\n]"
16:03:37.976 [ForkJoinPool-1-worker-1] DEBUG org.apache.http.wire - http-outgoing-4 >> "Content-Length: 10[\r][\n]"
16:03:37.976 [ForkJoinPool-1-worker-1] DEBUG org.apache.http.wire - http-outgoing-4 >> "Host: www.w3schools.com[\r][\n]"
16:03:37.976 [ForkJoinPool-1-worker-1] DEBUG org.apache.http.wire - http-outgoing-4 >> "Connection: Keep-Alive[\r][\n]"
16:03:37.976 [ForkJoinPool-1-worker-1] DEBUG org.apache.http.wire - http-outgoing-4 >> "User-Agent: Apache-HttpClient/4.5.12 (Java/1.8.0_251)[\r][\n]"
16:03:37.976 [ForkJoinPool-1-worker-1] DEBUG org.apache.http.wire - http-outgoing-4 >> "Accept-Encoding: gzip,deflate[\r][\n]"
16:03:37.976 [ForkJoinPool-1-worker-1] DEBUG org.apache.http.wire - http-outgoing-4 >> "[\r][\n]"
16:03:37.976 [ForkJoinPool-1-worker-1] DEBUG org.apache.http.wire - http-outgoing-4 >> "Celsius=40"
16:03:38.132 [ForkJoinPool-1-worker-0] DEBUG org.apache.http.wire - http-outgoing-3 << "HTTP/1.1 200 OK[\r][\n]"
16:03:38.132 [ForkJoinPool-1-worker-0] DEBUG org.apache.http.wire - http-outgoing-3 << "Cache-Control: private, max-age=0[\r][\n]"
16:03:38.132 [ForkJoinPool-1-worker-0] DEBUG org.apache.http.wire - http-outgoing-3 << "Content-Type: text/xml; charset=utf-8[\r][\n]"
16:03:38.132 [ForkJoinPool-1-worker-0] DEBUG org.apache.http.wire - http-outgoing-3 << "Content-Encoding: gzip[\r][\n]"
16:03:38.132 [ForkJoinPool-1-worker-0] DEBUG org.apache.http.wire - http-outgoing-3 << "Vary: Accept-Encoding[\r][\n]"
16:03:38.132 [ForkJoinPool-1-worker-0] DEBUG org.apache.http.wire - http-outgoing-3 << "Server: Microsoft-IIS/8.0[\r][\n]"
16:03:38.132 [ForkJoinPool-1-worker-0] DEBUG org.apache.http.wire - http-outgoing-3 << "X-AspNet-Version: 2.0.50727[\r][\n]"
16:03:38.132 [ForkJoinPool-1-worker-0] DEBUG org.apache.http.wire - http-outgoing-3 << "X-Powered-By: ASP.NET[\r][\n]"
16:03:38.132 [ForkJoinPool-1-worker-0] DEBUG org.apache.http.wire - http-outgoing-3 << "X-Powered-By-Plesk: PleskWin[\r][\n]"
16:03:38.132 [ForkJoinPool-1-worker-0] DEBUG org.apache.http.wire - http-outgoing-3 << "Date: Fri, 05 Feb 2021 10:33:38 GMT[\r][\n]"
16:03:38.132 [ForkJoinPool-1-worker-0] DEBUG org.apache.http.wire - http-outgoing-3 << "Content-Length: 299[\r][\n]"
16:03:38.132 [ForkJoinPool-1-worker-0] DEBUG org.apache.http.wire - http-outgoing-3 << "[\r][\n]"
16:03:38.132 [ForkJoinPool-1-worker-0] DEBUG org.apache.http.wire - http-outgoing-3 << "[0x1f][0x8b][0x8][0x0][0x0][0x0][0x0][0x0][0x4][0x0][0xed][0xbd][0x7]`[0x1c]I[0x96]%&/m[0xca]{]]>&#x7f;<![CDATA[J[0xf5]J[0xd7][0xe0]t[0xa1][0x8][0x80]`[0x13]$[0xd8][0x90]@[0x10][0xec][0xc1][0x88][0xcd][0xe6][0x92][0xec][0x1d]iG#)[0xab]*[0x81][0xca]eVe]f[0x16]@[0xcc][0xed][0x9d][0xbc][0xf7][0xde]{[0xef][0xbd][0xf7][0xde]{[0xef][0xbd][0xf7][0xba];[0x9d]N'[0xf7][0xdf][0xff]?\fd[0x1]l[0xf6][0xce]J[0xda][0xc9][0x9e]![0x80][0xaa][0xc8][0x1f]?~|[0x1f]?"[0x1e][0xff][0x1e][0xef][0x16]ez[0x99][0xd7]MQ-?[0xfb]hw[0xbc][0xf3]Q[0x9a]/[0xa7][0xd5][0xac]X^|[0xf6][0xd1][0xba]=[0xdf]>[0xf8][0xe8][0xf7]8z[0xdc]T[0xd9][0xea][0xd1][0xe9][0xf2]2/[0xab]U[0x9e][0xd2]+[0xcb][0xe6][0x11]>[0xfb][0xec][0xa3]y[0xdb][0xae][0x1e][0xdd][0xbd][0xdb]L[0xe7][0xf9]"k[0xc6][0xf4][0x15]>[0x1f]W[0xf5][0xc5]][0xfc]r7[0xd7][0x97][0xee]~[0xa4][0xaf][0xbd]k[\n]"
16:03:38.132 [ForkJoinPool-1-worker-0] DEBUG org.apache.http.wire - http-outgoing-3 << "[0xfb][0xd6][0xd5][0xd5][0xd5][0xf8][0xea][0x1e]7[0xde][0xdb][0xd9][0xd9][0xbd][0xfb]{]]>&#x7f;<![CDATA[[0xf1][0xfc]5[0x3][0xda].[0x96]M[0x9b]-[0xa7][0xb9]{kv[0xf3][[0x1f])[0xa2]O[0xaa][0xd9][0xf5][0xd1][0xe3][0xe3][0xd9][0xec]U[0xde][0xac][0xaa]e[0xa3][0x18][[0x0]m[0xbe]X[0xad][0xeb][0x82]![0xd0];[0xd2]p][0xb6]G[0xf7]vv[0x1e][0xdf]u]]>&#x7f;<![CDATA[[0x9a][0xdf][0x19][0x6][0xfd][0xe5][0x1][0x97][0xdf][\r]E[0x8e][0xfe][0x1f][0x19]=v[0xd7]G[0x1][0x0][0x0]"
16:03:38.132 [ForkJoinPool-1-worker-0] DEBUG org.apache.http.headers - http-outgoing-3 << HTTP/1.1 200 OK
16:03:38.132 [ForkJoinPool-1-worker-0] DEBUG org.apache.http.headers - http-outgoing-3 << Cache-Control: private, max-age=0
16:03:38.132 [ForkJoinPool-1-worker-0] DEBUG org.apache.http.headers - http-outgoing-3 << Content-Type: text/xml; charset=utf-8
16:03:38.132 [ForkJoinPool-1-worker-0] DEBUG org.apache.http.headers - http-outgoing-3 << Content-Encoding: gzip
16:03:38.132 [ForkJoinPool-1-worker-0] DEBUG org.apache.http.headers - http-outgoing-3 << Vary: Accept-Encoding
16:03:38.132 [ForkJoinPool-1-worker-0] DEBUG org.apache.http.headers - http-outgoing-3 << Server: Microsoft-IIS/8.0
16:03:38.132 [ForkJoinPool-1-worker-0] DEBUG org.apache.http.headers - http-outgoing-3 << X-AspNet-Version: 2.0.50727
16:03:38.132 [ForkJoinPool-1-worker-0] DEBUG org.apache.http.headers - http-outgoing-3 << X-Powered-By: ASP.NET
16:03:38.132 [ForkJoinPool-1-worker-0] DEBUG org.apache.http.headers - http-outgoing-3 << X-Powered-By-Plesk: PleskWin
16:03:38.132 [ForkJoinPool-1-worker-0] DEBUG org.apache.http.headers - http-outgoing-3 << Date: Fri, 05 Feb 2021 10:33:38 GMT
16:03:38.132 [ForkJoinPool-1-worker-0] DEBUG org.apache.http.headers - http-outgoing-3 << Content-Length: 299
16:03:38.132 [ForkJoinPool-1-worker-0] DEBUG org.apache.http.impl.execchain.MainClientExec - Connection can be kept alive indefinitely
16:03:38.132 [ForkJoinPool-1-worker-0] DEBUG org.apache.http.impl.conn.PoolingHttpClientConnectionManager - Connection [id: 3][route: {}->http://www.dneonline.com:80] can be kept alive indefinitely
16:03:38.132 [ForkJoinPool-1-worker-0] DEBUG org.apache.http.impl.conn.DefaultManagedHttpClientConnection - http-outgoing-3: set socket timeout to 0
16:03:38.132 [ForkJoinPool-1-worker-0] DEBUG org.apache.http.impl.conn.PoolingHttpClientConnectionManager - Connection released: [id: 3][route: {}->http://www.dneonline.com:80][total available: 1; route allocated: 1 of 5; total allocated: 1 of 10]
16:03:38.132 [ForkJoinPool-1-worker-0] DEBUG com.intuit.karate - response time in milliseconds: 577.64
1 < 200
1 < Cache-Control: private, max-age=0
1 < Content-Type: text/xml; charset=utf-8
1 < Date: Fri, 05 Feb 2021 10:33:38 GMT
1 < Server: Microsoft-IIS/8.0
1 < Vary: Accept-Encoding
1 < X-AspNet-Version: 2.0.50727
1 < X-Powered-By: ASP.NET
1 < X-Powered-By-Plesk: PleskWin
<?xml version="1.0" encoding="utf-8"?><soap:Envelope xmlns:soap="http://schemas.xmlsoap.org/soap/envelope/" xmlns:xsi="http://www.w3.org/2001/XMLSchema-instance" xmlns:xsd="http://www.w3.org/2001/XMLSchema"><soap:Body><AddResponse xmlns="http://tempuri.org/"><AddResult>300</AddResult></AddResponse></soap:Body></soap:Envelope>

16:03:38.132 [ForkJoinPool-1-worker-0] DEBUG com.jayway.jsonpath.internal.path.CompiledPath - Evaluating path: $
16:03:38.132 [ForkJoinPool-1-worker-0] INFO com.intuit.karate - [print] {
  "Cache-Control": [
    "private, max-age=0"
  ],
  "Content-Type": [
    "text/xml; charset=utf-8"
  ],
  "Vary": [
    "Accept-Encoding"
  ],
  "Server": [
    "Microsoft-IIS/8.0"
  ],
  "X-AspNet-Version": [
    "2.0.50727"
  ],
  "X-Powered-By": [
    "ASP.NET"
  ],
  "X-Powered-By-Plesk": [
    "PleskWin"
  ],
  "Date": [
    "Fri, 05 Feb 2021 10:33:38 GMT"
  ]
}

16:03:38.132 [ForkJoinPool-1-worker-0] DEBUG com.jayway.jsonpath.internal.path.CompiledPath - Evaluating path: $
16:03:38.132 [ForkJoinPool-1-worker-0] INFO com.intuit.karate - [print] [
  "Microsoft-IIS/8.0"
]

16:03:38.132 [ForkJoinPool-1-worker-0] INFO com.intuit.karate - [print] Microsoft-IIS/8.0
16:03:38.132 [ForkJoinPool-1-worker-0] DEBUG com.jayway.jsonpath.internal.path.CompiledPath - Evaluating path: $
16:03:38.132 [ForkJoinPool-1-worker-0] DEBUG com.jayway.jsonpath.internal.path.CompiledPath - Evaluating path: $["Server"]
16:03:38.132 [ForkJoinPool-1-worker-0] DEBUG com.jayway.jsonpath.internal.path.CompiledPath - Evaluating path: $
16:03:38.132 [ForkJoinPool-1-worker-0] DEBUG com.jayway.jsonpath.internal.path.CompiledPath - Evaluating path: $["Server"][0]
16:03:38.132 [ForkJoinPool-1-worker-0] INFO com.intuit.karate - [print] xml
16:03:38.132 [ForkJoinPool-1-worker-0] INFO com.intuit.karate - [print] <soap:Envelope xmlns:soap="http://schemas.xmlsoap.org/soap/envelope/" xmlns:xsd="http://www.w3.org/2001/XMLSchema" xmlns:xsi="http://www.w3.org/2001/XMLSchema-instance">
  <soap:Body>
    <AddResponse xmlns="http://tempuri.org/">
      <AddResult>300</AddResult>
    </AddResponse>
  </soap:Body>
</soap:Envelope>

16:03:38.148 [ForkJoinPool-1-worker-0] INFO com.intuit.karate - [print] 578
16:03:38.148 [ForkJoinPool-1-worker-0] INFO com.intuit.karate - [print] 200
16:03:38.148 [ForkJoinPool-1-worker-0] INFO com.intuit.karate - after scenario inside config 
16:03:38.148 [pool-1-thread-2] INFO com.intuit.karate.Runner - <<pass>> feature 6 of 26: classpath:feauturefiles/karate04.feature
---------------------------------------------------------
feature: classpath:feauturefiles/karate04.feature
report: build\surefire-reports\feauturefiles.karate04.json
scenarios:  2 | passed:  2 | failed:  0 | time: 0.9890
---------------------------------------------------------
16:03:38.164 [ForkJoinPool-1-worker-0] INFO com.intuit.karate - From karate-config file 
16:03:38.164 [ForkJoinPool-1-worker-0] DEBUG com.jayway.jsonpath.internal.path.CompiledPath - Evaluating path: $
16:03:38.164 [ForkJoinPool-1-worker-0] INFO com.intuit.karate - [print] after assert
16:03:38.164 [ForkJoinPool-1-worker-0] INFO com.intuit.karate - after scenario inside config 
16:03:38.164 [pool-1-thread-2] INFO com.intuit.karate.Runner - <<pass>> feature 8 of 26: classpath:feauturefiles/karate06.feature
---------------------------------------------------------
feature: classpath:feauturefiles/karate06.feature
report: build\surefire-reports\feauturefiles.karate06.json
scenarios:  1 | passed:  1 | failed:  0 | time: 0.0055
---------------------------------------------------------
16:03:38.179 [ForkJoinPool-1-worker-0] INFO com.intuit.karate - From karate-config file 
16:03:38.179 [ForkJoinPool-1-worker-0] DEBUG com.jayway.jsonpath.internal.path.CompiledPath - Evaluating path: $
16:03:38.179 [ForkJoinPool-1-worker-0] INFO com.intuit.karate - after scenario inside config 
16:03:38.195 [pool-1-thread-2] INFO com.intuit.karate.Runner - <<pass>> feature 9 of 26: classpath:feauturefiles/karate07.feature
---------------------------------------------------------
feature: classpath:feauturefiles/karate07.feature
report: build\surefire-reports\feauturefiles.karate07.json
scenarios:  1 | passed:  1 | failed:  0 | time: 0.0060
---------------------------------------------------------
16:03:38.195 [ForkJoinPool-1-worker-0] INFO com.intuit.karate - From karate-config file 
16:03:38.195 [ForkJoinPool-1-worker-0] DEBUG com.jayway.jsonpath.internal.path.CompiledPath - Evaluating path: $
16:03:38.210 [ForkJoinPool-1-worker-1] DEBUG org.apache.http.wire - http-outgoing-4 << "HTTP/1.1 200 OK[\r][\n]"
16:03:38.210 [ForkJoinPool-1-worker-1] DEBUG org.apache.http.wire - http-outgoing-4 << "Content-Encoding: gzip[\r][\n]"
16:03:38.210 [ForkJoinPool-1-worker-1] DEBUG org.apache.http.wire - http-outgoing-4 << "Cache-Control: private, max-age=0,public[\r][\n]"
16:03:38.210 [ForkJoinPool-1-worker-1] DEBUG org.apache.http.wire - http-outgoing-4 << "Content-Type: text/xml; charset=utf-8[\r][\n]"
16:03:38.210 [ForkJoinPool-1-worker-1] DEBUG org.apache.http.wire - http-outgoing-4 << "Date: Fri, 05 Feb 2021 10:25:28 GMT[\r][\n]"
16:03:38.210 [ForkJoinPool-1-worker-1] DEBUG org.apache.http.wire - http-outgoing-4 << "Server: Microsoft-IIS/7.5[\r][\n]"
16:03:38.210 [ForkJoinPool-1-worker-1] DEBUG org.apache.http.wire - http-outgoing-4 << "Vary: Accept-Encoding[\r][\n]"
16:03:38.210 [ForkJoinPool-1-worker-1] DEBUG org.apache.http.wire - http-outgoing-4 << "X-AspNet-Version: 4.0.30319[\r][\n]"
16:03:38.210 [ForkJoinPool-1-worker-1] DEBUG org.apache.http.wire - http-outgoing-4 << "X-Frame-Options: SAMEORIGIN[\r][\n]"
16:03:38.210 [ForkJoinPool-1-worker-1] DEBUG org.apache.http.wire - http-outgoing-4 << "X-Powered-By: ASP.NET[\r][\n]"
16:03:38.210 [ForkJoinPool-1-worker-1] DEBUG org.apache.http.wire - http-outgoing-4 << "Content-Length: 207[\r][\n]"
16:03:38.210 [ForkJoinPool-1-worker-1] DEBUG org.apache.http.wire - http-outgoing-4 << "[\r][\n]"
16:03:38.210 [ForkJoinPool-1-worker-1] DEBUG org.apache.http.headers - http-outgoing-4 << HTTP/1.1 200 OK
16:03:38.210 [ForkJoinPool-1-worker-1] DEBUG org.apache.http.headers - http-outgoing-4 << Content-Encoding: gzip
16:03:38.210 [ForkJoinPool-1-worker-1] DEBUG org.apache.http.headers - http-outgoing-4 << Cache-Control: private, max-age=0,public
16:03:38.210 [ForkJoinPool-1-worker-1] DEBUG org.apache.http.headers - http-outgoing-4 << Content-Type: text/xml; charset=utf-8
16:03:38.210 [ForkJoinPool-1-worker-1] DEBUG org.apache.http.headers - http-outgoing-4 << Date: Fri, 05 Feb 2021 10:25:28 GMT
16:03:38.210 [ForkJoinPool-1-worker-1] DEBUG org.apache.http.headers - http-outgoing-4 << Server: Microsoft-IIS/7.5
16:03:38.210 [ForkJoinPool-1-worker-1] DEBUG org.apache.http.headers - http-outgoing-4 << Vary: Accept-Encoding
16:03:38.210 [ForkJoinPool-1-worker-1] DEBUG org.apache.http.headers - http-outgoing-4 << X-AspNet-Version: 4.0.30319
16:03:38.210 [ForkJoinPool-1-worker-1] DEBUG org.apache.http.headers - http-outgoing-4 << X-Frame-Options: SAMEORIGIN
16:03:38.210 [ForkJoinPool-1-worker-1] DEBUG org.apache.http.headers - http-outgoing-4 << X-Powered-By: ASP.NET
16:03:38.210 [ForkJoinPool-1-worker-1] DEBUG org.apache.http.headers - http-outgoing-4 << Content-Length: 207
16:03:38.210 [ForkJoinPool-1-worker-1] DEBUG org.apache.http.impl.execchain.MainClientExec - Connection can be kept alive indefinitely
16:03:38.210 [ForkJoinPool-1-worker-1] DEBUG org.apache.http.wire - http-outgoing-4 << "[0x1f][0x8b][0x8][0x0][0x0][0x0][0x0][0x0][0x4][0x0][0xed][0xbd][0x7]`[0x1c]I[0x96]%&/m[0xca]{]]>&#x7f;<![CDATA[J[0xf5]J[0xd7][0xe0]t[0xa1][0x8][0x80]`[0x13]$[0xd8][0x90]@[0x10][0xec][0xc1][0x88][0xcd][0xe6][0x92][0xec][0x1d]iG#)[0xab]*[0x81][0xca]eVe]f[0x16]@[0xcc][0xed][0x9d][0xbc][0xf7][0xde]{[0xef][0xbd][0xf7][0xde]{[0xef][0xbd][0xf7][0xba];[0x9d]N'[0xf7][0xdf][0xff]?\fd[0x1]l[0xf6][0xce]J[0xda][0xc9][0x9e]![0x80][0xaa][0xc8][0x1f]?~|[0x1f]?"[0x1e][0xff][0x1e][0xef][0x16]ez[0x99][0xd7]MQ-?[0xfb]hw[0xbc][0xf3]Q[0x9a]/[0xa7][0xd5][0xac]X^|[0xf6][0xd1][0xba]=[0xdf]>[0xf8][0xe8][0xf7]8[0xfa][0x8d][0x93][0xc7]M[[0xd3]G)[0xb5]^6[0x9f]}4o[0xdb]U[0xf3][0xe8][0xee][0xdd][0xab][0xab][0xab][0xf1][0xd5][0xbd]f:[0xaf][0xaa][0xb2][0x19]O[0xab][0xc5]]jp[0xf7][0xa3][0xa3][0xdd][0x9d][0xfd][0xc7]w[0xe5][0x95][0xa3][0xff][0x7] [0xa2]\[0x8c]c[0x0][0x0][0x0]"
16:03:38.210 [ForkJoinPool-1-worker-1] DEBUG org.apache.http.impl.conn.PoolingHttpClientConnectionManager - Connection [id: 4][route: {s}->https://www.w3schools.com:443] can be kept alive indefinitely
16:03:38.210 [ForkJoinPool-1-worker-1] DEBUG org.apache.http.impl.conn.DefaultManagedHttpClientConnection - http-outgoing-4: set socket timeout to 0
16:03:38.210 [ForkJoinPool-1-worker-1] DEBUG org.apache.http.impl.conn.PoolingHttpClientConnectionManager - Connection released: [id: 4][route: {s}->https://www.w3schools.com:443][total available: 1; route allocated: 1 of 5; total allocated: 1 of 10]
16:03:38.210 [ForkJoinPool-1-worker-1] DEBUG com.intuit.karate - response time in milliseconds: 294.07
1 < 200
1 < Cache-Control: private, max-age=0,public
1 < Content-Type: text/xml; charset=utf-8
1 < Date: Fri, 05 Feb 2021 10:25:28 GMT
1 < Server: Microsoft-IIS/7.5
1 < Vary: Accept-Encoding
1 < X-AspNet-Version: 4.0.30319
1 < X-Frame-Options: SAMEORIGIN
1 < X-Powered-By: ASP.NET
<?xml version="1.0" encoding="utf-8"?>
<string xmlns="https://www.w3schools.com/xml/">104</string>

16:03:38.210 [ForkJoinPool-1-worker-1] DEBUG com.jayway.jsonpath.internal.path.CompiledPath - Evaluating path: $
16:03:38.210 [ForkJoinPool-1-worker-1] INFO com.intuit.karate - [print] {
  "Cache-Control": [
    "private, max-age=0,public"
  ],
  "Content-Type": [
    "text/xml; charset=utf-8"
  ],
  "Date": [
    "Fri, 05 Feb 2021 10:25:28 GMT"
  ],
  "Server": [
    "Microsoft-IIS/7.5"
  ],
  "Vary": [
    "Accept-Encoding"
  ],
  "X-AspNet-Version": [
    "4.0.30319"
  ],
  "X-Frame-Options": [
    "SAMEORIGIN"
  ],
  "X-Powered-By": [
    "ASP.NET"
  ]
}

16:03:38.210 [ForkJoinPool-1-worker-1] INFO com.intuit.karate - [print] xml
16:03:38.210 [ForkJoinPool-1-worker-1] INFO com.intuit.karate - [print] <string xmlns="https://www.w3schools.com/xml/">104</string>

16:03:38.226 [ForkJoinPool-1-worker-1] INFO com.intuit.karate - after scenario inside config 
16:03:38.226 [ForkJoinPool-1-worker-0] INFO com.intuit.karate - after scenario inside config 
16:03:38.242 [pool-1-thread-1] INFO com.intuit.karate.Runner - <<pass>> feature 7 of 26: classpath:feauturefiles/karate05.feature
---------------------------------------------------------
feature: classpath:feauturefiles/karate05.feature
report: build\surefire-reports\feauturefiles.karate05.json
scenarios:  1 | passed:  1 | failed:  0 | time: 0.3022
---------------------------------------------------------
16:03:38.257 [ForkJoinPool-1-worker-0] INFO com.intuit.karate - From karate-config file 
16:03:38.257 [ForkJoinPool-1-worker-0] DEBUG com.jayway.jsonpath.internal.path.CompiledPath - Evaluating path: $
16:03:38.273 [pool-1-thread-2] INFO com.intuit.karate.Runner - <<pass>> feature 10 of 26: classpath:feauturefiles/karate08.feature
---------------------------------------------------------
feature: classpath:feauturefiles/karate08.feature
16:03:38.288 [ForkJoinPool-1-worker-1] INFO com.intuit.karate - From karate-config file 
16:03:38.288 [ForkJoinPool-1-worker-1] DEBUG com.jayway.jsonpath.internal.path.CompiledPath - Evaluating path: $
16:03:38.288 [ForkJoinPool-1-worker-1] DEBUG org.apache.http.client.protocol.RequestAddCookies - CookieSpec selected: karate
16:03:38.288 [ForkJoinPool-1-worker-1] DEBUG org.apache.http.client.protocol.RequestAuthCache - Auth cache not set in the context
16:03:38.288 [ForkJoinPool-1-worker-1] DEBUG com.intuit.karate - request:
1 > POST http://www.dneonline.com/calculator.asmx
1 > Accept-Encoding: gzip,deflate
1 > Connection: Keep-Alive
1 > Content-Length: 315
1 > Content-Type: text/xml; charset=UTF-8
1 > Host: www.dneonline.com
1 > SOAPAction: http://tempuri.org/Add
1 > User-Agent: Apache-HttpClient/4.5.12 (Java/1.8.0_251)
<soap:Envelope xmlns:soap="http://schemas.xmlsoap.org/soap/envelope/" xmlns:xsd="http://www.w3.org/2001/XMLSchema" xmlns:xsi="http://www.w3.org/2001/XMLSchema-instance">
    <soap:Body>
      <Add xmlns="http://tempuri.org/">
<intA>100</intA>
<intB>200</intB>
      </Add>
    </soap:Body>
  </soap:Envelope>

16:03:38.288 [ForkJoinPool-1-worker-1] DEBUG org.apache.http.impl.conn.PoolingHttpClientConnectionManager - Connection request: [route: {}->http://www.dneonline.com:80][total available: 0; route allocated: 0 of 5; total allocated: 0 of 10]
16:03:38.288 [ForkJoinPool-1-worker-1] DEBUG org.apache.http.impl.conn.PoolingHttpClientConnectionManager - Connection leased: [id: 5][route: {}->http://www.dneonline.com:80][total available: 0; route allocated: 1 of 5; total allocated: 1 of 10]
16:03:38.288 [ForkJoinPool-1-worker-1] DEBUG org.apache.http.impl.execchain.MainClientExec - Opening connection {}->http://www.dneonline.com:80
16:03:38.304 [ForkJoinPool-1-worker-1] DEBUG org.apache.http.impl.conn.DefaultHttpClientConnectionOperator - Connecting to www.dneonline.com/50.62.168.5:80
16:03:38.304 [ForkJoinPool-1-worker-0] DEBUG org.apache.http.client.protocol.RequestAddCookies - CookieSpec selected: karate
16:03:38.304 [ForkJoinPool-1-worker-0] DEBUG org.apache.http.client.protocol.RequestAuthCache - Auth cache not set in the context
16:03:38.304 [ForkJoinPool-1-worker-0] DEBUG com.intuit.karate - request:
1 > POST https://www.w3schools.com/xml/tempconvert.asmx
1 > Accept-Encoding: gzip,deflate
1 > Connection: Keep-Alive
1 > Content-Length: 359
1 > Content-Type: text/xml; charset=UTF-8
1 > Host: www.w3schools.com
1 > SOAPAction: https://www.w3schools.com/xml/CelsiusToFahrenheit
1 > User-Agent: Apache-HttpClient/4.5.12 (Java/1.8.0_251)
<soap:Envelope xmlns:soap="http://schemas.xmlsoap.org/soap/envelope/" xmlns:xsd="http://www.w3.org/2001/XMLSchema" xmlns:xsi="http://www.w3.org/2001/XMLSchema-instance">
    <soap:Body>
        <CelsiusToFahrenheit xmlns="https://www.w3schools.com/xml/">
            <Celsius>37</Celsius>
        </CelsiusToFahrenheit>
    </soap:Body>
</soap:Envelope>

16:03:38.304 [ForkJoinPool-1-worker-0] DEBUG org.apache.http.impl.conn.PoolingHttpClientConnectionManager - Connection request: [route: {s}->https://www.w3schools.com:443][total available: 0; route allocated: 0 of 5; total allocated: 0 of 10]
16:03:38.304 [ForkJoinPool-1-worker-0] DEBUG org.apache.http.impl.conn.PoolingHttpClientConnectionManager - Connection leased: [id: 6][route: {s}->https://www.w3schools.com:443][total available: 0; route allocated: 1 of 5; total allocated: 1 of 10]
16:03:38.304 [ForkJoinPool-1-worker-0] DEBUG org.apache.http.impl.execchain.MainClientExec - Opening connection {s}->https://www.w3schools.com:443
16:03:38.304 [ForkJoinPool-1-worker-0] DEBUG org.apache.http.impl.conn.DefaultHttpClientConnectionOperator - Connecting to www.w3schools.com/192.229.179.87:443
16:03:38.304 [ForkJoinPool-1-worker-0] DEBUG org.apache.http.conn.ssl.SSLConnectionSocketFactory - Connecting socket to www.w3schools.com/192.229.179.87:443 with timeout 5000
report: build\surefire-reports\feauturefiles.karate08.json
scenarios:  1 | passed:  1 | failed:  0 | time: 0.0238
---------------------------------------------------------
16:03:38.320 [ForkJoinPool-1-worker-0] DEBUG org.apache.http.conn.ssl.SSLConnectionSocketFactory - Enabled protocols: [TLSv1, TLSv1.1, TLSv1.2]
16:03:38.320 [ForkJoinPool-1-worker-0] DEBUG org.apache.http.conn.ssl.SSLConnectionSocketFactory - Enabled cipher suites:[TLS_ECDHE_ECDSA_WITH_AES_256_CBC_SHA384, TLS_ECDHE_RSA_WITH_AES_256_CBC_SHA384, TLS_RSA_WITH_AES_256_CBC_SHA256, TLS_ECDH_ECDSA_WITH_AES_256_CBC_SHA384, TLS_ECDH_RSA_WITH_AES_256_CBC_SHA384, TLS_DHE_RSA_WITH_AES_256_CBC_SHA256, TLS_DHE_DSS_WITH_AES_256_CBC_SHA256, TLS_ECDHE_ECDSA_WITH_AES_256_CBC_SHA, TLS_ECDHE_RSA_WITH_AES_256_CBC_SHA, TLS_RSA_WITH_AES_256_CBC_SHA, TLS_ECDH_ECDSA_WITH_AES_256_CBC_SHA, TLS_ECDH_RSA_WITH_AES_256_CBC_SHA, TLS_DHE_RSA_WITH_AES_256_CBC_SHA, TLS_DHE_DSS_WITH_AES_256_CBC_SHA, TLS_ECDHE_ECDSA_WITH_AES_128_CBC_SHA256, TLS_ECDHE_RSA_WITH_AES_128_CBC_SHA256, TLS_RSA_WITH_AES_128_CBC_SHA256, TLS_ECDH_ECDSA_WITH_AES_128_CBC_SHA256, TLS_ECDH_RSA_WITH_AES_128_CBC_SHA256, TLS_DHE_RSA_WITH_AES_128_CBC_SHA256, TLS_DHE_DSS_WITH_AES_128_CBC_SHA256, TLS_ECDHE_ECDSA_WITH_AES_128_CBC_SHA, TLS_ECDHE_RSA_WITH_AES_128_CBC_SHA, TLS_RSA_WITH_AES_128_CBC_SHA, TLS_ECDH_ECDSA_WITH_AES_128_CBC_SHA, TLS_ECDH_RSA_WITH_AES_128_CBC_SHA, TLS_DHE_RSA_WITH_AES_128_CBC_SHA, TLS_DHE_DSS_WITH_AES_128_CBC_SHA, TLS_ECDHE_ECDSA_WITH_AES_256_GCM_SHA384, TLS_ECDHE_ECDSA_WITH_AES_128_GCM_SHA256, TLS_ECDHE_RSA_WITH_AES_256_GCM_SHA384, TLS_RSA_WITH_AES_256_GCM_SHA384, TLS_ECDH_ECDSA_WITH_AES_256_GCM_SHA384, TLS_ECDH_RSA_WITH_AES_256_GCM_SHA384, TLS_DHE_RSA_WITH_AES_256_GCM_SHA384, TLS_DHE_DSS_WITH_AES_256_GCM_SHA384, TLS_ECDHE_RSA_WITH_AES_128_GCM_SHA256, TLS_RSA_WITH_AES_128_GCM_SHA256, TLS_ECDH_ECDSA_WITH_AES_128_GCM_SHA256, TLS_ECDH_RSA_WITH_AES_128_GCM_SHA256, TLS_DHE_RSA_WITH_AES_128_GCM_SHA256, TLS_DHE_DSS_WITH_AES_128_GCM_SHA256, TLS_EMPTY_RENEGOTIATION_INFO_SCSV]
16:03:38.320 [ForkJoinPool-1-worker-0] DEBUG org.apache.http.conn.ssl.SSLConnectionSocketFactory - Starting handshake
16:03:38.351 [ForkJoinPool-1-worker-0] DEBUG org.apache.http.conn.ssl.SSLConnectionSocketFactory - Secure session established
16:03:38.351 [ForkJoinPool-1-worker-0] DEBUG org.apache.http.conn.ssl.SSLConnectionSocketFactory -  negotiated protocol: TLSv1.2
16:03:38.351 [ForkJoinPool-1-worker-0] DEBUG org.apache.http.conn.ssl.SSLConnectionSocketFactory -  negotiated cipher suite: TLS_ECDHE_RSA_WITH_AES_128_GCM_SHA256
16:03:38.351 [ForkJoinPool-1-worker-0] DEBUG org.apache.http.conn.ssl.SSLConnectionSocketFactory -  peer principal: CN=*.w3schools.com, OU=IT, O="Verizon Digital Media Services, Inc.", L=Los Angeles, ST=California, C=US
16:03:38.351 [ForkJoinPool-1-worker-0] DEBUG org.apache.http.conn.ssl.SSLConnectionSocketFactory -  peer alternative names: [*.w3schools.com, w3schools.com]
16:03:38.351 [ForkJoinPool-1-worker-0] DEBUG org.apache.http.conn.ssl.SSLConnectionSocketFactory -  issuer principal: CN=DigiCert SHA2 Secure Server CA, O=DigiCert Inc, C=US
16:03:38.351 [ForkJoinPool-1-worker-0] DEBUG org.apache.http.impl.conn.DefaultHttpClientConnectionOperator - Connection established 192.168.1.49:63149<->192.229.179.87:443
16:03:38.351 [ForkJoinPool-1-worker-0] DEBUG org.apache.http.impl.conn.DefaultManagedHttpClientConnection - http-outgoing-6: set socket timeout to 5000
16:03:38.351 [ForkJoinPool-1-worker-0] DEBUG org.apache.http.impl.execchain.MainClientExec - Executing request POST /xml/tempconvert.asmx HTTP/1.1
16:03:38.351 [ForkJoinPool-1-worker-0] DEBUG org.apache.http.impl.execchain.MainClientExec - Target auth state: UNCHALLENGED
16:03:38.351 [ForkJoinPool-1-worker-0] DEBUG org.apache.http.impl.execchain.MainClientExec - Proxy auth state: UNCHALLENGED
16:03:38.351 [ForkJoinPool-1-worker-0] DEBUG org.apache.http.headers - http-outgoing-6 >> POST /xml/tempconvert.asmx HTTP/1.1
16:03:38.351 [ForkJoinPool-1-worker-0] DEBUG org.apache.http.headers - http-outgoing-6 >> Content-Type: text/xml; charset=UTF-8
16:03:38.351 [ForkJoinPool-1-worker-0] DEBUG org.apache.http.headers - http-outgoing-6 >> SOAPAction: https://www.w3schools.com/xml/CelsiusToFahrenheit
16:03:38.351 [ForkJoinPool-1-worker-0] DEBUG org.apache.http.headers - http-outgoing-6 >> Content-Length: 359
16:03:38.351 [ForkJoinPool-1-worker-0] DEBUG org.apache.http.headers - http-outgoing-6 >> Host: www.w3schools.com
16:03:38.351 [ForkJoinPool-1-worker-0] DEBUG org.apache.http.headers - http-outgoing-6 >> Connection: Keep-Alive
16:03:38.351 [ForkJoinPool-1-worker-0] DEBUG org.apache.http.headers - http-outgoing-6 >> User-Agent: Apache-HttpClient/4.5.12 (Java/1.8.0_251)
16:03:38.351 [ForkJoinPool-1-worker-0] DEBUG org.apache.http.headers - http-outgoing-6 >> Accept-Encoding: gzip,deflate
16:03:38.351 [ForkJoinPool-1-worker-0] DEBUG org.apache.http.wire - http-outgoing-6 >> "POST /xml/tempconvert.asmx HTTP/1.1[\r][\n]"
16:03:38.351 [ForkJoinPool-1-worker-0] DEBUG org.apache.http.wire - http-outgoing-6 >> "Content-Type: text/xml; charset=UTF-8[\r][\n]"
16:03:38.351 [ForkJoinPool-1-worker-0] DEBUG org.apache.http.wire - http-outgoing-6 >> "SOAPAction: https://www.w3schools.com/xml/CelsiusToFahrenheit[\r][\n]"
16:03:38.351 [ForkJoinPool-1-worker-0] DEBUG org.apache.http.wire - http-outgoing-6 >> "Content-Length: 359[\r][\n]"
16:03:38.351 [ForkJoinPool-1-worker-0] DEBUG org.apache.http.wire - http-outgoing-6 >> "Host: www.w3schools.com[\r][\n]"
16:03:38.351 [ForkJoinPool-1-worker-0] DEBUG org.apache.http.wire - http-outgoing-6 >> "Connection: Keep-Alive[\r][\n]"
16:03:38.351 [ForkJoinPool-1-worker-0] DEBUG org.apache.http.wire - http-outgoing-6 >> "User-Agent: Apache-HttpClient/4.5.12 (Java/1.8.0_251)[\r][\n]"
16:03:38.351 [ForkJoinPool-1-worker-0] DEBUG org.apache.http.wire - http-outgoing-6 >> "Accept-Encoding: gzip,deflate[\r][\n]"
16:03:38.351 [ForkJoinPool-1-worker-0] DEBUG org.apache.http.wire - http-outgoing-6 >> "[\r][\n]"
16:03:38.351 [ForkJoinPool-1-worker-0] DEBUG org.apache.http.wire - http-outgoing-6 >> "<soap:Envelope xmlns:soap="http://schemas.xmlsoap.org/soap/envelope/" xmlns:xsd="http://www.w3.org/2001/XMLSchema" xmlns:xsi="http://www.w3.org/2001/XMLSchema-instance">[\r][\n]"
16:03:38.351 [ForkJoinPool-1-worker-0] DEBUG org.apache.http.wire - http-outgoing-6 >> "    <soap:Body>[\r][\n]"
16:03:38.351 [ForkJoinPool-1-worker-0] DEBUG org.apache.http.wire - http-outgoing-6 >> "        <CelsiusToFahrenheit xmlns="https://www.w3schools.com/xml/">[\r][\n]"
16:03:38.351 [ForkJoinPool-1-worker-0] DEBUG org.apache.http.wire - http-outgoing-6 >> "            <Celsius>37</Celsius>[\r][\n]"
16:03:38.351 [ForkJoinPool-1-worker-0] DEBUG org.apache.http.wire - http-outgoing-6 >> "        </CelsiusToFahrenheit>[\r][\n]"
16:03:38.351 [ForkJoinPool-1-worker-0] DEBUG org.apache.http.wire - http-outgoing-6 >> "    </soap:Body>[\r][\n]"
16:03:38.351 [ForkJoinPool-1-worker-0] DEBUG org.apache.http.wire - http-outgoing-6 >> "</soap:Envelope>"
16:03:38.585 [ForkJoinPool-1-worker-1] DEBUG org.apache.http.impl.conn.DefaultHttpClientConnectionOperator - Connection established 192.168.1.49:63148<->50.62.168.5:80
16:03:38.585 [ForkJoinPool-1-worker-1] DEBUG org.apache.http.impl.conn.DefaultManagedHttpClientConnection - http-outgoing-5: set socket timeout to 5000
16:03:38.585 [ForkJoinPool-1-worker-1] DEBUG org.apache.http.impl.execchain.MainClientExec - Executing request POST /calculator.asmx HTTP/1.1
16:03:38.585 [ForkJoinPool-1-worker-1] DEBUG org.apache.http.impl.execchain.MainClientExec - Target auth state: UNCHALLENGED
16:03:38.585 [ForkJoinPool-1-worker-1] DEBUG org.apache.http.impl.execchain.MainClientExec - Proxy auth state: UNCHALLENGED
16:03:38.585 [ForkJoinPool-1-worker-1] DEBUG org.apache.http.headers - http-outgoing-5 >> POST /calculator.asmx HTTP/1.1
16:03:38.585 [ForkJoinPool-1-worker-1] DEBUG org.apache.http.headers - http-outgoing-5 >> Content-Type: text/xml; charset=UTF-8
16:03:38.585 [ForkJoinPool-1-worker-1] DEBUG org.apache.http.headers - http-outgoing-5 >> SOAPAction: http://tempuri.org/Add
16:03:38.585 [ForkJoinPool-1-worker-1] DEBUG org.apache.http.headers - http-outgoing-5 >> Content-Length: 315
16:03:38.585 [ForkJoinPool-1-worker-1] DEBUG org.apache.http.headers - http-outgoing-5 >> Host: www.dneonline.com
16:03:38.585 [ForkJoinPool-1-worker-1] DEBUG org.apache.http.headers - http-outgoing-5 >> Connection: Keep-Alive
16:03:38.585 [ForkJoinPool-1-worker-1] DEBUG org.apache.http.headers - http-outgoing-5 >> User-Agent: Apache-HttpClient/4.5.12 (Java/1.8.0_251)
16:03:38.585 [ForkJoinPool-1-worker-1] DEBUG org.apache.http.headers - http-outgoing-5 >> Accept-Encoding: gzip,deflate
16:03:38.585 [ForkJoinPool-1-worker-1] DEBUG org.apache.http.wire - http-outgoing-5 >> "POST /calculator.asmx HTTP/1.1[\r][\n]"
16:03:38.585 [ForkJoinPool-1-worker-1] DEBUG org.apache.http.wire - http-outgoing-5 >> "Content-Type: text/xml; charset=UTF-8[\r][\n]"
16:03:38.585 [ForkJoinPool-1-worker-1] DEBUG org.apache.http.wire - http-outgoing-5 >> "SOAPAction: http://tempuri.org/Add[\r][\n]"
16:03:38.585 [ForkJoinPool-1-worker-1] DEBUG org.apache.http.wire - http-outgoing-5 >> "Content-Length: 315[\r][\n]"
16:03:38.585 [ForkJoinPool-1-worker-1] DEBUG org.apache.http.wire - http-outgoing-5 >> "Host: www.dneonline.com[\r][\n]"
16:03:38.585 [ForkJoinPool-1-worker-1] DEBUG org.apache.http.wire - http-outgoing-5 >> "Connection: Keep-Alive[\r][\n]"
16:03:38.585 [ForkJoinPool-1-worker-1] DEBUG org.apache.http.wire - http-outgoing-5 >> "User-Agent: Apache-HttpClient/4.5.12 (Java/1.8.0_251)[\r][\n]"
16:03:38.585 [ForkJoinPool-1-worker-1] DEBUG org.apache.http.wire - http-outgoing-5 >> "Accept-Encoding: gzip,deflate[\r][\n]"
16:03:38.585 [ForkJoinPool-1-worker-1] DEBUG org.apache.http.wire - http-outgoing-5 >> "[\r][\n]"
16:03:38.585 [ForkJoinPool-1-worker-1] DEBUG org.apache.http.wire - http-outgoing-5 >> "<soap:Envelope xmlns:soap="http://schemas.xmlsoap.org/soap/envelope/" xmlns:xsd="http://www.w3.org/2001/XMLSchema" xmlns:xsi="http://www.w3.org/2001/XMLSchema-instance">[\r][\n]"
16:03:38.585 [ForkJoinPool-1-worker-1] DEBUG org.apache.http.wire - http-outgoing-5 >> "    <soap:Body>[\r][\n]"
16:03:38.585 [ForkJoinPool-1-worker-1] DEBUG org.apache.http.wire - http-outgoing-5 >> "      <Add xmlns="http://tempuri.org/">[\r][\n]"
16:03:38.585 [ForkJoinPool-1-worker-1] DEBUG org.apache.http.wire - http-outgoing-5 >> "<intA>100</intA>[\r][\n]"
16:03:38.585 [ForkJoinPool-1-worker-1] DEBUG org.apache.http.wire - http-outgoing-5 >> "<intB>200</intB>[\r][\n]"
16:03:38.585 [ForkJoinPool-1-worker-1] DEBUG org.apache.http.wire - http-outgoing-5 >> "      </Add>[\r][\n]"
16:03:38.585 [ForkJoinPool-1-worker-1] DEBUG org.apache.http.wire - http-outgoing-5 >> "    </soap:Body>[\r][\n]"
16:03:38.585 [ForkJoinPool-1-worker-1] DEBUG org.apache.http.wire - http-outgoing-5 >> "  </soap:Envelope>"
16:03:38.585 [ForkJoinPool-1-worker-0] DEBUG org.apache.http.wire - http-outgoing-6 << "HTTP/1.1 200 OK[\r][\n]"
16:03:38.585 [ForkJoinPool-1-worker-0] DEBUG org.apache.http.wire - http-outgoing-6 << "Content-Encoding: gzip[\r][\n]"
16:03:38.585 [ForkJoinPool-1-worker-0] DEBUG org.apache.http.wire - http-outgoing-6 << "Cache-Control: private, max-age=0,public[\r][\n]"
16:03:38.585 [ForkJoinPool-1-worker-0] DEBUG org.apache.http.wire - http-outgoing-6 << "Content-Type: text/xml; charset=utf-8[\r][\n]"
16:03:38.585 [ForkJoinPool-1-worker-0] DEBUG org.apache.http.wire - http-outgoing-6 << "Date: Fri, 05 Feb 2021 10:25:28 GMT[\r][\n]"
16:03:38.585 [ForkJoinPool-1-worker-0] DEBUG org.apache.http.wire - http-outgoing-6 << "Server: Microsoft-IIS/7.5[\r][\n]"
16:03:38.585 [ForkJoinPool-1-worker-0] DEBUG org.apache.http.wire - http-outgoing-6 << "Vary: Accept-Encoding[\r][\n]"
16:03:38.585 [ForkJoinPool-1-worker-0] DEBUG org.apache.http.wire - http-outgoing-6 << "X-AspNet-Version: 4.0.30319[\r][\n]"
16:03:38.585 [ForkJoinPool-1-worker-0] DEBUG org.apache.http.wire - http-outgoing-6 << "X-Frame-Options: SAMEORIGIN[\r][\n]"
16:03:38.585 [ForkJoinPool-1-worker-0] DEBUG org.apache.http.wire - http-outgoing-6 << "X-Powered-By: ASP.NET[\r][\n]"
16:03:38.585 [ForkJoinPool-1-worker-0] DEBUG org.apache.http.wire - http-outgoing-6 << "Content-Length: 322[\r][\n]"
16:03:38.585 [ForkJoinPool-1-worker-0] DEBUG org.apache.http.wire - http-outgoing-6 << "[\r][\n]"
16:03:38.585 [ForkJoinPool-1-worker-0] DEBUG org.apache.http.headers - http-outgoing-6 << HTTP/1.1 200 OK
16:03:38.585 [ForkJoinPool-1-worker-0] DEBUG org.apache.http.headers - http-outgoing-6 << Content-Encoding: gzip
16:03:38.585 [ForkJoinPool-1-worker-0] DEBUG org.apache.http.headers - http-outgoing-6 << Cache-Control: private, max-age=0,public
16:03:38.585 [ForkJoinPool-1-worker-0] DEBUG org.apache.http.headers - http-outgoing-6 << Content-Type: text/xml; charset=utf-8
16:03:38.585 [ForkJoinPool-1-worker-0] DEBUG org.apache.http.headers - http-outgoing-6 << Date: Fri, 05 Feb 2021 10:25:28 GMT
16:03:38.585 [ForkJoinPool-1-worker-0] DEBUG org.apache.http.headers - http-outgoing-6 << Server: Microsoft-IIS/7.5
16:03:38.585 [ForkJoinPool-1-worker-0] DEBUG org.apache.http.headers - http-outgoing-6 << Vary: Accept-Encoding
16:03:38.585 [ForkJoinPool-1-worker-0] DEBUG org.apache.http.headers - http-outgoing-6 << X-AspNet-Version: 4.0.30319
16:03:38.585 [ForkJoinPool-1-worker-0] DEBUG org.apache.http.headers - http-outgoing-6 << X-Frame-Options: SAMEORIGIN
16:03:38.585 [ForkJoinPool-1-worker-0] DEBUG org.apache.http.headers - http-outgoing-6 << X-Powered-By: ASP.NET
16:03:38.585 [ForkJoinPool-1-worker-0] DEBUG org.apache.http.headers - http-outgoing-6 << Content-Length: 322
16:03:38.585 [ForkJoinPool-1-worker-0] DEBUG org.apache.http.impl.execchain.MainClientExec - Connection can be kept alive indefinitely
16:03:38.585 [ForkJoinPool-1-worker-0] DEBUG org.apache.http.wire - http-outgoing-6 << "[0x1f][0x8b][0x8][0x0][0x0][0x0][0x0][0x0][0x4][0x0][0xed][0xbd][0x7]`[0x1c]I[0x96]%&/m[0xca]{]]>&#x7f;<![CDATA[J[0xf5]J[0xd7][0xe0]t[0xa1][0x8][0x80]`[0x13]$[0xd8][0x90]@[0x10][0xec][0xc1][0x88][0xcd][0xe6][0x92][0xec][0x1d]iG#)[0xab]*[0x81][0xca]eVe]f[0x16]@[0xcc][0xed][0x9d][0xbc][0xf7][0xde]{[0xef][0xbd][0xf7][0xde]{[0xef][0xbd][0xf7][0xba];[0x9d]N'[0xf7][0xdf][0xff]?\fd[0x1]l[0xf6][0xce]J[0xda][0xc9][0x9e]![0x80][0xaa][0xc8][0x1f]?~|[0x1f]?"[0x1e][0xff][0x1e][0xef][0x16]ez[0x99][0xd7]MQ-?[0xfb]hw[0xbc][0xf3]Q[0x9a]/[0xa7][0xd5][0xac]X^|[0xf6][0xd1][0xba]=[0xdf]>[0xf8][0xe8][0xf7]8z[0xdc]T[0xd9][0xea][0xd1][0xe9][0xf2]2/[0xab]U[0x9e][0xd2]+[0xcb][0xe6][0x11]>[0xfb][0xec][0xa3]y[0xdb][0xae][0x1e][0xdd][0xbd][0xdb]L[0xe7][0xf9]"k[0xc6][0xf4][0x15]>[0x1f]W[0xf5][0xc5]][0xfc]r7[0xd7][0x97][0xee]~[0xa4][0xaf][0xbd]k[\n]"
16:03:38.585 [ForkJoinPool-1-worker-0] DEBUG org.apache.http.wire - http-outgoing-6 << "[0xfb][0xd6][0xd5][0xd5][0xd5][0xf8][0xea][0x1e]7[0xde][0xdb][0xd9][0xd9][0xbd][0xfb]{]]>&#x7f;<![CDATA[[0xf1][0xfc]5[0x3][0xda].[0x96]M[0x9b]-[0xa7][0xb9]{kv[0xf3][[0x1f])[0xa2]O[0xaa][0xd9][0xf5][0xd1][0xe3][0x93][0xbc]l[0x8a]u[0xf3][0xa6]z[0x96][0xcd][0xeb]|9[0xcf][0x8b][0xf6]U[0xde][0xac][0xaa]e[0xa3]#[0x10][0x80][0x8d][0x85]Hc[0xa8][0xaa][0xb2][0x19]O[0xab][0xc5]]jp[0x97][0xc0][0xc5]a[0xac][0xcb][0xf6][0xe8][0xe1][0xc1][0xf8][0xd3][0xc7]w[0x87][0xbf][0x1f][0xfa][0x8e][0xfb][0xa7]o=D[0xe5]wC[0xdd][0xa3][0xff][0x7][0x14]j[0xe5][0x2][0x93][0x1][0x0][0x0]"
16:03:38.585 [ForkJoinPool-1-worker-0] DEBUG org.apache.http.impl.conn.PoolingHttpClientConnectionManager - Connection [id: 6][route: {s}->https://www.w3schools.com:443] can be kept alive indefinitely
16:03:38.585 [ForkJoinPool-1-worker-0] DEBUG org.apache.http.impl.conn.DefaultManagedHttpClientConnection - http-outgoing-6: set socket timeout to 0
16:03:38.585 [ForkJoinPool-1-worker-0] DEBUG org.apache.http.impl.conn.PoolingHttpClientConnectionManager - Connection released: [id: 6][route: {s}->https://www.w3schools.com:443][total available: 1; route allocated: 1 of 5; total allocated: 1 of 10]
16:03:38.585 [ForkJoinPool-1-worker-0] DEBUG com.intuit.karate - response time in milliseconds: 292.25
1 < 200
1 < Cache-Control: private, max-age=0,public
1 < Content-Type: text/xml; charset=utf-8
1 < Date: Fri, 05 Feb 2021 10:25:28 GMT
1 < Server: Microsoft-IIS/7.5
1 < Vary: Accept-Encoding
1 < X-AspNet-Version: 4.0.30319
1 < X-Frame-Options: SAMEORIGIN
1 < X-Powered-By: ASP.NET
<?xml version="1.0" encoding="utf-8"?><soap:Envelope xmlns:soap="http://schemas.xmlsoap.org/soap/envelope/" xmlns:xsi="http://www.w3.org/2001/XMLSchema-instance" xmlns:xsd="http://www.w3.org/2001/XMLSchema"><soap:Body><CelsiusToFahrenheitResponse xmlns="https://www.w3schools.com/xml/"><CelsiusToFahrenheitResult>98.6</CelsiusToFahrenheitResult></CelsiusToFahrenheitResponse></soap:Body></soap:Envelope>

16:03:38.585 [ForkJoinPool-1-worker-0] DEBUG com.jayway.jsonpath.internal.path.CompiledPath - Evaluating path: $
16:03:38.585 [ForkJoinPool-1-worker-0] INFO com.intuit.karate - [print] {
  "Cache-Control": [
    "private, max-age=0,public"
  ],
  "Content-Type": [
    "text/xml; charset=utf-8"
  ],
  "Date": [
    "Fri, 05 Feb 2021 10:25:28 GMT"
  ],
  "Server": [
    "Microsoft-IIS/7.5"
  ],
  "Vary": [
    "Accept-Encoding"
  ],
  "X-AspNet-Version": [
    "4.0.30319"
  ],
  "X-Frame-Options": [
    "SAMEORIGIN"
  ],
  "X-Powered-By": [
    "ASP.NET"
  ]
}

16:03:38.601 [ForkJoinPool-1-worker-0] DEBUG com.jayway.jsonpath.internal.path.CompiledPath - Evaluating path: $
16:03:38.601 [ForkJoinPool-1-worker-0] INFO com.intuit.karate - [print] [
  "Microsoft-IIS/7.5"
]

16:03:38.601 [ForkJoinPool-1-worker-0] INFO com.intuit.karate - [print] Microsoft-IIS/7.5
16:03:38.601 [ForkJoinPool-1-worker-0] DEBUG com.jayway.jsonpath.internal.path.CompiledPath - Evaluating path: $
16:03:38.601 [ForkJoinPool-1-worker-0] DEBUG com.jayway.jsonpath.internal.path.CompiledPath - Evaluating path: $["Server"]
16:03:38.601 [ForkJoinPool-1-worker-0] DEBUG com.jayway.jsonpath.internal.path.CompiledPath - Evaluating path: $
16:03:38.601 [ForkJoinPool-1-worker-0] DEBUG com.jayway.jsonpath.internal.path.CompiledPath - Evaluating path: $["Server"][0]
16:03:38.601 [ForkJoinPool-1-worker-0] INFO com.intuit.karate - [print] xml
16:03:38.601 [ForkJoinPool-1-worker-0] INFO com.intuit.karate - [print] <soap:Envelope xmlns:soap="http://schemas.xmlsoap.org/soap/envelope/" xmlns:xsd="http://www.w3.org/2001/XMLSchema" xmlns:xsi="http://www.w3.org/2001/XMLSchema-instance">
  <soap:Body>
    <CelsiusToFahrenheitResponse xmlns="https://www.w3schools.com/xml/">
      <CelsiusToFahrenheitResult>98.6</CelsiusToFahrenheitResult>
    </CelsiusToFahrenheitResponse>
  </soap:Body>
</soap:Envelope>

16:03:38.601 [ForkJoinPool-1-worker-0] INFO com.intuit.karate - [print] 292
16:03:38.601 [ForkJoinPool-1-worker-0] INFO com.intuit.karate - [print] 200
16:03:38.601 [ForkJoinPool-1-worker-0] INFO com.intuit.karate - after scenario inside config 
16:03:38.601 [ForkJoinPool-1-worker-0] INFO com.intuit.karate - From karate-config file 
16:03:38.601 [ForkJoinPool-1-worker-0] DEBUG com.jayway.jsonpath.internal.path.CompiledPath - Evaluating path: $
16:03:38.601 [ForkJoinPool-1-worker-0] DEBUG org.apache.http.client.protocol.RequestAddCookies - CookieSpec selected: karate
16:03:38.601 [ForkJoinPool-1-worker-0] DEBUG org.apache.http.client.protocol.RequestAuthCache - Auth cache not set in the context
16:03:38.601 [ForkJoinPool-1-worker-0] DEBUG com.intuit.karate - request:
1 > GET http://dummy.restapiexample.com/api/v1/employees
1 > Accept-Encoding: gzip,deflate
1 > Connection: Keep-Alive
1 > Host: dummy.restapiexample.com
1 > User-Agent: Apache-HttpClient/4.5.12 (Java/1.8.0_251)

16:03:38.601 [ForkJoinPool-1-worker-0] DEBUG org.apache.http.impl.conn.PoolingHttpClientConnectionManager - Connection request: [route: {}->http://dummy.restapiexample.com:80][total available: 0; route allocated: 0 of 5; total allocated: 0 of 10]
16:03:38.601 [ForkJoinPool-1-worker-0] DEBUG org.apache.http.impl.conn.PoolingHttpClientConnectionManager - Connection leased: [id: 7][route: {}->http://dummy.restapiexample.com:80][total available: 0; route allocated: 1 of 5; total allocated: 1 of 10]
16:03:38.601 [ForkJoinPool-1-worker-0] DEBUG org.apache.http.impl.execchain.MainClientExec - Opening connection {}->http://dummy.restapiexample.com:80
16:03:38.601 [ForkJoinPool-1-worker-0] DEBUG org.apache.http.impl.conn.DefaultHttpClientConnectionOperator - Connecting to dummy.restapiexample.com/3.6.18.84:80
16:03:38.632 [ForkJoinPool-1-worker-0] DEBUG org.apache.http.impl.conn.DefaultHttpClientConnectionOperator - Connection established 192.168.1.49:63150<->3.6.18.84:80
16:03:38.632 [ForkJoinPool-1-worker-0] DEBUG org.apache.http.impl.conn.DefaultManagedHttpClientConnection - http-outgoing-7: set socket timeout to 5000
16:03:38.632 [ForkJoinPool-1-worker-0] DEBUG org.apache.http.impl.execchain.MainClientExec - Executing request GET /api/v1/employees HTTP/1.1
16:03:38.632 [ForkJoinPool-1-worker-0] DEBUG org.apache.http.impl.execchain.MainClientExec - Target auth state: UNCHALLENGED
16:03:38.632 [ForkJoinPool-1-worker-0] DEBUG org.apache.http.impl.execchain.MainClientExec - Proxy auth state: UNCHALLENGED
16:03:38.632 [ForkJoinPool-1-worker-0] DEBUG org.apache.http.headers - http-outgoing-7 >> GET /api/v1/employees HTTP/1.1
16:03:38.632 [ForkJoinPool-1-worker-0] DEBUG org.apache.http.headers - http-outgoing-7 >> Host: dummy.restapiexample.com
16:03:38.632 [ForkJoinPool-1-worker-0] DEBUG org.apache.http.headers - http-outgoing-7 >> Connection: Keep-Alive
16:03:38.632 [ForkJoinPool-1-worker-0] DEBUG org.apache.http.headers - http-outgoing-7 >> User-Agent: Apache-HttpClient/4.5.12 (Java/1.8.0_251)
16:03:38.632 [ForkJoinPool-1-worker-0] DEBUG org.apache.http.headers - http-outgoing-7 >> Accept-Encoding: gzip,deflate
16:03:38.632 [ForkJoinPool-1-worker-0] DEBUG org.apache.http.wire - http-outgoing-7 >> "GET /api/v1/employees HTTP/1.1[\r][\n]"
16:03:38.632 [ForkJoinPool-1-worker-0] DEBUG org.apache.http.wire - http-outgoing-7 >> "Host: dummy.restapiexample.com[\r][\n]"
16:03:38.632 [ForkJoinPool-1-worker-0] DEBUG org.apache.http.wire - http-outgoing-7 >> "Connection: Keep-Alive[\r][\n]"
16:03:38.632 [ForkJoinPool-1-worker-0] DEBUG org.apache.http.wire - http-outgoing-7 >> "User-Agent: Apache-HttpClient/4.5.12 (Java/1.8.0_251)[\r][\n]"
16:03:38.632 [ForkJoinPool-1-worker-0] DEBUG org.apache.http.wire - http-outgoing-7 >> "Accept-Encoding: gzip,deflate[\r][\n]"
16:03:38.632 [ForkJoinPool-1-worker-0] DEBUG org.apache.http.wire - http-outgoing-7 >> "[\r][\n]"
16:03:38.883 [ForkJoinPool-1-worker-1] DEBUG org.apache.http.wire - http-outgoing-5 << "HTTP/1.1 200 OK[\r][\n]"
16:03:38.883 [ForkJoinPool-1-worker-1] DEBUG org.apache.http.wire - http-outgoing-5 << "Cache-Control: private, max-age=0[\r][\n]"
16:03:38.883 [ForkJoinPool-1-worker-1] DEBUG org.apache.http.wire - http-outgoing-5 << "Content-Type: text/xml; charset=utf-8[\r][\n]"
16:03:38.883 [ForkJoinPool-1-worker-1] DEBUG org.apache.http.wire - http-outgoing-5 << "Content-Encoding: gzip[\r][\n]"
16:03:38.883 [ForkJoinPool-1-worker-1] DEBUG org.apache.http.wire - http-outgoing-5 << "Vary: Accept-Encoding[\r][\n]"
16:03:38.883 [ForkJoinPool-1-worker-1] DEBUG org.apache.http.wire - http-outgoing-5 << "Server: Microsoft-IIS/8.0[\r][\n]"
16:03:38.883 [ForkJoinPool-1-worker-1] DEBUG org.apache.http.wire - http-outgoing-5 << "X-AspNet-Version: 2.0.50727[\r][\n]"
16:03:38.883 [ForkJoinPool-1-worker-1] DEBUG org.apache.http.wire - http-outgoing-5 << "X-Powered-By: ASP.NET[\r][\n]"
16:03:38.883 [ForkJoinPool-1-worker-1] DEBUG org.apache.http.wire - http-outgoing-5 << "X-Powered-By-Plesk: PleskWin[\r][\n]"
16:03:38.883 [ForkJoinPool-1-worker-1] DEBUG org.apache.http.wire - http-outgoing-5 << "Date: Fri, 05 Feb 2021 10:33:39 GMT[\r][\n]"
16:03:38.883 [ForkJoinPool-1-worker-1] DEBUG org.apache.http.wire - http-outgoing-5 << "Content-Length: 299[\r][\n]"
16:03:38.883 [ForkJoinPool-1-worker-1] DEBUG org.apache.http.wire - http-outgoing-5 << "[\r][\n]"
16:03:38.883 [ForkJoinPool-1-worker-1] DEBUG org.apache.http.wire - http-outgoing-5 << "[0x1f][0x8b][0x8][0x0][0x0][0x0][0x0][0x0][0x4][0x0][0xed][0xbd][0x7]`[0x1c]I[0x96]%&/m[0xca]{]]>&#x7f;<![CDATA[J[0xf5]J[0xd7][0xe0]t[0xa1][0x8][0x80]`[0x13]$[0xd8][0x90]@[0x10][0xec][0xc1][0x88][0xcd][0xe6][0x92][0xec][0x1d]iG#)[0xab]*[0x81][0xca]eVe]f[0x16]@[0xcc][0xed][0x9d][0xbc][0xf7][0xde]{[0xef][0xbd][0xf7][0xde]{[0xef][0xbd][0xf7][0xba];[0x9d]N'[0xf7][0xdf][0xff]?\fd[0x1]l[0xf6][0xce]J[0xda][0xc9][0x9e]![0x80][0xaa][0xc8][0x1f]?~|[0x1f]?"[0x1e][0xff][0x1e][0xef][0x16]ez[0x99][0xd7]MQ-?[0xfb]hw[0xbc][0xf3]Q[0x9a]/[0xa7][0xd5][0xac]X^|[0xf6][0xd1][0xba]=[0xdf]>[0xf8][0xe8][0xf7]8z[0xdc]T[0xd9][0xea][0xd1][0xe9][0xf2]2/[0xab]U[0x9e][0xd2]+[0xcb][0xe6][0x11]>[0xfb][0xec][0xa3]y[0xdb][0xae][0x1e][0xdd][0xbd][0xdb]L[0xe7][0xf9]"k[0xc6][0xf4][0x15]>[0x1f]W[0xf5][0xc5]][0xfc]r7[0xd7][0x97][0xee]~[0xa4][0xaf][0xbd]k[\n]"
16:03:38.883 [ForkJoinPool-1-worker-1] DEBUG org.apache.http.wire - http-outgoing-5 << "[0xfb][0xd6][0xd5][0xd5][0xd5][0xf8][0xea][0x1e]7[0xde][0xdb][0xd9][0xd9][0xbd][0xfb]{]]>&#x7f;<![CDATA[[0xf1][0xfc]5[0x3][0xda].[0x96]M[0x9b]-[0xa7][0xb9]{kv[0xf3][[0x1f])[0xa2]O[0xaa][0xd9][0xf5][0xd1][0xe3][0xe3][0xd9][0xec]U[0xde][0xac][0xaa]e[0xa3][0x18][[0x0]m[0xbe]X[0xad][0xeb][0x82]![0xd0];[0xd2]p][0xb6]G[0xf7]vv[0x1e][0xdf]u]]>&#x7f;<![CDATA[[0x9a][0xdf][0x19][0x6][0xfd][0xe5][0x1][0x97][0xdf][\r]E[0x8e][0xfe][0x1f][0x19]=v[0xd7]G[0x1][0x0][0x0]"
16:03:38.883 [ForkJoinPool-1-worker-1] DEBUG org.apache.http.headers - http-outgoing-5 << HTTP/1.1 200 OK
16:03:38.883 [ForkJoinPool-1-worker-1] DEBUG org.apache.http.headers - http-outgoing-5 << Cache-Control: private, max-age=0
16:03:38.883 [ForkJoinPool-1-worker-1] DEBUG org.apache.http.headers - http-outgoing-5 << Content-Type: text/xml; charset=utf-8
16:03:38.883 [ForkJoinPool-1-worker-1] DEBUG org.apache.http.headers - http-outgoing-5 << Content-Encoding: gzip
16:03:38.883 [ForkJoinPool-1-worker-1] DEBUG org.apache.http.headers - http-outgoing-5 << Vary: Accept-Encoding
16:03:38.883 [ForkJoinPool-1-worker-1] DEBUG org.apache.http.headers - http-outgoing-5 << Server: Microsoft-IIS/8.0
16:03:38.883 [ForkJoinPool-1-worker-1] DEBUG org.apache.http.headers - http-outgoing-5 << X-AspNet-Version: 2.0.50727
16:03:38.883 [ForkJoinPool-1-worker-1] DEBUG org.apache.http.headers - http-outgoing-5 << X-Powered-By: ASP.NET
16:03:38.883 [ForkJoinPool-1-worker-1] DEBUG org.apache.http.headers - http-outgoing-5 << X-Powered-By-Plesk: PleskWin
16:03:38.883 [ForkJoinPool-1-worker-1] DEBUG org.apache.http.headers - http-outgoing-5 << Date: Fri, 05 Feb 2021 10:33:39 GMT
16:03:38.883 [ForkJoinPool-1-worker-1] DEBUG org.apache.http.headers - http-outgoing-5 << Content-Length: 299
16:03:38.883 [ForkJoinPool-1-worker-1] DEBUG org.apache.http.impl.execchain.MainClientExec - Connection can be kept alive indefinitely
16:03:38.883 [ForkJoinPool-1-worker-1] DEBUG org.apache.http.impl.conn.PoolingHttpClientConnectionManager - Connection [id: 5][route: {}->http://www.dneonline.com:80] can be kept alive indefinitely
16:03:38.883 [ForkJoinPool-1-worker-1] DEBUG org.apache.http.impl.conn.DefaultManagedHttpClientConnection - http-outgoing-5: set socket timeout to 0
16:03:38.883 [ForkJoinPool-1-worker-1] DEBUG org.apache.http.impl.conn.PoolingHttpClientConnectionManager - Connection released: [id: 5][route: {}->http://www.dneonline.com:80][total available: 1; route allocated: 1 of 5; total allocated: 1 of 10]
16:03:38.883 [ForkJoinPool-1-worker-1] DEBUG com.intuit.karate - response time in milliseconds: 585.36
1 < 200
1 < Cache-Control: private, max-age=0
1 < Content-Type: text/xml; charset=utf-8
1 < Date: Fri, 05 Feb 2021 10:33:39 GMT
1 < Server: Microsoft-IIS/8.0
1 < Vary: Accept-Encoding
1 < X-AspNet-Version: 2.0.50727
1 < X-Powered-By: ASP.NET
1 < X-Powered-By-Plesk: PleskWin
<?xml version="1.0" encoding="utf-8"?><soap:Envelope xmlns:soap="http://schemas.xmlsoap.org/soap/envelope/" xmlns:xsi="http://www.w3.org/2001/XMLSchema-instance" xmlns:xsd="http://www.w3.org/2001/XMLSchema"><soap:Body><AddResponse xmlns="http://tempuri.org/"><AddResult>300</AddResult></AddResponse></soap:Body></soap:Envelope>

16:03:38.883 [ForkJoinPool-1-worker-1] DEBUG com.jayway.jsonpath.internal.path.CompiledPath - Evaluating path: $
16:03:38.883 [ForkJoinPool-1-worker-1] INFO com.intuit.karate - [print] {
  "Cache-Control": [
    "private, max-age=0"
  ],
  "Content-Type": [
    "text/xml; charset=utf-8"
  ],
  "Vary": [
    "Accept-Encoding"
  ],
  "Server": [
    "Microsoft-IIS/8.0"
  ],
  "X-AspNet-Version": [
    "2.0.50727"
  ],
  "X-Powered-By": [
    "ASP.NET"
  ],
  "X-Powered-By-Plesk": [
    "PleskWin"
  ],
  "Date": [
    "Fri, 05 Feb 2021 10:33:39 GMT"
  ]
}

16:03:38.883 [ForkJoinPool-1-worker-1] DEBUG com.jayway.jsonpath.internal.path.CompiledPath - Evaluating path: $
16:03:38.883 [ForkJoinPool-1-worker-1] INFO com.intuit.karate - [print] [
  "Microsoft-IIS/8.0"
]

16:03:38.883 [ForkJoinPool-1-worker-1] INFO com.intuit.karate - [print] Microsoft-IIS/8.0
16:03:38.883 [ForkJoinPool-1-worker-1] DEBUG com.jayway.jsonpath.internal.path.CompiledPath - Evaluating path: $
16:03:38.883 [ForkJoinPool-1-worker-1] DEBUG com.jayway.jsonpath.internal.path.CompiledPath - Evaluating path: $["Server"]
16:03:38.883 [ForkJoinPool-1-worker-1] DEBUG com.jayway.jsonpath.internal.path.CompiledPath - Evaluating path: $
16:03:38.883 [ForkJoinPool-1-worker-1] DEBUG com.jayway.jsonpath.internal.path.CompiledPath - Evaluating path: $["Server"][0]
16:03:38.883 [ForkJoinPool-1-worker-1] INFO com.intuit.karate - [print] xml
16:03:38.883 [ForkJoinPool-1-worker-1] INFO com.intuit.karate - [print] <soap:Envelope xmlns:soap="http://schemas.xmlsoap.org/soap/envelope/" xmlns:xsd="http://www.w3.org/2001/XMLSchema" xmlns:xsi="http://www.w3.org/2001/XMLSchema-instance">
  <soap:Body>
    <AddResponse xmlns="http://tempuri.org/">
      <AddResult>300</AddResult>
    </AddResponse>
  </soap:Body>
</soap:Envelope>

16:03:38.883 [ForkJoinPool-1-worker-1] INFO com.intuit.karate - [print] 585
16:03:38.883 [ForkJoinPool-1-worker-1] INFO com.intuit.karate - [print] 200
16:03:38.883 [ForkJoinPool-1-worker-1] INFO com.intuit.karate - after scenario inside config 
16:03:38.898 [ForkJoinPool-1-worker-1] INFO com.intuit.karate - From karate-config file 
16:03:38.898 [ForkJoinPool-1-worker-1] DEBUG com.jayway.jsonpath.internal.path.CompiledPath - Evaluating path: $
16:03:38.898 [ForkJoinPool-1-worker-1] DEBUG org.apache.http.client.protocol.RequestAddCookies - CookieSpec selected: karate
16:03:38.898 [ForkJoinPool-1-worker-1] DEBUG org.apache.http.client.protocol.RequestAuthCache - Auth cache not set in the context
16:03:38.898 [ForkJoinPool-1-worker-1] DEBUG com.intuit.karate - request:
1 > GET http://dummy.restapiexample.com/api/v1/employees
1 > Accept-Encoding: gzip,deflate
1 > Connection: Keep-Alive
1 > Host: dummy.restapiexample.com
1 > User-Agent: Apache-HttpClient/4.5.12 (Java/1.8.0_251)

16:03:38.898 [ForkJoinPool-1-worker-1] DEBUG org.apache.http.impl.conn.PoolingHttpClientConnectionManager - Connection request: [route: {}->http://dummy.restapiexample.com:80][total available: 0; route allocated: 0 of 5; total allocated: 0 of 10]
16:03:38.898 [ForkJoinPool-1-worker-1] DEBUG org.apache.http.impl.conn.PoolingHttpClientConnectionManager - Connection leased: [id: 8][route: {}->http://dummy.restapiexample.com:80][total available: 0; route allocated: 1 of 5; total allocated: 1 of 10]
16:03:38.898 [ForkJoinPool-1-worker-1] DEBUG org.apache.http.impl.execchain.MainClientExec - Opening connection {}->http://dummy.restapiexample.com:80
16:03:38.898 [ForkJoinPool-1-worker-1] DEBUG org.apache.http.impl.conn.DefaultHttpClientConnectionOperator - Connecting to dummy.restapiexample.com/3.6.18.84:80
16:03:38.898 [pool-1-thread-1] INFO com.intuit.karate.Runner - <<pass>> feature 11 of 26: classpath:feauturefiles/karate09.feature
---------------------------------------------------------
feature: classpath:feauturefiles/karate09.feature
report: build\surefire-reports\feauturefiles.karate09.json
scenarios:  2 | passed:  2 | failed:  0 | time: 0.9331
---------------------------------------------------------
16:03:38.913 [ForkJoinPool-1-worker-1] DEBUG org.apache.http.impl.conn.DefaultHttpClientConnectionOperator - Connection established 192.168.1.49:63151<->3.6.18.84:80
16:03:38.913 [ForkJoinPool-1-worker-1] DEBUG org.apache.http.impl.conn.DefaultManagedHttpClientConnection - http-outgoing-8: set socket timeout to 5000
16:03:38.913 [ForkJoinPool-1-worker-1] DEBUG org.apache.http.impl.execchain.MainClientExec - Executing request GET /api/v1/employees HTTP/1.1
16:03:38.913 [ForkJoinPool-1-worker-1] DEBUG org.apache.http.impl.execchain.MainClientExec - Target auth state: UNCHALLENGED
16:03:38.913 [ForkJoinPool-1-worker-1] DEBUG org.apache.http.impl.execchain.MainClientExec - Proxy auth state: UNCHALLENGED
16:03:38.913 [ForkJoinPool-1-worker-1] DEBUG org.apache.http.headers - http-outgoing-8 >> GET /api/v1/employees HTTP/1.1
16:03:38.913 [ForkJoinPool-1-worker-1] DEBUG org.apache.http.headers - http-outgoing-8 >> Host: dummy.restapiexample.com
16:03:38.913 [ForkJoinPool-1-worker-1] DEBUG org.apache.http.headers - http-outgoing-8 >> Connection: Keep-Alive
16:03:38.913 [ForkJoinPool-1-worker-1] DEBUG org.apache.http.headers - http-outgoing-8 >> User-Agent: Apache-HttpClient/4.5.12 (Java/1.8.0_251)
16:03:38.913 [ForkJoinPool-1-worker-1] DEBUG org.apache.http.headers - http-outgoing-8 >> Accept-Encoding: gzip,deflate
16:03:38.913 [ForkJoinPool-1-worker-1] DEBUG org.apache.http.wire - http-outgoing-8 >> "GET /api/v1/employees HTTP/1.1[\r][\n]"
16:03:38.913 [ForkJoinPool-1-worker-1] DEBUG org.apache.http.wire - http-outgoing-8 >> "Host: dummy.restapiexample.com[\r][\n]"
16:03:38.913 [ForkJoinPool-1-worker-1] DEBUG org.apache.http.wire - http-outgoing-8 >> "Connection: Keep-Alive[\r][\n]"
16:03:38.913 [ForkJoinPool-1-worker-1] DEBUG org.apache.http.wire - http-outgoing-8 >> "User-Agent: Apache-HttpClient/4.5.12 (Java/1.8.0_251)[\r][\n]"
16:03:38.913 [ForkJoinPool-1-worker-1] DEBUG org.apache.http.wire - http-outgoing-8 >> "Accept-Encoding: gzip,deflate[\r][\n]"
16:03:38.913 [ForkJoinPool-1-worker-1] DEBUG org.apache.http.wire - http-outgoing-8 >> "[\r][\n]"
16:03:43.633 [ForkJoinPool-1-worker-0] DEBUG org.apache.http.wire - http-outgoing-7 << "[read] I/O error: Read timed out"
16:03:43.633 [ForkJoinPool-1-worker-0] DEBUG org.apache.http.impl.conn.DefaultManagedHttpClientConnection - http-outgoing-7: Close connection
16:03:43.633 [ForkJoinPool-1-worker-0] DEBUG org.apache.http.impl.conn.DefaultManagedHttpClientConnection - http-outgoing-7: Shutdown connection
16:03:43.633 [ForkJoinPool-1-worker-0] DEBUG org.apache.http.impl.execchain.MainClientExec - Connection discarded
16:03:43.633 [ForkJoinPool-1-worker-0] DEBUG org.apache.http.impl.conn.PoolingHttpClientConnectionManager - Connection released: [id: 7][route: {}->http://dummy.restapiexample.com:80][total available: 0; route allocated: 0 of 5; total allocated: 0 of 10]
16:03:43.633 [ForkJoinPool-1-worker-0] ERROR com.intuit.karate - java.net.SocketTimeoutException: Read timed out, http call failed after 5032 milliseconds for URL: http://dummy.restapiexample.com/api/v1/employees
16:03:43.633 [ForkJoinPool-1-worker-0] ERROR com.intuit.karate - http request failed: 
java.net.SocketTimeoutException: Read timed out
16:03:43.633 [ForkJoinPool-1-worker-0] INFO com.intuit.karate - after scenario inside config 
16:03:43.633 [ForkJoinPool-1-worker-0] INFO com.intuit.karate - From karate-config file 
16:03:43.633 [ForkJoinPool-1-worker-0] DEBUG com.jayway.jsonpath.internal.path.CompiledPath - Evaluating path: $
16:03:43.633 [ForkJoinPool-1-worker-0] DEBUG com.jayway.jsonpath.internal.path.CompiledPath - Evaluating path: $
16:03:43.633 [ForkJoinPool-1-worker-0] DEBUG org.apache.http.client.protocol.RequestAddCookies - CookieSpec selected: karate
16:03:43.633 [ForkJoinPool-1-worker-0] DEBUG org.apache.http.client.protocol.RequestAuthCache - Auth cache not set in the context
16:03:43.633 [ForkJoinPool-1-worker-0] DEBUG com.intuit.karate - request:
1 > POST http://dummy.restapiexample.com/api/v1/create
1 > Accept-Encoding: gzip,deflate
1 > Connection: Keep-Alive
1 > Content-Length: 41
1 > Content-Type: application/json; charset=UTF-8
1 > Host: dummy.restapiexample.com
1 > User-Agent: Apache-HttpClient/4.5.12 (Java/1.8.0_251)
{"name":"Syed","salary":"123","age":"23"}

16:03:43.633 [ForkJoinPool-1-worker-0] DEBUG org.apache.http.impl.conn.PoolingHttpClientConnectionManager - Connection request: [route: {}->http://dummy.restapiexample.com:80][total available: 0; route allocated: 0 of 5; total allocated: 0 of 10]
16:03:43.633 [ForkJoinPool-1-worker-0] DEBUG org.apache.http.impl.conn.PoolingHttpClientConnectionManager - Connection leased: [id: 9][route: {}->http://dummy.restapiexample.com:80][total available: 0; route allocated: 1 of 5; total allocated: 1 of 10]
16:03:43.633 [ForkJoinPool-1-worker-0] DEBUG org.apache.http.impl.execchain.MainClientExec - Opening connection {}->http://dummy.restapiexample.com:80
16:03:43.633 [ForkJoinPool-1-worker-0] DEBUG org.apache.http.impl.conn.DefaultHttpClientConnectionOperator - Connecting to dummy.restapiexample.com/3.6.18.84:80
16:03:43.648 [ForkJoinPool-1-worker-0] DEBUG org.apache.http.impl.conn.DefaultHttpClientConnectionOperator - Connection established 192.168.1.49:63152<->3.6.18.84:80
16:03:43.648 [ForkJoinPool-1-worker-0] DEBUG org.apache.http.impl.conn.DefaultManagedHttpClientConnection - http-outgoing-9: set socket timeout to 5000
16:03:43.648 [ForkJoinPool-1-worker-0] DEBUG org.apache.http.impl.execchain.MainClientExec - Executing request POST /api/v1/create HTTP/1.1
16:03:43.648 [ForkJoinPool-1-worker-0] DEBUG org.apache.http.impl.execchain.MainClientExec - Target auth state: UNCHALLENGED
16:03:43.648 [ForkJoinPool-1-worker-0] DEBUG org.apache.http.impl.execchain.MainClientExec - Proxy auth state: UNCHALLENGED
16:03:43.648 [ForkJoinPool-1-worker-0] DEBUG org.apache.http.headers - http-outgoing-9 >> POST /api/v1/create HTTP/1.1
16:03:43.648 [ForkJoinPool-1-worker-0] DEBUG org.apache.http.headers - http-outgoing-9 >> Content-Type: application/json; charset=UTF-8
16:03:43.648 [ForkJoinPool-1-worker-0] DEBUG org.apache.http.headers - http-outgoing-9 >> Content-Length: 41
16:03:43.648 [ForkJoinPool-1-worker-0] DEBUG org.apache.http.headers - http-outgoing-9 >> Host: dummy.restapiexample.com
16:03:43.648 [ForkJoinPool-1-worker-0] DEBUG org.apache.http.headers - http-outgoing-9 >> Connection: Keep-Alive
16:03:43.648 [ForkJoinPool-1-worker-0] DEBUG org.apache.http.headers - http-outgoing-9 >> User-Agent: Apache-HttpClient/4.5.12 (Java/1.8.0_251)
16:03:43.648 [ForkJoinPool-1-worker-0] DEBUG org.apache.http.headers - http-outgoing-9 >> Accept-Encoding: gzip,deflate
16:03:43.648 [ForkJoinPool-1-worker-0] DEBUG org.apache.http.wire - http-outgoing-9 >> "POST /api/v1/create HTTP/1.1[\r][\n]"
16:03:43.648 [ForkJoinPool-1-worker-0] DEBUG org.apache.http.wire - http-outgoing-9 >> "Content-Type: application/json; charset=UTF-8[\r][\n]"
16:03:43.648 [ForkJoinPool-1-worker-0] DEBUG org.apache.http.wire - http-outgoing-9 >> "Content-Length: 41[\r][\n]"
16:03:43.648 [ForkJoinPool-1-worker-0] DEBUG org.apache.http.wire - http-outgoing-9 >> "Host: dummy.restapiexample.com[\r][\n]"
16:03:43.648 [ForkJoinPool-1-worker-0] DEBUG org.apache.http.wire - http-outgoing-9 >> "Connection: Keep-Alive[\r][\n]"
16:03:43.648 [ForkJoinPool-1-worker-0] DEBUG org.apache.http.wire - http-outgoing-9 >> "User-Agent: Apache-HttpClient/4.5.12 (Java/1.8.0_251)[\r][\n]"
16:03:43.648 [ForkJoinPool-1-worker-0] DEBUG org.apache.http.wire - http-outgoing-9 >> "Accept-Encoding: gzip,deflate[\r][\n]"
16:03:43.648 [ForkJoinPool-1-worker-0] DEBUG org.apache.http.wire - http-outgoing-9 >> "[\r][\n]"
16:03:43.648 [ForkJoinPool-1-worker-0] DEBUG org.apache.http.wire - http-outgoing-9 >> "{"name":"Syed","salary":"123","age":"23"}"
16:03:43.913 [ForkJoinPool-1-worker-1] DEBUG org.apache.http.wire - http-outgoing-8 << "[read] I/O error: Read timed out"
16:03:43.913 [ForkJoinPool-1-worker-1] DEBUG org.apache.http.impl.conn.DefaultManagedHttpClientConnection - http-outgoing-8: Close connection
16:03:43.913 [ForkJoinPool-1-worker-1] DEBUG org.apache.http.impl.conn.DefaultManagedHttpClientConnection - http-outgoing-8: Shutdown connection
16:03:43.913 [ForkJoinPool-1-worker-1] DEBUG org.apache.http.impl.execchain.MainClientExec - Connection discarded
16:03:43.913 [ForkJoinPool-1-worker-1] DEBUG org.apache.http.impl.conn.PoolingHttpClientConnectionManager - Connection released: [id: 8][route: {}->http://dummy.restapiexample.com:80][total available: 0; route allocated: 0 of 5; total allocated: 0 of 10]
16:03:43.913 [ForkJoinPool-1-worker-1] ERROR com.intuit.karate - java.net.SocketTimeoutException: Read timed out, http call failed after 5015 milliseconds for URL: http://dummy.restapiexample.com/api/v1/employees
16:03:43.913 [ForkJoinPool-1-worker-1] ERROR com.intuit.karate - http request failed: 
java.net.SocketTimeoutException: Read timed out
16:03:43.913 [ForkJoinPool-1-worker-1] INFO com.intuit.karate - after scenario inside config 
16:03:43.913 [pool-1-thread-2] INFO com.intuit.karate.Runner - <<fail>> feature 12 of 26: classpath:feauturefiles/karate10.feature
---------------------------------------------------------
feature: classpath:feauturefiles/karate10.feature
report: build\surefire-reports\feauturefiles.karate10.json
scenarios:  2 | passed:  0 | failed:  2 | time: 10.0372
---------------------------------------------------------
16:03:43.913 [pool-1-thread-2] INFO com.intuit.karate - From karate-config file 
16:03:43.913 [pool-1-thread-2] DEBUG com.jayway.jsonpath.internal.path.CompiledPath - Evaluating path: $
16:03:43.913 [pool-1-thread-2] INFO com.intuit.karate - after scenario inside config 
16:03:43.929 [pool-1-thread-2] DEBUG com.jayway.jsonpath.internal.path.CompiledPath - Evaluating path: $
16:03:43.929 [ForkJoinPool-1-worker-1] INFO com.intuit.karate - From karate-config file 
16:03:43.929 [ForkJoinPool-1-worker-1] DEBUG com.jayway.jsonpath.internal.path.CompiledPath - Evaluating path: $
16:03:43.929 [ForkJoinPool-1-worker-1] DEBUG org.apache.http.client.protocol.RequestAddCookies - CookieSpec selected: karate
16:03:43.929 [ForkJoinPool-1-worker-1] DEBUG org.apache.http.client.protocol.RequestAuthCache - Auth cache not set in the context
16:03:43.929 [ForkJoinPool-1-worker-1] DEBUG com.intuit.karate - request:
1 > POST https://www.w3schools.com/xml/tempconvert.asmx/CelsiusToFahrenheit
1 > Accept-Encoding: gzip,deflate
1 > Connection: Keep-Alive
1 > Content-Length: 10
1 > Content-Type: application/x-www-form-urlencoded; charset=UTF-8
1 > Host: www.w3schools.com
1 > User-Agent: Apache-HttpClient/4.5.12 (Java/1.8.0_251)
Celsius=37

16:03:43.929 [ForkJoinPool-1-worker-1] DEBUG org.apache.http.impl.conn.PoolingHttpClientConnectionManager - Connection request: [route: {s}->https://www.w3schools.com:443][total available: 0; route allocated: 0 of 5; total allocated: 0 of 10]
16:03:43.929 [ForkJoinPool-1-worker-1] DEBUG org.apache.http.impl.conn.PoolingHttpClientConnectionManager - Connection leased: [id: 10][route: {s}->https://www.w3schools.com:443][total available: 0; route allocated: 1 of 5; total allocated: 1 of 10]
16:03:43.929 [ForkJoinPool-1-worker-1] DEBUG org.apache.http.impl.execchain.MainClientExec - Opening connection {s}->https://www.w3schools.com:443
16:03:43.929 [ForkJoinPool-1-worker-1] DEBUG org.apache.http.impl.conn.DefaultHttpClientConnectionOperator - Connecting to www.w3schools.com/192.229.179.87:443
16:03:43.929 [ForkJoinPool-1-worker-1] DEBUG org.apache.http.conn.ssl.SSLConnectionSocketFactory - Connecting socket to www.w3schools.com/192.229.179.87:443 with timeout 5000
16:03:43.945 [ForkJoinPool-1-worker-1] DEBUG org.apache.http.conn.ssl.SSLConnectionSocketFactory - Enabled protocols: [TLSv1, TLSv1.1, TLSv1.2]
16:03:43.945 [ForkJoinPool-1-worker-1] DEBUG org.apache.http.conn.ssl.SSLConnectionSocketFactory - Enabled cipher suites:[TLS_ECDHE_ECDSA_WITH_AES_256_CBC_SHA384, TLS_ECDHE_RSA_WITH_AES_256_CBC_SHA384, TLS_RSA_WITH_AES_256_CBC_SHA256, TLS_ECDH_ECDSA_WITH_AES_256_CBC_SHA384, TLS_ECDH_RSA_WITH_AES_256_CBC_SHA384, TLS_DHE_RSA_WITH_AES_256_CBC_SHA256, TLS_DHE_DSS_WITH_AES_256_CBC_SHA256, TLS_ECDHE_ECDSA_WITH_AES_256_CBC_SHA, TLS_ECDHE_RSA_WITH_AES_256_CBC_SHA, TLS_RSA_WITH_AES_256_CBC_SHA, TLS_ECDH_ECDSA_WITH_AES_256_CBC_SHA, TLS_ECDH_RSA_WITH_AES_256_CBC_SHA, TLS_DHE_RSA_WITH_AES_256_CBC_SHA, TLS_DHE_DSS_WITH_AES_256_CBC_SHA, TLS_ECDHE_ECDSA_WITH_AES_128_CBC_SHA256, TLS_ECDHE_RSA_WITH_AES_128_CBC_SHA256, TLS_RSA_WITH_AES_128_CBC_SHA256, TLS_ECDH_ECDSA_WITH_AES_128_CBC_SHA256, TLS_ECDH_RSA_WITH_AES_128_CBC_SHA256, TLS_DHE_RSA_WITH_AES_128_CBC_SHA256, TLS_DHE_DSS_WITH_AES_128_CBC_SHA256, TLS_ECDHE_ECDSA_WITH_AES_128_CBC_SHA, TLS_ECDHE_RSA_WITH_AES_128_CBC_SHA, TLS_RSA_WITH_AES_128_CBC_SHA, TLS_ECDH_ECDSA_WITH_AES_128_CBC_SHA, TLS_ECDH_RSA_WITH_AES_128_CBC_SHA, TLS_DHE_RSA_WITH_AES_128_CBC_SHA, TLS_DHE_DSS_WITH_AES_128_CBC_SHA, TLS_ECDHE_ECDSA_WITH_AES_256_GCM_SHA384, TLS_ECDHE_ECDSA_WITH_AES_128_GCM_SHA256, TLS_ECDHE_RSA_WITH_AES_256_GCM_SHA384, TLS_RSA_WITH_AES_256_GCM_SHA384, TLS_ECDH_ECDSA_WITH_AES_256_GCM_SHA384, TLS_ECDH_RSA_WITH_AES_256_GCM_SHA384, TLS_DHE_RSA_WITH_AES_256_GCM_SHA384, TLS_DHE_DSS_WITH_AES_256_GCM_SHA384, TLS_ECDHE_RSA_WITH_AES_128_GCM_SHA256, TLS_RSA_WITH_AES_128_GCM_SHA256, TLS_ECDH_ECDSA_WITH_AES_128_GCM_SHA256, TLS_ECDH_RSA_WITH_AES_128_GCM_SHA256, TLS_DHE_RSA_WITH_AES_128_GCM_SHA256, TLS_DHE_DSS_WITH_AES_128_GCM_SHA256, TLS_EMPTY_RENEGOTIATION_INFO_SCSV]
16:03:43.945 [ForkJoinPool-1-worker-1] DEBUG org.apache.http.conn.ssl.SSLConnectionSocketFactory - Starting handshake
16:03:43.991 [ForkJoinPool-1-worker-1] DEBUG org.apache.http.conn.ssl.SSLConnectionSocketFactory - Secure session established
16:03:43.991 [ForkJoinPool-1-worker-1] DEBUG org.apache.http.conn.ssl.SSLConnectionSocketFactory -  negotiated protocol: TLSv1.2
16:03:43.991 [ForkJoinPool-1-worker-1] DEBUG org.apache.http.conn.ssl.SSLConnectionSocketFactory -  negotiated cipher suite: TLS_ECDHE_RSA_WITH_AES_128_GCM_SHA256
16:03:43.991 [ForkJoinPool-1-worker-1] DEBUG org.apache.http.conn.ssl.SSLConnectionSocketFactory -  peer principal: CN=*.w3schools.com, OU=IT, O="Verizon Digital Media Services, Inc.", L=Los Angeles, ST=California, C=US
16:03:43.991 [ForkJoinPool-1-worker-1] DEBUG org.apache.http.conn.ssl.SSLConnectionSocketFactory -  peer alternative names: [*.w3schools.com, w3schools.com]
16:03:43.991 [ForkJoinPool-1-worker-1] DEBUG org.apache.http.conn.ssl.SSLConnectionSocketFactory -  issuer principal: CN=DigiCert SHA2 Secure Server CA, O=DigiCert Inc, C=US
16:03:43.991 [ForkJoinPool-1-worker-1] DEBUG org.apache.http.impl.conn.DefaultHttpClientConnectionOperator - Connection established 192.168.1.49:63153<->192.229.179.87:443
16:03:43.991 [ForkJoinPool-1-worker-1] DEBUG org.apache.http.impl.conn.DefaultManagedHttpClientConnection - http-outgoing-10: set socket timeout to 5000
16:03:43.991 [ForkJoinPool-1-worker-1] DEBUG org.apache.http.impl.execchain.MainClientExec - Executing request POST /xml/tempconvert.asmx/CelsiusToFahrenheit HTTP/1.1
16:03:43.991 [ForkJoinPool-1-worker-1] DEBUG org.apache.http.impl.execchain.MainClientExec - Target auth state: UNCHALLENGED
16:03:43.991 [ForkJoinPool-1-worker-1] DEBUG org.apache.http.impl.execchain.MainClientExec - Proxy auth state: UNCHALLENGED
16:03:43.991 [ForkJoinPool-1-worker-1] DEBUG org.apache.http.headers - http-outgoing-10 >> POST /xml/tempconvert.asmx/CelsiusToFahrenheit HTTP/1.1
16:03:43.991 [ForkJoinPool-1-worker-1] DEBUG org.apache.http.headers - http-outgoing-10 >> Content-Type: application/x-www-form-urlencoded; charset=UTF-8
16:03:43.991 [ForkJoinPool-1-worker-1] DEBUG org.apache.http.headers - http-outgoing-10 >> Content-Length: 10
16:03:43.991 [ForkJoinPool-1-worker-1] DEBUG org.apache.http.headers - http-outgoing-10 >> Host: www.w3schools.com
16:03:43.991 [ForkJoinPool-1-worker-1] DEBUG org.apache.http.headers - http-outgoing-10 >> Connection: Keep-Alive
16:03:43.991 [ForkJoinPool-1-worker-1] DEBUG org.apache.http.headers - http-outgoing-10 >> User-Agent: Apache-HttpClient/4.5.12 (Java/1.8.0_251)
16:03:43.991 [ForkJoinPool-1-worker-1] DEBUG org.apache.http.headers - http-outgoing-10 >> Accept-Encoding: gzip,deflate
16:03:43.991 [ForkJoinPool-1-worker-1] DEBUG org.apache.http.wire - http-outgoing-10 >> "POST /xml/tempconvert.asmx/CelsiusToFahrenheit HTTP/1.1[\r][\n]"
16:03:43.991 [ForkJoinPool-1-worker-1] DEBUG org.apache.http.wire - http-outgoing-10 >> "Content-Type: application/x-www-form-urlencoded; charset=UTF-8[\r][\n]"
16:03:43.991 [ForkJoinPool-1-worker-1] DEBUG org.apache.http.wire - http-outgoing-10 >> "Content-Length: 10[\r][\n]"
16:03:43.991 [ForkJoinPool-1-worker-1] DEBUG org.apache.http.wire - http-outgoing-10 >> "Host: www.w3schools.com[\r][\n]"
16:03:43.991 [ForkJoinPool-1-worker-1] DEBUG org.apache.http.wire - http-outgoing-10 >> "Connection: Keep-Alive[\r][\n]"
16:03:43.991 [ForkJoinPool-1-worker-1] DEBUG org.apache.http.wire - http-outgoing-10 >> "User-Agent: Apache-HttpClient/4.5.12 (Java/1.8.0_251)[\r][\n]"
16:03:43.991 [ForkJoinPool-1-worker-1] DEBUG org.apache.http.wire - http-outgoing-10 >> "Accept-Encoding: gzip,deflate[\r][\n]"
16:03:43.991 [ForkJoinPool-1-worker-1] DEBUG org.apache.http.wire - http-outgoing-10 >> "[\r][\n]"
16:03:43.991 [ForkJoinPool-1-worker-1] DEBUG org.apache.http.wire - http-outgoing-10 >> "Celsius=37"
16:03:44.226 [ForkJoinPool-1-worker-1] DEBUG org.apache.http.wire - http-outgoing-10 << "HTTP/1.1 200 OK[\r][\n]"
16:03:44.226 [ForkJoinPool-1-worker-1] DEBUG org.apache.http.wire - http-outgoing-10 << "Content-Encoding: gzip[\r][\n]"
16:03:44.226 [ForkJoinPool-1-worker-1] DEBUG org.apache.http.wire - http-outgoing-10 << "Cache-Control: private, max-age=0,public[\r][\n]"
16:03:44.226 [ForkJoinPool-1-worker-1] DEBUG org.apache.http.wire - http-outgoing-10 << "Content-Type: text/xml; charset=utf-8[\r][\n]"
16:03:44.226 [ForkJoinPool-1-worker-1] DEBUG org.apache.http.wire - http-outgoing-10 << "Date: Fri, 05 Feb 2021 10:25:33 GMT[\r][\n]"
16:03:44.226 [ForkJoinPool-1-worker-1] DEBUG org.apache.http.wire - http-outgoing-10 << "Server: Microsoft-IIS/7.5[\r][\n]"
16:03:44.226 [ForkJoinPool-1-worker-1] DEBUG org.apache.http.wire - http-outgoing-10 << "Vary: Accept-Encoding[\r][\n]"
16:03:44.226 [ForkJoinPool-1-worker-1] DEBUG org.apache.http.wire - http-outgoing-10 << "X-AspNet-Version: 4.0.30319[\r][\n]"
16:03:44.226 [ForkJoinPool-1-worker-1] DEBUG org.apache.http.wire - http-outgoing-10 << "X-Frame-Options: SAMEORIGIN[\r][\n]"
16:03:44.226 [ForkJoinPool-1-worker-1] DEBUG org.apache.http.wire - http-outgoing-10 << "X-Powered-By: ASP.NET[\r][\n]"
16:03:44.226 [ForkJoinPool-1-worker-1] DEBUG org.apache.http.wire - http-outgoing-10 << "Content-Length: 208[\r][\n]"
16:03:44.226 [ForkJoinPool-1-worker-1] DEBUG org.apache.http.wire - http-outgoing-10 << "[\r][\n]"
16:03:44.226 [ForkJoinPool-1-worker-1] DEBUG org.apache.http.headers - http-outgoing-10 << HTTP/1.1 200 OK
16:03:44.226 [ForkJoinPool-1-worker-1] DEBUG org.apache.http.headers - http-outgoing-10 << Content-Encoding: gzip
16:03:44.226 [ForkJoinPool-1-worker-1] DEBUG org.apache.http.headers - http-outgoing-10 << Cache-Control: private, max-age=0,public
16:03:44.226 [ForkJoinPool-1-worker-1] DEBUG org.apache.http.headers - http-outgoing-10 << Content-Type: text/xml; charset=utf-8
16:03:44.226 [ForkJoinPool-1-worker-1] DEBUG org.apache.http.headers - http-outgoing-10 << Date: Fri, 05 Feb 2021 10:25:33 GMT
16:03:44.226 [ForkJoinPool-1-worker-1] DEBUG org.apache.http.headers - http-outgoing-10 << Server: Microsoft-IIS/7.5
16:03:44.226 [ForkJoinPool-1-worker-1] DEBUG org.apache.http.headers - http-outgoing-10 << Vary: Accept-Encoding
16:03:44.226 [ForkJoinPool-1-worker-1] DEBUG org.apache.http.headers - http-outgoing-10 << X-AspNet-Version: 4.0.30319
16:03:44.226 [ForkJoinPool-1-worker-1] DEBUG org.apache.http.headers - http-outgoing-10 << X-Frame-Options: SAMEORIGIN
16:03:44.226 [ForkJoinPool-1-worker-1] DEBUG org.apache.http.headers - http-outgoing-10 << X-Powered-By: ASP.NET
16:03:44.226 [ForkJoinPool-1-worker-1] DEBUG org.apache.http.headers - http-outgoing-10 << Content-Length: 208
16:03:44.226 [ForkJoinPool-1-worker-1] DEBUG org.apache.http.impl.execchain.MainClientExec - Connection can be kept alive indefinitely
16:03:44.226 [ForkJoinPool-1-worker-1] DEBUG org.apache.http.wire - http-outgoing-10 << "[0x1f][0x8b][0x8][0x0][0x0][0x0][0x0][0x0][0x4][0x0][0xed][0xbd][0x7]`[0x1c]I[0x96]%&/m[0xca]{]]>&#x7f;<![CDATA[J[0xf5]J[0xd7][0xe0]t[0xa1][0x8][0x80]`[0x13]$[0xd8][0x90]@[0x10][0xec][0xc1][0x88][0xcd][0xe6][0x92][0xec][0x1d]iG#)[0xab]*[0x81][0xca]eVe]f[0x16]@[0xcc][0xed][0x9d][0xbc][0xf7][0xde]{[0xef][0xbd][0xf7][0xde]{[0xef][0xbd][0xf7][0xba];[0x9d]N'[0xf7][0xdf][0xff]?\fd[0x1]l[0xf6][0xce]J[0xda][0xc9][0x9e]![0x80][0xaa][0xc8][0x1f]?~|[0x1f]?"[0x1e][0xff][0x1e][0xef][0x16]ez[0x99][0xd7]MQ-?[0xfb]hw[0xbc][0xf3]Q[0x9a]/[0xa7][0xd5][0xac]X^|[0xf6][0xd1][0xba]=[0xdf]>[0xf8][0xe8][0xf7]8[0xfa][0x8d][0x93][0xc7]M[[0xd3]G)[0xb5]^6[0x9f]}4o[0xdb]U[0xf3][0xe8][0xee][0xdd][0xab][0xab][0xab][0xf1][0xd5][0xbd]f:[0xaf][0xaa][0xb2][0x19]O[0xab][0xc5]]jp[0xf7][0xa3][0xa3][0x87][0x7][0xe3]O[0x1f][0xdf][0x95]w[0x8e][0xfe][0x1f]O![0x80]Ed[0x0][0x0][0x0]"
16:03:44.226 [ForkJoinPool-1-worker-1] DEBUG org.apache.http.impl.conn.PoolingHttpClientConnectionManager - Connection [id: 10][route: {s}->https://www.w3schools.com:443] can be kept alive indefinitely
16:03:44.226 [ForkJoinPool-1-worker-1] DEBUG org.apache.http.impl.conn.DefaultManagedHttpClientConnection - http-outgoing-10: set socket timeout to 0
16:03:44.226 [ForkJoinPool-1-worker-1] DEBUG org.apache.http.impl.conn.PoolingHttpClientConnectionManager - Connection released: [id: 10][route: {s}->https://www.w3schools.com:443][total available: 1; route allocated: 1 of 5; total allocated: 1 of 10]
16:03:44.226 [ForkJoinPool-1-worker-1] DEBUG com.intuit.karate - response time in milliseconds: 286.70
1 < 200
1 < Cache-Control: private, max-age=0,public
1 < Content-Type: text/xml; charset=utf-8
1 < Date: Fri, 05 Feb 2021 10:25:33 GMT
1 < Server: Microsoft-IIS/7.5
1 < Vary: Accept-Encoding
1 < X-AspNet-Version: 4.0.30319
1 < X-Frame-Options: SAMEORIGIN
1 < X-Powered-By: ASP.NET
<?xml version="1.0" encoding="utf-8"?>
<string xmlns="https://www.w3schools.com/xml/">98.6</string>

16:03:44.226 [ForkJoinPool-1-worker-1] DEBUG com.jayway.jsonpath.internal.path.CompiledPath - Evaluating path: $
16:03:44.226 [ForkJoinPool-1-worker-1] INFO com.intuit.karate - [print] {
  "Cache-Control": [
    "private, max-age=0,public"
  ],
  "Content-Type": [
    "text/xml; charset=utf-8"
  ],
  "Date": [
    "Fri, 05 Feb 2021 10:25:33 GMT"
  ],
  "Server": [
    "Microsoft-IIS/7.5"
  ],
  "Vary": [
    "Accept-Encoding"
  ],
  "X-AspNet-Version": [
    "4.0.30319"
  ],
  "X-Frame-Options": [
    "SAMEORIGIN"
  ],
  "X-Powered-By": [
    "ASP.NET"
  ]
}

16:03:44.226 [ForkJoinPool-1-worker-1] INFO com.intuit.karate - [print] xml
16:03:44.226 [ForkJoinPool-1-worker-1] INFO com.intuit.karate - [print] 287
16:03:44.226 [ForkJoinPool-1-worker-1] INFO com.intuit.karate - after scenario inside config 
16:03:44.226 [ForkJoinPool-1-worker-1] INFO com.intuit.karate - From karate-config file 
16:03:44.226 [ForkJoinPool-1-worker-1] DEBUG com.jayway.jsonpath.internal.path.CompiledPath - Evaluating path: $
16:03:44.226 [ForkJoinPool-1-worker-1] DEBUG org.apache.http.client.protocol.RequestAddCookies - CookieSpec selected: karate
16:03:44.226 [ForkJoinPool-1-worker-1] DEBUG org.apache.http.client.protocol.RequestAuthCache - Auth cache not set in the context
16:03:44.226 [ForkJoinPool-1-worker-1] DEBUG com.intuit.karate - request:
1 > POST https://www.w3schools.com/xml/tempconvert.asmx/CelsiusToFahrenheit
1 > Accept-Encoding: gzip,deflate
1 > Connection: Keep-Alive
1 > Content-Length: 10
1 > Content-Type: application/x-www-form-urlencoded; charset=UTF-8
1 > Host: www.w3schools.com
1 > User-Agent: Apache-HttpClient/4.5.12 (Java/1.8.0_251)
Celsius=40

16:03:44.226 [ForkJoinPool-1-worker-1] DEBUG org.apache.http.impl.conn.PoolingHttpClientConnectionManager - Connection request: [route: {s}->https://www.w3schools.com:443][total available: 0; route allocated: 0 of 5; total allocated: 0 of 10]
16:03:44.226 [ForkJoinPool-1-worker-1] DEBUG org.apache.http.impl.conn.PoolingHttpClientConnectionManager - Connection leased: [id: 11][route: {s}->https://www.w3schools.com:443][total available: 0; route allocated: 1 of 5; total allocated: 1 of 10]
16:03:44.226 [ForkJoinPool-1-worker-1] DEBUG org.apache.http.impl.execchain.MainClientExec - Opening connection {s}->https://www.w3schools.com:443
16:03:44.226 [ForkJoinPool-1-worker-1] DEBUG org.apache.http.impl.conn.DefaultHttpClientConnectionOperator - Connecting to www.w3schools.com/192.229.179.87:443
16:03:44.226 [ForkJoinPool-1-worker-1] DEBUG org.apache.http.conn.ssl.SSLConnectionSocketFactory - Connecting socket to www.w3schools.com/192.229.179.87:443 with timeout 5000
16:03:44.242 [ForkJoinPool-1-worker-1] DEBUG org.apache.http.conn.ssl.SSLConnectionSocketFactory - Enabled protocols: [TLSv1, TLSv1.1, TLSv1.2]
16:03:44.242 [ForkJoinPool-1-worker-1] DEBUG org.apache.http.conn.ssl.SSLConnectionSocketFactory - Enabled cipher suites:[TLS_ECDHE_ECDSA_WITH_AES_256_CBC_SHA384, TLS_ECDHE_RSA_WITH_AES_256_CBC_SHA384, TLS_RSA_WITH_AES_256_CBC_SHA256, TLS_ECDH_ECDSA_WITH_AES_256_CBC_SHA384, TLS_ECDH_RSA_WITH_AES_256_CBC_SHA384, TLS_DHE_RSA_WITH_AES_256_CBC_SHA256, TLS_DHE_DSS_WITH_AES_256_CBC_SHA256, TLS_ECDHE_ECDSA_WITH_AES_256_CBC_SHA, TLS_ECDHE_RSA_WITH_AES_256_CBC_SHA, TLS_RSA_WITH_AES_256_CBC_SHA, TLS_ECDH_ECDSA_WITH_AES_256_CBC_SHA, TLS_ECDH_RSA_WITH_AES_256_CBC_SHA, TLS_DHE_RSA_WITH_AES_256_CBC_SHA, TLS_DHE_DSS_WITH_AES_256_CBC_SHA, TLS_ECDHE_ECDSA_WITH_AES_128_CBC_SHA256, TLS_ECDHE_RSA_WITH_AES_128_CBC_SHA256, TLS_RSA_WITH_AES_128_CBC_SHA256, TLS_ECDH_ECDSA_WITH_AES_128_CBC_SHA256, TLS_ECDH_RSA_WITH_AES_128_CBC_SHA256, TLS_DHE_RSA_WITH_AES_128_CBC_SHA256, TLS_DHE_DSS_WITH_AES_128_CBC_SHA256, TLS_ECDHE_ECDSA_WITH_AES_128_CBC_SHA, TLS_ECDHE_RSA_WITH_AES_128_CBC_SHA, TLS_RSA_WITH_AES_128_CBC_SHA, TLS_ECDH_ECDSA_WITH_AES_128_CBC_SHA, TLS_ECDH_RSA_WITH_AES_128_CBC_SHA, TLS_DHE_RSA_WITH_AES_128_CBC_SHA, TLS_DHE_DSS_WITH_AES_128_CBC_SHA, TLS_ECDHE_ECDSA_WITH_AES_256_GCM_SHA384, TLS_ECDHE_ECDSA_WITH_AES_128_GCM_SHA256, TLS_ECDHE_RSA_WITH_AES_256_GCM_SHA384, TLS_RSA_WITH_AES_256_GCM_SHA384, TLS_ECDH_ECDSA_WITH_AES_256_GCM_SHA384, TLS_ECDH_RSA_WITH_AES_256_GCM_SHA384, TLS_DHE_RSA_WITH_AES_256_GCM_SHA384, TLS_DHE_DSS_WITH_AES_256_GCM_SHA384, TLS_ECDHE_RSA_WITH_AES_128_GCM_SHA256, TLS_RSA_WITH_AES_128_GCM_SHA256, TLS_ECDH_ECDSA_WITH_AES_128_GCM_SHA256, TLS_ECDH_RSA_WITH_AES_128_GCM_SHA256, TLS_DHE_RSA_WITH_AES_128_GCM_SHA256, TLS_DHE_DSS_WITH_AES_128_GCM_SHA256, TLS_EMPTY_RENEGOTIATION_INFO_SCSV]
16:03:44.242 [ForkJoinPool-1-worker-1] DEBUG org.apache.http.conn.ssl.SSLConnectionSocketFactory - Starting handshake
16:03:44.289 [ForkJoinPool-1-worker-1] DEBUG org.apache.http.conn.ssl.SSLConnectionSocketFactory - Secure session established
16:03:44.289 [ForkJoinPool-1-worker-1] DEBUG org.apache.http.conn.ssl.SSLConnectionSocketFactory -  negotiated protocol: TLSv1.2
16:03:44.289 [ForkJoinPool-1-worker-1] DEBUG org.apache.http.conn.ssl.SSLConnectionSocketFactory -  negotiated cipher suite: TLS_ECDHE_RSA_WITH_AES_128_GCM_SHA256
16:03:44.289 [ForkJoinPool-1-worker-1] DEBUG org.apache.http.conn.ssl.SSLConnectionSocketFactory -  peer principal: CN=*.w3schools.com, OU=IT, O="Verizon Digital Media Services, Inc.", L=Los Angeles, ST=California, C=US
16:03:44.289 [ForkJoinPool-1-worker-1] DEBUG org.apache.http.conn.ssl.SSLConnectionSocketFactory -  peer alternative names: [*.w3schools.com, w3schools.com]
16:03:44.289 [ForkJoinPool-1-worker-1] DEBUG org.apache.http.conn.ssl.SSLConnectionSocketFactory -  issuer principal: CN=DigiCert SHA2 Secure Server CA, O=DigiCert Inc, C=US
16:03:44.289 [ForkJoinPool-1-worker-1] DEBUG org.apache.http.impl.conn.DefaultHttpClientConnectionOperator - Connection established 192.168.1.49:63154<->192.229.179.87:443
16:03:44.289 [ForkJoinPool-1-worker-1] DEBUG org.apache.http.impl.conn.DefaultManagedHttpClientConnection - http-outgoing-11: set socket timeout to 5000
16:03:44.289 [ForkJoinPool-1-worker-1] DEBUG org.apache.http.impl.execchain.MainClientExec - Executing request POST /xml/tempconvert.asmx/CelsiusToFahrenheit HTTP/1.1
16:03:44.289 [ForkJoinPool-1-worker-1] DEBUG org.apache.http.impl.execchain.MainClientExec - Target auth state: UNCHALLENGED
16:03:44.289 [ForkJoinPool-1-worker-1] DEBUG org.apache.http.impl.execchain.MainClientExec - Proxy auth state: UNCHALLENGED
16:03:44.289 [ForkJoinPool-1-worker-1] DEBUG org.apache.http.headers - http-outgoing-11 >> POST /xml/tempconvert.asmx/CelsiusToFahrenheit HTTP/1.1
16:03:44.289 [ForkJoinPool-1-worker-1] DEBUG org.apache.http.headers - http-outgoing-11 >> Content-Type: application/x-www-form-urlencoded; charset=UTF-8
16:03:44.289 [ForkJoinPool-1-worker-1] DEBUG org.apache.http.headers - http-outgoing-11 >> Content-Length: 10
16:03:44.289 [ForkJoinPool-1-worker-1] DEBUG org.apache.http.headers - http-outgoing-11 >> Host: www.w3schools.com
16:03:44.289 [ForkJoinPool-1-worker-1] DEBUG org.apache.http.headers - http-outgoing-11 >> Connection: Keep-Alive
16:03:44.289 [ForkJoinPool-1-worker-1] DEBUG org.apache.http.headers - http-outgoing-11 >> User-Agent: Apache-HttpClient/4.5.12 (Java/1.8.0_251)
16:03:44.289 [ForkJoinPool-1-worker-1] DEBUG org.apache.http.headers - http-outgoing-11 >> Accept-Encoding: gzip,deflate
16:03:44.289 [ForkJoinPool-1-worker-1] DEBUG org.apache.http.wire - http-outgoing-11 >> "POST /xml/tempconvert.asmx/CelsiusToFahrenheit HTTP/1.1[\r][\n]"
16:03:44.289 [ForkJoinPool-1-worker-1] DEBUG org.apache.http.wire - http-outgoing-11 >> "Content-Type: application/x-www-form-urlencoded; charset=UTF-8[\r][\n]"
16:03:44.289 [ForkJoinPool-1-worker-1] DEBUG org.apache.http.wire - http-outgoing-11 >> "Content-Length: 10[\r][\n]"
16:03:44.289 [ForkJoinPool-1-worker-1] DEBUG org.apache.http.wire - http-outgoing-11 >> "Host: www.w3schools.com[\r][\n]"
16:03:44.289 [ForkJoinPool-1-worker-1] DEBUG org.apache.http.wire - http-outgoing-11 >> "Connection: Keep-Alive[\r][\n]"
16:03:44.289 [ForkJoinPool-1-worker-1] DEBUG org.apache.http.wire - http-outgoing-11 >> "User-Agent: Apache-HttpClient/4.5.12 (Java/1.8.0_251)[\r][\n]"
16:03:44.289 [ForkJoinPool-1-worker-1] DEBUG org.apache.http.wire - http-outgoing-11 >> "Accept-Encoding: gzip,deflate[\r][\n]"
16:03:44.289 [ForkJoinPool-1-worker-1] DEBUG org.apache.http.wire - http-outgoing-11 >> "[\r][\n]"
16:03:44.289 [ForkJoinPool-1-worker-1] DEBUG org.apache.http.wire - http-outgoing-11 >> "Celsius=40"
16:03:44.523 [ForkJoinPool-1-worker-1] DEBUG org.apache.http.wire - http-outgoing-11 << "HTTP/1.1 200 OK[\r][\n]"
16:03:44.523 [ForkJoinPool-1-worker-1] DEBUG org.apache.http.wire - http-outgoing-11 << "Content-Encoding: gzip[\r][\n]"
16:03:44.523 [ForkJoinPool-1-worker-1] DEBUG org.apache.http.wire - http-outgoing-11 << "Cache-Control: private, max-age=0,public[\r][\n]"
16:03:44.523 [ForkJoinPool-1-worker-1] DEBUG org.apache.http.wire - http-outgoing-11 << "Content-Type: text/xml; charset=utf-8[\r][\n]"
16:03:44.523 [ForkJoinPool-1-worker-1] DEBUG org.apache.http.wire - http-outgoing-11 << "Date: Fri, 05 Feb 2021 10:25:34 GMT[\r][\n]"
16:03:44.523 [ForkJoinPool-1-worker-1] DEBUG org.apache.http.wire - http-outgoing-11 << "Server: Microsoft-IIS/7.5[\r][\n]"
16:03:44.523 [ForkJoinPool-1-worker-1] DEBUG org.apache.http.wire - http-outgoing-11 << "Vary: Accept-Encoding[\r][\n]"
16:03:44.523 [ForkJoinPool-1-worker-1] DEBUG org.apache.http.wire - http-outgoing-11 << "X-AspNet-Version: 4.0.30319[\r][\n]"
16:03:44.523 [ForkJoinPool-1-worker-1] DEBUG org.apache.http.wire - http-outgoing-11 << "X-Frame-Options: SAMEORIGIN[\r][\n]"
16:03:44.523 [ForkJoinPool-1-worker-1] DEBUG org.apache.http.wire - http-outgoing-11 << "X-Powered-By: ASP.NET[\r][\n]"
16:03:44.523 [ForkJoinPool-1-worker-1] DEBUG org.apache.http.wire - http-outgoing-11 << "Content-Length: 207[\r][\n]"
16:03:44.523 [ForkJoinPool-1-worker-1] DEBUG org.apache.http.wire - http-outgoing-11 << "[\r][\n]"
16:03:44.523 [ForkJoinPool-1-worker-1] DEBUG org.apache.http.headers - http-outgoing-11 << HTTP/1.1 200 OK
16:03:44.523 [ForkJoinPool-1-worker-1] DEBUG org.apache.http.headers - http-outgoing-11 << Content-Encoding: gzip
16:03:44.523 [ForkJoinPool-1-worker-1] DEBUG org.apache.http.headers - http-outgoing-11 << Cache-Control: private, max-age=0,public
16:03:44.523 [ForkJoinPool-1-worker-1] DEBUG org.apache.http.headers - http-outgoing-11 << Content-Type: text/xml; charset=utf-8
16:03:44.523 [ForkJoinPool-1-worker-1] DEBUG org.apache.http.headers - http-outgoing-11 << Date: Fri, 05 Feb 2021 10:25:34 GMT
16:03:44.523 [ForkJoinPool-1-worker-1] DEBUG org.apache.http.headers - http-outgoing-11 << Server: Microsoft-IIS/7.5
16:03:44.523 [ForkJoinPool-1-worker-1] DEBUG org.apache.http.headers - http-outgoing-11 << Vary: Accept-Encoding
16:03:44.523 [ForkJoinPool-1-worker-1] DEBUG org.apache.http.headers - http-outgoing-11 << X-AspNet-Version: 4.0.30319
16:03:44.523 [ForkJoinPool-1-worker-1] DEBUG org.apache.http.headers - http-outgoing-11 << X-Frame-Options: SAMEORIGIN
16:03:44.523 [ForkJoinPool-1-worker-1] DEBUG org.apache.http.headers - http-outgoing-11 << X-Powered-By: ASP.NET
16:03:44.523 [ForkJoinPool-1-worker-1] DEBUG org.apache.http.headers - http-outgoing-11 << Content-Length: 207
16:03:44.523 [ForkJoinPool-1-worker-1] DEBUG org.apache.http.impl.execchain.MainClientExec - Connection can be kept alive indefinitely
16:03:44.538 [ForkJoinPool-1-worker-1] DEBUG org.apache.http.wire - http-outgoing-11 << "[0x1f][0x8b][0x8][0x0][0x0][0x0][0x0][0x0][0x4][0x0][0xed][0xbd][0x7]`[0x1c]I[0x96]%&/m[0xca]{]]>&#x7f;<![CDATA[J[0xf5]J[0xd7][0xe0]t[0xa1][0x8][0x80]`[0x13]$[0xd8][0x90]@[0x10][0xec][0xc1][0x88][0xcd][0xe6][0x92][0xec][0x1d]iG#)[0xab]*[0x81][0xca]eVe]f[0x16]@[0xcc][0xed][0x9d][0xbc][0xf7][0xde]{[0xef][0xbd][0xf7][0xde]{[0xef][0xbd][0xf7][0xba];[0x9d]N'[0xf7][0xdf][0xff]?\fd[0x1]l[0xf6][0xce]J[0xda][0xc9][0x9e]![0x80][0xaa][0xc8][0x1f]?~|[0x1f]?"[0x1e][0xff][0x1e][0xef][0x16]ez[0x99][0xd7]MQ-?[0xfb]hw[0xbc][0xf3]Q[0x9a]/[0xa7][0xd5][0xac]X^|[0xf6][0xd1][0xba]=[0xdf]>[0xf8][0xe8][0xf7]8[0xfa][0x8d][0x93][0xc7]M[[0xd3]G)[0xb5]^6[0x9f]}4o[0xdb]U[0xf3][0xe8][0xee][0xdd][0xab][0xab][0xab][0xf1][0xd5][0xbd]f:[0xaf][0xaa][0xb2][0x19]O[0xab][0xc5]]jp[0xf7][0xa3][0xa3][0xdd][0x9d][0xfd][0xc7]w[0xe5][0x95][0xa3][0xff][0x7] [0xa2]\[0x8c]c[0x0][0x0][0x0]"
16:03:44.538 [ForkJoinPool-1-worker-1] DEBUG org.apache.http.impl.conn.PoolingHttpClientConnectionManager - Connection [id: 11][route: {s}->https://www.w3schools.com:443] can be kept alive indefinitely
16:03:44.538 [ForkJoinPool-1-worker-1] DEBUG org.apache.http.impl.conn.DefaultManagedHttpClientConnection - http-outgoing-11: set socket timeout to 0
16:03:44.538 [ForkJoinPool-1-worker-1] DEBUG org.apache.http.impl.conn.PoolingHttpClientConnectionManager - Connection released: [id: 11][route: {s}->https://www.w3schools.com:443][total available: 1; route allocated: 1 of 5; total allocated: 1 of 10]
16:03:44.538 [ForkJoinPool-1-worker-1] DEBUG com.intuit.karate - response time in milliseconds: 298.09
1 < 200
1 < Cache-Control: private, max-age=0,public
1 < Content-Type: text/xml; charset=utf-8
1 < Date: Fri, 05 Feb 2021 10:25:34 GMT
1 < Server: Microsoft-IIS/7.5
1 < Vary: Accept-Encoding
1 < X-AspNet-Version: 4.0.30319
1 < X-Frame-Options: SAMEORIGIN
1 < X-Powered-By: ASP.NET
<?xml version="1.0" encoding="utf-8"?>
<string xmlns="https://www.w3schools.com/xml/">104</string>

16:03:44.538 [ForkJoinPool-1-worker-1] DEBUG com.jayway.jsonpath.internal.path.CompiledPath - Evaluating path: $
16:03:44.538 [ForkJoinPool-1-worker-1] INFO com.intuit.karate - [print] {
  "Cache-Control": [
    "private, max-age=0,public"
  ],
  "Content-Type": [
    "text/xml; charset=utf-8"
  ],
  "Date": [
    "Fri, 05 Feb 2021 10:25:34 GMT"
  ],
  "Server": [
    "Microsoft-IIS/7.5"
  ],
  "Vary": [
    "Accept-Encoding"
  ],
  "X-AspNet-Version": [
    "4.0.30319"
  ],
  "X-Frame-Options": [
    "SAMEORIGIN"
  ],
  "X-Powered-By": [
    "ASP.NET"
  ]
}

16:03:44.538 [ForkJoinPool-1-worker-1] INFO com.intuit.karate - [print] xml
16:03:44.538 [ForkJoinPool-1-worker-1] INFO com.intuit.karate - [print] 298
16:03:44.538 [ForkJoinPool-1-worker-1] INFO com.intuit.karate - after scenario inside config 
16:03:44.538 [ForkJoinPool-1-worker-1] DEBUG org.apache.http.client.protocol.RequestAddCookies - CookieSpec selected: karate
16:03:44.538 [ForkJoinPool-1-worker-1] DEBUG org.apache.http.client.protocol.RequestAuthCache - Auth cache not set in the context
16:03:44.538 [ForkJoinPool-1-worker-1] DEBUG com.intuit.karate - request:
1 > POST https://www.w3schools.com/xml/tempconvert.asmx/CelsiusToFahrenheit
1 > Accept-Encoding: gzip,deflate
1 > Connection: Keep-Alive
1 > Content-Length: 10
1 > Content-Type: application/x-www-form-urlencoded; charset=UTF-8
1 > Host: www.w3schools.com
1 > User-Agent: Apache-HttpClient/4.5.12 (Java/1.8.0_251)
Celsius=37

16:03:44.538 [ForkJoinPool-1-worker-1] DEBUG org.apache.http.impl.conn.PoolingHttpClientConnectionManager - Connection request: [route: {s}->https://www.w3schools.com:443][total available: 0; route allocated: 0 of 5; total allocated: 0 of 10]
16:03:44.538 [ForkJoinPool-1-worker-1] DEBUG org.apache.http.impl.conn.PoolingHttpClientConnectionManager - Connection leased: [id: 12][route: {s}->https://www.w3schools.com:443][total available: 0; route allocated: 1 of 5; total allocated: 1 of 10]
16:03:44.538 [ForkJoinPool-1-worker-1] DEBUG org.apache.http.impl.execchain.MainClientExec - Opening connection {s}->https://www.w3schools.com:443
16:03:44.538 [ForkJoinPool-1-worker-1] DEBUG org.apache.http.impl.conn.DefaultHttpClientConnectionOperator - Connecting to www.w3schools.com/192.229.179.87:443
16:03:44.538 [ForkJoinPool-1-worker-1] DEBUG org.apache.http.conn.ssl.SSLConnectionSocketFactory - Connecting socket to www.w3schools.com/192.229.179.87:443 with timeout 5000
16:03:44.554 [ForkJoinPool-1-worker-1] DEBUG org.apache.http.conn.ssl.SSLConnectionSocketFactory - Enabled protocols: [TLSv1, TLSv1.1, TLSv1.2]
16:03:44.554 [ForkJoinPool-1-worker-1] DEBUG org.apache.http.conn.ssl.SSLConnectionSocketFactory - Enabled cipher suites:[TLS_ECDHE_ECDSA_WITH_AES_256_CBC_SHA384, TLS_ECDHE_RSA_WITH_AES_256_CBC_SHA384, TLS_RSA_WITH_AES_256_CBC_SHA256, TLS_ECDH_ECDSA_WITH_AES_256_CBC_SHA384, TLS_ECDH_RSA_WITH_AES_256_CBC_SHA384, TLS_DHE_RSA_WITH_AES_256_CBC_SHA256, TLS_DHE_DSS_WITH_AES_256_CBC_SHA256, TLS_ECDHE_ECDSA_WITH_AES_256_CBC_SHA, TLS_ECDHE_RSA_WITH_AES_256_CBC_SHA, TLS_RSA_WITH_AES_256_CBC_SHA, TLS_ECDH_ECDSA_WITH_AES_256_CBC_SHA, TLS_ECDH_RSA_WITH_AES_256_CBC_SHA, TLS_DHE_RSA_WITH_AES_256_CBC_SHA, TLS_DHE_DSS_WITH_AES_256_CBC_SHA, TLS_ECDHE_ECDSA_WITH_AES_128_CBC_SHA256, TLS_ECDHE_RSA_WITH_AES_128_CBC_SHA256, TLS_RSA_WITH_AES_128_CBC_SHA256, TLS_ECDH_ECDSA_WITH_AES_128_CBC_SHA256, TLS_ECDH_RSA_WITH_AES_128_CBC_SHA256, TLS_DHE_RSA_WITH_AES_128_CBC_SHA256, TLS_DHE_DSS_WITH_AES_128_CBC_SHA256, TLS_ECDHE_ECDSA_WITH_AES_128_CBC_SHA, TLS_ECDHE_RSA_WITH_AES_128_CBC_SHA, TLS_RSA_WITH_AES_128_CBC_SHA, TLS_ECDH_ECDSA_WITH_AES_128_CBC_SHA, TLS_ECDH_RSA_WITH_AES_128_CBC_SHA, TLS_DHE_RSA_WITH_AES_128_CBC_SHA, TLS_DHE_DSS_WITH_AES_128_CBC_SHA, TLS_ECDHE_ECDSA_WITH_AES_256_GCM_SHA384, TLS_ECDHE_ECDSA_WITH_AES_128_GCM_SHA256, TLS_ECDHE_RSA_WITH_AES_256_GCM_SHA384, TLS_RSA_WITH_AES_256_GCM_SHA384, TLS_ECDH_ECDSA_WITH_AES_256_GCM_SHA384, TLS_ECDH_RSA_WITH_AES_256_GCM_SHA384, TLS_DHE_RSA_WITH_AES_256_GCM_SHA384, TLS_DHE_DSS_WITH_AES_256_GCM_SHA384, TLS_ECDHE_RSA_WITH_AES_128_GCM_SHA256, TLS_RSA_WITH_AES_128_GCM_SHA256, TLS_ECDH_ECDSA_WITH_AES_128_GCM_SHA256, TLS_ECDH_RSA_WITH_AES_128_GCM_SHA256, TLS_DHE_RSA_WITH_AES_128_GCM_SHA256, TLS_DHE_DSS_WITH_AES_128_GCM_SHA256, TLS_EMPTY_RENEGOTIATION_INFO_SCSV]
16:03:44.554 [ForkJoinPool-1-worker-1] DEBUG org.apache.http.conn.ssl.SSLConnectionSocketFactory - Starting handshake
16:03:44.617 [ForkJoinPool-1-worker-1] DEBUG org.apache.http.conn.ssl.SSLConnectionSocketFactory - Secure session established
16:03:44.617 [ForkJoinPool-1-worker-1] DEBUG org.apache.http.conn.ssl.SSLConnectionSocketFactory -  negotiated protocol: TLSv1.2
16:03:44.617 [ForkJoinPool-1-worker-1] DEBUG org.apache.http.conn.ssl.SSLConnectionSocketFactory -  negotiated cipher suite: TLS_ECDHE_RSA_WITH_AES_128_GCM_SHA256
16:03:44.617 [ForkJoinPool-1-worker-1] DEBUG org.apache.http.conn.ssl.SSLConnectionSocketFactory -  peer principal: CN=*.w3schools.com, OU=IT, O="Verizon Digital Media Services, Inc.", L=Los Angeles, ST=California, C=US
16:03:44.617 [ForkJoinPool-1-worker-1] DEBUG org.apache.http.conn.ssl.SSLConnectionSocketFactory -  peer alternative names: [*.w3schools.com, w3schools.com]
16:03:44.617 [ForkJoinPool-1-worker-1] DEBUG org.apache.http.conn.ssl.SSLConnectionSocketFactory -  issuer principal: CN=DigiCert SHA2 Secure Server CA, O=DigiCert Inc, C=US
16:03:44.617 [ForkJoinPool-1-worker-1] DEBUG org.apache.http.impl.conn.DefaultHttpClientConnectionOperator - Connection established 192.168.1.49:63155<->192.229.179.87:443
16:03:44.617 [ForkJoinPool-1-worker-1] DEBUG org.apache.http.impl.conn.DefaultManagedHttpClientConnection - http-outgoing-12: set socket timeout to 5000
16:03:44.617 [ForkJoinPool-1-worker-1] DEBUG org.apache.http.impl.execchain.MainClientExec - Executing request POST /xml/tempconvert.asmx/CelsiusToFahrenheit HTTP/1.1
16:03:44.617 [ForkJoinPool-1-worker-1] DEBUG org.apache.http.impl.execchain.MainClientExec - Target auth state: UNCHALLENGED
16:03:44.617 [ForkJoinPool-1-worker-1] DEBUG org.apache.http.impl.execchain.MainClientExec - Proxy auth state: UNCHALLENGED
16:03:44.617 [ForkJoinPool-1-worker-1] DEBUG org.apache.http.headers - http-outgoing-12 >> POST /xml/tempconvert.asmx/CelsiusToFahrenheit HTTP/1.1
16:03:44.617 [ForkJoinPool-1-worker-1] DEBUG org.apache.http.headers - http-outgoing-12 >> Content-Type: application/x-www-form-urlencoded; charset=UTF-8
16:03:44.617 [ForkJoinPool-1-worker-1] DEBUG org.apache.http.headers - http-outgoing-12 >> Content-Length: 10
16:03:44.617 [ForkJoinPool-1-worker-1] DEBUG org.apache.http.headers - http-outgoing-12 >> Host: www.w3schools.com
16:03:44.617 [ForkJoinPool-1-worker-1] DEBUG org.apache.http.headers - http-outgoing-12 >> Connection: Keep-Alive
16:03:44.617 [ForkJoinPool-1-worker-1] DEBUG org.apache.http.headers - http-outgoing-12 >> User-Agent: Apache-HttpClient/4.5.12 (Java/1.8.0_251)
16:03:44.617 [ForkJoinPool-1-worker-1] DEBUG org.apache.http.headers - http-outgoing-12 >> Accept-Encoding: gzip,deflate
16:03:44.617 [ForkJoinPool-1-worker-1] DEBUG org.apache.http.wire - http-outgoing-12 >> "POST /xml/tempconvert.asmx/CelsiusToFahrenheit HTTP/1.1[\r][\n]"
16:03:44.617 [ForkJoinPool-1-worker-1] DEBUG org.apache.http.wire - http-outgoing-12 >> "Content-Type: application/x-www-form-urlencoded; charset=UTF-8[\r][\n]"
16:03:44.617 [ForkJoinPool-1-worker-1] DEBUG org.apache.http.wire - http-outgoing-12 >> "Content-Length: 10[\r][\n]"
16:03:44.617 [ForkJoinPool-1-worker-1] DEBUG org.apache.http.wire - http-outgoing-12 >> "Host: www.w3schools.com[\r][\n]"
16:03:44.617 [ForkJoinPool-1-worker-1] DEBUG org.apache.http.wire - http-outgoing-12 >> "Connection: Keep-Alive[\r][\n]"
16:03:44.617 [ForkJoinPool-1-worker-1] DEBUG org.apache.http.wire - http-outgoing-12 >> "User-Agent: Apache-HttpClient/4.5.12 (Java/1.8.0_251)[\r][\n]"
16:03:44.617 [ForkJoinPool-1-worker-1] DEBUG org.apache.http.wire - http-outgoing-12 >> "Accept-Encoding: gzip,deflate[\r][\n]"
16:03:44.617 [ForkJoinPool-1-worker-1] DEBUG org.apache.http.wire - http-outgoing-12 >> "[\r][\n]"
16:03:44.617 [ForkJoinPool-1-worker-1] DEBUG org.apache.http.wire - http-outgoing-12 >> "Celsius=37"
16:03:44.617 [ForkJoinPool-1-worker-0] DEBUG org.apache.http.wire - http-outgoing-9 << "HTTP/1.1 429 Too Many Requests[\r][\n]"
16:03:44.617 [ForkJoinPool-1-worker-0] DEBUG org.apache.http.wire - http-outgoing-9 << "Content-Encoding: gzip[\r][\n]"
16:03:44.617 [ForkJoinPool-1-worker-0] DEBUG org.apache.http.wire - http-outgoing-9 << "Content-Type: text/html; charset=UTF-8[\r][\n]"
16:03:44.617 [ForkJoinPool-1-worker-0] DEBUG org.apache.http.wire - http-outgoing-9 << "Date: Fri, 05 Feb 2021 10:33:45 GMT[\r][\n]"
16:03:44.617 [ForkJoinPool-1-worker-0] DEBUG org.apache.http.wire - http-outgoing-9 << "Display: staticcontent_sol[\r][\n]"
16:03:44.617 [ForkJoinPool-1-worker-0] DEBUG org.apache.http.wire - http-outgoing-9 << "Expires: Thu, 04 Feb 2021 10:33:45 GMT[\r][\n]"
16:03:44.617 [ForkJoinPool-1-worker-0] DEBUG org.apache.http.wire - http-outgoing-9 << "Host-Header: c2hhcmVkLmJsdWVob3N0LmNvbQ==[\r][\n]"
16:03:44.617 [ForkJoinPool-1-worker-0] DEBUG org.apache.http.wire - http-outgoing-9 << "Pagespeed: off[\r][\n]"
16:03:44.617 [ForkJoinPool-1-worker-0] DEBUG org.apache.http.wire - http-outgoing-9 << "Referrer-Policy: [\r][\n]"
16:03:44.617 [ForkJoinPool-1-worker-0] DEBUG org.apache.http.wire - http-outgoing-9 << "Response: 429[\r][\n]"
16:03:44.617 [ForkJoinPool-1-worker-0] DEBUG org.apache.http.wire - http-outgoing-9 << "Retry-After: 1[\r][\n]"
16:03:44.617 [ForkJoinPool-1-worker-0] DEBUG org.apache.http.wire - http-outgoing-9 << "Server: nginx/1.16.0[\r][\n]"
16:03:44.617 [ForkJoinPool-1-worker-0] DEBUG org.apache.http.wire - http-outgoing-9 << "Vary: Accept-Encoding[\r][\n]"
16:03:44.617 [ForkJoinPool-1-worker-0] DEBUG org.apache.http.wire - http-outgoing-9 << "Vary: Accept-Encoding,Origin[\r][\n]"
16:03:44.617 [ForkJoinPool-1-worker-0] DEBUG org.apache.http.wire - http-outgoing-9 << "X-Ezoic-Cdn: Miss[\r][\n]"
16:03:44.617 [ForkJoinPool-1-worker-0] DEBUG org.apache.http.wire - http-outgoing-9 << "X-Middleton-Display: staticcontent_sol[\r][\n]"
16:03:44.617 [ForkJoinPool-1-worker-0] DEBUG org.apache.http.wire - http-outgoing-9 << "X-Middleton-Response: 429[\r][\n]"
16:03:44.617 [ForkJoinPool-1-worker-0] DEBUG org.apache.http.wire - http-outgoing-9 << "X-Ratelimit-Limit: 60[\r][\n]"
16:03:44.617 [ForkJoinPool-1-worker-0] DEBUG org.apache.http.wire - http-outgoing-9 << "X-Ratelimit-Remaining: 53[\r][\n]"
16:03:44.617 [ForkJoinPool-1-worker-0] DEBUG org.apache.http.wire - http-outgoing-9 << "X-Ratelimit-Reset: 1612521226[\r][\n]"
16:03:44.617 [ForkJoinPool-1-worker-0] DEBUG org.apache.http.wire - http-outgoing-9 << "X-Sol: pub_site[\r][\n]"
16:03:44.617 [ForkJoinPool-1-worker-0] DEBUG org.apache.http.wire - http-outgoing-9 << "Transfer-Encoding: chunked[\r][\n]"
16:03:44.617 [ForkJoinPool-1-worker-0] DEBUG org.apache.http.wire - http-outgoing-9 << "[\r][\n]"
16:03:44.617 [ForkJoinPool-1-worker-0] DEBUG org.apache.http.wire - http-outgoing-9 << "800[\r][\n]"
16:03:44.617 [ForkJoinPool-1-worker-0] DEBUG org.apache.http.wire - http-outgoing-9 << "[0x1f][0x8b][0x8][0x0][0x0][0x0][0x0][0x0][0x0][0xff][0xc4]|[0xfb]r[0xdb]8[0xd2][0xef][0xdf][0xe3][0xa7][0xa0][0xb1]U&9[0xa2]h[0xc9][0x8e][0x9d][0x84][\n]"
16:03:44.617 [ForkJoinPool-1-worker-0] DEBUG org.apache.http.wire - http-outgoing-9 << "[0xed][0xca][0xc4][0xce][0xae][0xcf]f3[0xa9][0xc4]9[{\>,[0x88]lIH([0x82][0x3]@[0xb2]e[[0xef][0xfe][0x15].[0xbc][0x8a][0xb2][0x9d][0xec]|[0xbb][0x9e])[0x89]l[0x0][0xdd][0x8d]F_~[0x0][0xa9][0xbc][0xd9]=[0xfb][0xfd][0xdd][0xe5][0xbf]>[0x9d][31OOv[0xde][0xc8]/+[0xc5][0xd9]4D[0x90][0xa1][0x93][0x1d][0xcb][0xb2][0xac]73[0xc0][0xc9][0xc9][0x9b]9[0x8]l[0xc5]3[0xcc]8[0x88][0x10]-[0xc4][0xa4][0xff][\n]"
16:03:44.617 [ForkJoinPool-1-worker-0] DEBUG org.apache.http.wire - http-outgoing-9 << "[0x9d][0xec][0xbc][0xe1]1#[0xb9][0xb0][0x12],p[0x1f][0xee]x[0xcc][0xe0]6[0xb4]'8[0xe5]`kb<[0xc1]|[0x95][0xc5]Mb[0x8e][0xa7][0xc0]s[0x80][0xa4][0x9f][0xd1]~[0x2][0x13]`'K[0xcc][0xac]([0x82][0xbb]P~<<[0xdc][0xaf]G[0xf2][0xc2][0xe7]b[0xce][0xc3]3,[0xc0][0xcf][0xe8][0x8d][0xe3]j",EXvP[\n]"
16:03:44.617 [ForkJoinPool-1-worker-0] DEBUG org.apache.http.wire - http-outgoing-9 << "[0x94][0xb7][0xf1][0xf7][0xd0]|W<[0x4][0xcc][0xf3][0x14][0xb][0x8][0xdb][0x4][0x9f][0xf0][0xdf][0x19][0x99][0x86]J5[0xdd][0xf4][0xc7][0x2][0x16][0x10]:[0x93]E[0x16][0xb]B3[0xc7][0xbd][0x97][0x8a][0xc5]t[0x91][0x89]p[0xe0][0x91],f[0xf2]K[0xc0][0x9c][0x87]W[0xd7][0x9e] s8[0x83][0x14][0xaf][0xde][0x13][0x6][0x89][0xe6][0xe3][0xcd][0xf2][0x8b][0xa2]=[0xad].q[0x9a][0xd2][0x9b][0xf][0x14]'[0xa1]`[0xb][0x18]I[0xae]t[0xfc]-[0xbc][0x97][0x92][0x82]R\[0x86][0xe7][0xe0][0xc9][0xbb][0x8f][0xf2]"[0xc7][0xc][0xcf]A[0x0][0xe3][0x1e][0xe1][0xbf][0xa5]4[0xfe][0xee][0x8d][0xe5]'$[0xbf][0xad][0xbc][0x4]R[0x10][0xf0][0xcf][0x19]d[0xef][0xe8]<[0x97][0xd7]^[0xce]h[0xc][0x90]\L[0xce][0x19][0xa3]L[0xab][0xce]![0x9d][0x84]bF[0xf8]H~[0xf8]R@(?[0xf4]m!*,.4[0xb9][0x12][0x1c][0xd6].[0xc3]0[[0xa4][0xe9][0xa9][0xfc][0x8][0x9c][0x8a]n[0x91][0x8c][0xb][0x9c][0xc5]@'[0xd6][[0xc6][0xf0][0xca]=[0xad][0x1a][0x83][0xab][0xea][0xfa]Z37S[0x9][0xcd][0xb7]&[0x96][0xf3][\n]"
16:03:44.617 [ForkJoinPool-1-worker-0] DEBUG org.apache.http.wire - http-outgoing-9 << "[0xcb]+[0xdd][0xb0]9[0xcd]p[0x93]T0V[0xf3]6[0xcb]iH[0xe5][0xa8][0x6][0xf5]"#[0x82][0xe0][0x94][0xdc][0x15][0xab]f[0xe6][0xdd]0`[0xd8][0xbc]-[0xc6]^[0x16][0x8b][0xbe]1[0x92][0xf3][0xb0][0xe6]8)[0x9d]:[0xc8][0xf7]}K[0xd2][0xac][0xd0]B=iww$W[0xa4][0xa5][0x82]r[0x9]C/[0x15]V[0xc4][0x6][0x13][0x1f][0xe7]y[0xba][\n]"
16:03:44.617 [ForkJoinPool-1-worker-0] DEBUG org.apache.http.wire - http-outgoing-9 << "JNr}%[0x9d][0x87]jl[0xb1][0x86]>[0xcf]S"[0x1c][0xdb][0xb7][0xab].j[0xe9]Fd[0xa2]<[0x9b][0xfb])dS1;9t[0xef][0xd7][0x90]r[0xb0]Z[\r]a[0x18][0x1e][0xba][0xca]5[0xc3][0x1b][0x92]%[0xf4][0xe6]J[0xb5]^[\r][0xae][0xaf][0xcd][0xd5][0xb0][0xbc]:[0xb8][0xbe][0x1e]mcr[0xf0]$[0x13]=[0xb4][0xd1][0xab]1[0x97][0xeb][0xd1]z[0x87]L[0x1c][0xb1][0xca][0xa5]{I[0xea]n[0x18][0xda][0x8b],[0x81][0x9][0xc9] [0xb1][0xf7][0xf6][0xc]M[0xce]OK[0xd3]Vr$[0xc1]ky[0xb3][0xab][0xb9])[0x9][0x1d][0x8e][0x15]*[0x9b][0xbb][0xba][0xc5]RQ~[0x95])%[0x8a]A[0x85][0xef][0x9a][0x9e]z[0x8d][0xfb][0xf2][0xcf]zo[0x9f][0xc9][0x95]Q[0xdd][0xf4][0xf2][0x18][0x9f]x[0x9b][0xa6][0x8e];Z[0xaf][0xd7][0xde][0x84][0xa4][0xd0][0x8a][0xf5][0x1c][0x8b]YGp[0xab][0x9c][0xe9][0xa9][0xcc][0xf8][0x13]Q-[0x99][0x86][0xf2]C[0xdf][0xea][0x4][0xac]>[0x8b][0x98][0x9a][0x0][0xb][0xd5][0xe7][0xcf][0x84][0xe4][0xd6][0xf0]yv[0x0][0xfe][0xa9]q[0xb6]-[0x9e][0xaa][0xd0]!)[0xd4][0xe2]O[0xd9]/faB[0xe3][0xc5][0x1c]2[0xe1][0xc7][0xc][0xb0][0x80][0xf3][0x14][0xe4][0x9d]c[0xeb][0x8a]b[0xbb]#[0x1e]3[0x9f][0xb3]X[[0x92]L[0x1c]mG[0xb3][0xf4][0xb2]Q[0x13][0x94][0xb0]"[0x0][0xb4]ik}4A[0x7]x[0xcc]|[0x9a][0x81]6Q+Oh[0x1f]:[0xff][0xfc]y[0xc3][0x8b][0xcc][0xf4][0xb4][0xa5][0x14][0x9f]m[0xce][0xd8][0xf2]7#[0x8f][0x1]NV\`[0x1][0xf1][0xc]gS[0x8]59[0x95][0xa5][0xa8]U[0xe6]T/[0xd5][0xae][0x6]}[0x91][0xb7][0xa3]G][0x9c]L[0x1c]gW[\r]{x[0xd8][0x97],!y[0x88][0xcd][0x82][0xef][0xfb][0x2][0xb8]pT[0xab][0xeb][0x96][0xeb][0xd4][0xcc]o[0xcf][0x9c][0xcb]zT[0xae][0xd6][0x14][0x84]Y*[0xfe][0xdb][0xea][0x12]Oe[0x96]pl[0x9]Rl[0xf7]jp-[0xa3][0x1f][0xb2][0xe4][0xdd][0x8c][0xa4][0x89][0xc3]c[0xa6]G[0x17][0x13][0xb5]HF[0x84][0xe3][0xde][0xeb]T[0xe3][0xe3]$9_B&>[0x10]. [0x3][0xe6] 9[0x7][0xe4]5[0xbc]KHG[0xa4][0xb]Q[0x7][0x5][0xad][0xc2]_[0xfa][0x9b]}yv[0xfe][0xe1][0xed][0xbf],e/[0xbb][0x9d][0x2][0xbc][0xa3][0xc1]` [0xbf][0x95]C[0xcb]dT[0xea][0x85][0x93][0xe4]=I[0xe1]'[0x93][0x82][0x97]3B[0x19][0x11]+[0xbd][0x8e]2s[0x85][0x19][0xdc]H[0x84][0xe1]O~[0x9e][0xad]Z[0xdf][0x82]u[0xb9]4[0x6][0xdf][0xe8][0xcc][0x18]JY:[0x87][0xa7][0x9b][0xf4][0x1d][0xd2][0xa2][0x8c][0xe2][0x19][0xc4][0xdf]/&[0xbf]i[0xe9][0x8e][0xa4]5[0xec][0xc0]A[0x94]H[0xc9][0xe1] [0x4][0x1d]S[0x9a][0xba][0xf7][0x15]|*[0x89]-[0xeb]-[0xb2][0xb8][0x82]O[0x8f]C'[0xbc][0x10][0xf4]B[0xcd][0xf9][0x9][0x8]U[0xb3][0xab][0x8c]]]>&#x7f;<![CDATA[=[0xac]0D[0x99]t{(B=[0x9][\r]{[0xbd][0xd1][0xa6][0xf9]]]>&#x7f;<![CDATA[@[0xaf][0xa7]![0xdd]]]>&#x7f;<![CDATA[~Ap[0x92]\V[0xce]^w[0xa5][0xa7]}M[0xe3][0xe1][0xab]ks[0xa1]?[0x95][0xce]#9[0xac][0x91][0xe3][0xcb][0x10]R[0x16][0xb5]-[0x99][0xb8][0xed][0x9e]m[0xbd][0xbf][0xf8]p[0xbe]k[0xe9][0xb0][0xb2][0xdd][0xd1][0xe6][0x9c]F[0xff][0xde][0x94][0xb6]-O[0xd7][0xec][0xb6].e9Q9[0x8b][0x1f][0x9e][0xe1][0xd7][0x8f][0xef]./~[0xff][0xf8]'[0xcf][0xb2][0xab]]z[0xb1]q[0xbb][0x82]d[0xbc][0xe8][0xe1][0xa1][0x8a]0]o][0x6]b[0xc1]2=[0xf][0x93][0xc7][0x9c][0x86][0x84][0x16]'[0xc5][0xbc]=i[0xcd]}o[0xaf][0x95]0[0xb][0x19][0xaa][0xf8][0xa9]A:[0x90],[0x13][0xc]Vh]^[0xfc][0xe3][0xdc]R[0x6][0xd9]E[0xee]H+c)[0x1b]*[0xc][0xa7][0x6][0x95][0xa1][0xb3][0xb9][0x7][0xb9][0x9f]P[0xe6][0xa8]%[0xc][0x7]#[0xf2][0xa6][0xd9][0xdd] [0xd4][0x11][0xe9][0xf5][0xf4]:[0x8f]5[0xfc]it[0xba]"[\n]"
16:03:44.617 [ForkJoinPool-1-worker-0] DEBUG org.apache.http.wire - http-outgoing-9 << "[0xf7])[0xc3][0xfb]3[0xcc]]]>&#x7f;<![CDATA[[0xbf][0xc9]>1[0x9a][0x3][0x13]+Gur[0x9f]3[\r][0xd4][0xd3]}[0x9b]3([0xe0]Be[0xdc][\n]"
16:03:44.617 [ForkJoinPool-1-worker-0] DEBUG org.apache.http.wire - http-outgoing-9 << "[\r][0x15]&[0xd3]+[0xae]F_[0x97][0x0][0xa0][0x88]y[0xc3]M#[0xa3][0x6][0xbb][0xda][0x90][0x1a][0xb0][0xfd]I=[0xd7][0xeb][0x9d][0xa6][0xa4]j[0xf5]%[0xab]9[0x9f]j[0xfb][0xcd][0x18]L[0xc]~[0xf7]S[0x1a]c[0xd9][0xc3][0x97]D[0x95][0x10][0x19]LU[0x10]}[0x86][0xe9][0xf9]m[0xee][0xd8]W[0xa7]{[0xd7]p[0xf7]G[0xe8]\[0xfd][0xff][0xbd][0xbf]\[0xff][0xea][0xda][0x9e]M[0xcc]^[0x85][0xb]F[0xb2]i[0xc8]`[0xea][0xc3]-[0xc4][0x8e][0xe4][0xe1][0x1a]&<[0xd4][0xad][0xa7][0xfa][0xeb]jx[0x1d][0x14][0xbb][0x1a][0xd9][0x18][0x86]h[0x88][0xdc][0x98]f[0x9c][0xa6][0xe0]'0^h[0x5][0xeb]J[0xd7][0xeb][0xf1][0xbd][0xda][0xd5][0xf7]zr[0xbc][0xba]<9[0x18][0xc][\n]"
16:03:44.617 [ForkJoinPool-1-worker-0] DEBUG org.apache.http.wire - http-outgoing-9 << "[0xaf]W[0xa8]'[0x5]askJQY[0xc8]UX:&[0xe1][0xb6][0xa8]iA[0xdd][0x94]g:[0x10].j~i[0x91][0xcc][0xd2]$2Qmm'#[0x95][0x83][0xc5]4[0x13]$3[0xe7][0x6]*)[0xc9][0x1]5[0xf]m[0xae][0xb6][0x8e][0xe8]V|><[0x98][0x8e]u[0xa4]\[0xf6][0xd5]MM'[0xab]x7[0xe9]M/[0xb2][0x3]KaZ[0xdb]m[0xba][0xf5][0x86]F[0x1d][0x3][0xb][0xac]h[0xe1]TA[0xce]M[0x1e][0x9b][0xca]v[0xb0]!U[0xa7][0x1a]'][0x5][0xdb][0xf9]k[0xbd][0xde][0xd1] [0xd0]x[0xfa][0xbd][0x81]^[0x81][0xf9][0xf6]p[0x92][0x94][0xd5].h[0x97]?[0xcf]@[0x8d][0xc0]|W[0xbd][\r][0xb1]QY[0xf4]IQ[0xa0]>[0xbd][0xca][0xf7][0x82][0xea][0xd2][0xab][0x3][0x9e][0xa0]~[0xb3][0x1e][0xad][0xdd][0xda][0x81][0x97][0xc4][0xaa][0x15]^[0x7]Ox[0x99]{[0xf][0x1b][0x8][0xf6]t[0x93][0xe4][0x8]/[0xf3]v[0x87]n[0x0]>[0x16][0x2][0xc7]3[0xd5]z[0xda][0xb8]s[0x10][0xcd]PO[0xf2][0xc][0xe0]J__[0x87][0x99][0xe3][0xae][0xbd]R>[0x83]9]B[0x87][\n]"
16:03:44.617 [ForkJoinPool-1-worker-0] DEBUG org.apache.http.wire - http-outgoing-9 << "[0xba][0xa1][0xad]E[0x7][0xb5][0xa6]H[0x2]uEjw5E[0xcc]6[0xbc][0xd4][0xa7]q[0xe0][0xd7]2[0x87][0xce]Bb[0xdb][0x9e][0xe][0xe9]A[0xc8][0x1d][0x9][0xb5][0xa3][0x3]O[0x98][0xcd][0xdb][0xee][0xc0][0x13][0xbe]X[0xe5][0x10]"[0x1][0xb7]b[0xff][0x1b]^b[0xd3][0xd9]{|[0xcb][0x81][0xe4][0x96][0x3]ml9[0x84][0xbb][0xae][0x9d]$[0xfa][0x5][0xae][0xb7][0xf7][0x13][0x10][0x8c][0x12][0x11][0xcf]H[0x8c][0xa7]t]]>&#x7f;<![CDATA[L[0x9][0x7][0xff][0x1b][0xb7]=kk[0xdb][0xe9]4[0x1e][0x87][0xc3][0xd7][0x7][0xfd][0xe3]=ya{:[0xb]{[0xd6][0xd5][0xb5][0xa7][0x12]tI[0xa8][0xdd][0x18][0x97]Ihu([0xfa][0x84]*s[0x98][0xe7]ro[0xdd][0xad]L[0xd5][0xda]T[0xe7][0xe0][0x87][0xd4]yJ[0x5][0x92]e[0x80]s[0x9a]nW[0xa3][0xd1][0xe3][0xdf][0xb1][0xcc][0x12][0xf2][0x8d][0x3][0xde][0x9c][0xdc]B[0xaa][0xce]i[0xf3][0xdb][0xaf][0x9f]?[0x84][0xa8]-~[0xca]p[0xe][0x13][0xb6] [0xc2][0x9f][0x92][0x9][0xaa]6[0x94]o[0x93][0xe4][0x93][0x1c][0xec],/[0xce]<[0xc5][0xe6][0xc][0xb][0xac]rg[0xb1][0xe]>[0xe1]g[0xfa][0xb8]Jvr[0xf7][0xf6]j[\r][0xff][0x17][0xa7]$q[0xaa]q[0xee][0xbd]V[0xc5][0xcf][0x17]|[0xe6][0xdc]K[0xcf][0xc][0xec]%I[0x80][0xda][0x9e][0xfa][0x8a][0xc8]<g[0xc0]9[0xa1]YD[0x92]@JM[0xe8][0x1c][0x13]uW2[0x9e][0x82]8[0xbb]8s\OD[0x90][0xd3]x[0xd6]h9[0x97][0x14]g[0xe0]z[0x9][0x16][0xb8]j[0x91]w[0x97][0xf4][0x8b]`5u[0xd6]2aV[0xe5]L[0x82]7G[0xcd][0xcd][0x1c][0xc8][0x95]![0xb2]$[0x9c][0x8c]IJ[0x84]>5h[0x1f][0xd2]m[0xeb]'[0x8b]v[0xce][0x80]A[0x96][0x0]C[0x5][0xac][0xd1][0x8][\r][\n]"
16:03:44.617 [ForkJoinPool-1-worker-0] DEBUG org.apache.http.wire - http-outgoing-9 << "800[\r][\n]"
16:03:44.617 [ForkJoinPool-1-worker-0] DEBUG org.apache.http.wire - http-outgoing-9 << "[0xaf][0xc3]|[0xda]6[0xee][0xde][0x9e]1[0x92]9[0xc6][0x1c][0xb8][0xf7]73[0xe9]W[0x1b]d[0xb9][0xb6][0xdf][0xc2]#Y%[0xbf][0x9d]4Z[0xdd][0xfb]oa[0x83]0Z[0xef](OX[0xf0][0xd9]'[0xed][\r][0xa6][0x99][0xe7])[0x89][0xc1][0x19]x[0xdf][0xdc][0x91]#a[0xcc][0xc5][0x1c]O[0xc1]q][0x95]J[0xea][0x86][0xfd][0xfa][0xf9][0x83][0xa3][0xfc][0xc7][0xed][0xa1]S[0xca][0xc8]4D=[0xa7][0xf3][0x89][0x83][0xae]d[0xa7][0xc3]`[0xe0][0xf6][0xd0][0xde]2D[0xbd][0xb1][0xa0][0xd8][0xf9]?_~[0xff][0xe8]ktC&+[0xa7][0xd2][0xc5]U[0xeb]Pz[0xe9][0xa8][0x80]e[0xf7]o[0x93]$(\[0xd0][0x93][0xcb][0x13][0xc8][0xf]S;[0xde][0xec][0xeb]Tv[0xf2][0xe7]=[0xa6]Q[0xb3][0xc9]!}F[0x4][0xe5][0x94][0xe5]2[0x91][0xe1]L[0xec]c6_m[0x6][0xce][0xdb],[0x91][0xda][0xea][0xf8][0xc1][0xc9][0x97][0x94][0x8a]z[0x8][0x95][0xa1][0xd5]n[0xf2][0x6][0xc5]]]>&#x7f;<![CDATA[[0xee]H[0xbb]d[0x1d]sU[0x8c][0xa5][0xa9][0xff][\r][0xe6]f#[0xb7])[0xe1][0xaf] [0xde]-[0x18][0x83]L[0xe8][0xd5]qJ<[0xae][0xad][0xd0][0xd2]f[0x8b][0x1c][0x6]K[0xc8][0x16][0xe0][0x1][0x17]Qq=&I4I)e[0xd1][0x84][0xa4])$5B[0xce]`[0xe9]q[0x81]E[0xc4][0xe9][0x82][0xc5][0x10][0x91][0xc4][0xd3][0xde][0xa4][0x2]r[0xb7]#\[0xb4]H[0xf7][0xe1][0xa1][0xd6][0xf6]6[5[0x9b][0xa5][0xe3][0xca]oS[0xe1].[0x12][0xcf][0xd0]K[0x82][n[0x1f][0xca][0xf0][0x94]+[0x8e][0x93]([0xa7][0x9c][0x8][0x9d][0x89][0xc2][0x1c]3[0xe][0x17][0x99]p[0xea][0x11]q[0x89][0xd9][0x14][0x4][0xc9][0xa6][0xc5][0xf4]m[0x9c][0xdb][0xae][0x6][0xf4]d[0x9e]_$[0x8d][0xf8][0x91]=..[0xce][\n]"
16:03:44.617 [ForkJoinPool-1-worker-0] DEBUG org.apache.http.wire - http-outgoing-9 << "[0xbd]=[0x9c]|[0xcd][0x88]hty[0xab]H[0x5]73[0xff][0x91]~F[0xa7][0xf8]=O[\r]${[0x93][0x4][0x19]UR[0x92][0x81][0xc4][0xe8][0x17]I8[0xd0][0xcc]$| K([0x9]pG[0xe6]r[0xd5]B[0x99]?[0xcd]u[0xa1][0xe7][0xa8][0xca][0x87]e[0xb7][0xd0][0xa6][0xe3]o[0x10][0xb][-NA[0xf6][0xb][0xbe][0x11]Iv[0xc3][0xb0][0xcc][0x90][0xee]}M`Wg[0x9d][0x11][0xcb][0x16][0xa9]o$Q[0xe5][0x6][0x9f][0xda]L:{[0xcb]4[0xd2][0x9d][[0xd5]r[0x18][0x93][0xff]x[0x8d]BUYB^[0xb3]Di[0xc6][0x8f][0x15][0xa9]EFD[0xa0]%?^[0xb0]L[0x98][0x4][0x1d][0xa1][0x13][0xd4][0xc3][0xa8][0xe6][0x9a]A[0xd3]Me[0x13]'w[0x10] [0xb4][0x11]l[0xc1][0x13][0xd1][0x17]<[0x1a][0x8c]A+6[0xd5][0x96][0x92][0xad][0xa2][0x98]&[0xd0][0x98][0xcd][0xbb]w[0x8e][0xeb][0xc9][0xd4][0xba]$p[0xd3]6[0xc8]'C[0xbf]H[0x1c][0xd7][0x93]N*;h[0xd7][0xf6][0xea][0xeb][0x18]T[0xb][0xed][0xd5][0xfc]$[0xa8][0xfc][0xe8][0x19][0xd5][0xdd]#<[0x92]e*[0xd0]qd[0xf2]D[0xab]Vy-[0xc]P$[0xb4][0xdf]V[0x17][0xca]i[0xde]/[0xd2][0xf4]"[0xa9][0xe5][0xb5]")[0xc9][0xb0]Y[0xe2][0x94][0x87]e[0xa7][0xe2][0xc1][0xe4][0xbe][0xad]b[0xa6][0xdb][0x9]uWwoO[0x8e][0xad]=[0x8f]|[0xc2]%uFR[0xf9]B[0xe][0xbc][0x1a]\{:[0xc1][0xa8][0xbb][0x83][0xeb][0xd1]]]>&#x7f;<![CDATA[[0xcb]g[0x9f][0xb5][0xd2]]]>&#x7f;<![CDATA[[0xd2]Z[0xfd][0x87][0xe1]ZqB[0xf8][0x83]XM-U[0x9a][0x1a][0x94]ue[0xda]'$[0x15][0xc0]*X[0xa1][0xc8][0xcd][0xc2][0xea][0x1b][0x1b][0xac]][0xef]9[0x83]v[[0x83][0xae]G[0xa5]T]]>&#x7f;<![CDATA[B[0xd9]9[0x8e]g[0xad][0x91][0xfc]Q i[0xb0][0x9b]n[0x93][0xfb]>[0xc3][0xf9][0xe1]A[0x1f][0x8e][0xfd][0xd9]`[0xb3][0x84]U[0x12]O=[0x89]3;[0x91]%[0x17][0xfc]9[0xd8][0xb2][0xf2][0x10]s[0x86]G[0xf8][0xdb]y[0xde][0xf6][\n]"
16:03:44.617 [ForkJoinPool-1-worker-0] DEBUG org.apache.http.wire - http-outgoing-9 << "E[0xdc][0xdb]k[0xf6][0x8c][0xe0][0xe][0xff][0xd1][0xee][0xa9][0x88][0xed][0xe3],T[0x86][0x13]*J[0xc8][0xd7][0xcf][0x1f]z![0xda][0x93]^&[0xa2][0xc5][0x82]$![0xea][0xa9][0xb1]WvE[0xb3]%[0xdc][0xdd][0x4][0xde][0x5][0x83][0xd1]z[0xed]6[0xa1]q[0xe9][0xff][0x1d][0xb5][0xba][0x16][0xc][0x91],[0x90]Q[0x12][0x86][0xa8]T[0x1d]5[0xf]V[0xb][0x9c]#[0x83]\[0xbd]%[0xb3][0x89]D>a1+x[0xd7][0xd2][0x9b][0x9f][0xd3][0xdc][0xa9][0xdb][0xb5][0x14]V[0x2][0x3]e%Ik[0xdb][0xa9][0x92][0xe7][0x96][0xea][0x98][0xae]WU[0x9b][0x9a][0xa8]9J[0x94][0x8d]]]>&#x7f;<![CDATA[[0x87][0x95]E[0xca][0x8e]%[0xea][0xf8];[0xac]6[0xd4][\n]"
16:03:44.617 [ForkJoinPool-1-worker-0] DEBUG org.apache.http.wire - http-outgoing-9 << "[0xc3][0xb0]&[0xa3]-[0xc2][0x8c][0xba][0x1e]m[0x9e][0xfd]v[0xed]9*[0xb4][0x1d][0xb4][0x10][0xbd][0xd7][0x4][0xe2]A[0x7].[0x97]]d[0x1d][0x9][0xea]E[0xa5][0xda][0xc6]x]]>&#x7f;<![CDATA[[0x5][0x83][0xb0][0x83]6[0xe4][0xf6][0xea][0xc7]cO[0x1c].0[0x9c][0x2][0x99][0xce][0xb6][0x1c],T[0xad][0xff][0x8b][0xe7][0x1b][0x2][0xcf]s[0xbc]E[0x81][0xa2][0xed]'[0xcf]4[0xca]M^[0xf7][0xcb]xHuCV[0xf7][0x19]Ws[0xf3]g[0xfa][0xea]w[0xf1]d[0x18]Z[0xa1]u[0x8f]p[0x12][0xc5]8[0x9e]A[0x94][0xc2][0x12]R[0x14][0xc]<E[0x92][0xf0]&[0xc2][0xc9][0xb7][0x5][0x17][0xb2]T[0x14][0xf4][0x14][0xdf][0xad]R[0x8a][0x93]h[0x9]LU[0xd6][0x82]n[0x9e][\n]"
16:03:44.617 [ForkJoinPool-1-worker-0] DEBUG org.apache.http.wire - http-outgoing-9 << "D$[0xe1]H[0xa2]/I[0x14][0xc]g|B[0xd9][0xbc][0xc1][0xfb]6*[0xf8]+[0xc2][0x98]$[0x9][0xb0]h[0xe]bF[0x13][0x14][0xc]KJ)[0xe1][0xd0]C1[0x11]+[0x14][0xa0][0x8f][0x94]$[0x18]Ix[0xaf][0xc0][0x17][\n]"
16:03:44.617 [ForkJoinPool-1-worker-0] DEBUG org.apache.http.wire - http-outgoing-9 << "[0xd0][0xc5]G[0xe4][0xa1][0x4][0xaf]x[0xc4]I[0x16]C[0x94]b."[0x95]\P[0xd0][0x1f]z(!<O[0xf1][0xaa])[0xb2][0xca]T[0xc1][0xf0][0xf0][0xf0][0xf8][0xe5][0xb][0xf]%<[0xc2][0x89]D[0x8e][0x11][0xcd][0x85]j[0x91][0xa3]![0x9b][0xe2])$[0x91] s([0xb8][0xe]<[0x4]w[\r][0x8b][\r]+[\n]"
16:03:44.617 [ForkJoinPool-1-worker-0] DEBUG org.apache.http.wire - http-outgoing-9 << "[0xff]Nr[0x5][0x9]Q[0xf0][0xca]Cj[0xea][0x13][0x1c][0xb][0xca][0xb4]0[0xf]M[0x18][0x9e][0xc3][\r]e[0xdf][0xb][0xc2][0xc][0xf3]h[0x8c][0x93][0x88][0xc8][0xe4][0xa7][0xb8][0x17][0x94][0x1b][0xca][0xa4]-[0x7][0x1e]"x[0x1c][0xc5]X[0xc0][0x94][0xaa]9#[0xf][0x11][0x1e]M[0x18][0x9d]G[0xc]b:[0x9f][0xcb]z[0x9d]Dj;[0x8f][0x2][0xed]D[0xb2][0x87][0x8e]g[0xad]7e[0xf5][0x16]N[0x84][0xde][0xf9]+[0xf6][0xca]frt[0xa4]^[0x8f]P[0x2]J[0x9a][0xc1]6[0x86]*6|e[0x8e][0xe5]zj=[0xe7][0xd2][0xf3][0xcd][0xf4][0x7][0x1e][0xa2][0xb9] sr[0xa7][0xfd][0xa2]\[0xcd][0xa1][0x87][0x94][0xac][0x1a]p7[0x1e][0xa3][0xc8]J^[0xb5]T[0x15]M[0xe9]0[0x1c][0xbf]|[0xf5][\n]"
16:03:44.617 [ForkJoinPool-1-worker-0] DEBUG org.apache.http.wire - http-outgoing-9 << "[0xc6][0xaf][0xfa][0x90]$[0x83][0xfe][0x8b][0xc3][0xc1][0xab][0xfe][0xf1][0xc1][0x0][0xf7][0x7][0x83][0xa3][0x83][0xc1][0x8b][0xc9][0xcb][0xc3][0xf8]@[0xfa]G[0xb9]#[0xe0][0x90]Bl[0xfc]R[0xf3][0xa3]\[0xe0][0xd4][0xe8][0x88][0x86][0xc3][0xc1][0xe0][0xf5]P[0xe]XFro!j[0x92][0x19][0xf0][0x9c]f[0x1c]"[0xed][0x15][0x8c]L[0x9b]d[0xe5][0x13][0x9a][0xfc][0xfa][0xf0][0x95][0x87]8[0xb0]%0[0xad][0xe5][0xa1]]]>&#x7f;<![CDATA[px[0xe4][0x1f][0xbc]8[0xf4][0x87]/_[0x6][0xc3][0x17]/^[0x1c] [0xf][0xa9]WeP[0x80][0xbe]~[0x92]7[0x8b]q[0xb4][0xc5][0xe][0x6]o[0xa2]`x<<8:[0x18][0x1e][0x1c][0xbc][0xf0]P[0x1][0x5][0x8b][0x89]h[0xf1][0x99]Z[0xca][0x9a]k.X[0x8a][0x2]4[0x13]"[0xf][0xf6][0xf7][0x93][0xc5]|[0xbe][0xf2][0x19]p[0x81]s[0x2][0xb7]x[0x9e][0xa7][0xe0][0xc7]t[0xbe][0x8f]s[0xb2][0xbf][0x1c][0xee][0xeb]St[0xe4][0xa1][0x5][0x7]V0[0x96]nW3[0xc3][\r]e\[0x94][0xfe]X.[0xfc]zd[0xb2][0x88],*Vh[0xa9]'uEb[0x11]*[0xb1]tD[0xd9]s[0x2][0xa2]t[0xba]D[[0xeb]`p0[0xec][0xf][0xe][0xfa][0x83]#Tk[0xfc][0x11]oh[0x9b][0xee][0xe7]lT![0x16][0x14][0xa0][0xa3]c8[0x98][0xc][0x8e][0x8e][0xfb][0x83][0x97][0xaf]_[0xf5]_[0x1c]O[0x86][0xfd][0xe3][0xf1][0xcb][0xa4][0x9f][0xbc]z=[0x0]x[0xf9][0xf2][0xf5][0xd1][0xf0][0x10][0xad]]]>&#x7f;<![CDATA[[0xe4][0x84]n[0xf3]0[0xae][0xfb][0xe4][0xae];[0xd1][0x9f]tU[0xa9]1[0xce][0xa6][0xc0][0x8a][0xb2]T?[0xaf]+[N[0xcb][0x9a]4^[0x86][0xaf][0x8f][0xf7][0x96][0xe1][0xe1][0xeb]=[0xb9]u[0xf9]"U[0x9][0xe9]db[0x17][0xf5]h[0xa3]L[0xd5][0xaa][0xd5][0xb3][0xcb]Tg=[0xaa][0x9f]5[0x92][0x89][0x83][0x8a][$[0xd1]n[0x3][0x8d][0xbe][pA[0xe7][0xea]I[0x92][0xd9][0x9d][0xec][0xe]G[0x9b]m[0xd5][0x93][0xa3][0xd8][0xc3][0xee]=[0xe][0xf1][0xc3][0xc3][0xfd]x1[0x1e][0xa7][0xc0][0x83][0xdd][0xa1][0x17][0xe3],[0x86][0x14][0x8f]S[0x90]w[0x9][0x8]LR[0xf5][0xac]Y{[0xf5]x[0xe3]9[0x93]~tU[0x93][0x80][0xdc][0xd1][0xd8]'[0x19][0x11]5[0x9a][0x14][0xe6][0x1b])[0x1e][0xf6]+![0x1e][0xf6][0xb5][0x8c][0xf2][0xe9][0xfb]x[0xfd][0x8c][0x3][0xdc]Gm[0xf6],T[0xb2]H[0xf9]VTb[0xda][0x9a][0xa8][0xe4][0xe8][0xc7]Q[0x89]e[0xfe][0xca][0xb][0xfd]S[0x2][0xf5][0xf6][0x14][0x92][0xa1][0x9a]S&[0x90][0x15][0xd3]L[0xc8][0x95]A7$[0x11][0xb3]0[0x81]%[0x89][0xa1][0xaf]n[0xbc][0xe2][0xf9]n[0x9f][0xc7]8[0x85]p[0x88]Nv*n[0x82][0x88][0x14]N.)[0xb5][0xfe][0x81][0xb3][0x95][0xf5][0x19][0xfe]X[0x0][0x17][0xfc][0xcd][0xbe]n[0xa8][0xf5][0xdc][0xed][0xf7][0xad][0xf7]4[0x13][0xdc][0xea][0xf7]+[0xbd][0xde][0xa4]$[0xfb]n1HC[0x94]d[0xbc][0x9f]3[0x98][0x80][0x88]gH[0xbf][0xd3][0x80][0xf6][0xf7]'r[0x88]?[0x95][0xc9][0x99][0xc4]2[0xf2]Q{[0xb0][0xee])[0xf3][0x5][0xf][0xca][0xfe][0x94]NS[0xc0]9[0xe1]*Y[0xc4][0x9c][0x9f]N[0xf0][0x9c][0xa4][0xab][0xf0][0xe3]"#[0x82]"-[0x92][0x8b]U[\n]"
16:03:44.617 [ForkJoinPool-1-worker-0] DEBUG org.apache.http.wire - http-outgoing-9 << "|[0x6] P[[0xd5]/[0xaa][0xa9][0xa9][0xab][0xea]^[0xdd][0xcb][0xbf][0x99][0x98][0xa7][0x9e]5[0xa6][0xc9][0xca][0xba]o4[0xc8][0xbf]1[0x8e][0xbf]O[0x19]]dI?[0xa6])e[0x81][0xf5][0x97][0xc9]d2[0xda][0xe8]W4[0x1e][0x1f][0x1e][0x8f][0x8f];[0xda][0xe5][0x9c][0xfa]Z[0xff][0xc0][0xb2][0xf5][0xc]l[0xcf][0xe2]8[0xe3]}[0xe][0x8c]l[0x1b]r#[0xa1][0xb5][0x8][0xac][0xe1]`[0xb0][0xd9]cV5.g[0x9b][0xcd]s[0xcc][0xa6]$[0xb][0xac][0xd6][0xc8][0xf5]N[0xe3][0xd6][0x9f],[0xd2][0xb4][0xaf]Yu[0x18][\r][\n]"
16:03:44.617 [ForkJoinPool-1-worker-0] DEBUG org.apache.http.wire - http-outgoing-9 << "510[\r][\n]"
16:03:44.617 [ForkJoinPool-1-worker-0] DEBUG org.apache.http.wire - http-outgoing-9 << "[0xe0][0x11][0x19][0x1b][0x8c]R[0xb8][0xed][0xc7][0x90][0x9]`[0x1d][0x8c]pJ[0xa6]Y_?[0xcf][0xb7]t[0xaf]M[0x95][\r][0x98][0xc],[0xc9]k[0xb3]Ybe2Y[0xf5][0x8d][0xaf]w[0xf3]i[0xab]U[0xd4][0xfe]>[0x83]I[0x87]^[0xe5]9[0xa7][0xf4]'u[0xf4][0xf7]8;[0x9]l[0xba][0x1c][0x85][0xb2][0x4]X[0x9f]ik[0x1d][0xe4][0xb7][0x16][0xa7])I[0xb6],[0xab]:A[0xb5][0xe][0x8e][0xf3][0x8e]I[0xe6]8IH6[\r][0xac][0x81]5<[0xca]o[0xcd][0xd7]f?Y[0xa1][0xfa][0xca][0xaa][0xcf][0xb3][0xc3][0x1c]8[0xc7][0xd3].[0xdd]k*[\r]_[0xfd][0x9c][0xa8][0xe2][0xea][0xcd]~-[0xc2][0x8a][0xa4][0xbb][0xa5][0xa2][0xea][0x9d]7][0x10][0xf5][0xfa][0xd4][0x10][0xd5][0xb2][0xf5][0x18]s[0xa8]e[0x85][0xe7][0xa3][0x88][0x93][0x86]L[0xbb]%[0xd3]>[0xd9]1B/[\r]b[0xb1]B[0xcb][0xce][0x17]c[\r][0xf2]2[0x8a][0x13]n[0x8f]v[0xea][0x8f]#[0xb4]z[0xa1]U;[0x9e]qw[0xb4][0x9][0x1b][0xfa][0xdb][0x19][0xcd][0xc0][0x1e][0xed][0xac][0xb][0x9][0xef])[0x9b]k &[[0x87][0xf6][0xa8]h[0x88][0xc0][0xbc][\n]"
16:03:44.617 [ForkJoinPool-1-worker-0] DEBUG org.apache.http.wire - http-outgoing-9 << "[0x11][0x9][0x1a][0xa9][0x97][0xc][0xad]P[0xbf]s[0xe7][0xb8][0xa3][0x9d][0xca][0x6]*[0x85]][0xbe][0xfd]|i[0x9d][0xff][0xbf][0xbf][0x9d][0xbf]=S[0x89][0xec][0xe9]-[0xea][0x96]9s[0x1a]G8[0xcf]#[0xad][0xec][0xc0][0xa8][0x93][0xa8][[\r][0x1e][0xb][0x5]5[0xaa][0x94][0xbd]6[0xad]][0xcd][0x82][0xc4]_[0x0][0xb3]x&[0xcb][0xaf]dQ[0xd3]|G[0xaa]~[0xff][0xed][0x8f][0x5][0xb0][0xd5]Z)-[0xa7]r[0xfe][0xf1][0xec][0xc9][0x89][0xfc]<^[0xdb][0x98][0xb5][0xa5][0xfc]0[0xb4][0x8b][0x8c][0xa2][0x96][0xe7]d[0xa7][0xab][0xaa]K[0xda]$[0x82];[0xca][0x17]d[\n]"
16:03:44.617 [ForkJoinPool-1-worker-0] DEBUG org.apache.http.wire - http-outgoing-9 << "[0x19]0[0xa2][0xb][0xfa][0xfe][0xd4]W[0x13][0xf5]3[0x10][0xfb][0x8d]f][0xf2][0x1f]Gm[0xa6][0x8e][0xef][0x14][0xbf][0xcb]k[\n]"
16:03:44.617 [ForkJoinPool-1-worker-0] DEBUG org.apache.http.wire - http-outgoing-9 << "8_J[0x8]_[0xc1]2[0xeb][0xde]*[0xbd][0xce]i[0xf4]t[0xad][0xdd][0xa6][0xf7][0xdd][0xab]9[0x8c][0x89][0xf0][0xab][0x3]![0xc7][0x1c][0xfa][0xd5]7s[0xf6][0xb5]g][0xa9]c?9[0xe0][0x8c][\n]"
16:03:44.617 [ForkJoinPool-1-worker-0] DEBUG org.apache.http.wire - http-outgoing-9 << "u[0x8c]g/2"w[0x8a]8[0x8d][0xcc][0x9e][0xc4][0xf6][0xac][0xa6]@[0xf7][0xda][0x1d]Y[0xeb][0xf5][0xa8]m[0xac]E[0x16]kcmLE[0x9a]k[[0x83][0xfa][0x19]Q[0x89]y[0xba][0x8d][0xfd][0xe4][0xeb],[0x8f][0xbd]rs[0xdd]i[0xf9]M [0xf5][0xdf][0xf1][0xb8]g:\[0xfc][0x84][0xc7][0xc5][0x12]Ift[\n]"
16:03:44.617 [ForkJoinPool-1-worker-0] DEBUG org.apache.http.wire - http-outgoing-9 << "[0x99]:[0xd8]2[0xae][0xb7][0xf1][0x96]M[0xf1][0xe2][0x13]z[0xdc])[0x9f][0xd8]K[0xfc][0x8c]QNj/N[0xab]T,[0xe7][0x97][0xe6][0xa9][0x93]//[0xce]<[0x8b]-][0xab][0xca][0x9a]j?[0xb]7[0xd6][0x19][0x16] [0x93][0x9e][0xa4]'[0xbe][0xf9][0xa5][0x88][0x93][0xa8]'[0xce][0xf2][0xca][0xb5]z[0x96]sx|[0xf4][0xeb][0xc1][0x8b]_[0x8f][0x7][0xf2][0xff][0xe1]`0p[0xcd][0x8][0x95][0x89]ns[0xc2][0x80][0xcb][0x2]b.C[0xd4]K|A[0xbf]^[0xbe][0xfb][0xa2][0xce][0xea][0xb][0xfe][0xe6]W[0xad]R[0xca]o[0xab]wX8[0x8][0xee][0x16][0xb7]Q[0x9a][0xa7][0x91][0xce]]]>&#x7f;<![CDATA[![0xb2]z5[0xad][0x1a]J[0xa0][0x7][0xd9]([0xa7]R[0xde][0xb0][0xa5][0xbc][0x1c]Y[0xf2][0xda][0x88][0xf6][0xac]CWV[0x80][0xea]Ey[0xf5][0x82][0xe0]6K[0x90][0x89][0xe5][0x94][0xfb][0xa0][0xea][0x7]CV[0x18][0x86][0x16]*^[0xec]Dn[0xad]`o[0xb1][0xac][0x9e][0xe0][0xda]0u[0x8a][0xdf][0xe6]To'[0xd6]yl[0xb6]:H[0xff][0x9a][0x9]yM[0x1][0x9e][0xd5][0x96]`[0xa9]wK+^[0x95]0[0xcd][0xc1]m[0x81][0xb][0xf5]&[0xc0][0x82]1[0xdd]j[0x85]V[0xa3][0xf7]h[0xa3]o[0x6]7e[0xd7][0xea][0xdd][0xc4][0xa5]h[0xf3]U[0xb6]([0xf9][0xaa][0x1e][0x1d][0x90][0xfc]1c[0x95][0xc8][0xa5]y[0xdb][0xd0]O;i[[0xd7][\r]#t[0x8d]k[0xc8][0xf6][0xc7]$K[0xf4][0xcf])[0xdb][0x16][0xad][0xd6]m[0xbd][0xb3][0xde][0xe9]J[0xb8][0xa8][0xe1]C[0xc8][0xb3]6[0x8]W[0xcf]<[0xa5][0xb1][0xc]L[0xb8][0xae]e[0xe3][0xad]/U>Q[0xd4][0xaa][0xa4][0xba][0xaf]~[0xdd][0xae][0xe1][0x9e][0xdc]C[0xd5][0xf6]Z[0x9]YZq[0x8a]9[0xf]Q}k[0xd0][0xc0][0xe3][0xb5][0xcd][0x7]jn[0xcb][0xea][0xc3][0xd5]a[0xe2][0xc9][0xc6][\n]"
16:03:44.617 [ForkJoinPool-1-worker-0] DEBUG org.apache.http.wire - http-outgoing-9 << "[0xbf]8x[0xdd][0x18][0xb1][0x9f][0x90][0xe5][0xc9][0xce]V.[0x6][0x0]#[0x93][0xa8]Q[0x9][0xb4][0x87][0x83][0xfc]v[0xd4][0xc1]]]>&#x7f;<![CDATA[cO[0xdc]![0xad][0xe3][0xf6]q[0xd8][0xdb]U&Fv[0xf9][0xf3][0xfd](!s[0x99][0xce][0x9c]:6[0xd8][0xf9][0xe5][0x17][0xfd][0xa3]U[0xf1][0x8e][0xd2][0xef][0x4][0xea][0xe1][0xa1][0xe][0x2][0xbc]b[0xfb][0xef][0xe9]\[0xb4][0xb2][0xf4][0xa8]_[0xcc]qHu[0xdc]R[0x8c][0xd7]o~[0x87]v[0xcf][0xc][0xec]9[0x8e][0x1e][0xe9][0x9e][0xda][0xa3]"[0x95][0xda]=[0xa7]L[0x88][0xff][0xc0]b[0xe6][0xab][0x97]7[0x9c][0xae]$[0xd9][0xd3][0xa3]M[0x82]n&`7[0xb0]m[0xb7]g[0x8f][0xd4][0xcf]j[0xf7][0xed][0xd1][0xce]/[0xbf][0xac]GfN[0x93][0x89][0x86][0xa0][0xc5]=[0x9d]UiBV#[0xc8]|[0xed][0x1e]e[0x87][0x9b][0x8d][0xe][0xea][0x90][0xa3]h[0x97][0xe3]5[0xd3]0[0xb4][0x86][0xd6][0xa9][0xe4][0x18]X[0xe][0x9d]Y'[0x16][0xbd]q[0xb][0x2][0xbd])[0x6][0xdc]l[0xc][0xb8]i[0xf][0x90][0x4]ZJX[0xd4]T[0x94]8[0x85][0xfd]Mo[0x9e][0x1f][0x1e]*;[0x17][0x17][0xe6][0x1d]0?N[0x9]d[0xa2][0xa3]c[0xf7][0xaf]1e$[0xe9]_c[0xd6][0x7][0x96][\n]"
16:03:44.617 [ForkJoinPool-1-worker-0] DEBUG org.apache.http.wire - http-outgoing-9 << "[0xdc][0xb4][0x14][0xf8][0xa7]4[0xc0]3[0xe4]o[0xf6]{[0x9e][0xf8]]]>&#x7f;<![CDATA[[0x16][0x6].=[0xd0][0xb1][0xe1].[0x91] [0x18]2[0x19][0x9c]_?_[0xbc][0xa3][0xf3][0x9c]f[0xea][0x7][0xc0][0xd2][0x9a][0xa1][0xdd][0x93]_=[0xdb][0xbb][0x9][0xed][0xde]M[0xcf][0xf6]f[0xa1][0xdd][0x9b][0xb9][0x9e][0xe5][0x1c][0xe][0x8f][0xe][0x8f][0xe1][0xf0][0xd7][0x97][0xb2][0x90][0xb7]x[0xd2][0xd9][0xcd][0x16][0xa6][0x92][0xcd][0xa2][0xe0][0xb3][0xe8]`[0xd4]}[0xe0][0xf7]|[0xac]6[0xb2]-[0x85]h[0xba]7[0x9][0x90][0xcc]i&h[0xe6][0xe7][0xb3][0xbc][0xeb][0xb8][0xaf]l[0xbf][0x81]q~[0x8a]C[0xbc]W[0x1e][0xfb][0xf1]Y<[0xe][0xf]_T[0xb0][0xed])[0xb8][0xfb]D[0xf2][0xed]R[0xef][0x1b][0xa4][0xe9]jB[0xf8][0xac][0xd4][0xaf]~[0x1a]][0xb5]>[0xa6][0xdd][0xb6]s[0xc9]m[0xb9]]]>&#x7f;<![CDATA[g[0xe7][0x9]#w[0xe2][0xc4]Z[0xe9][0xd0][0xf5][0xe2][0xcd][0xbe][0xfe][0xc7]S[0xfe]'[0x0][0x0][0xff][0xff][0x11]}[0xac]dME[0x0][0x0][\r][\n]"
16:03:44.617 [ForkJoinPool-1-worker-0] DEBUG org.apache.http.wire - http-outgoing-9 << "0[\r][\n]"
16:03:44.617 [ForkJoinPool-1-worker-0] DEBUG org.apache.http.wire - http-outgoing-9 << "[\r][\n]"
16:03:44.617 [ForkJoinPool-1-worker-0] DEBUG org.apache.http.headers - http-outgoing-9 << HTTP/1.1 429 Too Many Requests
16:03:44.617 [ForkJoinPool-1-worker-0] DEBUG org.apache.http.headers - http-outgoing-9 << Content-Encoding: gzip
16:03:44.632 [ForkJoinPool-1-worker-0] DEBUG org.apache.http.headers - http-outgoing-9 << Content-Type: text/html; charset=UTF-8
16:03:44.632 [ForkJoinPool-1-worker-0] DEBUG org.apache.http.headers - http-outgoing-9 << Date: Fri, 05 Feb 2021 10:33:45 GMT
16:03:44.632 [ForkJoinPool-1-worker-0] DEBUG org.apache.http.headers - http-outgoing-9 << Display: staticcontent_sol
16:03:44.632 [ForkJoinPool-1-worker-0] DEBUG org.apache.http.headers - http-outgoing-9 << Expires: Thu, 04 Feb 2021 10:33:45 GMT
16:03:44.632 [ForkJoinPool-1-worker-0] DEBUG org.apache.http.headers - http-outgoing-9 << Host-Header: c2hhcmVkLmJsdWVob3N0LmNvbQ==
16:03:44.632 [ForkJoinPool-1-worker-0] DEBUG org.apache.http.headers - http-outgoing-9 << Pagespeed: off
16:03:44.632 [ForkJoinPool-1-worker-0] DEBUG org.apache.http.headers - http-outgoing-9 << Referrer-Policy: 
16:03:44.632 [ForkJoinPool-1-worker-0] DEBUG org.apache.http.headers - http-outgoing-9 << Response: 429
16:03:44.632 [ForkJoinPool-1-worker-0] DEBUG org.apache.http.headers - http-outgoing-9 << Retry-After: 1
16:03:44.632 [ForkJoinPool-1-worker-0] DEBUG org.apache.http.headers - http-outgoing-9 << Server: nginx/1.16.0
16:03:44.632 [ForkJoinPool-1-worker-0] DEBUG org.apache.http.headers - http-outgoing-9 << Vary: Accept-Encoding
16:03:44.632 [ForkJoinPool-1-worker-0] DEBUG org.apache.http.headers - http-outgoing-9 << Vary: Accept-Encoding,Origin
16:03:44.632 [ForkJoinPool-1-worker-0] DEBUG org.apache.http.headers - http-outgoing-9 << X-Ezoic-Cdn: Miss
16:03:44.632 [ForkJoinPool-1-worker-0] DEBUG org.apache.http.headers - http-outgoing-9 << X-Middleton-Display: staticcontent_sol
16:03:44.632 [ForkJoinPool-1-worker-0] DEBUG org.apache.http.headers - http-outgoing-9 << X-Middleton-Response: 429
16:03:44.632 [ForkJoinPool-1-worker-0] DEBUG org.apache.http.headers - http-outgoing-9 << X-Ratelimit-Limit: 60
16:03:44.632 [ForkJoinPool-1-worker-0] DEBUG org.apache.http.headers - http-outgoing-9 << X-Ratelimit-Remaining: 53
16:03:44.632 [ForkJoinPool-1-worker-0] DEBUG org.apache.http.headers - http-outgoing-9 << X-Ratelimit-Reset: 1612521226
16:03:44.632 [ForkJoinPool-1-worker-0] DEBUG org.apache.http.headers - http-outgoing-9 << X-Sol: pub_site
16:03:44.632 [ForkJoinPool-1-worker-0] DEBUG org.apache.http.headers - http-outgoing-9 << Transfer-Encoding: chunked
16:03:44.632 [ForkJoinPool-1-worker-0] DEBUG org.apache.http.impl.execchain.MainClientExec - Connection can be kept alive indefinitely
16:03:44.632 [ForkJoinPool-1-worker-0] DEBUG org.apache.http.impl.conn.PoolingHttpClientConnectionManager - Connection [id: 9][route: {}->http://dummy.restapiexample.com:80] can be kept alive indefinitely
16:03:44.632 [ForkJoinPool-1-worker-0] DEBUG org.apache.http.impl.conn.DefaultManagedHttpClientConnection - http-outgoing-9: set socket timeout to 0
16:03:44.632 [ForkJoinPool-1-worker-0] DEBUG org.apache.http.impl.conn.PoolingHttpClientConnectionManager - Connection released: [id: 9][route: {}->http://dummy.restapiexample.com:80][total available: 1; route allocated: 1 of 5; total allocated: 1 of 10]
16:03:44.632 [ForkJoinPool-1-worker-0] DEBUG com.intuit.karate - response time in milliseconds: 986.17
1 < 429
1 < Content-Type: text/html; charset=UTF-8
1 < Date: Fri, 05 Feb 2021 10:33:45 GMT
1 < Display: staticcontent_sol
1 < Expires: Thu, 04 Feb 2021 10:33:45 GMT
1 < Host-Header: c2hhcmVkLmJsdWVob3N0LmNvbQ==
1 < Pagespeed: off
1 < Referrer-Policy: 
1 < Response: 429
1 < Retry-After: 1
1 < Server: nginx/1.16.0
1 < Transfer-Encoding: chunked
1 < Vary: [Accept-Encoding, Accept-Encoding,Origin]
1 < X-Ezoic-Cdn: Miss
1 < X-Middleton-Display: staticcontent_sol
1 < X-Middleton-Response: 429
1 < X-Ratelimit-Limit: 60
1 < X-Ratelimit-Remaining: 53
1 < X-Ratelimit-Reset: 1612521226
1 < X-Sol: pub_site
<!DOCTYPE html>
<html lang="en">
    <head><meta charset="utf-8">
<script data-ezscrex='false' data-cfasync='false' data-pagespeed-no-defer>var __ez=__ez||{};__ez.stms=Date.now();__ez.evt={};__ez.script={};__ez.ck=__ez.ck||{};__ez.template={};__ez.template.isOrig=false;__ez.queue=(function(){var count=0,incr=0,items=[],timeDelayFired=false,hpItems=[],lpItems=[],allowLoad=true;var obj={func:function(name,funcName,parameters,isBlock,blockedBy,deleteWhenComplete,proceedIfError){var self=this;this.name=name;this.funcName=funcName;this.parameters=parameters===null?null:(parameters instanceof Array)?parameters:[parameters];this.isBlock=isBlock;this.blockedBy=blockedBy;this.deleteWhenComplete=deleteWhenComplete;this.isError=false;this.isComplete=false;this.isInitialized=false;this.proceedIfError=proceedIfError;this.isTimeDelay=false;this.process=function(){log("... func = "+name);self.isInitialized=true;self.isComplete=true;log("... func.apply: "+name);var funcs=self.funcName.split('.');var func=null;if(funcs.length>3){}else if(funcs.length===3){func=window[funcs[0]][funcs[1]][funcs[2]];}else if(funcs.length===2){func=window[funcs[0]][funcs[1]];}else{func=window[self.funcName];}
if(typeof func!=='undefined'&&func!==null){func.apply(null,this.parameters);}
if(self.deleteWhenComplete===true)delete items[name];if(self.isBlock===true){log("----- F'D: "+self.name);processAll();}}},file:function(name,path,isBlock,blockedBy,async,defer,proceedIfError){var self=this;this.name=name;this.path=path;this.async=async;this.defer=defer;this.isBlock=isBlock;this.blockedBy=blockedBy;this.isInitialized=false;this.isError=false;this.isComplete=false;this.proceedIfError=proceedIfError;this.isTimeDelay=false;this.process=function(){self.isInitialized=true;log("... file = "+name);var scr=document.createElement('script');scr.src=path;if(async===true)scr.async=true;else if(defer===true)scr.defer=true;scr.onerror=function(){log("----- ERR'D: "+self.name);self.isError=true;if(self.isBlock===true){processAll();}};scr.onreadystatechange=scr.onload=function(){var state=scr.readyState;log("----- F'D: "+self.name);if((!state||/loaded|complete/.test(state))){self.isComplete=true;if(self.isBlock===true){processAll();}}};document.getElementsByTagName('head')[0].appendChild(scr);}}};function init(){window.addEventListener("load",function(){setTimeout(function(){timeDelayFired=true;log('TDELAY -----');processAll();},5000);},false);}
function addFile(name,path,isBlock,blockedBy,async,defer,proceedIfError,priority){var item=new obj.file(name,path,isBlock,blockedBy,async,defer,proceedIfError);if(priority===true){hpItems[name]=item}else{lpItems[name]=item}
items[name]=item;checkIfBlocked(item);}
function setallowLoad(settobool){allowLoad=settobool}
function addFunc(name,func,parameters,isBlock,blockedBy,autoInc,deleteWhenComplete,proceedIfError,priority){if(autoInc===true)name=name+"_"+incr++;var item=new obj.func(name,func,parameters,isBlock,blockedBy,deleteWhenComplete,proceedIfError);if(priority===true){hpItems[name]=item}else{lpItems[name]=item}
items[name]=item;checkIfBlocked(item);}
function addTimeDelayFile(name,path){var item=new obj.file(name,path,false,[],false,false,true);item.isTimeDelay=true;log(name+' ... '+' FILE! TDELAY');lpItems[name]=item;items[name]=item;checkIfBlocked(item);}
function addTimeDelayFunc(name,func,parameters){var item=new obj.func(name,func,parameters,false,[],true,true);item.isTimeDelay=true;log(name+' ... '+' FUNCTION! TDELAY');lpItems[name]=item;items[name]=item;checkIfBlocked(item);}
function checkIfBlocked(item){if(isBlocked(item)===true||allowLoad==false)return;item.process();}
function isBlocked(item){if(item.isTimeDelay===true&&timeDelayFired===false){log(item.name+" blocked = TIME DELAY!");return true;}
if(item.blockedBy instanceof Array){for(var i=0;i<item.blockedBy.length;i++){var block=item.blockedBy[i];if(items.hasOwnProperty(block)===false){log(item.name+" blocked = "+block);return true;}else if(item.proceedIfError===true&&items[block].isError===true){return false;}else if(items[block].isComplete===false){log(item.name+" blocked = "+block);return true;}}}
return false;}
function log(msg){var href=window.location.href;var reg=new RegExp('[?&]ezq=([^&#]*)','i');var string=reg.exec(href);var res=string?string[1]:null;if(res==="1")console.debug(msg);}
function processAll(){count++;if(count>200)return;log("let's go");processItems(hpItems);processItems(lpItems);}
function processItems(list){for(var i in list){if(list.hasOwnProperty(i)===false)continue;var item=list[i];if(item.isComplete===true||isBlocked(item)||item.isInitialized===true||item.isError===true){if(item.isError===true){log(item.name+': error')}else if(item.isComplete===true){log(item.name+': complete already')}else if(item.isInitialized===true){log(item.name+': initialized already')}}else{item.process();}}}
init();return{addFile:addFile,addDelayFile:addTimeDelayFile,addFunc:addFunc,addDelayFunc:addTimeDelayFunc,items:items,processAll:processAll,setallowLoad:setallowLoad};})();__ez.evt.add=function(e,t,n){e.addEventListener?e.addEventListener(t,n,!1):e.attachEvent?e.attachEvent("on"+t,n):e["on"+t]=n()},__ez.evt.remove=function(e,t,n){e.removeEventListener?e.removeEventListener(t,n,!1):e.detachEvent?e.detachEvent("on"+t,n):delete e["on"+t]};__ez.script.add=function(e){var t=document.createElement("script");t.src=e,t.async=!0,t.type="text/javascript",document.getElementsByTagName("head")[0].appendChild(t)};__ez.queue.addFile('/detroitchicago/boise.js', '/detroitchicago/boise.js?gcb=192-6&cb=1', false, [], true, false, true, false);__ez.dot={};__ez.queue.addFile('/detroitchicago/memphis.js', '/detroitchicago/memphis.js?gcb=192-6&cb=2', false, [], true, false, true, false);__ez.queue.addFile('/detroitchicago/minneapolis.js', '/detroitchicago/minneapolis.js?gcb=192-6&cb=1', false, [], true, false, true, false);__ez.vep=(function(){var pixels=[],pxURL="/detroitchicago/grapefruit.gif";function AddPixel(vID,pixelData){if(__ez.dot.isDefined(vID)&&__ez.dot.isValid(pixelData)){pixels.push({type:'video',video_impression_id:vID,domain_id:__ez.dot.getDID(),t_epoch:__ez.dot.getEpoch(0),data:__ez.dot.dataToStr(pixelData)});}}
function Fire(){if(typeof document.visibilityState!=='undefined'&&document.visibilityState==="prerender"){return;}
if(__ez.dot.isDefined(pixels)&&pixels.length>0){while(pixels.length>0){var j=5;if(j>pixels.length){j=pixels.length;}
var pushPixels=pixels.splice(0,j);(new Image()).src=__ez.dot.getURL(pxURL)+"?orig="+(__ez.template.isOrig===true?1:0)+"&v="+btoa(JSON.stringify(pushPixels));}}
pixels=[];}
return{Add:AddPixel,Fire:Fire};})();</script><script data-ezscrex='false' data-cfasync='false' data-pagespeed-no-defer>__ez.pel=(function(){var pixels=[],pxURL="/porpoiseant/army.gif";function AddAndFirePixel(adSlot,pixelData){AddPixel(adSlot,pixelData,0,0,0,0,0);Fire();}
function AddAndFireOrigPixel(adSlot,pixelData){AddPixel(adSlot,pixelData,0,0,0,0,0,true);Fire();}
function GetCurrentPixels(){return pixels;}
function AddPixel(adSlot,pixelData,revenue,est_revenue,bid_floor_filled,bid_floor_prev,stat_source_id,isOrig){if(!__ez.dot.isDefined(adSlot)||__ez.dot.isAnyDefined(adSlot.getSlotElementId,adSlot.ElementId)==false){return;}
var ad_position_id=parseInt(__ez.dot.getTargeting(adSlot,'ap'));var impId=__ez.dot.getSlotIID(adSlot),adUnit=__ez.dot.getAdUnit(adSlot,isOrig);var compId=parseInt(__ez.dot.getTargeting(adSlot,"compid"));var lineItemId=0;var creativeId=0;var ezimData=getEzimData(adSlot);if(typeof ezimData=='object'){if(ezimData.creative_id!==undefined){creativeId=ezimData.creative_id;}
if(ezimData.line_item_id!==undefined){lineItemId=ezimData.line_item_id;}}
if(__ez.dot.isDefined(impId,adUnit)&&__ez.dot.isValid(pixelData)){pixels.push({type:"impression",impression_id:impId,domain_id:__ez.dot.getDID(),unit:adUnit,t_epoch:__ez.dot.getEpoch(0),revenue:revenue,est_revenue:est_revenue,ad_position:ad_position_id,ad_size:"",bid_floor_filled:bid_floor_filled,bid_floor_prev:bid_floor_prev,stat_source_id:stat_source_id,country_code:__ez.dot.getCC(),pageview_id:__ez.dot.getPageviewId(),comp_id:compId,line_item_id:lineItemId,creative_id:creativeId,data:__ez.dot.dataToStr(pixelData),is_orig:isOrig||__ez.template.isOrig,});}}
function AddPixelById(impFullId,pixelData,isOrig){var vals=impFullId.split('/');if(__ez.dot.isDefined(impFullId)&&vals.length===3&&__ez.dot.isValid(pixelData)){var adUnit=vals[0],impId=vals[2];pixels.push({type:"impression",impression_id:impId,domain_id:__ez.dot.getDID(),unit:adUnit,t_epoch:__ez.dot.getEpoch(0),pageview_id:__ez.dot.getPageviewId(),data:__ez.dot.dataToStr(pixelData),is_orig:isOrig||__ez.template.isOrig});}}
function Fire(){if(typeof document.visibilityState!=='undefined'&&document.visibilityState==="prerender")return;if(__ez.dot.isDefined(pixels)&&pixels.length>0){var allPixels=[pixels.filter(function(pixel){return pixel.is_orig}),pixels.filter(function(pixel){return!pixel.is_orig})];allPixels.forEach(function(pixels){while(pixels.length>0){var isOrig=pixels[0].is_orig||false;var j=5;if(j>pixels.length){j=pixels.length;}
var pushPixels=pixels.splice(0,j);var pixelURL=__ez.dot.getURL(pxURL)+"?orig="+(isOrig===true?1:0)+"&sts="+btoa(JSON.stringify(pushPixels));if(typeof window.isAmp!=='undefined'&&isAmp&&typeof window._ezaq!=='undefined'&&_ezaq.hasOwnProperty("domain_id")){pixelURL+="&visit_uuid="+_ezaq['visit_uuid'];}
(new Image()).src=pixelURL;}})}
pixels=[];}
function getEzimData(adSlot){if(typeof _ezim_d=="undefined"){return false}
var adUnitName=__ez.dot.getAdUnitPath(adSlot).split('/').pop();if(typeof _ezim_d==='object'&&_ezim_d.hasOwnProperty(adUnitName)){return _ezim_d[adUnitName];}
for(var ezimKey in _ezim_d){if(ezimKey.split('/').pop()===adUnitName){return _ezim_d[ezimKey];}}
return false;}
return{Add:AddPixel,AddAndFire:AddAndFirePixel,AddAndFireOrig:AddAndFireOrigPixel,AddById:AddPixelById,Fire:Fire,GetPixels:GetCurrentPixels,};})();__ez.queue.addFile('/detroitchicago/raleigh.js', '/detroitchicago/raleigh.js?gcb=192-6&cb=2', false, [], true, false, true, false);__ez.queue.addFile('/detroitchicago/tampa.js', '/detroitchicago/tampa.js?gcb=192-6&cb=1', false, [], true, false, true, false);</script>
<script data-ezscrex="false" type="text/javascript" data-cfasync="false">var _ezaq = {"ad_cache_level":0,"ad_count_adjustment":0,"ad_lazyload_version":0,"ad_location_ids":"","ad_transform_level":0,"adx_ad_count":0,"bidder_method":1,"bidder_version":3,"city":"Noida","country":"IN","days_since_last_visit":-1,"display_ad_count":0,"domain_id":133674,"ds_adsize_opt_id":-1,"engaged_time_visit":0,"ezcache_level":1,"ezcache_skip_code":8,"form_factor_id":1,"framework_id":1,"has_bad_image":0,"has_bad_words":0,"iab_category":"","is_from_recommended_pages":false,"is_return_visitor":false,"is_sitespeed":0,"last_page_load":"","last_pageview_id":"","lt_cache_level":0,"max_ads":0,"metro_code":0,"optimization_version":1,"page_ad_positions":"","page_view_count":0,"page_view_id":"1b788eb8-edd0-4308-620a-005204f73c2a","position_selection_id":0,"postal_code":"110091","pv_event_count":0,"response_size_orig":0,"response_time_orig":938,"serverid":"13.235.243.177:14442","state":"UP","sub_page_ad_positions":"","t_epoch":1612521224,"template_id":0,"time_on_site_visit":0,"url":"http://dummy.restapiexample.com/api/v1/create","user_id":0,"word_count":0,"worst_bad_word_level":0};var _ezim_d = null;var _ezat = {"domain_id":133674,"form_factor_id":1,"framework_id":1,"pageview_date":"2021-02-05","pageview_id":"1b788eb8-edd0-4308-620a-005204f73c2a","template_id":0,"url":"http://dummy.restapiexample.com/api/v1/create","visit_uuid":"56e2f056-0798-46f1-6b7d-d890ee779513"};</script><script data-ezscrex='false' data-pagespeed-no-defer data-cfasync='false' type="text/javascript">__ez.queue.addFile('banger.js', '/porpoiseant/banger.js?cb=192-6&bv=96&v=39&PageSpeed=off', true, [], true, false, false, true);</script>
<script data-ezscrex="false" data-cfasync="false">(function(){if("function"===typeof window.CustomEvent)return!1;window.CustomEvent=function(c,a){a=a||{bubbles:!1,cancelable:!1,detail:null};var b=document.createEvent("CustomEvent");b.initCustomEvent(c,a.bubbles,a.cancelable,a.detail);return b}})();</script><script data-ezscrex="false" data-cfasync="false">__ez.queue.addFile('/detroitchicago/tulsa.js', '/detroitchicago/tulsa.js?gcb=192-6&cb=5', false, [], true, false, true, false);</script>
        
        <meta name="viewport" content="width=device-width, initial-scale=1">

        <title>Too Many Requests</title>

        <!-- Fonts -->
        <link rel="dns-prefetch" href="//fonts.gstatic.com">
        <link href="https://fonts.googleapis.com/css?family=Nunito" rel="stylesheet">

        <!-- Styles -->
        <style>
            html, body {
                background-color: #fff;
                color: #636b6f;
                font-family: 'Nunito', sans-serif;
                font-weight: 100;
                height: 100vh;
                margin: 0;
            }

            .full-height {
                height: 100vh;
            }

            .flex-center {
                align-items: center;
                display: flex;
                justify-content: center;
            }

            .position-ref {
                position: relative;
            }

            .code {
                border-right: 2px solid;
                font-size: 26px;
                padding: 0 15px 0 15px;
                text-align: center;
            }

            .message {
                font-size: 18px;
                text-align: center;
            }
        </style>
    <script type="text/javascript">var ezouid = "1";</script><base href="http://dummy.restapiexample.com/api/v1/create"><script type='text/javascript'>
var ezoTemplate = 'pub_site_noads';
if(typeof ezouid == 'undefined')
{
    var ezouid = 'none';
}
var ezoFormfactor = '1';
var ezo_elements_to_check = Array();
</script><!-- START EZHEAD -->
<script data-ezscrex="false" type='text/javascript'>
var soc_app_id = '0';
var did = 133674;
var ezdomain = 'restapiexample.com';
var ezoicSearchable = 1;
</script>
<!--{jquery}-->
<!-- END EZHEAD -->
<script data-ezscrex='false' data-pagespeed-no-defer data-cfasync='false' type='text/javascript' style='display:none'>
__ez.queue.addFile('__ezf_ezosuigeneris', '//g.ezoic.net/ezosuigeneris.js', true, [], true, false, false, false);
var __ez_ezosuigenerisEvt = function() { if(typeof(ezosuigeneris) != 'undefined'){__ez.bit.AddAndFire(_ezaq['page_view_id'], [(new __ezDotData('universal_user_id', ezosuigeneris))]); }};
__ez.queue.addFunc('__ez_ezosuigenerisEvt', '__ez_ezosuigenerisEvt', null, false, ['__ezf_ezosuigeneris','/detroitchicago/minneapolis.js','/detroitchicago/memphis.js'], false, false, false, false);</script><script data-ezscrex='false' data-pagespeed-no-defer data-cfasync='false' type='text/javascript' style='display:none'>__ez.queue.addFile('__ezf_ezosuigenerisc', '//g.ezoic.net/ezosuigenerisc.js?nogen=1', true, ["/detroitchicago/boise.js"], true, false, false, false);</script>
<script data-ezscrex='false' data-pagespeed-no-defer data-cfasync='false'>
function create_ezolpl(pvID, rv) {
    var d = new Date();
    d.setTime(d.getTime() + (365*24*60*60*1000));
    var expires = "expires="+d.toUTCString();
    __ez.ck.setByCat("ezux_lpl_133674=" + new Date().getTime() + "|" + pvID + "|" + rv + "; " + expires, 3);
}
function attach_ezolpl(pvID, rv) {
    if (document.readyState === "complete") {
        create_ezolpl(pvID, rv);
    }
    if(window.attachEvent) {
        window.attachEvent("onload", create_ezolpl, pvID, rv);
    } else {
        if(window.onload) {
            var curronload = window.onload;
            var newonload = function(evt) {
                curronload(evt);
                create_ezolpl(pvID, rv);
            };
            window.onload = newonload;
        } else {
            window.onload = create_ezolpl.bind(null, pvID, rv);
        }
    }
}

__ez.queue.addFunc("attach_ezolpl", "attach_ezolpl", ["1b788eb8-edd0-4308-620a-005204f73c2a", "false"], false, ['/detroitchicago/boise.js'], true, false, false, false);
</script></head>
    <body>
        <div class="flex-center position-ref full-height">
            <div class="code">
                429            </div>

            <div class="message" style="padding: 10px;">
                Too Many Requests            </div>
        </div>
    <script type="text/javascript" style='display:none;'>var __ez_dims = (function() {
		var setCookie = function( name, content, expiry ) {
			return document.cookie = name+'='+content+((expiry)?';expires='+(new Date(Math.floor(new Date().getTime()+expiry*1000)).toUTCString()):'')+';path=/';
		};
		var ffid = 1;
		var oh = window.screen.height;
		var ow = window.screen.width;
		var h = ffid === 1 ? oh : (oh > ow) ? oh : ow;
		var w = ffid === 1 ? ow : (oh > ow) ? ow : oh;
		var uh = window.innerHeight || document.documentElement.clientHeight || document.getElementsByTagName('body')[0].clientHeight;
		var uw = window.innerWidth || document.documentElement.clientWidth || document.getElementsByTagName('body')[0].clientWidth;
		setCookie('ezds', encodeURIComponent('ffid='+ffid+',w='+w+',h='+h), (31536e3*7));
		setCookie('ezohw', encodeURIComponent('w='+uw+',h='+uh), (31536e3*7));
	})();</script><script type='text/javascript' style='display:none;' async>
__ez.queue.addFile('edmonton.php', '/detroitchicago/edmonton.webp?a=a&cb=192-6&shcb=34', true, ['/detroitchicago/minneapolis.js'], true, false, false, false);
__ez.queue.addFile('jellyfish.php', '/porpoiseant/jellyfish.webp?a=a&cb=192-6&shcb=34', false, [], true, false, false, false);
</script>

<script type='text/javascript' data-cfasync='false'></script></body>
</html>


16:03:44.632 [ForkJoinPool-1-worker-0] WARN com.intuit.karate - xml parsing failed, response data type set to string: org.xml.sax.SAXParseException; lineNumber: 4; columnNumber: 74; Attribute name "data-pagespeed-no-defer" associated with an element type "script" must be followed by the ' = ' character.
16:03:44.632 [ForkJoinPool-1-worker-0] ERROR com.intuit.karate - status code was: 429, expected: 200, response time: 986, url: http://dummy.restapiexample.com/api/v1/create, response: <!DOCTYPE html>
<html lang="en">
    <head><meta charset="utf-8">
<script data-ezscrex='false' data-cfasync='false' data-pagespeed-no-defer>var __ez=__ez||{};__ez.stms=Date.now();__ez.evt={};__ez.script={};__ez.ck=__ez.ck||{};__ez.template={};__ez.template.isOrig=false;__ez.queue=(function(){var count=0,incr=0,items=[],timeDelayFired=false,hpItems=[],lpItems=[],allowLoad=true;var obj={func:function(name,funcName,parameters,isBlock,blockedBy,deleteWhenComplete,proceedIfError){var self=this;this.name=name;this.funcName=funcName;this.parameters=parameters===null?null:(parameters instanceof Array)?parameters:[parameters];this.isBlock=isBlock;this.blockedBy=blockedBy;this.deleteWhenComplete=deleteWhenComplete;this.isError=false;this.isComplete=false;this.isInitialized=false;this.proceedIfError=proceedIfError;this.isTimeDelay=false;this.process=function(){log("... func = "+name);self.isInitialized=true;self.isComplete=true;log("... func.apply: "+name);var funcs=self.funcName.split('.');var func=null;if(funcs.length>3){}else if(funcs.length===3){func=window[funcs[0]][funcs[1]][funcs[2]];}else if(funcs.length===2){func=window[funcs[0]][funcs[1]];}else{func=window[self.funcName];}
if(typeof func!=='undefined'&&func!==null){func.apply(null,this.parameters);}
if(self.deleteWhenComplete===true)delete items[name];if(self.isBlock===true){log("----- F'D: "+self.name);processAll();}}},file:function(name,path,isBlock,blockedBy,async,defer,proceedIfError){var self=this;this.name=name;this.path=path;this.async=async;this.defer=defer;this.isBlock=isBlock;this.blockedBy=blockedBy;this.isInitialized=false;this.isError=false;this.isComplete=false;this.proceedIfError=proceedIfError;this.isTimeDelay=false;this.process=function(){self.isInitialized=true;log("... file = "+name);var scr=document.createElement('script');scr.src=path;if(async===true)scr.async=true;else if(defer===true)scr.defer=true;scr.onerror=function(){log("----- ERR'D: "+self.name);self.isError=true;if(self.isBlock===true){processAll();}};scr.onreadystatechange=scr.onload=function(){var state=scr.readyState;log("----- F'D: "+self.name);if((!state||/loaded|complete/.test(state))){self.isComplete=true;if(self.isBlock===true){processAll();}}};document.getElementsByTagName('head')[0].appendChild(scr);}}};function init(){window.addEventListener("load",function(){setTimeout(function(){timeDelayFired=true;log('TDELAY -----');processAll();},5000);},false);}
function addFile(name,path,isBlock,blockedBy,async,defer,proceedIfError,priority){var item=new obj.file(name,path,isBlock,blockedBy,async,defer,proceedIfError);if(priority===true){hpItems[name]=item}else{lpItems[name]=item}
items[name]=item;checkIfBlocked(item);}
function setallowLoad(settobool){allowLoad=settobool}
function addFunc(name,func,parameters,isBlock,blockedBy,autoInc,deleteWhenComplete,proceedIfError,priority){if(autoInc===true)name=name+"_"+incr++;var item=new obj.func(name,func,parameters,isBlock,blockedBy,deleteWhenComplete,proceedIfError);if(priority===true){hpItems[name]=item}else{lpItems[name]=item}
items[name]=item;checkIfBlocked(item);}
function addTimeDelayFile(name,path){var item=new obj.file(name,path,false,[],false,false,true);item.isTimeDelay=true;log(name+' ... '+' FILE! TDELAY');lpItems[name]=item;items[name]=item;checkIfBlocked(item);}
function addTimeDelayFunc(name,func,parameters){var item=new obj.func(name,func,parameters,false,[],true,true);item.isTimeDelay=true;log(name+' ... '+' FUNCTION! TDELAY');lpItems[name]=item;items[name]=item;checkIfBlocked(item);}
function checkIfBlocked(item){if(isBlocked(item)===true||allowLoad==false)return;item.process();}
function isBlocked(item){if(item.isTimeDelay===true&&timeDelayFired===false){log(item.name+" blocked = TIME DELAY!");return true;}
if(item.blockedBy instanceof Array){for(var i=0;i<item.blockedBy.length;i++){var block=item.blockedBy[i];if(items.hasOwnProperty(block)===false){log(item.name+" blocked = "+block);return true;}else if(item.proceedIfError===true&&items[block].isError===true){return false;}else if(items[block].isComplete===false){log(item.name+" blocked = "+block);return true;}}}
return false;}
function log(msg){var href=window.location.href;var reg=new RegExp('[?&]ezq=([^&#]*)','i');var string=reg.exec(href);var res=string?string[1]:null;if(res==="1")console.debug(msg);}
function processAll(){count++;if(count>200)return;log("let's go");processItems(hpItems);processItems(lpItems);}
function processItems(list){for(var i in list){if(list.hasOwnProperty(i)===false)continue;var item=list[i];if(item.isComplete===true||isBlocked(item)||item.isInitialized===true||item.isError===true){if(item.isError===true){log(item.name+': error')}else if(item.isComplete===true){log(item.name+': complete already')}else if(item.isInitialized===true){log(item.name+': initialized already')}}else{item.process();}}}
init();return{addFile:addFile,addDelayFile:addTimeDelayFile,addFunc:addFunc,addDelayFunc:addTimeDelayFunc,items:items,processAll:processAll,setallowLoad:setallowLoad};})();__ez.evt.add=function(e,t,n){e.addEventListener?e.addEventListener(t,n,!1):e.attachEvent?e.attachEvent("on"+t,n):e["on"+t]=n()},__ez.evt.remove=function(e,t,n){e.removeEventListener?e.removeEventListener(t,n,!1):e.detachEvent?e.detachEvent("on"+t,n):delete e["on"+t]};__ez.script.add=function(e){var t=document.createElement("script");t.src=e,t.async=!0,t.type="text/javascript",document.getElementsByTagName("head")[0].appendChild(t)};__ez.queue.addFile('/detroitchicago/boise.js', '/detroitchicago/boise.js?gcb=192-6&cb=1', false, [], true, false, true, false);__ez.dot={};__ez.queue.addFile('/detroitchicago/memphis.js', '/detroitchicago/memphis.js?gcb=192-6&cb=2', false, [], true, false, true, false);__ez.queue.addFile('/detroitchicago/minneapolis.js', '/detroitchicago/minneapolis.js?gcb=192-6&cb=1', false, [], true, false, true, false);__ez.vep=(function(){var pixels=[],pxURL="/detroitchicago/grapefruit.gif";function AddPixel(vID,pixelData){if(__ez.dot.isDefined(vID)&&__ez.dot.isValid(pixelData)){pixels.push({type:'video',video_impression_id:vID,domain_id:__ez.dot.getDID(),t_epoch:__ez.dot.getEpoch(0),data:__ez.dot.dataToStr(pixelData)});}}
function Fire(){if(typeof document.visibilityState!=='undefined'&&document.visibilityState==="prerender"){return;}
if(__ez.dot.isDefined(pixels)&&pixels.length>0){while(pixels.length>0){var j=5;if(j>pixels.length){j=pixels.length;}
var pushPixels=pixels.splice(0,j);(new Image()).src=__ez.dot.getURL(pxURL)+"?orig="+(__ez.template.isOrig===true?1:0)+"&v="+btoa(JSON.stringify(pushPixels));}}
pixels=[];}
return{Add:AddPixel,Fire:Fire};})();</script><script data-ezscrex='false' data-cfasync='false' data-pagespeed-no-defer>__ez.pel=(function(){var pixels=[],pxURL="/porpoiseant/army.gif";function AddAndFirePixel(adSlot,pixelData){AddPixel(adSlot,pixelData,0,0,0,0,0);Fire();}
function AddAndFireOrigPixel(adSlot,pixelData){AddPixel(adSlot,pixelData,0,0,0,0,0,true);Fire();}
function GetCurrentPixels(){return pixels;}
function AddPixel(adSlot,pixelData,revenue,est_revenue,bid_floor_filled,bid_floor_prev,stat_source_id,isOrig){if(!__ez.dot.isDefined(adSlot)||__ez.dot.isAnyDefined(adSlot.getSlotElementId,adSlot.ElementId)==false){return;}
var ad_position_id=parseInt(__ez.dot.getTargeting(adSlot,'ap'));var impId=__ez.dot.getSlotIID(adSlot),adUnit=__ez.dot.getAdUnit(adSlot,isOrig);var compId=parseInt(__ez.dot.getTargeting(adSlot,"compid"));var lineItemId=0;var creativeId=0;var ezimData=getEzimData(adSlot);if(typeof ezimData=='object'){if(ezimData.creative_id!==undefined){creativeId=ezimData.creative_id;}
if(ezimData.line_item_id!==undefined){lineItemId=ezimData.line_item_id;}}
if(__ez.dot.isDefined(impId,adUnit)&&__ez.dot.isValid(pixelData)){pixels.push({type:"impression",impression_id:impId,domain_id:__ez.dot.getDID(),unit:adUnit,t_epoch:__ez.dot.getEpoch(0),revenue:revenue,est_revenue:est_revenue,ad_position:ad_position_id,ad_size:"",bid_floor_filled:bid_floor_filled,bid_floor_prev:bid_floor_prev,stat_source_id:stat_source_id,country_code:__ez.dot.getCC(),pageview_id:__ez.dot.getPageviewId(),comp_id:compId,line_item_id:lineItemId,creative_id:creativeId,data:__ez.dot.dataToStr(pixelData),is_orig:isOrig||__ez.template.isOrig,});}}
function AddPixelById(impFullId,pixelData,isOrig){var vals=impFullId.split('/');if(__ez.dot.isDefined(impFullId)&&vals.length===3&&__ez.dot.isValid(pixelData)){var adUnit=vals[0],impId=vals[2];pixels.push({type:"impression",impression_id:impId,domain_id:__ez.dot.getDID(),unit:adUnit,t_epoch:__ez.dot.getEpoch(0),pageview_id:__ez.dot.getPageviewId(),data:__ez.dot.dataToStr(pixelData),is_orig:isOrig||__ez.template.isOrig});}}
function Fire(){if(typeof document.visibilityState!=='undefined'&&document.visibilityState==="prerender")return;if(__ez.dot.isDefined(pixels)&&pixels.length>0){var allPixels=[pixels.filter(function(pixel){return pixel.is_orig}),pixels.filter(function(pixel){return!pixel.is_orig})];allPixels.forEach(function(pixels){while(pixels.length>0){var isOrig=pixels[0].is_orig||false;var j=5;if(j>pixels.length){j=pixels.length;}
var pushPixels=pixels.splice(0,j);var pixelURL=__ez.dot.getURL(pxURL)+"?orig="+(isOrig===true?1:0)+"&sts="+btoa(JSON.stringify(pushPixels));if(typeof window.isAmp!=='undefined'&&isAmp&&typeof window._ezaq!=='undefined'&&_ezaq.hasOwnProperty("domain_id")){pixelURL+="&visit_uuid="+_ezaq['visit_uuid'];}
(new Image()).src=pixelURL;}})}
pixels=[];}
function getEzimData(adSlot){if(typeof _ezim_d=="undefined"){return false}
var adUnitName=__ez.dot.getAdUnitPath(adSlot).split('/').pop();if(typeof _ezim_d==='object'&&_ezim_d.hasOwnProperty(adUnitName)){return _ezim_d[adUnitName];}
for(var ezimKey in _ezim_d){if(ezimKey.split('/').pop()===adUnitName){return _ezim_d[ezimKey];}}
return false;}
return{Add:AddPixel,AddAndFire:AddAndFirePixel,AddAndFireOrig:AddAndFireOrigPixel,AddById:AddPixelById,Fire:Fire,GetPixels:GetCurrentPixels,};})();__ez.queue.addFile('/detroitchicago/raleigh.js', '/detroitchicago/raleigh.js?gcb=192-6&cb=2', false, [], true, false, true, false);__ez.queue.addFile('/detroitchicago/tampa.js', '/detroitchicago/tampa.js?gcb=192-6&cb=1', false, [], true, false, true, false);</script>
<script data-ezscrex="false" type="text/javascript" data-cfasync="false">var _ezaq = {"ad_cache_level":0,"ad_count_adjustment":0,"ad_lazyload_version":0,"ad_location_ids":"","ad_transform_level":0,"adx_ad_count":0,"bidder_method":1,"bidder_version":3,"city":"Noida","country":"IN","days_since_last_visit":-1,"display_ad_count":0,"domain_id":133674,"ds_adsize_opt_id":-1,"engaged_time_visit":0,"ezcache_level":1,"ezcache_skip_code":8,"form_factor_id":1,"framework_id":1,"has_bad_image":0,"has_bad_words":0,"iab_category":"","is_from_recommended_pages":false,"is_return_visitor":false,"is_sitespeed":0,"last_page_load":"","last_pageview_id":"","lt_cache_level":0,"max_ads":0,"metro_code":0,"optimization_version":1,"page_ad_positions":"","page_view_count":0,"page_view_id":"1b788eb8-edd0-4308-620a-005204f73c2a","position_selection_id":0,"postal_code":"110091","pv_event_count":0,"response_size_orig":0,"response_time_orig":938,"serverid":"13.235.243.177:14442","state":"UP","sub_page_ad_positions":"","t_epoch":1612521224,"template_id":0,"time_on_site_visit":0,"url":"http://dummy.restapiexample.com/api/v1/create","user_id":0,"word_count":0,"worst_bad_word_level":0};var _ezim_d = null;var _ezat = {"domain_id":133674,"form_factor_id":1,"framework_id":1,"pageview_date":"2021-02-05","pageview_id":"1b788eb8-edd0-4308-620a-005204f73c2a","template_id":0,"url":"http://dummy.restapiexample.com/api/v1/create","visit_uuid":"56e2f056-0798-46f1-6b7d-d890ee779513"};</script><script data-ezscrex='false' data-pagespeed-no-defer data-cfasync='false' type="text/javascript">__ez.queue.addFile('banger.js', '/porpoiseant/banger.js?cb=192-6&bv=96&v=39&PageSpeed=off', true, [], true, false, false, true);</script>
<script data-ezscrex="false" data-cfasync="false">(function(){if("function"===typeof window.CustomEvent)return!1;window.CustomEvent=function(c,a){a=a||{bubbles:!1,cancelable:!1,detail:null};var b=document.createEvent("CustomEvent");b.initCustomEvent(c,a.bubbles,a.cancelable,a.detail);return b}})();</script><script data-ezscrex="false" data-cfasync="false">__ez.queue.addFile('/detroitchicago/tulsa.js', '/detroitchicago/tulsa.js?gcb=192-6&cb=5', false, [], true, false, true, false);</script>
        
        <meta name="viewport" content="width=device-width, initial-scale=1">

        <title>Too Many Requests</title>

        <!-- Fonts -->
        <link rel="dns-prefetch" href="//fonts.gstatic.com">
        <link href="https://fonts.googleapis.com/css?family=Nunito" rel="stylesheet">

        <!-- Styles -->
        <style>
            html, body {
                background-color: #fff;
                color: #636b6f;
                font-family: 'Nunito', sans-serif;
                font-weight: 100;
                height: 100vh;
                margin: 0;
            }

            .full-height {
                height: 100vh;
            }

            .flex-center {
                align-items: center;
                display: flex;
                justify-content: center;
            }

            .position-ref {
                position: relative;
            }

            .code {
                border-right: 2px solid;
                font-size: 26px;
                padding: 0 15px 0 15px;
                text-align: center;
            }

            .message {
                font-size: 18px;
                text-align: center;
            }
        </style>
    <script type="text/javascript">var ezouid = "1";</script><base href="http://dummy.restapiexample.com/api/v1/create"><script type='text/javascript'>
var ezoTemplate = 'pub_site_noads';
if(typeof ezouid == 'undefined')
{
    var ezouid = 'none';
}
var ezoFormfactor = '1';
var ezo_elements_to_check = Array();
</script><!-- START EZHEAD -->
<script data-ezscrex="false" type='text/javascript'>
var soc_app_id = '0';
var did = 133674;
var ezdomain = 'restapiexample.com';
var ezoicSearchable = 1;
</script>
<!--{jquery}-->
<!-- END EZHEAD -->
<script data-ezscrex='false' data-pagespeed-no-defer data-cfasync='false' type='text/javascript' style='display:none'>
__ez.queue.addFile('__ezf_ezosuigeneris', '//g.ezoic.net/ezosuigeneris.js', true, [], true, false, false, false);
var __ez_ezosuigenerisEvt = function() { if(typeof(ezosuigeneris) != 'undefined'){__ez.bit.AddAndFire(_ezaq['page_view_id'], [(new __ezDotData('universal_user_id', ezosuigeneris))]); }};
__ez.queue.addFunc('__ez_ezosuigenerisEvt', '__ez_ezosuigenerisEvt', null, false, ['__ezf_ezosuigeneris','/detroitchicago/minneapolis.js','/detroitchicago/memphis.js'], false, false, false, false);</script><script data-ezscrex='false' data-pagespeed-no-defer data-cfasync='false' type='text/javascript' style='display:none'>__ez.queue.addFile('__ezf_ezosuigenerisc', '//g.ezoic.net/ezosuigenerisc.js?nogen=1', true, ["/detroitchicago/boise.js"], true, false, false, false);</script>
<script data-ezscrex='false' data-pagespeed-no-defer data-cfasync='false'>
function create_ezolpl(pvID, rv) {
    var d = new Date();
    d.setTime(d.getTime() + (365*24*60*60*1000));
    var expires = "expires="+d.toUTCString();
    __ez.ck.setByCat("ezux_lpl_133674=" + new Date().getTime() + "|" + pvID + "|" + rv + "; " + expires, 3);
}
function attach_ezolpl(pvID, rv) {
    if (document.readyState === "complete") {
        create_ezolpl(pvID, rv);
    }
    if(window.attachEvent) {
        window.attachEvent("onload", create_ezolpl, pvID, rv);
    } else {
        if(window.onload) {
            var curronload = window.onload;
            var newonload = function(evt) {
                curronload(evt);
                create_ezolpl(pvID, rv);
            };
            window.onload = newonload;
        } else {
            window.onload = create_ezolpl.bind(null, pvID, rv);
        }
    }
}

__ez.queue.addFunc("attach_ezolpl", "attach_ezolpl", ["1b788eb8-edd0-4308-620a-005204f73c2a", "false"], false, ['/detroitchicago/boise.js'], true, false, false, false);
</script></head>
    <body>
        <div class="flex-center position-ref full-height">
            <div class="code">
                429            </div>

            <div class="message" style="padding: 10px;">
                Too Many Requests            </div>
        </div>
    <script type="text/javascript" style='display:none;'>var __ez_dims = (function() {
		var setCookie = function( name, content, expiry ) {
			return document.cookie = name+'='+content+((expiry)?';expires='+(new Date(Math.floor(new Date().getTime()+expiry*1000)).toUTCString()):'')+';path=/';
		};
		var ffid = 1;
		var oh = window.screen.height;
		var ow = window.screen.width;
		var h = ffid === 1 ? oh : (oh > ow) ? oh : ow;
		var w = ffid === 1 ? ow : (oh > ow) ? ow : oh;
		var uh = window.innerHeight || document.documentElement.clientHeight || document.getElementsByTagName('body')[0].clientHeight;
		var uw = window.innerWidth || document.documentElement.clientWidth || document.getElementsByTagName('body')[0].clientWidth;
		setCookie('ezds', encodeURIComponent('ffid='+ffid+',w='+w+',h='+h), (31536e3*7));
		setCookie('ezohw', encodeURIComponent('w='+uw+',h='+uh), (31536e3*7));
	})();</script><script type='text/javascript' style='display:none;' async>
__ez.queue.addFile('edmonton.php', '/detroitchicago/edmonton.webp?a=a&cb=192-6&shcb=34', true, ['/detroitchicago/minneapolis.js'], true, false, false, false);
__ez.queue.addFile('jellyfish.php', '/porpoiseant/jellyfish.webp?a=a&cb=192-6&shcb=34', false, [], true, false, false, false);
</script>

<script type='text/javascript' data-cfasync='false'></script></body>
</html>

16:03:44.632 [ForkJoinPool-1-worker-0] INFO com.intuit.karate - after scenario inside config 
16:03:44.632 [ForkJoinPool-1-worker-0] DEBUG org.apache.http.client.protocol.RequestAddCookies - CookieSpec selected: karate
16:03:44.632 [ForkJoinPool-1-worker-0] DEBUG org.apache.http.client.protocol.RequestAuthCache - Auth cache not set in the context
16:03:44.632 [ForkJoinPool-1-worker-0] DEBUG com.intuit.karate - request:
1 > POST https://www.w3schools.com/xml/tempconvert.asmx/CelsiusToFahrenheit
1 > Accept-Encoding: gzip,deflate
1 > Connection: Keep-Alive
1 > Content-Length: 10
1 > Content-Type: application/x-www-form-urlencoded; charset=UTF-8
1 > Host: www.w3schools.com
1 > User-Agent: Apache-HttpClient/4.5.12 (Java/1.8.0_251)
Celsius=40

16:03:44.632 [ForkJoinPool-1-worker-0] DEBUG org.apache.http.impl.conn.PoolingHttpClientConnectionManager - Connection request: [route: {s}->https://www.w3schools.com:443][total available: 0; route allocated: 0 of 5; total allocated: 0 of 10]
16:03:44.632 [ForkJoinPool-1-worker-0] DEBUG org.apache.http.impl.conn.PoolingHttpClientConnectionManager - Connection leased: [id: 13][route: {s}->https://www.w3schools.com:443][total available: 0; route allocated: 1 of 5; total allocated: 1 of 10]
16:03:44.632 [ForkJoinPool-1-worker-0] DEBUG org.apache.http.impl.execchain.MainClientExec - Opening connection {s}->https://www.w3schools.com:443
16:03:44.632 [ForkJoinPool-1-worker-0] DEBUG org.apache.http.impl.conn.DefaultHttpClientConnectionOperator - Connecting to www.w3schools.com/192.229.179.87:443
16:03:44.632 [ForkJoinPool-1-worker-0] DEBUG org.apache.http.conn.ssl.SSLConnectionSocketFactory - Connecting socket to www.w3schools.com/192.229.179.87:443 with timeout 5000
16:03:44.648 [pool-1-thread-1] INFO com.intuit.karate.Runner - <<fail>> feature 13 of 26: classpath:feauturefiles/karate11.feature
---------------------------------------------------------
feature: classpath:feauturefiles/karate11.feature
report: build\surefire-reports\feauturefiles.karate11.json
scenarios:  1 | passed:  0 | failed:  1 | time: 0.9953
---------------------------------------------------------
16:03:44.648 [ForkJoinPool-1-worker-0] DEBUG org.apache.http.conn.ssl.SSLConnectionSocketFactory - Enabled protocols: [TLSv1, TLSv1.1, TLSv1.2]
16:03:44.648 [ForkJoinPool-1-worker-0] DEBUG org.apache.http.conn.ssl.SSLConnectionSocketFactory - Enabled cipher suites:[TLS_ECDHE_ECDSA_WITH_AES_256_CBC_SHA384, TLS_ECDHE_RSA_WITH_AES_256_CBC_SHA384, TLS_RSA_WITH_AES_256_CBC_SHA256, TLS_ECDH_ECDSA_WITH_AES_256_CBC_SHA384, TLS_ECDH_RSA_WITH_AES_256_CBC_SHA384, TLS_DHE_RSA_WITH_AES_256_CBC_SHA256, TLS_DHE_DSS_WITH_AES_256_CBC_SHA256, TLS_ECDHE_ECDSA_WITH_AES_256_CBC_SHA, TLS_ECDHE_RSA_WITH_AES_256_CBC_SHA, TLS_RSA_WITH_AES_256_CBC_SHA, TLS_ECDH_ECDSA_WITH_AES_256_CBC_SHA, TLS_ECDH_RSA_WITH_AES_256_CBC_SHA, TLS_DHE_RSA_WITH_AES_256_CBC_SHA, TLS_DHE_DSS_WITH_AES_256_CBC_SHA, TLS_ECDHE_ECDSA_WITH_AES_128_CBC_SHA256, TLS_ECDHE_RSA_WITH_AES_128_CBC_SHA256, TLS_RSA_WITH_AES_128_CBC_SHA256, TLS_ECDH_ECDSA_WITH_AES_128_CBC_SHA256, TLS_ECDH_RSA_WITH_AES_128_CBC_SHA256, TLS_DHE_RSA_WITH_AES_128_CBC_SHA256, TLS_DHE_DSS_WITH_AES_128_CBC_SHA256, TLS_ECDHE_ECDSA_WITH_AES_128_CBC_SHA, TLS_ECDHE_RSA_WITH_AES_128_CBC_SHA, TLS_RSA_WITH_AES_128_CBC_SHA, TLS_ECDH_ECDSA_WITH_AES_128_CBC_SHA, TLS_ECDH_RSA_WITH_AES_128_CBC_SHA, TLS_DHE_RSA_WITH_AES_128_CBC_SHA, TLS_DHE_DSS_WITH_AES_128_CBC_SHA, TLS_ECDHE_ECDSA_WITH_AES_256_GCM_SHA384, TLS_ECDHE_ECDSA_WITH_AES_128_GCM_SHA256, TLS_ECDHE_RSA_WITH_AES_256_GCM_SHA384, TLS_RSA_WITH_AES_256_GCM_SHA384, TLS_ECDH_ECDSA_WITH_AES_256_GCM_SHA384, TLS_ECDH_RSA_WITH_AES_256_GCM_SHA384, TLS_DHE_RSA_WITH_AES_256_GCM_SHA384, TLS_DHE_DSS_WITH_AES_256_GCM_SHA384, TLS_ECDHE_RSA_WITH_AES_128_GCM_SHA256, TLS_RSA_WITH_AES_128_GCM_SHA256, TLS_ECDH_ECDSA_WITH_AES_128_GCM_SHA256, TLS_ECDH_RSA_WITH_AES_128_GCM_SHA256, TLS_DHE_RSA_WITH_AES_128_GCM_SHA256, TLS_DHE_DSS_WITH_AES_128_GCM_SHA256, TLS_EMPTY_RENEGOTIATION_INFO_SCSV]
16:03:44.648 [ForkJoinPool-1-worker-0] DEBUG org.apache.http.conn.ssl.SSLConnectionSocketFactory - Starting handshake
16:03:44.695 [ForkJoinPool-1-worker-0] DEBUG org.apache.http.conn.ssl.SSLConnectionSocketFactory - Secure session established
16:03:44.695 [ForkJoinPool-1-worker-0] DEBUG org.apache.http.conn.ssl.SSLConnectionSocketFactory -  negotiated protocol: TLSv1.2
16:03:44.695 [ForkJoinPool-1-worker-0] DEBUG org.apache.http.conn.ssl.SSLConnectionSocketFactory -  negotiated cipher suite: TLS_ECDHE_RSA_WITH_AES_128_GCM_SHA256
16:03:44.695 [ForkJoinPool-1-worker-0] DEBUG org.apache.http.conn.ssl.SSLConnectionSocketFactory -  peer principal: CN=*.w3schools.com, OU=IT, O="Verizon Digital Media Services, Inc.", L=Los Angeles, ST=California, C=US
16:03:44.695 [ForkJoinPool-1-worker-0] DEBUG org.apache.http.conn.ssl.SSLConnectionSocketFactory -  peer alternative names: [*.w3schools.com, w3schools.com]
16:03:44.695 [ForkJoinPool-1-worker-0] DEBUG org.apache.http.conn.ssl.SSLConnectionSocketFactory -  issuer principal: CN=DigiCert SHA2 Secure Server CA, O=DigiCert Inc, C=US
16:03:44.695 [ForkJoinPool-1-worker-0] DEBUG org.apache.http.impl.conn.DefaultHttpClientConnectionOperator - Connection established 192.168.1.49:63156<->192.229.179.87:443
16:03:44.695 [ForkJoinPool-1-worker-0] DEBUG org.apache.http.impl.conn.DefaultManagedHttpClientConnection - http-outgoing-13: set socket timeout to 5000
16:03:44.695 [ForkJoinPool-1-worker-0] DEBUG org.apache.http.impl.execchain.MainClientExec - Executing request POST /xml/tempconvert.asmx/CelsiusToFahrenheit HTTP/1.1
16:03:44.695 [ForkJoinPool-1-worker-0] DEBUG org.apache.http.impl.execchain.MainClientExec - Target auth state: UNCHALLENGED
16:03:44.695 [ForkJoinPool-1-worker-0] DEBUG org.apache.http.impl.execchain.MainClientExec - Proxy auth state: UNCHALLENGED
16:03:44.695 [ForkJoinPool-1-worker-0] DEBUG org.apache.http.headers - http-outgoing-13 >> POST /xml/tempconvert.asmx/CelsiusToFahrenheit HTTP/1.1
16:03:44.695 [ForkJoinPool-1-worker-0] DEBUG org.apache.http.headers - http-outgoing-13 >> Content-Type: application/x-www-form-urlencoded; charset=UTF-8
16:03:44.695 [ForkJoinPool-1-worker-0] DEBUG org.apache.http.headers - http-outgoing-13 >> Content-Length: 10
16:03:44.695 [ForkJoinPool-1-worker-0] DEBUG org.apache.http.headers - http-outgoing-13 >> Host: www.w3schools.com
16:03:44.695 [ForkJoinPool-1-worker-0] DEBUG org.apache.http.headers - http-outgoing-13 >> Connection: Keep-Alive
16:03:44.695 [ForkJoinPool-1-worker-0] DEBUG org.apache.http.headers - http-outgoing-13 >> User-Agent: Apache-HttpClient/4.5.12 (Java/1.8.0_251)
16:03:44.695 [ForkJoinPool-1-worker-0] DEBUG org.apache.http.headers - http-outgoing-13 >> Accept-Encoding: gzip,deflate
16:03:44.695 [ForkJoinPool-1-worker-0] DEBUG org.apache.http.wire - http-outgoing-13 >> "POST /xml/tempconvert.asmx/CelsiusToFahrenheit HTTP/1.1[\r][\n]"
16:03:44.695 [ForkJoinPool-1-worker-0] DEBUG org.apache.http.wire - http-outgoing-13 >> "Content-Type: application/x-www-form-urlencoded; charset=UTF-8[\r][\n]"
16:03:44.695 [ForkJoinPool-1-worker-0] DEBUG org.apache.http.wire - http-outgoing-13 >> "Content-Length: 10[\r][\n]"
16:03:44.695 [ForkJoinPool-1-worker-0] DEBUG org.apache.http.wire - http-outgoing-13 >> "Host: www.w3schools.com[\r][\n]"
16:03:44.695 [ForkJoinPool-1-worker-0] DEBUG org.apache.http.wire - http-outgoing-13 >> "Connection: Keep-Alive[\r][\n]"
16:03:44.695 [ForkJoinPool-1-worker-0] DEBUG org.apache.http.wire - http-outgoing-13 >> "User-Agent: Apache-HttpClient/4.5.12 (Java/1.8.0_251)[\r][\n]"
16:03:44.695 [ForkJoinPool-1-worker-0] DEBUG org.apache.http.wire - http-outgoing-13 >> "Accept-Encoding: gzip,deflate[\r][\n]"
16:03:44.695 [ForkJoinPool-1-worker-0] DEBUG org.apache.http.wire - http-outgoing-13 >> "[\r][\n]"
16:03:44.695 [ForkJoinPool-1-worker-0] DEBUG org.apache.http.wire - http-outgoing-13 >> "Celsius=40"
16:03:44.851 [ForkJoinPool-1-worker-1] DEBUG org.apache.http.wire - http-outgoing-12 << "HTTP/1.1 200 OK[\r][\n]"
16:03:44.851 [ForkJoinPool-1-worker-1] DEBUG org.apache.http.wire - http-outgoing-12 << "Content-Encoding: gzip[\r][\n]"
16:03:44.851 [ForkJoinPool-1-worker-1] DEBUG org.apache.http.wire - http-outgoing-12 << "Cache-Control: private, max-age=0,public[\r][\n]"
16:03:44.851 [ForkJoinPool-1-worker-1] DEBUG org.apache.http.wire - http-outgoing-12 << "Content-Type: text/xml; charset=utf-8[\r][\n]"
16:03:44.851 [ForkJoinPool-1-worker-1] DEBUG org.apache.http.wire - http-outgoing-12 << "Date: Fri, 05 Feb 2021 10:25:34 GMT[\r][\n]"
16:03:44.851 [ForkJoinPool-1-worker-1] DEBUG org.apache.http.wire - http-outgoing-12 << "Server: Microsoft-IIS/7.5[\r][\n]"
16:03:44.851 [ForkJoinPool-1-worker-1] DEBUG org.apache.http.wire - http-outgoing-12 << "Vary: Accept-Encoding[\r][\n]"
16:03:44.851 [ForkJoinPool-1-worker-1] DEBUG org.apache.http.wire - http-outgoing-12 << "X-AspNet-Version: 4.0.30319[\r][\n]"
16:03:44.851 [ForkJoinPool-1-worker-1] DEBUG org.apache.http.wire - http-outgoing-12 << "X-Frame-Options: SAMEORIGIN[\r][\n]"
16:03:44.851 [ForkJoinPool-1-worker-1] DEBUG org.apache.http.wire - http-outgoing-12 << "X-Powered-By: ASP.NET[\r][\n]"
16:03:44.851 [ForkJoinPool-1-worker-1] DEBUG org.apache.http.wire - http-outgoing-12 << "Content-Length: 208[\r][\n]"
16:03:44.851 [ForkJoinPool-1-worker-1] DEBUG org.apache.http.wire - http-outgoing-12 << "[\r][\n]"
16:03:44.851 [ForkJoinPool-1-worker-1] DEBUG org.apache.http.headers - http-outgoing-12 << HTTP/1.1 200 OK
16:03:44.851 [ForkJoinPool-1-worker-1] DEBUG org.apache.http.headers - http-outgoing-12 << Content-Encoding: gzip
16:03:44.851 [ForkJoinPool-1-worker-1] DEBUG org.apache.http.headers - http-outgoing-12 << Cache-Control: private, max-age=0,public
16:03:44.851 [ForkJoinPool-1-worker-1] DEBUG org.apache.http.headers - http-outgoing-12 << Content-Type: text/xml; charset=utf-8
16:03:44.851 [ForkJoinPool-1-worker-1] DEBUG org.apache.http.headers - http-outgoing-12 << Date: Fri, 05 Feb 2021 10:25:34 GMT
16:03:44.851 [ForkJoinPool-1-worker-1] DEBUG org.apache.http.headers - http-outgoing-12 << Server: Microsoft-IIS/7.5
16:03:44.851 [ForkJoinPool-1-worker-1] DEBUG org.apache.http.headers - http-outgoing-12 << Vary: Accept-Encoding
16:03:44.851 [ForkJoinPool-1-worker-1] DEBUG org.apache.http.headers - http-outgoing-12 << X-AspNet-Version: 4.0.30319
16:03:44.851 [ForkJoinPool-1-worker-1] DEBUG org.apache.http.headers - http-outgoing-12 << X-Frame-Options: SAMEORIGIN
16:03:44.851 [ForkJoinPool-1-worker-1] DEBUG org.apache.http.headers - http-outgoing-12 << X-Powered-By: ASP.NET
16:03:44.851 [ForkJoinPool-1-worker-1] DEBUG org.apache.http.headers - http-outgoing-12 << Content-Length: 208
16:03:44.851 [ForkJoinPool-1-worker-1] DEBUG org.apache.http.impl.execchain.MainClientExec - Connection can be kept alive indefinitely
16:03:44.851 [ForkJoinPool-1-worker-1] DEBUG org.apache.http.wire - http-outgoing-12 << "[0x1f][0x8b][0x8][0x0][0x0][0x0][0x0][0x0][0x4][0x0][0xed][0xbd][0x7]`[0x1c]I[0x96]%&/m[0xca]{]]>&#x7f;<![CDATA[J[0xf5]J[0xd7][0xe0]t[0xa1][0x8][0x80]`[0x13]$[0xd8][0x90]@[0x10][0xec][0xc1][0x88][0xcd][0xe6][0x92][0xec][0x1d]iG#)[0xab]*[0x81][0xca]eVe]f[0x16]@[0xcc][0xed][0x9d][0xbc][0xf7][0xde]{[0xef][0xbd][0xf7][0xde]{[0xef][0xbd][0xf7][0xba];[0x9d]N'[0xf7][0xdf][0xff]?\fd[0x1]l[0xf6][0xce]J[0xda][0xc9][0x9e]![0x80][0xaa][0xc8][0x1f]?~|[0x1f]?"[0x1e][0xff][0x1e][0xef][0x16]ez[0x99][0xd7]MQ-?[0xfb]hw[0xbc][0xf3]Q[0x9a]/[0xa7][0xd5][0xac]X^|[0xf6][0xd1][0xba]=[0xdf]>[0xf8][0xe8][0xf7]8[0xfa][0x8d][0x93][0xc7]M[[0xd3]G)[0xb5]^6[0x9f]}4o[0xdb]U[0xf3][0xe8][0xee][0xdd][0xab][0xab][0xab][0xf1][0xd5][0xbd]f:[0xaf][0xaa][0xb2][0x19]O[0xab][0xc5]]jp[0xf7][0xa3][0xa3][0x87][0x7][0xe3]O[0x1f][0xdf][0x95]w[0x8e][0xfe][0x1f]O![0x80]Ed[0x0][0x0][0x0]"
16:03:44.851 [ForkJoinPool-1-worker-1] DEBUG org.apache.http.impl.conn.PoolingHttpClientConnectionManager - Connection [id: 12][route: {s}->https://www.w3schools.com:443] can be kept alive indefinitely
16:03:44.851 [ForkJoinPool-1-worker-1] DEBUG org.apache.http.impl.conn.DefaultManagedHttpClientConnection - http-outgoing-12: set socket timeout to 0
16:03:44.851 [ForkJoinPool-1-worker-1] DEBUG org.apache.http.impl.conn.PoolingHttpClientConnectionManager - Connection released: [id: 12][route: {s}->https://www.w3schools.com:443][total available: 1; route allocated: 1 of 5; total allocated: 1 of 10]
16:03:44.851 [ForkJoinPool-1-worker-1] DEBUG com.intuit.karate - response time in milliseconds: 314.87
1 < 200
1 < Cache-Control: private, max-age=0,public
1 < Content-Type: text/xml; charset=utf-8
1 < Date: Fri, 05 Feb 2021 10:25:34 GMT
1 < Server: Microsoft-IIS/7.5
1 < Vary: Accept-Encoding
1 < X-AspNet-Version: 4.0.30319
1 < X-Frame-Options: SAMEORIGIN
1 < X-Powered-By: ASP.NET
<?xml version="1.0" encoding="utf-8"?>
<string xmlns="https://www.w3schools.com/xml/">98.6</string>

16:03:44.851 [ForkJoinPool-1-worker-1] DEBUG com.jayway.jsonpath.internal.path.CompiledPath - Evaluating path: $
16:03:44.851 [ForkJoinPool-1-worker-1] INFO com.intuit.karate - [print] {
  "Cache-Control": [
    "private, max-age=0,public"
  ],
  "Content-Type": [
    "text/xml; charset=utf-8"
  ],
  "Date": [
    "Fri, 05 Feb 2021 10:25:34 GMT"
  ],
  "Server": [
    "Microsoft-IIS/7.5"
  ],
  "Vary": [
    "Accept-Encoding"
  ],
  "X-AspNet-Version": [
    "4.0.30319"
  ],
  "X-Frame-Options": [
    "SAMEORIGIN"
  ],
  "X-Powered-By": [
    "ASP.NET"
  ]
}

16:03:44.851 [ForkJoinPool-1-worker-1] INFO com.intuit.karate - [print] xml
16:03:44.851 [ForkJoinPool-1-worker-1] INFO com.intuit.karate - [print] 315
16:03:44.851 [ForkJoinPool-1-worker-1] INFO com.intuit.karate - after scenario inside config 
16:03:44.851 [ForkJoinPool-1-worker-1] INFO com.intuit.karate - From karate-config file 
16:03:44.867 [ForkJoinPool-1-worker-1] DEBUG com.jayway.jsonpath.internal.path.CompiledPath - Evaluating path: $
16:03:44.867 [ForkJoinPool-1-worker-1] INFO com.intuit.karate - [print] 123
16:03:44.867 [ForkJoinPool-1-worker-1] INFO com.intuit.karate - 33 
16:03:44.867 [ForkJoinPool-1-worker-1] INFO com.intuit.karate - after scenario inside config 
16:03:44.882 [pool-1-thread-1] INFO com.intuit.karate.Runner - <<pass>> feature 15 of 26: classpath:feauturefiles/karate13.feature
---------------------------------------------------------
feature: classpath:feauturefiles/karate13.feature
report: build\surefire-reports\feauturefiles.karate13.json
scenarios:  1 | passed:  1 | failed:  0 | time: 0.0124
---------------------------------------------------------
16:03:44.882 [ForkJoinPool-1-worker-1] INFO com.intuit.karate - From karate-config file 
16:03:44.882 [ForkJoinPool-1-worker-1] DEBUG com.jayway.jsonpath.internal.path.CompiledPath - Evaluating path: $
16:03:44.898 [ForkJoinPool-1-worker-1] INFO com.intuit.karate - [print] Karate
16:03:44.898 [ForkJoinPool-1-worker-1] INFO com.intuit.karate - [print] Karate
16:03:44.898 [ForkJoinPool-1-worker-1] INFO com.intuit.karate - after scenario inside config 
16:03:44.898 [ForkJoinPool-1-worker-1] INFO com.intuit.karate - From karate-config file 
16:03:44.898 [ForkJoinPool-1-worker-1] DEBUG com.jayway.jsonpath.internal.path.CompiledPath - Evaluating path: $
16:03:44.898 [ForkJoinPool-1-worker-1] INFO com.intuit.karate - [print] Syed
16:03:44.898 [ForkJoinPool-1-worker-1] INFO com.intuit.karate - [print] Syed
16:03:44.898 [ForkJoinPool-1-worker-1] INFO com.intuit.karate - after scenario inside config 
16:03:44.913 [pool-1-thread-1] INFO com.intuit.karate.Runner - <<pass>> feature 16 of 26: classpath:feauturefiles/karate14.feature
---------------------------------------------------------
feature: classpath:feauturefiles/karate14.feature
report: build\surefire-reports\feauturefiles.karate14.json
scenarios:  2 | passed:  2 | failed:  0 | time: 0.0188
---------------------------------------------------------
16:03:44.913 [ForkJoinPool-1-worker-1] INFO com.intuit.karate - From karate-config file 
16:03:44.913 [ForkJoinPool-1-worker-1] DEBUG com.jayway.jsonpath.internal.path.CompiledPath - Evaluating path: $
16:03:44.929 [ForkJoinPool-1-worker-0] DEBUG org.apache.http.wire - http-outgoing-13 << "HTTP/1.1 200 OK[\r][\n]"
16:03:44.929 [ForkJoinPool-1-worker-0] DEBUG org.apache.http.wire - http-outgoing-13 << "Content-Encoding: gzip[\r][\n]"
16:03:44.929 [ForkJoinPool-1-worker-0] DEBUG org.apache.http.wire - http-outgoing-13 << "Cache-Control: private, max-age=0,public[\r][\n]"
16:03:44.929 [ForkJoinPool-1-worker-0] DEBUG org.apache.http.wire - http-outgoing-13 << "Content-Type: text/xml; charset=utf-8[\r][\n]"
16:03:44.929 [ForkJoinPool-1-worker-0] DEBUG org.apache.http.wire - http-outgoing-13 << "Date: Fri, 05 Feb 2021 10:25:34 GMT[\r][\n]"
16:03:44.929 [ForkJoinPool-1-worker-0] DEBUG org.apache.http.wire - http-outgoing-13 << "Server: Microsoft-IIS/7.5[\r][\n]"
16:03:44.929 [ForkJoinPool-1-worker-0] DEBUG org.apache.http.wire - http-outgoing-13 << "Vary: Accept-Encoding[\r][\n]"
16:03:44.929 [ForkJoinPool-1-worker-0] DEBUG org.apache.http.wire - http-outgoing-13 << "X-AspNet-Version: 4.0.30319[\r][\n]"
16:03:44.929 [ForkJoinPool-1-worker-0] DEBUG org.apache.http.wire - http-outgoing-13 << "X-Frame-Options: SAMEORIGIN[\r][\n]"
16:03:44.929 [ForkJoinPool-1-worker-0] DEBUG org.apache.http.wire - http-outgoing-13 << "X-Powered-By: ASP.NET[\r][\n]"
16:03:44.929 [ForkJoinPool-1-worker-0] DEBUG org.apache.http.wire - http-outgoing-13 << "Content-Length: 207[\r][\n]"
16:03:44.929 [ForkJoinPool-1-worker-0] DEBUG org.apache.http.wire - http-outgoing-13 << "[\r][\n]"
16:03:44.929 [ForkJoinPool-1-worker-0] DEBUG org.apache.http.headers - http-outgoing-13 << HTTP/1.1 200 OK
16:03:44.929 [ForkJoinPool-1-worker-0] DEBUG org.apache.http.headers - http-outgoing-13 << Content-Encoding: gzip
16:03:44.929 [ForkJoinPool-1-worker-0] DEBUG org.apache.http.headers - http-outgoing-13 << Cache-Control: private, max-age=0,public
16:03:44.929 [ForkJoinPool-1-worker-0] DEBUG org.apache.http.headers - http-outgoing-13 << Content-Type: text/xml; charset=utf-8
16:03:44.929 [ForkJoinPool-1-worker-0] DEBUG org.apache.http.headers - http-outgoing-13 << Date: Fri, 05 Feb 2021 10:25:34 GMT
16:03:44.929 [ForkJoinPool-1-worker-0] DEBUG org.apache.http.headers - http-outgoing-13 << Server: Microsoft-IIS/7.5
16:03:44.929 [ForkJoinPool-1-worker-0] DEBUG org.apache.http.headers - http-outgoing-13 << Vary: Accept-Encoding
16:03:44.929 [ForkJoinPool-1-worker-0] DEBUG org.apache.http.headers - http-outgoing-13 << X-AspNet-Version: 4.0.30319
16:03:44.929 [ForkJoinPool-1-worker-0] DEBUG org.apache.http.headers - http-outgoing-13 << X-Frame-Options: SAMEORIGIN
16:03:44.929 [ForkJoinPool-1-worker-0] DEBUG org.apache.http.headers - http-outgoing-13 << X-Powered-By: ASP.NET
16:03:44.929 [ForkJoinPool-1-worker-0] DEBUG org.apache.http.headers - http-outgoing-13 << Content-Length: 207
16:03:44.929 [ForkJoinPool-1-worker-0] DEBUG org.apache.http.impl.execchain.MainClientExec - Connection can be kept alive indefinitely
16:03:44.929 [ForkJoinPool-1-worker-0] DEBUG org.apache.http.wire - http-outgoing-13 << "[0x1f][0x8b][0x8][0x0][0x0][0x0][0x0][0x0][0x4][0x0][0xed][0xbd][0x7]`[0x1c]I[0x96]%&/m[0xca]{]]>&#x7f;<![CDATA[J[0xf5]J[0xd7][0xe0]t[0xa1][0x8][0x80]`[0x13]$[0xd8][0x90]@[0x10][0xec][0xc1][0x88][0xcd][0xe6][0x92][0xec][0x1d]iG#)[0xab]*[0x81][0xca]eVe]f[0x16]@[0xcc][0xed][0x9d][0xbc][0xf7][0xde]{[0xef][0xbd][0xf7][0xde]{[0xef][0xbd][0xf7][0xba];[0x9d]N'[0xf7][0xdf][0xff]?\fd[0x1]l[0xf6][0xce]J[0xda][0xc9][0x9e]![0x80][0xaa][0xc8][0x1f]?~|[0x1f]?"[0x1e][0xff][0x1e][0xef][0x16]ez[0x99][0xd7]MQ-?[0xfb]hw[0xbc][0xf3]Q[0x9a]/[0xa7][0xd5][0xac]X^|[0xf6][0xd1][0xba]=[0xdf]>[0xf8][0xe8][0xf7]8[0xfa][0x8d][0x93][0xc7]M[[0xd3]G)[0xb5]^6[0x9f]}4o[0xdb]U[0xf3][0xe8][0xee][0xdd][0xab][0xab][0xab][0xf1][0xd5][0xbd]f:[0xaf][0xaa][0xb2][0x19]O[0xab][0xc5]]jp[0xf7][0xa3][0xa3][0xdd][0x9d][0xfd][0xc7]w[0xe5][0x95][0xa3][0xff][0x7] [0xa2]\[0x8c]c[0x0][0x0][0x0]"
16:03:44.929 [ForkJoinPool-1-worker-0] DEBUG org.apache.http.impl.conn.PoolingHttpClientConnectionManager - Connection [id: 13][route: {s}->https://www.w3schools.com:443] can be kept alive indefinitely
16:03:44.929 [ForkJoinPool-1-worker-0] DEBUG org.apache.http.impl.conn.DefaultManagedHttpClientConnection - http-outgoing-13: set socket timeout to 0
16:03:44.929 [ForkJoinPool-1-worker-0] DEBUG org.apache.http.impl.conn.PoolingHttpClientConnectionManager - Connection released: [id: 13][route: {s}->https://www.w3schools.com:443][total available: 1; route allocated: 1 of 5; total allocated: 1 of 10]
16:03:44.929 [ForkJoinPool-1-worker-0] DEBUG com.intuit.karate - response time in milliseconds: 293.81
1 < 200
1 < Cache-Control: private, max-age=0,public
1 < Content-Type: text/xml; charset=utf-8
1 < Date: Fri, 05 Feb 2021 10:25:34 GMT
1 < Server: Microsoft-IIS/7.5
1 < Vary: Accept-Encoding
1 < X-AspNet-Version: 4.0.30319
1 < X-Frame-Options: SAMEORIGIN
1 < X-Powered-By: ASP.NET
<?xml version="1.0" encoding="utf-8"?>
<string xmlns="https://www.w3schools.com/xml/">104</string>

16:03:44.929 [ForkJoinPool-1-worker-0] DEBUG com.jayway.jsonpath.internal.path.CompiledPath - Evaluating path: $
16:03:44.929 [ForkJoinPool-1-worker-0] INFO com.intuit.karate - [print] {
  "Cache-Control": [
    "private, max-age=0,public"
  ],
  "Content-Type": [
    "text/xml; charset=utf-8"
  ],
  "Date": [
    "Fri, 05 Feb 2021 10:25:34 GMT"
  ],
  "Server": [
    "Microsoft-IIS/7.5"
  ],
  "Vary": [
    "Accept-Encoding"
  ],
  "X-AspNet-Version": [
    "4.0.30319"
  ],
  "X-Frame-Options": [
    "SAMEORIGIN"
  ],
  "X-Powered-By": [
    "ASP.NET"
  ]
}

16:03:44.929 [ForkJoinPool-1-worker-0] INFO com.intuit.karate - [print] xml
16:03:44.929 [ForkJoinPool-1-worker-0] INFO com.intuit.karate - [print] 294
16:03:44.929 [ForkJoinPool-1-worker-0] INFO com.intuit.karate - after scenario inside config 
16:03:44.929 [ForkJoinPool-1-worker-0] INFO com.intuit.karate - From karate-config file 
16:03:44.929 [ForkJoinPool-1-worker-0] DEBUG com.jayway.jsonpath.internal.path.CompiledPath - Evaluating path: $
16:03:44.960 [pool-1-thread-2] INFO com.intuit.karate.Runner - <<pass>> feature 14 of 26: classpath:feauturefiles/karate12.feature
---------------------------------------------------------
feature: classpath:feauturefiles/karate12.feature
report: build\surefire-reports\feauturefiles.karate12.json
scenarios:  4 | passed:  4 | failed:  0 | time: 1.2167
---------------------------------------------------------
16:03:45.085 [ForkJoinPool-1-worker-0] INFO com.intuit.karate - [print] Success
16:03:45.085 [Finalizer] DEBUG org.apache.http.impl.conn.PoolingHttpClientConnectionManager - Connection manager is shutting down
16:03:45.085 [Finalizer] DEBUG org.apache.http.impl.conn.DefaultManagedHttpClientConnection - http-outgoing-2: Close connection
16:03:45.085 [Finalizer] DEBUG org.apache.http.impl.conn.PoolingHttpClientConnectionManager - Connection manager shut down
16:03:45.085 [Finalizer] DEBUG org.apache.http.impl.conn.PoolingHttpClientConnectionManager - Connection manager is shutting down
16:03:45.085 [Finalizer] DEBUG org.apache.http.impl.conn.DefaultManagedHttpClientConnection - http-outgoing-3: Close connection
16:03:45.085 [Finalizer] DEBUG org.apache.http.impl.conn.PoolingHttpClientConnectionManager - Connection manager shut down
16:03:45.085 [Finalizer] DEBUG org.apache.http.impl.conn.PoolingHttpClientConnectionManager - Connection manager is shutting down
16:03:45.085 [Finalizer] DEBUG org.apache.http.impl.conn.DefaultManagedHttpClientConnection - http-outgoing-4: Close connection
16:03:45.085 [Finalizer] DEBUG org.apache.http.impl.conn.PoolingHttpClientConnectionManager - Connection manager shut down
16:03:45.085 [Finalizer] DEBUG org.apache.http.impl.conn.PoolingHttpClientConnectionManager - Connection manager is shutting down
16:03:45.085 [Finalizer] DEBUG org.apache.http.impl.conn.DefaultManagedHttpClientConnection - http-outgoing-13: Close connection
16:03:45.101 [ForkJoinPool-1-worker-0] INFO com.intuit.karate - after scenario inside config 
16:03:45.101 [Finalizer] DEBUG org.apache.http.impl.conn.PoolingHttpClientConnectionManager - Connection manager shut down
16:03:45.101 [ForkJoinPool-1-worker-0] INFO com.intuit.karate - From karate-config file 
16:03:45.101 [ForkJoinPool-1-worker-0] DEBUG com.jayway.jsonpath.internal.path.CompiledPath - Evaluating path: $
16:03:45.101 [Finalizer] DEBUG org.apache.http.impl.conn.PoolingHttpClientConnectionManager - Connection manager is shutting down
16:03:45.101 [Finalizer] DEBUG org.apache.http.impl.conn.DefaultManagedHttpClientConnection - http-outgoing-5: Close connection
16:03:45.101 [Finalizer] DEBUG org.apache.http.impl.conn.PoolingHttpClientConnectionManager - Connection manager shut down
16:03:45.101 [Finalizer] DEBUG org.apache.http.impl.conn.PoolingHttpClientConnectionManager - Connection manager is shutting down
16:03:45.101 [Finalizer] DEBUG org.apache.http.impl.conn.DefaultManagedHttpClientConnection - http-outgoing-6: Close connection
16:03:45.101 [Finalizer] DEBUG org.apache.http.impl.conn.PoolingHttpClientConnectionManager - Connection manager shut down
16:03:45.101 [Finalizer] DEBUG org.apache.http.impl.conn.PoolingHttpClientConnectionManager - Connection manager is shutting down
16:03:45.101 [Finalizer] DEBUG org.apache.http.impl.conn.PoolingHttpClientConnectionManager - Connection manager shut down
16:03:45.101 [Finalizer] DEBUG org.apache.http.impl.conn.PoolingHttpClientConnectionManager - Connection manager is shutting down
16:03:45.101 [Finalizer] DEBUG org.apache.http.impl.conn.PoolingHttpClientConnectionManager - Connection manager shut down
16:03:45.101 [Finalizer] DEBUG org.apache.http.impl.conn.PoolingHttpClientConnectionManager - Connection manager is shutting down
16:03:45.101 [Finalizer] DEBUG org.apache.http.impl.conn.DefaultManagedHttpClientConnection - http-outgoing-9: Close connection
16:03:45.116 [Finalizer] DEBUG org.apache.http.impl.conn.PoolingHttpClientConnectionManager - Connection manager shut down
16:03:45.116 [Finalizer] DEBUG org.apache.http.impl.conn.PoolingHttpClientConnectionManager - Connection manager is shutting down
16:03:45.116 [Finalizer] DEBUG org.apache.http.impl.conn.DefaultManagedHttpClientConnection - http-outgoing-10: Close connection
16:03:45.116 [Finalizer] DEBUG org.apache.http.impl.conn.PoolingHttpClientConnectionManager - Connection manager shut down
16:03:45.116 [Finalizer] DEBUG org.apache.http.impl.conn.PoolingHttpClientConnectionManager - Connection manager is shutting down
16:03:45.116 [Finalizer] DEBUG org.apache.http.impl.conn.DefaultManagedHttpClientConnection - http-outgoing-11: Close connection
16:03:45.132 [Finalizer] DEBUG org.apache.http.impl.conn.PoolingHttpClientConnectionManager - Connection manager shut down
16:03:45.132 [Finalizer] DEBUG org.apache.http.impl.conn.PoolingHttpClientConnectionManager - Connection manager is shutting down
16:03:45.132 [Finalizer] DEBUG org.apache.http.impl.conn.DefaultManagedHttpClientConnection - http-outgoing-12: Close connection
16:03:45.132 [Finalizer] DEBUG org.apache.http.impl.conn.PoolingHttpClientConnectionManager - Connection manager shut down
16:03:45.132 [ForkJoinPool-1-worker-0] INFO com.intuit.karate - [print] 1
16:03:45.132 [ForkJoinPool-1-worker-0] INFO com.intuit.karate - after scenario inside config 
16:03:45.132 [ForkJoinPool-1-worker-0] INFO com.intuit.karate - From karate-config file 
16:03:45.132 [ForkJoinPool-1-worker-0] DEBUG com.jayway.jsonpath.internal.path.CompiledPath - Evaluating path: $
16:03:45.148 [ForkJoinPool-1-worker-0] DEBUG org.apache.http.client.protocol.RequestAddCookies - CookieSpec selected: karate
16:03:45.148 [ForkJoinPool-1-worker-0] DEBUG org.apache.http.client.protocol.RequestAuthCache - Auth cache not set in the context
16:03:45.148 [ForkJoinPool-1-worker-0] DEBUG com.intuit.karate - request:
1 > GET https://reqres.in/api/users?page=2
1 > Accept-Encoding: gzip,deflate
1 > Connection: Keep-Alive
1 > Host: reqres.in
1 > User-Agent: Apache-HttpClient/4.5.12 (Java/1.8.0_251)

16:03:45.148 [ForkJoinPool-1-worker-0] DEBUG org.apache.http.impl.conn.PoolingHttpClientConnectionManager - Connection request: [route: {s}->https://reqres.in:443][total available: 0; route allocated: 0 of 5; total allocated: 0 of 10]
16:03:45.148 [ForkJoinPool-1-worker-0] DEBUG org.apache.http.impl.conn.PoolingHttpClientConnectionManager - Connection leased: [id: 14][route: {s}->https://reqres.in:443][total available: 0; route allocated: 1 of 5; total allocated: 1 of 10]
16:03:45.148 [ForkJoinPool-1-worker-0] DEBUG org.apache.http.impl.execchain.MainClientExec - Opening connection {s}->https://reqres.in:443
16:03:45.148 [ForkJoinPool-1-worker-0] DEBUG org.apache.http.impl.conn.DefaultHttpClientConnectionOperator - Connecting to reqres.in/172.67.222.36:443
16:03:45.148 [ForkJoinPool-1-worker-0] DEBUG org.apache.http.conn.ssl.SSLConnectionSocketFactory - Connecting socket to reqres.in/172.67.222.36:443 with timeout 5000
16:03:45.163 [ForkJoinPool-1-worker-1] INFO com.intuit.karate - [print] 101,Selenium,Se-HQ,
102,UFT,Microfocus,
103,RFT,IBM Rational,
104,SilkTest,Microfocus,
1111,TestComplete,SmartBear,
106,Sasi,Sasi,
106,Sasi,Sasi,
106,Sasi,Sasi,

16:03:45.179 [ForkJoinPool-1-worker-1] INFO com.intuit.karate - after scenario inside config 
16:03:45.179 [ForkJoinPool-1-worker-1] INFO com.intuit.karate - From karate-config file 
16:03:45.179 [ForkJoinPool-1-worker-1] DEBUG com.jayway.jsonpath.internal.path.CompiledPath - Evaluating path: $
16:03:45.179 [ForkJoinPool-1-worker-1] DEBUG com.jayway.jsonpath.internal.path.CompiledPath - Evaluating path: $
16:03:45.179 [ForkJoinPool-1-worker-1] DEBUG com.jayway.jsonpath.internal.path.CompiledPath - Evaluating path: $
16:03:45.179 [ForkJoinPool-1-worker-1] DEBUG com.jayway.jsonpath.internal.path.CompiledPath - Evaluating path: $
16:03:45.179 [ForkJoinPool-1-worker-1] INFO com.intuit.karate - [print] {
  "per_page": 6,
  "total": 12,
  "data": [
    {
      "last_name": "Lawson",
      "id": 7,
      "avatar": "https://reqres.in/img/faces/7-image.jpg",
      "first_name": "Michael",
      "email": "michael.lawson@reqres.in"
    },
    {
      "last_name": "Ferguson",
      "id": 8,
      "avatar": "https://reqres.in/img/faces/8-image.jpg",
      "first_name": "Lindsay",
      "email": "lindsay.ferguson@reqres.in"
    },
    {
      "last_name": "Funke",
      "id": 9,
      "avatar": "https://reqres.in/img/faces/9-image.jpg",
      "first_name": "Tobias",
      "email": "tobias.funke@reqres.in"
    },
    {
      "last_name": "Fields",
      "id": 10,
      "avatar": "https://reqres.in/img/faces/10-image.jpg",
      "first_name": "Byron",
      "email": "byron.fields@reqres.in"
    },
    {
      "last_name": "Edwards",
      "id": 11,
      "avatar": "https://reqres.in/img/faces/11-image.jpg",
      "first_name": "George",
      "email": "george.edwards@reqres.in"
    },
    {
      "last_name": "Howell",
      "id": 12,
      "avatar": "https://reqres.in/img/faces/12-image.jpg",
      "first_name": "Rachel",
      "email": "rachel.howell@reqres.in"
    }
  ],
  "page": 2,
  "total_pages": 2,
  "support": {
    "text": "To keep ReqRes free, contributions towards server costs are appreciated!",
    "url": "https://reqres.in/#support-heading"
  }
}

16:03:45.179 [ForkJoinPool-1-worker-1] INFO com.intuit.karate - [print] {"per_page":6,"total":12,"data":[{"last_name":"Lawson","id":7,"avatar":"https:\/\/reqres.in\/img\/faces\/7-image.jpg","first_name":"Michael","email":"michael.lawson@reqres.in"},{"last_name":"Ferguson","id":8,"avatar":"https:\/\/reqres.in\/img\/faces\/8-image.jpg","first_name":"Lindsay","email":"lindsay.ferguson@reqres.in"},{"last_name":"Funke","id":9,"avatar":"https:\/\/reqres.in\/img\/faces\/9-image.jpg","first_name":"Tobias","email":"tobias.funke@reqres.in"},{"last_name":"Fields","id":10,"avatar":"https:\/\/reqres.in\/img\/faces\/10-image.jpg","first_name":"Byron","email":"byron.fields@reqres.in"},{"last_name":"Edwards","id":11,"avatar":"https:\/\/reqres.in\/img\/faces\/11-image.jpg","first_name":"George","email":"george.edwards@reqres.in"},{"last_name":"Howell","id":12,"avatar":"https:\/\/reqres.in\/img\/faces\/12-image.jpg","first_name":"Rachel","email":"rachel.howell@reqres.in"}],"page":2,"total_pages":2,"support":{"text":"To keep ReqRes free, contributions towards server costs are appreciated!","url":"https:\/\/reqres.in\/#support-heading"}}
16:03:45.179 [ForkJoinPool-1-worker-1] INFO com.intuit.karate - after scenario inside config 
16:03:45.179 [ForkJoinPool-1-worker-1] INFO com.intuit.karate - From karate-config file 
16:03:45.179 [ForkJoinPool-1-worker-1] DEBUG com.jayway.jsonpath.internal.path.CompiledPath - Evaluating path: $
16:03:45.195 [ForkJoinPool-1-worker-0] DEBUG org.apache.http.conn.ssl.SSLConnectionSocketFactory - Enabled protocols: [TLSv1, TLSv1.1, TLSv1.2]
16:03:45.195 [ForkJoinPool-1-worker-0] DEBUG org.apache.http.conn.ssl.SSLConnectionSocketFactory - Enabled cipher suites:[TLS_ECDHE_ECDSA_WITH_AES_256_CBC_SHA384, TLS_ECDHE_RSA_WITH_AES_256_CBC_SHA384, TLS_RSA_WITH_AES_256_CBC_SHA256, TLS_ECDH_ECDSA_WITH_AES_256_CBC_SHA384, TLS_ECDH_RSA_WITH_AES_256_CBC_SHA384, TLS_DHE_RSA_WITH_AES_256_CBC_SHA256, TLS_DHE_DSS_WITH_AES_256_CBC_SHA256, TLS_ECDHE_ECDSA_WITH_AES_256_CBC_SHA, TLS_ECDHE_RSA_WITH_AES_256_CBC_SHA, TLS_RSA_WITH_AES_256_CBC_SHA, TLS_ECDH_ECDSA_WITH_AES_256_CBC_SHA, TLS_ECDH_RSA_WITH_AES_256_CBC_SHA, TLS_DHE_RSA_WITH_AES_256_CBC_SHA, TLS_DHE_DSS_WITH_AES_256_CBC_SHA, TLS_ECDHE_ECDSA_WITH_AES_128_CBC_SHA256, TLS_ECDHE_RSA_WITH_AES_128_CBC_SHA256, TLS_RSA_WITH_AES_128_CBC_SHA256, TLS_ECDH_ECDSA_WITH_AES_128_CBC_SHA256, TLS_ECDH_RSA_WITH_AES_128_CBC_SHA256, TLS_DHE_RSA_WITH_AES_128_CBC_SHA256, TLS_DHE_DSS_WITH_AES_128_CBC_SHA256, TLS_ECDHE_ECDSA_WITH_AES_128_CBC_SHA, TLS_ECDHE_RSA_WITH_AES_128_CBC_SHA, TLS_RSA_WITH_AES_128_CBC_SHA, TLS_ECDH_ECDSA_WITH_AES_128_CBC_SHA, TLS_ECDH_RSA_WITH_AES_128_CBC_SHA, TLS_DHE_RSA_WITH_AES_128_CBC_SHA, TLS_DHE_DSS_WITH_AES_128_CBC_SHA, TLS_ECDHE_ECDSA_WITH_AES_256_GCM_SHA384, TLS_ECDHE_ECDSA_WITH_AES_128_GCM_SHA256, TLS_ECDHE_RSA_WITH_AES_256_GCM_SHA384, TLS_RSA_WITH_AES_256_GCM_SHA384, TLS_ECDH_ECDSA_WITH_AES_256_GCM_SHA384, TLS_ECDH_RSA_WITH_AES_256_GCM_SHA384, TLS_DHE_RSA_WITH_AES_256_GCM_SHA384, TLS_DHE_DSS_WITH_AES_256_GCM_SHA384, TLS_ECDHE_RSA_WITH_AES_128_GCM_SHA256, TLS_RSA_WITH_AES_128_GCM_SHA256, TLS_ECDH_ECDSA_WITH_AES_128_GCM_SHA256, TLS_ECDH_RSA_WITH_AES_128_GCM_SHA256, TLS_DHE_RSA_WITH_AES_128_GCM_SHA256, TLS_DHE_DSS_WITH_AES_128_GCM_SHA256, TLS_EMPTY_RENEGOTIATION_INFO_SCSV]
16:03:45.195 [ForkJoinPool-1-worker-0] DEBUG org.apache.http.conn.ssl.SSLConnectionSocketFactory - Starting handshake
16:03:45.210 [ForkJoinPool-1-worker-1] INFO com.intuit.karate - [print] 1
16:03:45.210 [ForkJoinPool-1-worker-1] INFO com.intuit.karate - after scenario inside config 
16:03:45.210 [pool-1-thread-1] INFO com.intuit.karate.Runner - <<pass>> feature 17 of 26: classpath:feauturefiles/karate15.feature
---------------------------------------------------------
feature: classpath:feauturefiles/karate15.feature
report: build\surefire-reports\feauturefiles.karate15.json
scenarios:  4 | passed:  4 | failed:  0 | time: 0.4716
---------------------------------------------------------
16:03:45.226 [ForkJoinPool-1-worker-1] INFO com.intuit.karate - From karate-config file 
16:03:45.226 [ForkJoinPool-1-worker-1] DEBUG com.jayway.jsonpath.internal.path.CompiledPath - Evaluating path: $
16:03:45.241 [ForkJoinPool-1-worker-1] INFO com.intuit.karate - [print] Basic cGFsbWV0b2FkbWluOlBAbG1ldG9AMTIz
16:03:45.241 [ForkJoinPool-1-worker-1] DEBUG org.apache.http.client.protocol.RequestAddCookies - CookieSpec selected: karate
16:03:45.241 [ForkJoinPool-1-worker-1] DEBUG org.apache.http.client.protocol.RequestAuthCache - Auth cache not set in the context
16:03:45.241 [ForkJoinPool-1-worker-1] DEBUG com.intuit.karate - request:
1 > GET https://192.168.1.62:8089/services/search/jobs
1 > Accept-Encoding: gzip,deflate
1 > Authorization: Basic cGFsbWV0b2FkbWluOlBAbG1ldG9AMTIz
1 > Connection: Keep-Alive
1 > Host: 192.168.1.62:8089
1 > User-Agent: Apache-HttpClient/4.5.12 (Java/1.8.0_251)

16:03:45.241 [ForkJoinPool-1-worker-1] DEBUG org.apache.http.impl.conn.PoolingHttpClientConnectionManager - Connection request: [route: {s}->https://192.168.1.62:8089][total available: 0; route allocated: 0 of 5; total allocated: 0 of 10]
16:03:45.241 [ForkJoinPool-1-worker-1] DEBUG org.apache.http.impl.conn.PoolingHttpClientConnectionManager - Connection leased: [id: 15][route: {s}->https://192.168.1.62:8089][total available: 0; route allocated: 1 of 5; total allocated: 1 of 10]
16:03:45.241 [ForkJoinPool-1-worker-1] DEBUG org.apache.http.impl.execchain.MainClientExec - Opening connection {s}->https://192.168.1.62:8089
16:03:45.241 [ForkJoinPool-1-worker-1] DEBUG org.apache.http.impl.conn.DefaultHttpClientConnectionOperator - Connecting to /192.168.1.62:8089
16:03:45.241 [ForkJoinPool-1-worker-1] DEBUG org.apache.http.conn.ssl.LenientSslConnectionSocketFactory - Connecting socket to /192.168.1.62:8089 with timeout 5000
16:03:45.241 [ForkJoinPool-1-worker-1] DEBUG org.apache.http.conn.ssl.LenientSslConnectionSocketFactory - Enabled protocols: [TLSv1, TLSv1.1, TLSv1.2]
16:03:45.241 [ForkJoinPool-1-worker-1] DEBUG org.apache.http.conn.ssl.LenientSslConnectionSocketFactory - Enabled cipher suites:[TLS_ECDHE_ECDSA_WITH_AES_256_CBC_SHA384, TLS_ECDHE_RSA_WITH_AES_256_CBC_SHA384, TLS_RSA_WITH_AES_256_CBC_SHA256, TLS_ECDH_ECDSA_WITH_AES_256_CBC_SHA384, TLS_ECDH_RSA_WITH_AES_256_CBC_SHA384, TLS_DHE_RSA_WITH_AES_256_CBC_SHA256, TLS_DHE_DSS_WITH_AES_256_CBC_SHA256, TLS_ECDHE_ECDSA_WITH_AES_256_CBC_SHA, TLS_ECDHE_RSA_WITH_AES_256_CBC_SHA, TLS_RSA_WITH_AES_256_CBC_SHA, TLS_ECDH_ECDSA_WITH_AES_256_CBC_SHA, TLS_ECDH_RSA_WITH_AES_256_CBC_SHA, TLS_DHE_RSA_WITH_AES_256_CBC_SHA, TLS_DHE_DSS_WITH_AES_256_CBC_SHA, TLS_ECDHE_ECDSA_WITH_AES_128_CBC_SHA256, TLS_ECDHE_RSA_WITH_AES_128_CBC_SHA256, TLS_RSA_WITH_AES_128_CBC_SHA256, TLS_ECDH_ECDSA_WITH_AES_128_CBC_SHA256, TLS_ECDH_RSA_WITH_AES_128_CBC_SHA256, TLS_DHE_RSA_WITH_AES_128_CBC_SHA256, TLS_DHE_DSS_WITH_AES_128_CBC_SHA256, TLS_ECDHE_ECDSA_WITH_AES_128_CBC_SHA, TLS_ECDHE_RSA_WITH_AES_128_CBC_SHA, TLS_RSA_WITH_AES_128_CBC_SHA, TLS_ECDH_ECDSA_WITH_AES_128_CBC_SHA, TLS_ECDH_RSA_WITH_AES_128_CBC_SHA, TLS_DHE_RSA_WITH_AES_128_CBC_SHA, TLS_DHE_DSS_WITH_AES_128_CBC_SHA, TLS_ECDHE_ECDSA_WITH_AES_256_GCM_SHA384, TLS_ECDHE_ECDSA_WITH_AES_128_GCM_SHA256, TLS_ECDHE_RSA_WITH_AES_256_GCM_SHA384, TLS_RSA_WITH_AES_256_GCM_SHA384, TLS_ECDH_ECDSA_WITH_AES_256_GCM_SHA384, TLS_ECDH_RSA_WITH_AES_256_GCM_SHA384, TLS_DHE_RSA_WITH_AES_256_GCM_SHA384, TLS_DHE_DSS_WITH_AES_256_GCM_SHA384, TLS_ECDHE_RSA_WITH_AES_128_GCM_SHA256, TLS_RSA_WITH_AES_128_GCM_SHA256, TLS_ECDH_ECDSA_WITH_AES_128_GCM_SHA256, TLS_ECDH_RSA_WITH_AES_128_GCM_SHA256, TLS_DHE_RSA_WITH_AES_128_GCM_SHA256, TLS_DHE_DSS_WITH_AES_128_GCM_SHA256, TLS_EMPTY_RENEGOTIATION_INFO_SCSV]
16:03:45.241 [ForkJoinPool-1-worker-1] DEBUG org.apache.http.conn.ssl.LenientSslConnectionSocketFactory - Starting handshake
16:03:45.257 [ForkJoinPool-1-worker-1] DEBUG org.apache.http.conn.ssl.LenientSslConnectionSocketFactory - Secure session established
16:03:45.257 [ForkJoinPool-1-worker-1] DEBUG org.apache.http.conn.ssl.LenientSslConnectionSocketFactory -  negotiated protocol: TLSv1.2
16:03:45.257 [ForkJoinPool-1-worker-1] DEBUG org.apache.http.conn.ssl.LenientSslConnectionSocketFactory -  negotiated cipher suite: TLS_ECDHE_RSA_WITH_AES_256_CBC_SHA384
16:03:45.257 [ForkJoinPool-1-worker-1] DEBUG org.apache.http.conn.ssl.LenientSslConnectionSocketFactory -  peer principal: O=SplunkUser, CN=SplunkServerDefaultCert
16:03:45.257 [ForkJoinPool-1-worker-1] DEBUG org.apache.http.conn.ssl.LenientSslConnectionSocketFactory -  issuer principal: EMAILADDRESS=support@splunk.com, CN=SplunkCommonCA, O=Splunk, L=San Francisco, ST=CA, C=US
16:03:45.257 [ForkJoinPool-1-worker-1] DEBUG org.apache.http.impl.conn.DefaultHttpClientConnectionOperator - Connection established 192.168.1.49:63162<->192.168.1.62:8089
16:03:45.257 [ForkJoinPool-1-worker-1] DEBUG org.apache.http.impl.conn.DefaultManagedHttpClientConnection - http-outgoing-15: set socket timeout to 5000
16:03:45.257 [ForkJoinPool-1-worker-1] DEBUG org.apache.http.impl.execchain.MainClientExec - Executing request GET /services/search/jobs HTTP/1.1
16:03:45.257 [ForkJoinPool-1-worker-1] DEBUG org.apache.http.impl.execchain.MainClientExec - Proxy auth state: UNCHALLENGED
16:03:45.257 [ForkJoinPool-1-worker-1] DEBUG org.apache.http.headers - http-outgoing-15 >> GET /services/search/jobs HTTP/1.1
16:03:45.257 [ForkJoinPool-1-worker-1] DEBUG org.apache.http.headers - http-outgoing-15 >> Authorization: Basic cGFsbWV0b2FkbWluOlBAbG1ldG9AMTIz
16:03:45.257 [ForkJoinPool-1-worker-1] DEBUG org.apache.http.headers - http-outgoing-15 >> Host: 192.168.1.62:8089
16:03:45.257 [ForkJoinPool-1-worker-1] DEBUG org.apache.http.headers - http-outgoing-15 >> Connection: Keep-Alive
16:03:45.257 [ForkJoinPool-1-worker-1] DEBUG org.apache.http.headers - http-outgoing-15 >> User-Agent: Apache-HttpClient/4.5.12 (Java/1.8.0_251)
16:03:45.257 [ForkJoinPool-1-worker-1] DEBUG org.apache.http.headers - http-outgoing-15 >> Accept-Encoding: gzip,deflate
16:03:45.257 [ForkJoinPool-1-worker-1] DEBUG org.apache.http.wire - http-outgoing-15 >> "GET /services/search/jobs HTTP/1.1[\r][\n]"
16:03:45.257 [ForkJoinPool-1-worker-1] DEBUG org.apache.http.wire - http-outgoing-15 >> "Authorization: Basic cGFsbWV0b2FkbWluOlBAbG1ldG9AMTIz[\r][\n]"
16:03:45.257 [ForkJoinPool-1-worker-1] DEBUG org.apache.http.wire - http-outgoing-15 >> "Host: 192.168.1.62:8089[\r][\n]"
16:03:45.257 [ForkJoinPool-1-worker-1] DEBUG org.apache.http.wire - http-outgoing-15 >> "Connection: Keep-Alive[\r][\n]"
16:03:45.257 [ForkJoinPool-1-worker-1] DEBUG org.apache.http.wire - http-outgoing-15 >> "User-Agent: Apache-HttpClient/4.5.12 (Java/1.8.0_251)[\r][\n]"
16:03:45.257 [ForkJoinPool-1-worker-1] DEBUG org.apache.http.wire - http-outgoing-15 >> "Accept-Encoding: gzip,deflate[\r][\n]"
16:03:45.257 [ForkJoinPool-1-worker-1] DEBUG org.apache.http.wire - http-outgoing-15 >> "[\r][\n]"
16:03:45.273 [ForkJoinPool-1-worker-1] DEBUG org.apache.http.wire - http-outgoing-15 << "HTTP/1.1 200 OK[\r][\n]"
16:03:45.273 [ForkJoinPool-1-worker-1] DEBUG org.apache.http.wire - http-outgoing-15 << "Date: Fri, 05 Feb 2021 10:33:46 GMT[\r][\n]"
16:03:45.273 [ForkJoinPool-1-worker-1] DEBUG org.apache.http.wire - http-outgoing-15 << "Expires: Thu, 26 Oct 1978 00:00:00 GMT[\r][\n]"
16:03:45.273 [ForkJoinPool-1-worker-1] DEBUG org.apache.http.wire - http-outgoing-15 << "Cache-Control: no-store, no-cache, must-revalidate, max-age=0[\r][\n]"
16:03:45.273 [ForkJoinPool-1-worker-1] DEBUG org.apache.http.wire - http-outgoing-15 << "Content-Type: text/xml; charset=UTF-8[\r][\n]"
16:03:45.273 [ForkJoinPool-1-worker-1] DEBUG org.apache.http.wire - http-outgoing-15 << "X-Content-Type-Options: nosniff[\r][\n]"
16:03:45.273 [ForkJoinPool-1-worker-1] DEBUG org.apache.http.wire - http-outgoing-15 << "Content-Length: 2246[\r][\n]"
16:03:45.273 [ForkJoinPool-1-worker-1] DEBUG org.apache.http.wire - http-outgoing-15 << "Content-Encoding: gzip[\r][\n]"
16:03:45.273 [ForkJoinPool-1-worker-1] DEBUG org.apache.http.wire - http-outgoing-15 << "Vary: Accept-Encoding, Cookie, Authorization[\r][\n]"
16:03:45.273 [ForkJoinPool-1-worker-1] DEBUG org.apache.http.wire - http-outgoing-15 << "Connection: Keep-Alive[\r][\n]"
16:03:45.273 [ForkJoinPool-1-worker-1] DEBUG org.apache.http.wire - http-outgoing-15 << "X-Frame-Options: SAMEORIGIN[\r][\n]"
16:03:45.273 [ForkJoinPool-1-worker-1] DEBUG org.apache.http.wire - http-outgoing-15 << "Server: Splunkd[\r][\n]"
16:03:45.273 [ForkJoinPool-1-worker-1] DEBUG org.apache.http.wire - http-outgoing-15 << "[\r][\n]"
16:03:45.273 [ForkJoinPool-1-worker-1] DEBUG org.apache.http.headers - http-outgoing-15 << HTTP/1.1 200 OK
16:03:45.273 [ForkJoinPool-1-worker-1] DEBUG org.apache.http.headers - http-outgoing-15 << Date: Fri, 05 Feb 2021 10:33:46 GMT
16:03:45.273 [ForkJoinPool-1-worker-1] DEBUG org.apache.http.headers - http-outgoing-15 << Expires: Thu, 26 Oct 1978 00:00:00 GMT
16:03:45.273 [ForkJoinPool-1-worker-1] DEBUG org.apache.http.headers - http-outgoing-15 << Cache-Control: no-store, no-cache, must-revalidate, max-age=0
16:03:45.273 [ForkJoinPool-1-worker-1] DEBUG org.apache.http.headers - http-outgoing-15 << Content-Type: text/xml; charset=UTF-8
16:03:45.273 [ForkJoinPool-1-worker-1] DEBUG org.apache.http.headers - http-outgoing-15 << X-Content-Type-Options: nosniff
16:03:45.273 [ForkJoinPool-1-worker-1] DEBUG org.apache.http.headers - http-outgoing-15 << Content-Length: 2246
16:03:45.273 [ForkJoinPool-1-worker-1] DEBUG org.apache.http.headers - http-outgoing-15 << Content-Encoding: gzip
16:03:45.273 [ForkJoinPool-1-worker-1] DEBUG org.apache.http.headers - http-outgoing-15 << Vary: Accept-Encoding, Cookie, Authorization
16:03:45.273 [ForkJoinPool-1-worker-1] DEBUG org.apache.http.headers - http-outgoing-15 << Connection: Keep-Alive
16:03:45.273 [ForkJoinPool-1-worker-1] DEBUG org.apache.http.headers - http-outgoing-15 << X-Frame-Options: SAMEORIGIN
16:03:45.273 [ForkJoinPool-1-worker-1] DEBUG org.apache.http.headers - http-outgoing-15 << Server: Splunkd
16:03:45.273 [ForkJoinPool-1-worker-1] DEBUG org.apache.http.impl.execchain.MainClientExec - Connection can be kept alive indefinitely
16:03:45.273 [ForkJoinPool-1-worker-1] DEBUG org.apache.http.wire - http-outgoing-15 << "[0x1f][0x8b][0x8][0x0][\n]"
16:03:45.273 [ForkJoinPool-1-worker-1] DEBUG org.apache.http.wire - http-outgoing-15 << "[0x1f][0x1d]`[0x0][0x3][0xed]\ks[0xdb][0xb8][0x15][0xfd][0x9e]_[0xc1]r&_[0xda]J$[0xf5][0xb2][0xac][0xca][0xda][0xd9][0xc4][0xf1]Lf[0x92][0xae]ki[0xbb]}L[0x87][0x3][0x91]W[0x12][0xd6]$[0xc1][0x2][0xa0]dm[0xb7][0xff][0xbd][0x17]|H[0x96][0xf5] [0xe4]8[0x91][0xbc][0xe5]([0x99][0x11][0xc5]{[0x80][0x3][0xe0][0xe2]>[0x80][0x9b][0xf4][0xbf]{[0x8][0x3]c[0xe]\P[0x16]][0x99]N[0xdd]6[\r][0x88]<[0xe6][0xd3]hze[0xfe]8[0xba][0xa9]u[0xcd][0xef][0x6]o[0xfa][0xbf][0xab][0xd5]F3*[0xc][0xfc]#[0x99][0xc1][0x10][0xc0][0xa9][0xf][0xc6][0x98][0xb3][0x85][0x0]nL[0x18][0xf][0x89][0x94][0x8][0xfa][0x93]![0x0][0xf0]/G[0x91][0xba][0xc7][0xa2][0xc9]?gR[0xc6][0xc3][0xf4][0xf9]_[\n]"
16:03:45.273 [ForkJoinPool-1-worker-1] DEBUG org.apache.http.wire - http-outgoing-15 << "[0xeb]SA[0xc6][0x1][0xd4][0x8d][0xea]S}[0xaa][0xcf][0xab][0xf9][0xd4]jh[0x6][0x94][0xb5][0xa8][0x9][0xb9][0xc]@[0xcc][0x0][0xa4]![0x97]1\[0x99][0x12][0x1e][0xa4][0x85]oLc[0xc6]areZB[0x12]I=[0x8b]H[0x16][0xd6][0x1f]D[0x90]Z[0x90][0x9][0x80]o[0xa0]P$[0xae]Le[0x12]z[0x96][0xb5]X,[0xea][0x8b]f[0x9d][0xf1][0xa9][0xd5][0xb0][0xed][0xb6][0xf5]=[0xca][0x9b][0x99]Lo-[0xe5][0xc3][0xbc].[0xe2] [0x89][0xee][0xd1][0x9e][0x84]V$,[0xe]B[0x16]r,[0x86]H[0x0][0xe1][0xde]l[0x5] [0x97][0xa9]`[0xcd][0x12]1x[0xd6]Z[0xc0]r[0xea][0x8e]e[0xe][0xde][0x18]F_R[0x19][0xc0][0xe0]g6[0x16]}+[0xfb][0xae]~[0xa5][0xfe]@5![0xb0][\r][0xe7][0xb2]Qw:[0xdd][0xba]S[0xef]4z][0xbb]{i)[0x93]F=[0x10]V[0xde]X[0x6]F[0x88]B&[0xb1]O$[0xf8][0x83][0x86][0xdd]pjv[0xa3]f[0xb7]GN[0xa7]g7{[0xad][0xce][0x1f][0xec]v[0xaf]i[0xf7][0xad]BD[0x89]O![0x2][0x8e][0xb3][0xc3][0x8d]qB[0x3][0xff][0xca][0xb4][0xbb]N[0xf7][0xa2][0xdd]l{N[0xa7]c[0xae][0xcd][0xb1][0xea][0xdf]1[0xad][0x14]C[0x12]9c\}[0xc5][0x87][0x88][0x84]0[0x18][0xa6][0x93][0xd2][0xb7][0xd2][0x7]%b[0xad]e[0xfa][0xeb]a[0xf7]$[0x93]$[0xb8][0x3][0x91][0x4]R[0xc][0x1a]}k[0xdf][0xab]'0*![0x14][0xb7][0xc0]o[0xc9][0x14][0x6][0xf6][0x6]l[0xe3][0xd5][0x13][0x18][0xae]=[0x97][0x1f]#[0x1f][0x1e][0x9e][0x80][0x1e][0xbd]P[0x10][0x88]$_[0xe6][0xc3][0xc9][0x96][0xe0]WC[0xc9][0xd1]9[0x8c][0x13][0xef][0x1e][0xe4][0xe3][0xa5]y[0xce][0xe2]X[0xc2][0x9b][0x81][0x9f][0x4][0xc0]]7bc[0xe6]/][0xaf][0xf9]N[0xf8]?[0xb5][0xf9][0xdf][0x1a]7[0xcb][0xbf]7f[0xb1][0x1f][0xfe]u[0xe9][0xba]w[0x9f][0xaf][0xdb][0xad][0x8b][0xa6]7&^[0xb7][0xe9]w[0xbc]K]]>&#x7f;<![CDATA[|[0xe1][0x12][0xe9]:[0x1d][0xa7][0xd1]v[0xba][0xad][0x86][0xed]6Z[0xc5]R[0xef]Y[0xec]v[0xcf][0xb9][0xe8][0xd9]N[0xbd]m7v,8[0x82][0x2][0x1a][0xdd][0xaf][0xb6][0xc7]Wgk[0x1a][0x1c][0x82]+[0x93][0x4][0x12]x[0x84],2[0x1d]B[0x1a]q2[0xe]([0xee][0xdd]][0xec][0xed][0xba]m[0xdb][0x5][0xfb][0xb5][0xe0])[0xf8][0xe7]-[0xd7][0x3]6[0xcd][0x87][0xf2][0xe8][0x7][0xeb][0x94][0x94]\[0x9][0x1][0x84][0x80][0xba][[0xff]Y[0xb0]h[0x83][0xdd][0xd3]w'"[\n]"
16:03:45.273 [ForkJoinPool-1-worker-1] DEBUG org.apache.http.wire - http-outgoing-15 << "s[0xdc]["g[0x96]?[0x9c][0x88][\n]"
16:03:45.273 [ForkJoinPool-1-worker-1] DEBUG org.apache.http.wire - http-outgoing-15 << "[0xcf]LK[0xce][0xa5]x:-[0x19]7[0xe6]0[0xa7][0xb0][0xd8]$[0xb5][0xfa][0xf5]D[0xe4]$[\r][0x1][0xbb][0x84][0x9c][0xd5][0xea][0xf1]T[0xca][0x9e][0x84]![0xe1][0xcb]B[0xbd][0xf3][0xa7][0x13][0x91][0xc1]4Br[0x16][0xe4]d[0x8a][0xa7][0x82][0xcc]c[0xc7]X[0xb8][0xc6],^[0xa8][0x89][0xa5]@OUK[0x90][0xe3][0xda]Mn:J|R[\r][0xe2]&y[0x1a][0xcc][0xac]Z[0x14]=[0x9f]z[0xb2]xL]]>&#x7f;<![CDATA[[0xb8][0x87][0xa5][0xa1][0xda]C6$[0x1a][0xa6][0xb3]C]]>&#x7f;<![CDATA[[0x1]Sy[0xbc][0xf4][0xe5]>[0xe1][0x84][0xb][0xc6]G[0xb8][0xb6][0xe6][0xc0][0xb9][0xbc][0xb0]k6[0x9a]`g[0x94][0x9a][0xdc]'[0xf6][0xf7]P3>L[0x8][0xea][0xec][0x90][0xcc]a4[0xfa]d[0xe]:v[0xab]k[0xeb]ar[0xf9]R[0xe1][0x0][0xa6][0xca]m[0xc]V[0xb]Y[0x2][0xa0][0xe2][0xfe]G[0x81][0xd1][0x80]9h7[0x1b][0xad]n[0xa9]tL[0xa4]7[0x1b][0xca][0xb4][0x8f][0xeb][0x1f][0xfe][0xfc][0xa1][0x4][0xc0]"[0xb8][0xe5]l[0x8a]{U[0xe0][0xcc][0xa9]y*[0x1d][0x2]g[0xf1]{[0x96]D[0xb2]tQPm[0x3][0x8a][0x11][0xe5][0x17]/Kjj[0xbf][0x9f][0x13][0x1a][0xa8][0x4]W[0xb3]s[0x85]9B[0xf4][0x86]B[0xe0][0x1f]![0xff]Q[0xc]%[0x7][0x12]bf[0x8e]c[0xd3][0x2][0x8c]x[0x12]y*r[0xd1][0xeb]a[0x98]n{s[0xb0][0x19][0xbb][0x19]:H[0xc6]e[0xca]+[0xc2][0xe5]=,O[0xc5];[0xa5]0[0x9f][0x99][0xf]E]]>&#x7f;<![CDATA[%[0xdc][0xa8][0xb8][0xc6]VK[0xc7]L[0xc5][0x87][0xd4]A[0xde]f[0xd6][0xff]C[0xa4][0x96][0xae]|[0xe4]T[0xdc][0xe0]2[0xeb][0x9][0xd2][0x88][0x4]h[0x1c]tdo[0x9][0x9a]*-[0xc1]c[0xe9][0xde][0x1][0x9][0x94][0x82]k[0xcf][0xde][0x1d][0x84]L[0xc2][0xa8]pC[0xe5][0x0]e[0x8d]t[0x98][0xa4]r[0x5][0x8d][0xd2][0xd5]Q[0x4][0xde][0xa7]VS[0xab][0xf1]]]>&#x7f;<![CDATA[[0xb0]pL[0xcb][0xd9][0xe2][0xb7][0x5][0xe3]>[0xda][0x92][0xc3]r[0xb8][0x91][0x1][0x1d][0xc1][0xbb]T[0xa7][0x8d][0xf7],^[0x1a]#N[0xa7][0xd3]2s[0x18][0xe0][0xf6])[0xc]JI[0x9c]}[0xa8][0x99]H[0x9d][0xaa][0xa5][0xba]S[0xcc]W[0x89]|[0x12][0xe6][0x8a]!J[0xa7][0x80][0xc5][0x18]b<nz;[0xfb]:[0x4][0x8f]gD[0x80]]F([0x95]r[0xb6]l[0x83][0xf1][0xab]Q[0xc4]7[0xdc]@[0xa7][0xae]4[0xed][0xca]6b[0xcc][0xf])[0x9]\L[0xde]C*[0x5][0xfe][0x12][0x92][0x7]7[0xb]`[0xdd][0x18]c[0x89][0xc]]]>&#x7f;<![CDATA[[0xd5]N[0xcd][0xbf]1Q[0xa6]P[0x9d]4[0x8]7K[0xb5]\[0x14]G1[0xca][0xfc][0xab][0x8e]m[0xe4][0xc2]%[0xd3][0x10]ST+[0xa7][0xe1]t;[0x9d][0x12]Al[0x97]S[0xb9]D[0x7]W&[0xc8][0x90]1[0x89]<}[0xef][0x99][0xcd][0x80][0xde][0x1a]s[0x88][0xd1]l[0xea][0xca][0xaa][0xd0]V[0xcf][d[0xb2][0xc7][0xb8][0x8b][0xc][0x91]+[0x9c]f'It[0x9d]p")&G[0x3][0x1b][0xb3][0xf7][0x92]I[0x17]$[0x8c][0x3][0xb8]S[0x80]R:[0x99][0xec][0x10]4[0xec][0x84]X[0x9b][0xa0]O[0xd9][0xe][0xff][0x8f][0xc9][0x16][0xa8][0x8c]f[0xcf][0xcc][0xc2]U[0xf3][0x8f]&[0x89]c|[0xcc][0x2]I7W`[0x8e][0xbf][0x8b][0x19][0xc6]z8=[0xbd]T[0xe2][0xbf]%=ax[0xa8]75[0xe2]Y[0xdb]0C[0xbd]'[0xd1];H[0xfd][0xd8][0x8]CX[0xcd][0xae]>=[0xb2]Q[0xeb]p;[0xb][0xad][0xca][0xc3][0xab][0xac][0x8d][0x91]:>[0xca][0xac][0xa3]8f[0x98])[0xee]C[0x80][0x6]H[0x1d]N[0xf8][0xc7][0xb5][0xa0]v[0xec][0xb][0x1f][0xed][0x1c][0xec][0xf]-L"r[0x8a][0xa5][0xec][0xa4]Dmj5/K[0x8c][0x4]z[0x9f][0xfb][0x80][0x11][0xdf]%[0x9e][0xda][0xc].[0x8d][0xb2][0x1b][0x94]tchBc[0x86]IP[0x99][0x1][0x6][0x9e]6[0x9c]Z[0xa3][0x95][0xc8][0x8e][0x9c]f[0xb][0xa9][0x8c]0[0x89][0xfc][0xfa][0xa6]6[0x9a][0x9b][0x88]=[\r]m5[0xe6][0xe7][0x9b][0xde][0x15][0xe0][0x89]t[0xe7][0xdb][0xdb][0x13][0xb4][0x13]I[0xa3]9[0xf3]R[0xac][0xd8]e[0x1][0xf6]`[0xe2]D[0xa2][0x17][0xd9][0xa3]M;1,[0x91][0x1a] [0xf5][0xf3][0x8e]y[0xdb]%[0xbc]s2W^[0xef][0x99][0xf3][0xf8][0xdb][0x98][0x8d]"[0xfd][0xab]{[0xe8]jda[0x89][0xb3]S[0xe8][0x8f][0xd1][0x84][0x13]!y[0xe2][0xc9][0x84][0xc3]K[0xa9][0x9b]mkO[0x96][0xc6][0x4]]]>&#x7f;<![CDATA[[0xf1][0xb8]aN[0x82][0x4]G[0xfe]2[0x9b]k[0x83]s[0xe3]kq[0x9e][0xa8]4[0xe6]'[0x8c][0x80]`[0xc4][0xae]1[0xdb][0xff][0x9a][0x1a][0xfc][0xc5]dQ[0xaf][0xfc],[0xaf][0xfb][0x18][0xe5][0xb7][0x1b]g[0xcd]wu[0xda]w[0xce]$[0x17]j[0xf1][0x87][0xa9]7|[0x9][0x9e][0xcd][0x17][0xe6][0x99]^/%qZs@[0xa7][0xab]([0xf3][0x85][0xc][0x88][0xb3][0x8f][0xee][0xb7][0xdc][0x8c][0xc5][0x10]g[0xe8]K[0xd8]d[0xf2]b[0x83]ko[0x9f][0xd7]}[0x83][0xc1]m[0xb][0x1e][0x8e]eB[0x10][0xea][0x84]Q[0xec][\n]"
16:03:45.273 [ForkJoinPool-1-worker-1] DEBUG org.apache.http.wire - http-outgoing-15 << "d,[0xdd]F8[0xfc];Q[0xb7][0xc7][0xc7][0x5]C$[0x91][0xcc][0xf5]T[0x14][0x15][0xec]s[0x87][0xdb][0xf2][0xb1]:[0xcc][0xd1][0x12][0x1f][0xef][0xf].[0xb7]d[0x8b][0xd3]JW[0xa6][0x91]{9[0x80][0xaa][0x1b]W[0xb7][0x80][0xe9]#[0xb2]3[0xc]my[0xf0][0xd5][0x11][0xd3]Q[0xa4][0xd6][0x90][0xcf]4[0x1a][0xc6]dW[0xe8][[0x86][0xfc]a2[0x11][0xa0][0xc5]2[0x1b]O>m[0x11][h [0x18][0xbb]O[0xe2][0xbd]&uS9[0xc9]C[0x11].[0xb5]w[0xa7]O;![0x19][0x1b][\r]a[0x8e][0xe9][0x8e][0x7][0xee][0x4][0xf5][0x17][0xf9][0xe8][0x0][0xa4][0x8b]I[0xcf][0xfd][0x84][0x6]z*[0x8b][0xf2]H[0x88][0x86]I[0xe8][\n]"
16:03:45.273 [ForkJoinPool-1-worker-1] DEBUG org.apache.http.wire - http-outgoing-15 << "[0xcd][0xa5][0xc8]2n[0x97][0xef]K[0xcf][0xb7][0x1]1YDn[0xcc][0x99][0x97][0x9d][0xe3][0x97]#[0xd4][0xfc][0xb8]Yjd[0xe][0xde][0xde][0x8c][0xde][0x8e][0xea]o[0xff][0xf2][0xb6][0xf7]K92[0xa1]n[0xe1][0xb9]\[0x95][0xa8]k[0x8c][0xe7]1$[0xbd][\n]"
16:03:45.273 [ForkJoinPool-1-worker-1] DEBUG org.apache.http.wire - http-outgoing-15 << "[0xdc][0x85]9[0xd6]j[0x1][0xa1]=[0xe2][0x5]G[0x1a][0x1c][0xcc][0xdb][0xc2][0xe7]zY[0x15][0xfc]lAs[0xa9][0x80][0x8a][0x1d][0xf0][0xfc][0xa5][0xaa][0xea][0x18][0xfc]^[\r]'[0xfd]vPl[0xd7][0x5][0xdb]~[0x9c]z[0xb7][0xbb]k=[0xc7][0x93][0x86][0x1e][0xaf]}L[0xcf][0xf5][0xfa][0xd9][0xc9][0xd4][0x1e]v%&[0x86][0xf9]tB[0xd5][0x1d][0x81][0xde][0xfe][0xcc][0x8f][0xb6][0x6][0xd3][0x80][0x8d]I[0xa0][0xe1][0xe7][0xd4][0xc6]zrD[0xa6][0x91][\r][0x93][0xc8][0xcd]WT[0xc7][0x4][0xa8][0x13][0x95][0x8b][0xc6]N[0x8b]z[0xec]f[0xcc]N[0x9f]n9[0x9b]S[0x1f][0xf8]V$[0xa1][0x96]s]]>&#x7f;<![CDATA[$[0xb1][0xd9]Y[0xdf][0xca][0xaf][0x8d][0xd5]c[0xdf]ZU3[0xbd][0x9a][0xba][0xa6]VW[0x1d]~5K[0xea][0x9a]Zy][0xd3][0x85][0xed][0x9c][0xb4][0xae])g{d]S[0xc1][0xfe][0xf4]uM9[0xff]s[0xaa]k[0xda][0xa4]t[0xc6]uM[0x5][0xd1]3[0xa8]k*[0xa8][0x9c]E][0xd3][0x13]2[0xe7]U[0xd7]T[0x90];[0x93][0xba][0xa6][0x95][0xb2][0x9f]C]SA[0xa6][0xaa]kzr2Q[0xd5]5UuMU]S[0x9][0xa2][0xaa]k[0xaa][0xea][0x9a][0xf6][0x8][0xde][0x9f][0xa8][0xae][0xa9]U[0xd5]5[0x9d]e][0x93][0xd3]-u[0x89]U][0xd3]n[0xc4][0x17][0xd5]5u[0xca]jJ[0xaa][0xba]&[0x1d][0xd4][0xb][0xd5]5[0xa9]p[0xfb][0xff][0xaa][0xae]iu[0xb4]s[0xb0][0xbf][0xe3][0xeb][0x9a].[0xaa][0xb2][0xa6][0xc3]7[0xa9][0x9d][0xd6][0xbe][[0xd1][0xa7][0x1e][0xfd]7Q[0xc8]S[0x95]5mhCU[0xd6]T[0x95]5UeMUY[0xd3][0x8b][0xf2][0xfc][0xca]eM[0xcf][0xf1]W[0xaf][0xa6][0xac]i[0xfb]_[0x17]|[0x83][0xc1][0x1d]{'Y[0x95]5UeMUYSU[0xd6]T[0x95]5[0x1d][0xb6][0xd2]UY[0xd3]y[0x8e][0xe9][0xb9]^[0xbf]*kz=eM}K[0xfd][0xef]][0x83]7[0xff][0x3]G|J[0xa1].P[0x0][0x0]"
16:03:45.273 [ForkJoinPool-1-worker-1] DEBUG org.apache.http.impl.conn.PoolingHttpClientConnectionManager - Connection [id: 15][route: {s}->https://192.168.1.62:8089] can be kept alive indefinitely
16:03:45.273 [ForkJoinPool-1-worker-1] DEBUG org.apache.http.impl.conn.DefaultManagedHttpClientConnection - http-outgoing-15: set socket timeout to 0
16:03:45.273 [ForkJoinPool-1-worker-1] DEBUG org.apache.http.impl.conn.PoolingHttpClientConnectionManager - Connection released: [id: 15][route: {s}->https://192.168.1.62:8089][total available: 1; route allocated: 1 of 5; total allocated: 1 of 10]
16:03:45.273 [ForkJoinPool-1-worker-1] DEBUG com.intuit.karate - response time in milliseconds: 29.58
1 < 200
1 < Cache-Control: no-store, no-cache, must-revalidate, max-age=0
1 < Connection: Keep-Alive
1 < Content-Type: text/xml; charset=UTF-8
1 < Date: Fri, 05 Feb 2021 10:33:46 GMT
1 < Expires: Thu, 26 Oct 1978 00:00:00 GMT
1 < Server: Splunkd
1 < Vary: Accept-Encoding, Cookie, Authorization
1 < X-Content-Type-Options: nosniff
1 < X-Frame-Options: SAMEORIGIN
<?xml version="1.0" encoding="UTF-8"?>
<!--This is to override browser formatting; see server.conf[httpServer] to disable. . . . . . . . . . . . . . . . . . . . . . . . . . . . . . . . . . . . . . . . . . . . . . . . . . . . . . . . . . . . . . . . . . . . . . . . . . . . . . . . . . . . . . . . . . . . . . . . . . . . . . . . . . . . . . . . . . . . . . . . . . . . . . . . . . . . . . . . . . . . . . . . . . . . . . . . . . . . . . . . . . . . . . . . . . . . . . . . . . . . . . . . . . . . . . . . . . . . . . . . . . . . . . . . . . . . . . . . . . . . . . . . . . . . . . . . . . . . . . . . . . . . . . . . . . . . . . . . . . . . . . . . . . . . . . . . . . . . . . . . . . . . . . . . . . . . . . . . . . . . . . . . . . . . . . . . . . . . . . . . . . . . . . . . . . . . . . . . . . . . . . . . . . . . . . . . . . . . . . . . . . . . . . . . . . . . . . . . . . . . . . . . . . . . . . . . . . . . . . . . . . . . . . . . . . . . . . . . . . . . . . . . . . . . . . . . . . . . . . . . . . . . . . . . . . . . . . . . . . . . . . . . . . . . . . . . .-->
<?xml-stylesheet type="text/xml" href="/static/atom.xsl"?>
<feed xmlns="http://www.w3.org/2005/Atom" xmlns:s="http://dev.splunk.com/ns/rest" xmlns:opensearch="http://a9.com/-/spec/opensearch/1.1/">
  <title>jobs</title>
  <id>https://192.168.1.62:8089/services/search/jobs</id>
  <updated>2021-02-05T16:03:46+05:30</updated>
  <generator build="08187535c166" version="8.1.1"/>
  <author>
    <name>Splunk</name>
  </author>
  <opensearch:totalResults>2</opensearch:totalResults>
  <opensearch:itemsPerPage>0</opensearch:itemsPerPage>
  <opensearch:startIndex>0</opensearch:startIndex>
  <entry>
    <title>| archivebuckets</title>
    <id>https://192.168.1.62:8089/services/search/jobs/scheduler__nobody_c3BsdW5rX2FyY2hpdmVy__RMD5473cbac83d6c9db7_at_1612518420_24</id>
    <updated>2021-02-05T15:17:01.502+05:30</updated>
    <link href="/services/search/jobs/scheduler__nobody_c3BsdW5rX2FyY2hpdmVy__RMD5473cbac83d6c9db7_at_1612518420_24" rel="alternate"/>
    <published>2021-02-05T15:17:00.000+05:30</published>
    <link href="/services/search/jobs/scheduler__nobody_c3BsdW5rX2FyY2hpdmVy__RMD5473cbac83d6c9db7_at_1612518420_24/search.log" rel="search.log"/>
    <link href="/services/search/jobs/scheduler__nobody_c3BsdW5rX2FyY2hpdmVy__RMD5473cbac83d6c9db7_at_1612518420_24/search_telemetry.json" rel="search_telemetry.json"/>
    <link href="/services/search/jobs/scheduler__nobody_c3BsdW5rX2FyY2hpdmVy__RMD5473cbac83d6c9db7_at_1612518420_24/events" rel="events"/>
    <link href="/services/search/jobs/scheduler__nobody_c3BsdW5rX2FyY2hpdmVy__RMD5473cbac83d6c9db7_at_1612518420_24/results" rel="results"/>
    <link href="/services/search/jobs/scheduler__nobody_c3BsdW5rX2FyY2hpdmVy__RMD5473cbac83d6c9db7_at_1612518420_24/results_preview" rel="results_preview"/>
    <link href="/services/search/jobs/scheduler__nobody_c3BsdW5rX2FyY2hpdmVy__RMD5473cbac83d6c9db7_at_1612518420_24/timeline" rel="timeline"/>
    <link href="/services/search/jobs/scheduler__nobody_c3BsdW5rX2FyY2hpdmVy__RMD5473cbac83d6c9db7_at_1612518420_24/summary" rel="summary"/>
    <link href="/services/search/jobs/scheduler__nobody_c3BsdW5rX2FyY2hpdmVy__RMD5473cbac83d6c9db7_at_1612518420_24/control" rel="control"/>
    <author>
      <name>splunk-system-user</name>
    </author>
    <content type="text/xml">
      <s:dict>
        <s:key name="canSummarize">0</s:key>
        <s:key name="cursorTime">1970-01-01T05:30:00.000+05:30</s:key>
        <s:key name="defaultSaveTTL">604800</s:key>
        <s:key name="defaultTTL">600</s:key>
        <s:key name="delegate">scheduler</s:key>
        <s:key name="diskUsage">53248</s:key>
        <s:key name="dispatchState">DONE</s:key>
        <s:key name="doneProgress">1.00000</s:key>
        <s:key name="dropCount">0</s:key>
        <s:key name="earliestTime">1970-01-01T05:30:00.000+05:30</s:key>
        <s:key name="eventAvailableCount">0</s:key>
        <s:key name="eventCount">0</s:key>
        <s:key name="eventFieldCount">0</s:key>
        <s:key name="eventIsStreaming">1</s:key>
        <s:key name="eventIsTruncated">0</s:key>
        <s:key name="eventSearch">archivebuckets </s:key>
        <s:key name="eventSorting">none</s:key>
        <s:key name="isBatchModeSearch">0</s:key>
        <s:key name="isDone">1</s:key>
        <s:key name="isEventsPreviewEnabled">0</s:key>
        <s:key name="isFailed">0</s:key>
        <s:key name="isFinalized">0</s:key>
        <s:key name="isPaused">0</s:key>
        <s:key name="isPreviewEnabled">0</s:key>
        <s:key name="isRealTimeSearch">0</s:key>
        <s:key name="isRemoteTimeline">0</s:key>
        <s:key name="isSaved">0</s:key>
        <s:key name="isSavedSearch">1</s:key>
        <s:key name="isTimeCursored">0</s:key>
        <s:key name="isZombie">0</s:key>
        <s:key name="keywords"></s:key>
        <s:key name="label">Bucket Copy Trigger</s:key>
        <s:key name="latestTime">2021-02-05T15:17:00.000+05:30</s:key>
        <s:key name="normalizedSearch"></s:key>
        <s:key name="numPreviews">0</s:key>
        <s:key name="optimizedSearch">| archivebuckets</s:key>
        <s:key name="phase0"></s:key>
        <s:key name="phase1">archivebuckets  | timeliner  remote=0 partial_commits=0 max_events_per_bucket=500000 fieldstats_update_maxperiod=60 bucket=0</s:key>
        <s:key name="pid">121866</s:key>
        <s:key name="priority">5</s:key>
        <s:key name="provenance">scheduler</s:key>
        <s:key name="remoteSearch"></s:key>
        <s:key name="reportSearch"></s:key>
        <s:key name="resultCount">0</s:key>
        <s:key name="resultIsStreaming">1</s:key>
        <s:key name="resultPreviewCount">0</s:key>
        <s:key name="runDuration">0.626</s:key>
        <s:key name="sampleRatio">1</s:key>
        <s:key name="sampleSeed">0</s:key>
        <s:key name="savedSearchLabel">{"owner":"nobody","app":"splunk_archiver","sharing":"app"}</s:key>
        <s:key name="scanCount">0</s:key>
        <s:key name="search">| archivebuckets</s:key>
        <s:key name="searchCanBeEventType">0</s:key>
        <s:key name="searchLatestTime">1612518420.000000000</s:key>
        <s:key name="searchTotalBucketsCount">0</s:key>
        <s:key name="searchTotalEliminatedBucketsCount">0</s:key>
        <s:key name="sid">scheduler__nobody_c3BsdW5rX2FyY2hpdmVy__RMD5473cbac83d6c9db7_at_1612518420_24</s:key>
        <s:key name="statusBuckets">0</s:key>
        <s:key name="ttl">4395</s:key>
        <s:key name="workload_action_information"></s:key>
        <s:key name="workload_pool"></s:key>
        <s:key name="performance">
          <s:dict>
            <s:key name="command.archivebuckets">
              <s:dict>
                <s:key name="duration_secs">0.605</s:key>
                <s:key name="invocations">1</s:key>
                <s:key name="input_count">0</s:key>
                <s:key name="output_count">0</s:key>
              </s:dict>
            </s:key>
            <s:key name="command.timeliner">
              <s:dict>
                <s:key name="invocations">1</s:key>
                <s:key name="input_count">0</s:key>
                <s:key name="output_count">0</s:key>
              </s:dict>
            </s:key>
            <s:key name="dispatch.createdSearchResultInfrastructure">
              <s:dict>
                <s:key name="duration_secs">0.001</s:key>
                <s:key name="invocations">1</s:key>
              </s:dict>
            </s:key>
            <s:key name="dispatch.evaluate.archivebuckets">
              <s:dict>
                <s:key name="invocations">2</s:key>
              </s:dict>
            </s:key>
            <s:key name="dispatch.finalWriteToDisk">
              <s:dict>
                <s:key name="invocations">1</s:key>
              </s:dict>
            </s:key>
            <s:key name="dispatch.readEventsInResults">
              <s:dict>
                <s:key name="invocations">1</s:key>
              </s:dict>
            </s:key>
            <s:key name="dispatch.timeline">
              <s:dict>
                <s:key name="invocations">1</s:key>
              </s:dict>
            </s:key>
            <s:key name="dispatch.writeStatus">
              <s:dict>
                <s:key name="invocations">3</s:key>
              </s:dict>
            </s:key>
            <s:key name="startup.configuration">
              <s:dict>
                <s:key name="duration_secs">0.013</s:key>
                <s:key name="invocations">2</s:key>
              </s:dict>
            </s:key>
            <s:key name="startup.handoff">
              <s:dict>
                <s:key name="duration_secs">0.058</s:key>
                <s:key name="invocations">2</s:key>
              </s:dict>
            </s:key>
          </s:dict>
        </s:key>
        <s:key name="messages">
          <s:dict/>
        </s:key>
        <s:key name="request">
          <s:dict>
            <s:key name="auto_cancel">0</s:key>
            <s:key name="auto_pause">0</s:key>
            <s:key name="buckets">0</s:key>
            <s:key name="earliest_time"></s:key>
            <s:key name="index_earliest"></s:key>
            <s:key name="index_latest"></s:key>
            <s:key name="indexedRealtime"></s:key>
            <s:key name="indexedRealtimeMinSpan"></s:key>
            <s:key name="indexedRealtimeOffset"></s:key>
            <s:key name="latest_time">now</s:key>
            <s:key name="lookups">1</s:key>
            <s:key name="max_count">500000</s:key>
            <s:key name="max_time">0</s:key>
            <s:key name="reduce_freq">10</s:key>
            <s:key name="rt_backfill">0</s:key>
            <s:key name="rt_maximum_span"></s:key>
            <s:key name="sample_ratio">1</s:key>
            <s:key name="spawn_process">1</s:key>
            <s:key name="time_format">%FT%T.%Q%:z</s:key>
            <s:key name="ui_dispatch_app"></s:key>
            <s:key name="ui_dispatch_view"></s:key>
          </s:dict>
        </s:key>
        <s:key name="eai:acl">
          <s:dict>
            <s:key name="perms">
              <s:dict>
                <s:key name="read">
                  <s:list>
                    <s:item>*</s:item>
                    <s:item>splunk-system-user</s:item>
                  </s:list>
                </s:key>
                <s:key name="write">
                  <s:list>
                    <s:item>*</s:item>
                    <s:item>splunk-system-user</s:item>
                  </s:list>
                </s:key>
              </s:dict>
            </s:key>
            <s:key name="owner">splunk-system-user</s:key>
            <s:key name="modifiable">1</s:key>
            <s:key name="sharing">global</s:key>
            <s:key name="app">splunk_archiver</s:key>
            <s:key name="can_write">1</s:key>
            <s:key name="ttl">7200</s:key>
          </s:dict>
        </s:key>
        <s:key name="searchProviders">
          <s:list/>
        </s:key>
      </s:dict>
    </content>
  </entry>
  <entry>
    <title>| archivebuckets</title>
    <id>https://192.168.1.62:8089/services/search/jobs/scheduler__nobody_c3BsdW5rX2FyY2hpdmVy__RMD5473cbac83d6c9db7_at_1612514820_23</id>
    <updated>2021-02-05T14:17:01.701+05:30</updated>
    <link href="/services/search/jobs/scheduler__nobody_c3BsdW5rX2FyY2hpdmVy__RMD5473cbac83d6c9db7_at_1612514820_23" rel="alternate"/>
    <published>2021-02-05T14:17:01.000+05:30</published>
    <link href="/services/search/jobs/scheduler__nobody_c3BsdW5rX2FyY2hpdmVy__RMD5473cbac83d6c9db7_at_1612514820_23/search.log" rel="search.log"/>
    <link href="/services/search/jobs/scheduler__nobody_c3BsdW5rX2FyY2hpdmVy__RMD5473cbac83d6c9db7_at_1612514820_23/search_telemetry.json" rel="search_telemetry.json"/>
    <link href="/services/search/jobs/scheduler__nobody_c3BsdW5rX2FyY2hpdmVy__RMD5473cbac83d6c9db7_at_1612514820_23/events" rel="events"/>
    <link href="/services/search/jobs/scheduler__nobody_c3BsdW5rX2FyY2hpdmVy__RMD5473cbac83d6c9db7_at_1612514820_23/results" rel="results"/>
    <link href="/services/search/jobs/scheduler__nobody_c3BsdW5rX2FyY2hpdmVy__RMD5473cbac83d6c9db7_at_1612514820_23/results_preview" rel="results_preview"/>
    <link href="/services/search/jobs/scheduler__nobody_c3BsdW5rX2FyY2hpdmVy__RMD5473cbac83d6c9db7_at_1612514820_23/timeline" rel="timeline"/>
    <link href="/services/search/jobs/scheduler__nobody_c3BsdW5rX2FyY2hpdmVy__RMD5473cbac83d6c9db7_at_1612514820_23/summary" rel="summary"/>
    <link href="/services/search/jobs/scheduler__nobody_c3BsdW5rX2FyY2hpdmVy__RMD5473cbac83d6c9db7_at_1612514820_23/control" rel="control"/>
    <author>
      <name>splunk-system-user</name>
    </author>
    <content type="text/xml">
      <s:dict>
        <s:key name="canSummarize">0</s:key>
        <s:key name="cursorTime">1970-01-01T05:30:00.000+05:30</s:key>
        <s:key name="defaultSaveTTL">604800</s:key>
        <s:key name="defaultTTL">600</s:key>
        <s:key name="delegate">scheduler</s:key>
        <s:key name="diskUsage">53248</s:key>
        <s:key name="dispatchState">DONE</s:key>
        <s:key name="doneProgress">1.00000</s:key>
        <s:key name="dropCount">0</s:key>
        <s:key name="earliestTime">1970-01-01T05:30:00.000+05:30</s:key>
        <s:key name="eventAvailableCount">0</s:key>
        <s:key name="eventCount">0</s:key>
        <s:key name="eventFieldCount">0</s:key>
        <s:key name="eventIsStreaming">1</s:key>
        <s:key name="eventIsTruncated">0</s:key>
        <s:key name="eventSearch">archivebuckets </s:key>
        <s:key name="eventSorting">none</s:key>
        <s:key name="isBatchModeSearch">0</s:key>
        <s:key name="isDone">1</s:key>
        <s:key name="isEventsPreviewEnabled">0</s:key>
        <s:key name="isFailed">0</s:key>
        <s:key name="isFinalized">0</s:key>
        <s:key name="isPaused">0</s:key>
        <s:key name="isPreviewEnabled">0</s:key>
        <s:key name="isRealTimeSearch">0</s:key>
        <s:key name="isRemoteTimeline">0</s:key>
        <s:key name="isSaved">0</s:key>
        <s:key name="isSavedSearch">1</s:key>
        <s:key name="isTimeCursored">0</s:key>
        <s:key name="isZombie">0</s:key>
        <s:key name="keywords"></s:key>
        <s:key name="label">Bucket Copy Trigger</s:key>
        <s:key name="latestTime">2021-02-05T14:17:00.000+05:30</s:key>
        <s:key name="normalizedSearch"></s:key>
        <s:key name="numPreviews">0</s:key>
        <s:key name="optimizedSearch">| archivebuckets</s:key>
        <s:key name="phase0"></s:key>
        <s:key name="phase1">archivebuckets  | timeliner  remote=0 partial_commits=0 max_events_per_bucket=500000 fieldstats_update_maxperiod=60 bucket=0</s:key>
        <s:key name="pid">118600</s:key>
        <s:key name="priority">5</s:key>
        <s:key name="provenance">scheduler</s:key>
        <s:key name="remoteSearch"></s:key>
        <s:key name="reportSearch"></s:key>
        <s:key name="resultCount">0</s:key>
        <s:key name="resultIsStreaming">1</s:key>
        <s:key name="resultPreviewCount">0</s:key>
        <s:key name="runDuration">0.664</s:key>
        <s:key name="sampleRatio">1</s:key>
        <s:key name="sampleSeed">0</s:key>
        <s:key name="savedSearchLabel">{"owner":"nobody","app":"splunk_archiver","sharing":"app"}</s:key>
        <s:key name="scanCount">0</s:key>
        <s:key name="search">| archivebuckets</s:key>
        <s:key name="searchCanBeEventType">0</s:key>
        <s:key name="searchLatestTime">1612514820.000000000</s:key>
        <s:key name="searchTotalBucketsCount">0</s:key>
        <s:key name="searchTotalEliminatedBucketsCount">0</s:key>
        <s:key name="sid">scheduler__nobody_c3BsdW5rX2FyY2hpdmVy__RMD5473cbac83d6c9db7_at_1612514820_23</s:key>
        <s:key name="statusBuckets">0</s:key>
        <s:key name="ttl">795</s:key>
        <s:key name="workload_action_information"></s:key>
        <s:key name="workload_pool"></s:key>
        <s:key name="performance">
          <s:dict>
            <s:key name="command.archivebuckets">
              <s:dict>
                <s:key name="duration_secs">0.642</s:key>
                <s:key name="invocations">1</s:key>
                <s:key name="input_count">0</s:key>
                <s:key name="output_count">0</s:key>
              </s:dict>
            </s:key>
            <s:key name="command.timeliner">
              <s:dict>
                <s:key name="invocations">1</s:key>
                <s:key name="input_count">0</s:key>
                <s:key name="output_count">0</s:key>
              </s:dict>
            </s:key>
            <s:key name="dispatch.createdSearchResultInfrastructure">
              <s:dict>
                <s:key name="duration_secs">0.001</s:key>
                <s:key name="invocations">1</s:key>
              </s:dict>
            </s:key>
            <s:key name="dispatch.evaluate.archivebuckets">
              <s:dict>
                <s:key name="invocations">2</s:key>
              </s:dict>
            </s:key>
            <s:key name="dispatch.finalWriteToDisk">
              <s:dict>
                <s:key name="invocations">1</s:key>
              </s:dict>
            </s:key>
            <s:key name="dispatch.readEventsInResults">
              <s:dict>
                <s:key name="invocations">1</s:key>
              </s:dict>
            </s:key>
            <s:key name="dispatch.timeline">
              <s:dict>
                <s:key name="invocations">1</s:key>
              </s:dict>
            </s:key>
            <s:key name="dispatch.writeStatus">
              <s:dict>
                <s:key name="invocations">3</s:key>
              </s:dict>
            </s:key>
            <s:key name="startup.configuration">
              <s:dict>
                <s:key name="duration_secs">0.012</s:key>
                <s:key name="invocations">2</s:key>
              </s:dict>
            </s:key>
            <s:key name="startup.handoff">
              <s:dict>
                <s:key name="duration_secs">0.056</s:key>
                <s:key name="invocations">2</s:key>
              </s:dict>
            </s:key>
          </s:dict>
        </s:key>
        <s:key name="messages">
          <s:dict/>
        </s:key>
        <s:key name="request">
          <s:dict>
            <s:key name="auto_cancel">0</s:key>
            <s:key name="auto_pause">0</s:key>
            <s:key name="buckets">0</s:key>
            <s:key name="earliest_time"></s:key>
            <s:key name="index_earliest"></s:key>
            <s:key name="index_latest"></s:key>
            <s:key name="indexedRealtime"></s:key>
            <s:key name="indexedRealtimeMinSpan"></s:key>
            <s:key name="indexedRealtimeOffset"></s:key>
            <s:key name="latest_time">now</s:key>
            <s:key name="lookups">1</s:key>
            <s:key name="max_count">500000</s:key>
            <s:key name="max_time">0</s:key>
            <s:key name="reduce_freq">10</s:key>
            <s:key name="rt_backfill">0</s:key>
            <s:key name="rt_maximum_span"></s:key>
            <s:key name="sample_ratio">1</s:key>
            <s:key name="spawn_process">1</s:key>
            <s:key name="time_format">%FT%T.%Q%:z</s:key>
            <s:key name="ui_dispatch_app"></s:key>
            <s:key name="ui_dispatch_view"></s:key>
          </s:dict>
        </s:key>
        <s:key name="eai:acl">
          <s:dict>
            <s:key name="perms">
              <s:dict>
                <s:key name="read">
                  <s:list>
                    <s:item>*</s:item>
                    <s:item>splunk-system-user</s:item>
                  </s:list>
                </s:key>
                <s:key name="write">
                  <s:list>
                    <s:item>*</s:item>
                    <s:item>splunk-system-user</s:item>
                  </s:list>
                </s:key>
              </s:dict>
            </s:key>
            <s:key name="owner">splunk-system-user</s:key>
            <s:key name="modifiable">1</s:key>
            <s:key name="sharing">global</s:key>
            <s:key name="app">splunk_archiver</s:key>
            <s:key name="can_write">1</s:key>
            <s:key name="ttl">7200</s:key>
          </s:dict>
        </s:key>
        <s:key name="searchProviders">
          <s:list/>
        </s:key>
      </s:dict>
    </content>
  </entry>
</feed>


16:03:45.288 [ForkJoinPool-1-worker-1] INFO com.intuit.karate - [print] xml
16:03:45.304 [ForkJoinPool-1-worker-1] DEBUG com.jayway.jsonpath.internal.path.CompiledPath - Evaluating path: $
File ==> C:\Work\KarateWorkspace\splunkOutput.xml
16:03:45.304 [ForkJoinPool-1-worker-0] DEBUG org.apache.http.conn.ssl.SSLConnectionSocketFactory - Secure session established
16:03:45.304 [ForkJoinPool-1-worker-0] DEBUG org.apache.http.conn.ssl.SSLConnectionSocketFactory -  negotiated protocol: TLSv1.2
16:03:45.304 [ForkJoinPool-1-worker-0] DEBUG org.apache.http.conn.ssl.SSLConnectionSocketFactory -  negotiated cipher suite: TLS_ECDHE_ECDSA_WITH_AES_128_GCM_SHA256
16:03:45.304 [ForkJoinPool-1-worker-0] DEBUG org.apache.http.conn.ssl.SSLConnectionSocketFactory -  peer principal: CN=sni.cloudflaressl.com, O="Cloudflare, Inc.", L=San Francisco, ST=CA, C=US
16:03:45.304 [ForkJoinPool-1-worker-0] DEBUG org.apache.http.conn.ssl.SSLConnectionSocketFactory -  peer alternative names: [reqres.in, sni.cloudflaressl.com, *.reqres.in]
16:03:45.304 [ForkJoinPool-1-worker-0] DEBUG org.apache.http.conn.ssl.SSLConnectionSocketFactory -  issuer principal: CN=Cloudflare Inc ECC CA-3, O="Cloudflare, Inc.", C=US
16:03:45.304 [ForkJoinPool-1-worker-0] DEBUG org.apache.http.impl.conn.DefaultHttpClientConnectionOperator - Connection established 192.168.1.49:63160<->172.67.222.36:443
16:03:45.304 [ForkJoinPool-1-worker-0] DEBUG org.apache.http.impl.conn.DefaultManagedHttpClientConnection - http-outgoing-14: set socket timeout to 5000
16:03:45.304 [ForkJoinPool-1-worker-0] DEBUG org.apache.http.impl.execchain.MainClientExec - Executing request GET /api/users?page=2 HTTP/1.1
16:03:45.304 [ForkJoinPool-1-worker-0] DEBUG org.apache.http.impl.execchain.MainClientExec - Target auth state: UNCHALLENGED
16:03:45.304 [ForkJoinPool-1-worker-0] DEBUG org.apache.http.impl.execchain.MainClientExec - Proxy auth state: UNCHALLENGED
16:03:45.304 [ForkJoinPool-1-worker-0] DEBUG org.apache.http.headers - http-outgoing-14 >> GET /api/users?page=2 HTTP/1.1
16:03:45.304 [ForkJoinPool-1-worker-0] DEBUG org.apache.http.headers - http-outgoing-14 >> Host: reqres.in
16:03:45.304 [ForkJoinPool-1-worker-0] DEBUG org.apache.http.headers - http-outgoing-14 >> Connection: Keep-Alive
16:03:45.304 [ForkJoinPool-1-worker-0] DEBUG org.apache.http.headers - http-outgoing-14 >> User-Agent: Apache-HttpClient/4.5.12 (Java/1.8.0_251)
16:03:45.304 [ForkJoinPool-1-worker-0] DEBUG org.apache.http.headers - http-outgoing-14 >> Accept-Encoding: gzip,deflate
16:03:45.304 [ForkJoinPool-1-worker-0] DEBUG org.apache.http.wire - http-outgoing-14 >> "GET /api/users?page=2 HTTP/1.1[\r][\n]"
16:03:45.304 [ForkJoinPool-1-worker-0] DEBUG org.apache.http.wire - http-outgoing-14 >> "Host: reqres.in[\r][\n]"
16:03:45.304 [ForkJoinPool-1-worker-0] DEBUG org.apache.http.wire - http-outgoing-14 >> "Connection: Keep-Alive[\r][\n]"
16:03:45.304 [ForkJoinPool-1-worker-0] DEBUG org.apache.http.wire - http-outgoing-14 >> "User-Agent: Apache-HttpClient/4.5.12 (Java/1.8.0_251)[\r][\n]"
16:03:45.304 [ForkJoinPool-1-worker-0] DEBUG org.apache.http.wire - http-outgoing-14 >> "Accept-Encoding: gzip,deflate[\r][\n]"
16:03:45.304 [ForkJoinPool-1-worker-0] DEBUG org.apache.http.wire - http-outgoing-14 >> "[\r][\n]"
16:03:45.320 [ForkJoinPool-1-worker-1] INFO com.intuit.karate - [print] jobs
16:03:45.320 [ForkJoinPool-1-worker-1] INFO com.intuit.karate - after scenario inside config 
16:03:45.320 [ForkJoinPool-1-worker-1] INFO com.intuit.karate - From karate-config file 
16:03:45.320 [ForkJoinPool-1-worker-1] DEBUG com.jayway.jsonpath.internal.path.CompiledPath - Evaluating path: $
16:03:45.320 [ForkJoinPool-1-worker-1] INFO com.intuit.karate - [print] Basic cGFsbWV0b2FkbWluOlBAbG1ldG9AMTIz
16:03:45.320 [ForkJoinPool-1-worker-1] DEBUG org.apache.http.client.protocol.RequestAddCookies - CookieSpec selected: karate
16:03:45.320 [ForkJoinPool-1-worker-1] DEBUG org.apache.http.client.protocol.RequestAuthCache - Auth cache not set in the context
16:03:45.320 [ForkJoinPool-1-worker-1] DEBUG com.intuit.karate - request:
1 > GET https://192.168.1.62:8089/services/alerts/alert_actions
1 > Accept-Encoding: gzip,deflate
1 > Authorization: Basic cGFsbWV0b2FkbWluOlBAbG1ldG9AMTIz
1 > Connection: Keep-Alive
1 > Host: 192.168.1.62:8089
1 > User-Agent: Apache-HttpClient/4.5.12 (Java/1.8.0_251)

16:03:45.320 [ForkJoinPool-1-worker-1] DEBUG org.apache.http.impl.conn.PoolingHttpClientConnectionManager - Connection request: [route: {s}->https://192.168.1.62:8089][total available: 0; route allocated: 0 of 5; total allocated: 0 of 10]
16:03:45.320 [ForkJoinPool-1-worker-1] DEBUG org.apache.http.impl.conn.PoolingHttpClientConnectionManager - Connection leased: [id: 16][route: {s}->https://192.168.1.62:8089][total available: 0; route allocated: 1 of 5; total allocated: 1 of 10]
16:03:45.320 [ForkJoinPool-1-worker-1] DEBUG org.apache.http.impl.execchain.MainClientExec - Opening connection {s}->https://192.168.1.62:8089
16:03:45.320 [ForkJoinPool-1-worker-1] DEBUG org.apache.http.impl.conn.DefaultHttpClientConnectionOperator - Connecting to /192.168.1.62:8089
16:03:45.320 [ForkJoinPool-1-worker-1] DEBUG org.apache.http.conn.ssl.LenientSslConnectionSocketFactory - Connecting socket to /192.168.1.62:8089 with timeout 5000
16:03:45.320 [ForkJoinPool-1-worker-1] DEBUG org.apache.http.conn.ssl.LenientSslConnectionSocketFactory - Enabled protocols: [TLSv1, TLSv1.1, TLSv1.2]
16:03:45.320 [ForkJoinPool-1-worker-1] DEBUG org.apache.http.conn.ssl.LenientSslConnectionSocketFactory - Enabled cipher suites:[TLS_ECDHE_ECDSA_WITH_AES_256_CBC_SHA384, TLS_ECDHE_RSA_WITH_AES_256_CBC_SHA384, TLS_RSA_WITH_AES_256_CBC_SHA256, TLS_ECDH_ECDSA_WITH_AES_256_CBC_SHA384, TLS_ECDH_RSA_WITH_AES_256_CBC_SHA384, TLS_DHE_RSA_WITH_AES_256_CBC_SHA256, TLS_DHE_DSS_WITH_AES_256_CBC_SHA256, TLS_ECDHE_ECDSA_WITH_AES_256_CBC_SHA, TLS_ECDHE_RSA_WITH_AES_256_CBC_SHA, TLS_RSA_WITH_AES_256_CBC_SHA, TLS_ECDH_ECDSA_WITH_AES_256_CBC_SHA, TLS_ECDH_RSA_WITH_AES_256_CBC_SHA, TLS_DHE_RSA_WITH_AES_256_CBC_SHA, TLS_DHE_DSS_WITH_AES_256_CBC_SHA, TLS_ECDHE_ECDSA_WITH_AES_128_CBC_SHA256, TLS_ECDHE_RSA_WITH_AES_128_CBC_SHA256, TLS_RSA_WITH_AES_128_CBC_SHA256, TLS_ECDH_ECDSA_WITH_AES_128_CBC_SHA256, TLS_ECDH_RSA_WITH_AES_128_CBC_SHA256, TLS_DHE_RSA_WITH_AES_128_CBC_SHA256, TLS_DHE_DSS_WITH_AES_128_CBC_SHA256, TLS_ECDHE_ECDSA_WITH_AES_128_CBC_SHA, TLS_ECDHE_RSA_WITH_AES_128_CBC_SHA, TLS_RSA_WITH_AES_128_CBC_SHA, TLS_ECDH_ECDSA_WITH_AES_128_CBC_SHA, TLS_ECDH_RSA_WITH_AES_128_CBC_SHA, TLS_DHE_RSA_WITH_AES_128_CBC_SHA, TLS_DHE_DSS_WITH_AES_128_CBC_SHA, TLS_ECDHE_ECDSA_WITH_AES_256_GCM_SHA384, TLS_ECDHE_ECDSA_WITH_AES_128_GCM_SHA256, TLS_ECDHE_RSA_WITH_AES_256_GCM_SHA384, TLS_RSA_WITH_AES_256_GCM_SHA384, TLS_ECDH_ECDSA_WITH_AES_256_GCM_SHA384, TLS_ECDH_RSA_WITH_AES_256_GCM_SHA384, TLS_DHE_RSA_WITH_AES_256_GCM_SHA384, TLS_DHE_DSS_WITH_AES_256_GCM_SHA384, TLS_ECDHE_RSA_WITH_AES_128_GCM_SHA256, TLS_RSA_WITH_AES_128_GCM_SHA256, TLS_ECDH_ECDSA_WITH_AES_128_GCM_SHA256, TLS_ECDH_RSA_WITH_AES_128_GCM_SHA256, TLS_DHE_RSA_WITH_AES_128_GCM_SHA256, TLS_DHE_DSS_WITH_AES_128_GCM_SHA256, TLS_EMPTY_RENEGOTIATION_INFO_SCSV]
16:03:45.320 [ForkJoinPool-1-worker-1] DEBUG org.apache.http.conn.ssl.LenientSslConnectionSocketFactory - Starting handshake
16:03:45.336 [ForkJoinPool-1-worker-1] DEBUG org.apache.http.conn.ssl.LenientSslConnectionSocketFactory - Secure session established
16:03:45.336 [ForkJoinPool-1-worker-1] DEBUG org.apache.http.conn.ssl.LenientSslConnectionSocketFactory -  negotiated protocol: TLSv1.2
16:03:45.336 [ForkJoinPool-1-worker-1] DEBUG org.apache.http.conn.ssl.LenientSslConnectionSocketFactory -  negotiated cipher suite: TLS_ECDHE_RSA_WITH_AES_256_CBC_SHA384
16:03:45.336 [ForkJoinPool-1-worker-1] DEBUG org.apache.http.conn.ssl.LenientSslConnectionSocketFactory -  peer principal: O=SplunkUser, CN=SplunkServerDefaultCert
16:03:45.336 [ForkJoinPool-1-worker-1] DEBUG org.apache.http.conn.ssl.LenientSslConnectionSocketFactory -  issuer principal: EMAILADDRESS=support@splunk.com, CN=SplunkCommonCA, O=Splunk, L=San Francisco, ST=CA, C=US
16:03:45.336 [ForkJoinPool-1-worker-1] DEBUG org.apache.http.impl.conn.DefaultHttpClientConnectionOperator - Connection established 192.168.1.49:63163<->192.168.1.62:8089
16:03:45.336 [ForkJoinPool-1-worker-1] DEBUG org.apache.http.impl.conn.DefaultManagedHttpClientConnection - http-outgoing-16: set socket timeout to 5000
16:03:45.336 [ForkJoinPool-1-worker-1] DEBUG org.apache.http.impl.execchain.MainClientExec - Executing request GET /services/alerts/alert_actions HTTP/1.1
16:03:45.336 [ForkJoinPool-1-worker-1] DEBUG org.apache.http.impl.execchain.MainClientExec - Proxy auth state: UNCHALLENGED
16:03:45.336 [ForkJoinPool-1-worker-1] DEBUG org.apache.http.headers - http-outgoing-16 >> GET /services/alerts/alert_actions HTTP/1.1
16:03:45.336 [ForkJoinPool-1-worker-1] DEBUG org.apache.http.headers - http-outgoing-16 >> Authorization: Basic cGFsbWV0b2FkbWluOlBAbG1ldG9AMTIz
16:03:45.336 [ForkJoinPool-1-worker-1] DEBUG org.apache.http.headers - http-outgoing-16 >> Host: 192.168.1.62:8089
16:03:45.336 [ForkJoinPool-1-worker-1] DEBUG org.apache.http.headers - http-outgoing-16 >> Connection: Keep-Alive
16:03:45.336 [ForkJoinPool-1-worker-1] DEBUG org.apache.http.headers - http-outgoing-16 >> User-Agent: Apache-HttpClient/4.5.12 (Java/1.8.0_251)
16:03:45.336 [ForkJoinPool-1-worker-1] DEBUG org.apache.http.headers - http-outgoing-16 >> Accept-Encoding: gzip,deflate
16:03:45.336 [ForkJoinPool-1-worker-1] DEBUG org.apache.http.wire - http-outgoing-16 >> "GET /services/alerts/alert_actions HTTP/1.1[\r][\n]"
16:03:45.336 [ForkJoinPool-1-worker-1] DEBUG org.apache.http.wire - http-outgoing-16 >> "Authorization: Basic cGFsbWV0b2FkbWluOlBAbG1ldG9AMTIz[\r][\n]"
16:03:45.336 [ForkJoinPool-1-worker-1] DEBUG org.apache.http.wire - http-outgoing-16 >> "Host: 192.168.1.62:8089[\r][\n]"
16:03:45.336 [ForkJoinPool-1-worker-1] DEBUG org.apache.http.wire - http-outgoing-16 >> "Connection: Keep-Alive[\r][\n]"
16:03:45.336 [ForkJoinPool-1-worker-1] DEBUG org.apache.http.wire - http-outgoing-16 >> "User-Agent: Apache-HttpClient/4.5.12 (Java/1.8.0_251)[\r][\n]"
16:03:45.336 [ForkJoinPool-1-worker-1] DEBUG org.apache.http.wire - http-outgoing-16 >> "Accept-Encoding: gzip,deflate[\r][\n]"
16:03:45.336 [ForkJoinPool-1-worker-1] DEBUG org.apache.http.wire - http-outgoing-16 >> "[\r][\n]"
16:03:45.351 [ForkJoinPool-1-worker-1] DEBUG org.apache.http.wire - http-outgoing-16 << "HTTP/1.1 200 OK[\r][\n]"
16:03:45.351 [ForkJoinPool-1-worker-1] DEBUG org.apache.http.wire - http-outgoing-16 << "Date: Fri, 05 Feb 2021 10:33:46 GMT[\r][\n]"
16:03:45.351 [ForkJoinPool-1-worker-1] DEBUG org.apache.http.wire - http-outgoing-16 << "Expires: Thu, 26 Oct 1978 00:00:00 GMT[\r][\n]"
16:03:45.351 [ForkJoinPool-1-worker-1] DEBUG org.apache.http.wire - http-outgoing-16 << "Cache-Control: no-store, no-cache, must-revalidate, max-age=0[\r][\n]"
16:03:45.351 [ForkJoinPool-1-worker-1] DEBUG org.apache.http.wire - http-outgoing-16 << "Content-Type: text/xml; charset=UTF-8[\r][\n]"
16:03:45.351 [ForkJoinPool-1-worker-1] DEBUG org.apache.http.wire - http-outgoing-16 << "X-Content-Type-Options: nosniff[\r][\n]"
16:03:45.351 [ForkJoinPool-1-worker-1] DEBUG org.apache.http.wire - http-outgoing-16 << "Content-Length: 3340[\r][\n]"
16:03:45.351 [ForkJoinPool-1-worker-1] DEBUG org.apache.http.wire - http-outgoing-16 << "Content-Encoding: gzip[\r][\n]"
16:03:45.351 [ForkJoinPool-1-worker-1] DEBUG org.apache.http.wire - http-outgoing-16 << "Vary: Accept-Encoding, Cookie, Authorization[\r][\n]"
16:03:45.351 [ForkJoinPool-1-worker-1] DEBUG org.apache.http.wire - http-outgoing-16 << "Connection: Keep-Alive[\r][\n]"
16:03:45.351 [ForkJoinPool-1-worker-1] DEBUG org.apache.http.wire - http-outgoing-16 << "X-Frame-Options: SAMEORIGIN[\r][\n]"
16:03:45.351 [ForkJoinPool-1-worker-1] DEBUG org.apache.http.wire - http-outgoing-16 << "Server: Splunkd[\r][\n]"
16:03:45.351 [ForkJoinPool-1-worker-1] DEBUG org.apache.http.wire - http-outgoing-16 << "[\r][\n]"
16:03:45.351 [ForkJoinPool-1-worker-1] DEBUG org.apache.http.headers - http-outgoing-16 << HTTP/1.1 200 OK
16:03:45.351 [ForkJoinPool-1-worker-1] DEBUG org.apache.http.headers - http-outgoing-16 << Date: Fri, 05 Feb 2021 10:33:46 GMT
16:03:45.351 [ForkJoinPool-1-worker-1] DEBUG org.apache.http.headers - http-outgoing-16 << Expires: Thu, 26 Oct 1978 00:00:00 GMT
16:03:45.351 [ForkJoinPool-1-worker-1] DEBUG org.apache.http.headers - http-outgoing-16 << Cache-Control: no-store, no-cache, must-revalidate, max-age=0
16:03:45.351 [ForkJoinPool-1-worker-1] DEBUG org.apache.http.headers - http-outgoing-16 << Content-Type: text/xml; charset=UTF-8
16:03:45.351 [ForkJoinPool-1-worker-1] DEBUG org.apache.http.headers - http-outgoing-16 << X-Content-Type-Options: nosniff
16:03:45.351 [ForkJoinPool-1-worker-1] DEBUG org.apache.http.headers - http-outgoing-16 << Content-Length: 3340
16:03:45.351 [ForkJoinPool-1-worker-1] DEBUG org.apache.http.headers - http-outgoing-16 << Content-Encoding: gzip
16:03:45.351 [ForkJoinPool-1-worker-1] DEBUG org.apache.http.headers - http-outgoing-16 << Vary: Accept-Encoding, Cookie, Authorization
16:03:45.351 [ForkJoinPool-1-worker-1] DEBUG org.apache.http.headers - http-outgoing-16 << Connection: Keep-Alive
16:03:45.351 [ForkJoinPool-1-worker-1] DEBUG org.apache.http.headers - http-outgoing-16 << X-Frame-Options: SAMEORIGIN
16:03:45.351 [ForkJoinPool-1-worker-1] DEBUG org.apache.http.headers - http-outgoing-16 << Server: Splunkd
16:03:45.351 [ForkJoinPool-1-worker-1] DEBUG org.apache.http.impl.execchain.MainClientExec - Connection can be kept alive indefinitely
16:03:45.351 [ForkJoinPool-1-worker-1] DEBUG org.apache.http.wire - http-outgoing-16 << "[0x1f][0x8b][0x8][0x0][\n]"
16:03:45.351 [ForkJoinPool-1-worker-1] DEBUG org.apache.http.wire - http-outgoing-16 << "[0x1f][0x1d]`[0x0][0x3][0xed]]ms[0xdb]6[0x12][0xfe][0x9e]_[0x81][0xf2][0xd4]6[0xe9]E[0xa4]d[0xc7][0xae][0xa3]Z[0xca]x[0x9c][0xb4][0xcd]\[0xae][0xcd]Dno:I[0x86]C[0x93][0x90][0xc4][0x9a]$x[0x0]hE[0x17][0xe7][0xbf][0xdf][0xe2][0x85][0x92]([0xd1][0x2]eK[0xb2][0x9d]a[0x9c]D"[0xb1][0xbb]X`[0x97][0x8b][0x7]K[0x0]>~[0xf1])[0x8e][0xd0]%[0xa6],$I[0xd7]j[0xdb]-[0xb][0xe1][0xc4]'A[0x98][0xc][0xbb][0xd6][0x1f]g?7[0x8f][0xac][0x17][0xbd]G[0xc7][0xdf]4[0x9b]g[0xa3][0x90]![0xf8][0xcb][0x9]"[0xc0]@[0xc3][0x0][0xa3]sJ[0xc6][0xc]S4 4[0xf6]8[0x7][0xa6][0x9f][0x10][0xc3][0x18][0xfe]Q [0xb1]}[0x92][0xc][0xde][0x8f]8O[0xfb][0xf2][0xfa][0xa3][0xe0][\r]B[0xe6][0x9d]G[0xd8]F[0xf5]O[0xfd]S[0xff]<[0x98][0x9f]f[0x13][0xc2][0x80][0x88][0x16]M[0xc6]'[0x11]f#[0x8c]9[0xe2][0x93][0x14]w-[0x8e]?q[0x7]J,4[0xa2]x[0xd0][0xb5][0x1c][0xc6]=[0x1e][0xfa][0x8e][0xc7]Il]]>&#x7f;<![CDATA[b[0x91][0x8c] [0x3][0x8c][0x3][0x4]D[0x9][0xeb]Z"$t[0x1c]g<[0x1e][0xdb][0xe3]}[0x9b][0xd0][0xa1][0xb3][0xd7]j[0x1d]8'@o)[0x9a][0xce][0x8c]*[0xc0][0x97]6K[0xa3],[0xb9][0x80]x[0x12];[0x9]s(f<[0xa7]#)N[0x18][0xf6][0xa8]?[0x9a]2x[0xcf]%a[0xd3]a)[0xf6][0x9d][0x19][0x81][0xd3][0xb6][0xdb][0x8e][0xd5]{[0x84][0xd0]1[0xf]y[0x84]{^[0x84])w=[0x9f]C[0xec]c[0xc7][0x8e][0xba])[0x8a][0xc3][0xa0]'d1[0x10][0xd6]~[0xbe]g[0xb7][0xf][0x8f][0xec][0xb6]}[0xb8][0xd7]9j[0x1d]=wDl[0xb]}[0xcc][0x1c][0xc9][0xae]?fR[0x80]W[0x88][0xc8][0xd2][0xc0][0xe3]8[0xe8][0xed][0xb5][0xf6][0xda][0xcd][0xd6]^[0xb3]up[0xd6]>[0xec][0xb4][0xf6];[0xcf][0xe][0xff][0xd9]:[0xe8][0xec][0xb7][0x8e][0x9d][0x9c]D[0x90][0xf]q[0x82])[0xf4][0x17]E[0xe7]Y[0x18][0x5]][0xab]u[0xd4]>[0xfa][0xf1]`[0xff][0xc0]o[0x1f][0x1e]Z[0xb3][0x0]-[0x14]i[[0x8e][0xe4][0xf1]2>"T|[0x85][0x8b][0xc4][0x8b]q[0xaf]/[0xbb][0xe9][0xd8][0x91][0x17][0x82][0xc4][0x99][0xd1][0x1c]Gar15[0xd0][0xaa]68.[0xc5][0x11][0xf1][0x2][0xb][0xc1]g[0xd7][0xca][0xaf][0x9c]u[0xa5]x~[0x94][0x8b][0x10]_[0x15][0xff][0xcc][0x1c][0x1d]N[0xb8][0x17][0xbd][0xc3],[0x8b]8[0xeb][0xb5][0xa1]C[0xae]+[[0xe0][0xb]9[0x8e][0xd9][L[0xdf]zC[0xdc][0xdb]/[0xf2][0x15][0xca][0x16][0xf8][0xc0]+)]]>&#x7f;<![CDATA[[0x9d][0x4][0xf8]S[0xaf][0xc8]4W XX'[0xc6][0x8c][0x81][0x0][0xa6]T[0xc6][0x9][0xa7][0x13][0xdd][0xcd][0xca]Gp[0xec][0x85][0xd1][0x9c][0xc3]Tu[0x99][0xdf][0xfa]NB[0xce]I0q[0xd8][0x84][0x81][0xa6][0xe5][0x1d][0xa7][0xa5]+G[0x9a]s[0xa5][0xf6][0xf3][0x1f][[0xcd][0x16]xS[0xfb]LzP[0xa7][0xd5]*q[0xa5]kl[0xb4]F[0xd5][0xda]h^[0xc4]1M@[0xac][0xb2][0xdc][0x82][0xc3][0xe5].[0xa7][0x84][0xce]\[0xae][0xe8]t[0x1b]S&[\n]"
16:03:45.351 [ForkJoinPool-1-worker-1] DEBUG org.apache.http.wire - http-outgoing-16 << "[0xe1][0x91]w6#r[0x95]]]>&#x7f;<![CDATA[oLa[0x1c][0x84][0x9b]SXc&-:[0xbf][0xca][0xa5][0x3][0xca][0xe2][0xe0][0xa3][0x8b][0xc1]xj'[0xd6][0x9]B[0x9f][0xe7][0x97][0xf2][0xc6][0x5][0x9e] a1a[0xe5][0x88][0x8c]][0x1c][0xa7]|[0xe2][0x2][0x82][0xf3][0xfc]Q[0xc][0xb2][0xac]^[0xfb][0xd8][0x91]d[0xab][0xd8]p[0xf0][0x92][0x80]~[0xc9][0x1b]a[0x9c][0x9e][0x81][0x1]|[0xc2]M=[0xc6][0xc6][0x84][0x6][0x95][0x88]3&[0xdc]/[0xc6]&[0xe2]s[0xdf]7[0x91]T[0xa0][0x8][0xd3][0x11][0xa6][0xfd][0xc][0xe2][0x87][0xd5]{u[0xfa][0xf2][0xd7]WM[0xf8][0xbf]]]>&#x7f;<![CDATA[[0xd2]<y[0xd5][0xdf];8l[0xfe]r[0xfa][0xef]f[0xff][0xd7][0x93][0xfd][0xa3]g[0x1d]U[0xfa]nE[0xd9][0x94][0xb3][0xbd]w[0x94][0x97][0x2]a[0x91][0xb3][0xb4][0xac]P[0xe7]u[0xf5]]_[0xd7]u[0xf5][0xa8][0xfb][0x86][0x1e] q[0xec]%[0xc2]4[0xdf][0xbc]?}yrv[0xf2][0xbe][0xa1][0x9c][0xd0][0x96]>h[0xa7][0x14][0xa7][0x94][0x80][0xe3]2x`d\[0xfe][0x1c][0xe0][0x81][0x7]_[0xba][0x96][0xf5][0xa5][0x81][0xae][0x0][0xf4]C[0x8][0x15][0xb4][0xc8][0xd2][0x14][0xae]p[0xfc]nC_[0xd9][0x19][0x8d][0x1a][0x16][0xb2][0x18][0x93]56[0xc4][0xff][0xe2]zH=[0x1f][0xf][0xb2][0xa8][0xdb][0xc8][0xbf]M%[0x9f][0xd1][0xc]]]>&#x7f;<![CDATA[[0x11]4[0x9c][0x86][0xc3]![0xa6].[0xf][0x5][0xe7][0xfc][0x15][0x94][0xc6][0xde][0xa7]0I3[0xe][0x98][0xa1][0xa8]3[0x14],[0xea][0xda]n[0xc1][0x9f]/[0x8a]I[\n]"
16:03:45.351 [ForkJoinPool-1-worker-1] DEBUG org.apache.http.wire - http-outgoing-16 << "[f[0x11][0xb7][0xa7][0xf4][0x7][0xb1] [0xce][0xdb]3[0x8]#[0xc1][0x91]7H\6[0xac][0x8f][0x1f]M[0xce][0xa5][0x1e]PW<[0xa0][0x16][0xc][0x13]q[0xb4][0x9a]>[0xc0][0xcc][0xa7]a*[0xb4][0xb2]z}[0xe8]U[0xe4]%H[0xf5]lBx8[0x8]}O[0x94][0x89][0xd9][0x94][0x80]8p[0x3][0xa0][0x15][0x85]/i[0x8][0xd5]0[0x83]p[0x15]=[0xc0][0xd0][0xad][0xd5][0x84][0xd8][0xb];b[0xdc][0x9e][0x15][0x97][0xc4][0x92][0xe5]G7M[0xad][0x9e][0x8a]hK[0xe2][0x97];[0xc6]K\]]>&#x7f;<![CDATA[[0xe4]%C[0xec][0xa6][0x98][0xc6][0xac],[0xec][0x94]2[0xc9][0xe1][0xa0]*1[0x1b]y[0x14][0xbb]R[0xb1][0xb5]8[0x86][0x11]9[0xf7][0xa2]5[0x99]D[0xd4]*[0xeb][0xda]R[0x96]1[0x95][0xf1][0xa6]B[0x5]1[0xcc][0xc8][0x7][0xa1][0xc][0xfb]U[0xc8][0xc9]8[0x11]j[0xe4][0x83][0xb3][0x89]\w~[0x81][0xe0][0x1a]c/[0xf1]R[0xc]c[0xe7]2[0x8d][0xa4][0x12]f*+[0x92][0x85][0x2][0xaa][0xf5]~[0x10][0xca][0xc9]oe[0x12][0x9c][0xeb]D[0x94]6iI5[0xdd][0xbd]7[0xd5][0xcd][0xb][0xe2]0[0xd9][0xa8]~[0xe2]v[0xc9][0xf3]c[0xb4][0xf][0xc5]1[0xb9]T[0xc6][0xaf][0xe0]Y[0xc2][0x11][0xc3]d[0xb8][0xe2]1\[0xd6][0xa3]B(H[0xd3][0xdf][0xe4]h[0xac]@[0xb3][0x99]A<[0x9][0x8a][0xe3][0x1a]7,p[0xc][0x8][0x1][0xb8]i[0xb][0xf4]b[0xf5]^[0xf][0xd0][0x84]d[0xe8][0x1c]G![0xbe][0xc4][0xe2][0xfb][0xf7][0xf0][0x1][0x11][0xe][0x87][0x97][0x10][0xea][0xb8][0xc8]D[0xa9]x[0x18]B`[0xa4][0x94][0xd0][0xa7]([0x8d][0xb0][0xc7][0xb0][0xcc]>[0x1]=Ej.[0x84][0xa4][0x11][0xc1]Frre?z[0xa4]f[0x92][0xe8][0xbb]![0xff][0x9][0xe4]`[0x84][0x93]a[0x98]`[0x91][0xc0][0x82][0x11][0xc1][0x1f][0x89][0xef][0x0][0xa5]=[0x93][0xb2][0xd4][0xc7][0xa7][0xec]ROP[0xac][0x1e][0x0][0x16]bd[0x89]=h[0x1a][0x17]f4[0x90]R[0x98][0x6][0xf7][0x98][0x9e][0xcb][0xad][0xa2][0x1c][0x11][0xc6][0xab]@[0xa4][0x10]F [0x0]_|d[0xf5] [0x90][0xb8][\n]"
16:03:45.351 [ForkJoinPool-1-worker-1] DEBUG org.apache.http.wire - http-outgoing-16 << "b[0xca][0x9b]zlO[0x86][0x6][0x1][0x89][0x1f]e[0x1][0xb6][0xe7][0xc7]u#F[0xcc][0x99][0x94][0xc3][0x18][0xc7][0x9b][0x9c]\[0xf][0xee][0xeb][0xd2]K0P[0x99][0xe9]2[0xc4][0xe3][0xaa][0xad][0x0]2[0xb3][0xe0][0xc8][0x3]o[0xd5][0xa3][0xb5][0x9e][0xc0][0xad]"[0x17][0x14]*Ij[0xf5]"[0xe2]{[0x91]0[0xa5][0x89]%[0x7]3[0xa0][0xb3]@1Fr[0xd5]#[0x7][0xcb][0x11][0xa0]H[0xa8]&[0xbb][0xb6][0xf4][\n]"
16:03:45.351 [ForkJoinPool-1-worker-1] DEBUG org.apache.http.wire - http-outgoing-16 << "[0xab]w[0x6][0xf][0x85][0xfc][0x8a][0xc0]?`[0x12]#[0x80][0x86]x:[0xbe]Wx[0xed]{4[0xf6][0x18][0xd2]}[0x8e][0x3][0xbb][0x9a]l[0xc0][0x8e]$[0x17][0xce][0xfc][0x11][0xe][0xb2]HB[0x16]qw&y[0x4][0x92]i[0x96][0x18]d[0xa6][0xc1][0xc0]V[0xd1][0xc2][0xf5][0x1][0xee][0x88][0x1e][0x94][0x13][0xf1][0xca]\8[0xd1][0x0][0xc8]`[0xf9]9[0x96][0x8][0xf][0xb8]0[0xd4][0xd0][0xf0][0x94][0xcf][0xb1]@[0xf][0x8d][0xc4][0xf3][0xe]6`[0xdc][0x8b][0xd3][0xa7][0xa9][0x7][0x91]F[0x2]7[0xb3][0x8c][0x11][0xc][0xaa]s[0xed][0x9b][0x3][0x84][0x95]y[0xd7]i[0xa5][0x80][0xa4]n[0x18][0x83][0xa5][0x0][0xdb][0x3][0x88]W[0xc3][0x87][0x99]Q<E[0xa6][0xd8][0xb3]<o0s[0x84][0x4]F[0xee][0x89][0xd5][0xdb]_M[0xa8][0xfc][0xe7][0xf4][0xf5][0xcb][0x9f][0x1]`[0xab]I[0xe8][0xf0][0x1c][0xf9][0x9]C]]>&#x7f;<![CDATA[[0xa7][0xe8][0x82][0xd0]*[0xdc]?[0x3][0x84]W[0xa3][0x94][0xf2][0xc2]fCX[0xac][0xf3][0xed]_[0xcd]o[0xe3][0xe6][0xb7]A[0xa3][0x8a][0x8c][0xd7]*[0xa8][0xa8][0x11][0xe7][\r]8[0x89][0xb1][0xef][0x14][0xdf][[0xf][0x80][0xd7][0xef]T[0x80]vO[0x81]}q[0x97]z[0xa1]![0x12][0xcc]q[0xf7][0xc3][0xff][0x81][0xea][0x11][0xe6][0xe0]'[0xab][0x99][0xc4][0xec][0xcc]g[0x97][0xc6]@&[0xe8][0xc0][0xb4][0x95][0xe8][0xa6][0x6]5[0xd1][0xb2][0xe8]O[0x95][0xc1][0x4]Z[0x1e][0xb1][0xb6][0xbd]g`[0xc8][0xce][0xff][0xc6]>[0xd8]S[0x8f][0xe2]'" u[0x90]2Q%[0xd6]<[0x9c][0xdd]\@[0x1e][0xb3][0xb4][0x84]w[0xf2][0xb2][0x9a][0x8]NL>[0xe]V[0xf6]/\[0xad][0xa3][0xc1]Y8[0x87][0x81][0xe5][0xe8][0xf0][0x99])[0xe2][0x3][0xe0][0xfa][0xad][0xdf][0xcf]{[0xce]L[0xec][0x82]Y*[0xd1][0x81][0xc5][0x8c]t[0xe3]0[0xe0]#[0x97]A[0x17][0xb9]>[0x89][0xb2]8)[0x99][0xcc][0x15]a[0xe7][0xb1][0xa3][0xe7][0xc5]*S=[0xcd][0xb2][0x96][0xe4][![0xf0][0x2][0xe]L[0xf8][0xad]R[0xae][\n]"
16:03:45.351 [ForkJoinPool-1-worker-1] DEBUG org.apache.http.wire - http-outgoing-16 << "[0xf5][0xe4][0xa2][0xca][0xd3]m[0xb3][0x8a][0xb6][0x95]}]G[0x8b]]&bo[0xa0][0xd7][0x1a]9[0xd9]u[0xa4][0xdf]*={[0x83]f[0xac][0x91][0xa9]][0xab][0x19][L[0xda]Nsu"[0x8]+[0xb0][0xa6][0xb3]X[0xae][0x8c]N[0xab][0xf3]U[0xa8][0x90][0x9d][0xb3][0x8a][0xe9][0xb9]u3S[0xd0]\$[0xdb]+[0xb2]Q:T[0xea][0x89][0x1a]Eb(!ab[0x18][0xce]v[0x91][0x91]*Z[0xae][0xce]L[0xd5][0x99][0xa9][0x87][0x9c][0x99][0xda][0xac]n;[0xce]J)[0xe7]}(Y[0xa9][0xb5][0x13]=7[0xc8][0xc9][0xe4]a[0xa9]B[0x1e][0x86][0xb9]~[0xc6][0xc4]2[0x9][0x13]h[0xd4][0xf9][0x8][0x98][0x8d][0xa0]W[0xa5]!o'[0xb9][0x85][0xd4][0xa3]^l[0x8b].1N[0xfa]$e(^[0xc2][=[0xf1]R[0xb1][\n]"
16:03:45.351 [ForkJoinPool-1-worker-1] DEBUG org.apache.http.wire - http-outgoing-16 << "9#[0x19][0xd8]GG[0xf7]N[0x15]d>[0xcf][0xa7]^[0xc7][0xc8][0x95][0x17][0xa1][0xef]2p[0xce][0x8][0x8b]1[0xd1][0x94]I[0xf0]&[0x2][0x90][0xb8]yF[0xef]of[0x9c][0x95]O[0x0][0x86]%[0xb6]^[0xc4][0x1][0xb3]<ym[0x98][0xdc][0x16]f[0x8][0x6]{[0xc8][0x19]B[0xbb][0x95]n[0xe]o[0x93][0x8b],[0xdd][0xda][0x2][0x87]\[0xfc]][0xac]pPu[0xdf][0x97]%[0xe][0x5]m6[0xb4][0xc6]A[0xc9][0xdc][0xda]"[0x87][0x82][0xca][0x1b]Z[0xe5][0xa0]U[0xde][0xe6]2[0x87]4[0xc5][0x89][0x19]aN[0x81]5[0xc9]x[0x9a]q[0xa5][0x17][0x9a][0xbe]"V[0xd7][0x12]F[0xeb][0x97][0xd7]Jnw[0x81]@[0xdd]5[0x84][0xa2][0x2][0x96][0xfe]][0xd6]'[0xdf]H[0xe8]@[0x8c][0xc8]@^[0xaa][0x81]M[0xa0]k[0xf][0x9d][0xf6][0xff]DZ'[0xa1][0xc3][0xdd][0xc3][0xea][0xfa]Eo[\r][0xa7][0x1f]>[0x9c][0xae]_[0xf4][0xee][0x12]R[0xeb][0xe0]i[0x2][0x84][0xbb][0x81][0xde][0xb][0xaf]Cu[0xfc]6[0xe2]p[0x8d][0xae]u[0xd4][0xce]#6[0xc4][0xe8][0x1c][0xda][0xdc][0x5][0xd8][0xbe]K[0xc4][0xa8][0xc6]K[0x8e]#[0x1c]c([0xbb][0x1d]t[0x94]Y$7L[0x18][0xa7]Y[0x9c][0xbf][0x1c])G[0xe]K[0xf5]n[\r]S[0xde]\[0xa9][0x9d][0x82][0xcd][[0xab][0xb9][0xe][\n]"
16:03:45.351 [ForkJoinPool-1-worker-1] DEBUG org.apache.http.wire - http-outgoing-16 << "[0xbd]ye[0xb7][0x83][0xa7][0xb7]n[0xe4]:[0xb8][0xf5][0x16][0x8d][0xdc]E[\n]"
16:03:45.351 [ForkJoinPool-1-worker-1] DEBUG org.apache.http.wire - http-outgoing-16 << "x[0xba]\s[0xa1]r$[0x97]DN[0x91][0xe9]B[0xa9][0x9d][0xcf][0xb7][0xe1]f[0x3]y[0x9]I&1[0xc9][0x98][0x81]|J[0xd7]@[0x11][0xf4]R[0xc2][0xb0][0x81]AS5[0x10][0xcb]R[0xf1][0xfa][0xcc]@[0xae][0xa9][0x1a][0x8]Z[0x97][0x92][0x4]:[0xc7][0xc0]0[0xa5]k[0xa8]^\M-H[0x1a][0x88][0x0][0xe4]N([0xfe]o[0x16]R[0x1c][0x18]8[\n]"
16:03:45.351 [ForkJoinPool-1-worker-1] DEBUG org.apache.http.wire - http-outgoing-16 << "[0xb4][\r][0xe3]B[0xcf][0x2][0xa4]?[0x95][0x89][0x1a][0xa4][0xe4][0xcb]]sK[0xa3][0xc5][0xcc]X[0xf7]'S^[0xee][0xef]5[0xc4][0xaf]!~[\r][0xf1][0x17]o[0xd7]Y[0xf3]R[0x8e][0xdd]@[0xf7][0xa5][0x88][0xbd][0xf1][0xe4][0xf9]2[0xbc]_7`o7[0xaf]>[0x1d][0x8e][0xcd]k[0xb5][0x8a][0xa3]e[0xd5]d<[0xb4][0xbe][0x1a][0xa9][0x1e][0xe7][0x8d][0xe3]R[0xc9][0xa8]ZQw[\r][\r]*R[0xab][0xd4]~[0xf9][0xbb][0xde][0xbb]H[0xcd][0xef]-R[0xdd]x[0xa2][0x95][0x92]4[0x8b]`[0x12][0xe1]n9G[0xbf]T[0xcf]]$[0xeb][0x17][0x94][0xb8]/Y[0xfb]r[0xb5]6[0x94][0xbe]_[0x10][0xbe][0xb5]<~y#6[0x94][0xd0]_l[0xc4].&B>I'y[0xa8][0x6] [0xce]g;[0xbb][0x16][0xb4][0xb1]Ei[0xc3]B[0x88][0x85][0x1][0x10][0xa9]1[0xd0][\r][0x83][\n]"
16:03:45.351 [ForkJoinPool-1-worker-1] DEBUG org.apache.http.wire - http-outgoing-16 << "[0x8b]_[0x8c][0xe1][0xb0]N[0xba][0xd7][0x88]|[0x91][0xbc]F[0xe4]e[0xba]=xD[0xfe][0xa0][0x92][0xee][0xdb]C[0xe4][0xf7]'[0x9b][0xbd]9[0x90]E[0x19][0xdb][0x1a][0xb0][0x92][0xb2][0xef][0x2]LA[0xc5][0xf7][0x5]@[0xcd]T[0xd9][0x10]h[0x2][0x81][[0x3]J3e7[0x4][0x8e][0x84][0xb2];[0x1]D0x[0x80][0xa1][0x19]C[0x96][0x98]1[0xeb][\r][0xf7][0xb6]<[0xa8][0xc7][0x92][0xb4][0xd3]-[0xf8][0xa5][0xfb][0xf4]e6[0xb3]+wN[0xe4][0x1b][0xbe][0xf2][0xed][0xf]O[0xf3]I1[0xcc])3[0x91][0xa5]-\6[0x10]p[0xab][0x82][0xfd][0xd6][0xea][\r][0xfe][0xed][0xd2][0xad][0xf8][0xa0][0xf3][0xd2]F[0xfc][0xb6][0xd8][0x88]_[0x83][0xaf][0x1a]|[0xd5][0xe0][0xab][0x6]_5[0xf8][0xba][0x1d][0xf8]jo[0x1a]|[0x95]mO[0xbb]1[0xfc]R/[0xd1][0xb6][0x86][0xc0]r[0xf1]w[0x1][0xc2]T[0xdd][0xf7][0x5][0x87][0x15][0xb4][0xd9][0x10][0x14]S2[0xb7][0x86][0xc6][\n]"
16:03:45.351 [ForkJoinPool-1-worker-1] DEBUG org.apache.http.wire - http-outgoing-16 << "*o[0x8][0x90]i[0x95]w[0x81][0xc9]h[0x96][0xb0][0x11][0x8e]"U[0xe5]le[0xa9][0xba][0x9e]_Yj-`*qG[0xc5][0xa7][0xc5][0xaf]9C[0xdf][0x13][0x87]c[0xf4][0xd5]z[0xd1][0xf7][0xea][0xf6]G[0xd4][0x90][0xec][0xf2][0xd5][0xf7][0xe3][0x5][0x91]O[0xe6]k[0xd1][0xa0][0xaf][0x11][0xe0][0x94]b_8[0xbb][0xeb][0xd1][0xe1]\]2C[0x86][0x96]6[0x93]-[0x81]7[0xdd][0x94][0xd2][0x83][0x94][0xd6]x}[0xfe]:[0xb9]$[0x17][0x18]yH[0xbd][0xb3]A[0xf9]S[[0x3][0xc0][0x1a][0x0][0xd6][0x0][0xb0][0x6][0x80][0xf][0x9][0x0][0xde][0xe7]%[0xaf]:\W][0xf2][0xfa].K &W[0x9][0xc6];I[0xc]V9:[0xe1]p[0x83][0xc8]4[0x83]q[0x9c]N\[0xb9]Om{[0x0][0xb5]X[0xcb][0x9d][0xe0][0xd4]y[0x15][0xee][\r]\-QjS[0xa8]u^[0xf4][0xf6][0xc0]kI[0x3]6[0x85]a[0xb][\r][0xd8]"[0x94]uU[0xb8][0xd1][0xf5][0xad]~[0xfc][0x96][0x17][0xa9]j6[0xa9]%b)!Q[0x97]#[0x88][0xa6][0xd1]9|zA [0xa1]$G[0xb2]|[0xe]R[0xce]7[0xce][0x96][0x1a]|[0x9e][0xae][0xe0][0x9c]`&[0x92][0x88][0xfa][0xa8][0x3]Q[0xe6][0x8e]<6j[0xb8][0x8d]]]>&#x7f;<![CDATA[P[0xa8][0x9c][0xc4][\r][0x9b]q[0xb8][0xe1]&xli[0xc5]r[0xcc][0xc]R/0[0xbd][0xa6][0xa2][0x1f]>[0xab]-[0x9e][0xdd][0xc6][0xbf]^[0xfd][0xd5][0xfd][0xf0][0xe1][0x83][0xd5][0xf8][0xf3][0xe4][0x8d][0xf8]|[0x8a][0xa0][0x8d][0xe0][0x16]C[0xa1]d[0xa9][0x8e][0x8f]_|[0xf3][0xf8]EG[0xb7][0xff]j![0xb0][0xab]k[0xe0][0x87]'[\n]"
16:03:45.351 [ForkJoinPool-1-worker-1] DEBUG org.apache.http.wire - http-outgoing-16 << "[0xda][0xeb][0xe6]'b][0xa9][0xb3][0xc6][0xae]f[0x91][0xf3]JG[0xc5]+[0xb5].[0xe5][0xc3][0x87]|[0xa5][0xca][0x15]D[0xb6][0xab][0xb9]Hx[0x5][0xb5][0xb9][0xf6][0xf]O[0x9e]4[0x9e]<[0x86][0xf][0xeb]K[0x85]cIk[0xb4]\[0xa3][0xe5]E[0xf2][0x1a]-[0x97][0xe9]V[0xa3][0xe5][0xaf]#][0x9a][0x9f][0xe5]h@[0x8d]_[0xe3]+[0xed]|x[0x12][0xab]WC]]>&#x7f;<![CDATA[G[0x0][0xb6]X[0xd9]][0xe2][0xd8]yM[0xee][0x1b][0x9c]-[0xd1]m[0xc3][0xa8]v[0xbe][0x86][0xad][0x83][0xdb][0x92][0xe6]l[0x18][0xe3][0x16][0x9a]so[0xa1]n[0xec][0x93]([0xc2]>[0x9f][0xc2][0xdc][0x1a][0xd4][0xde][0x1e][0xd4]BgF![0xef]zQ[0x94]d1C[0xd7][0xf4][0xa5]v[0x90] [0x8c]Y[0x85]M[5[0xc][0xae]ap[\r][0x83]k[0x18]\[0xc3][0xe0][0xaf][0x1f][0x6][0x8f][0xf1][0xf9][0x88][0x90][0x8b][\r][0x1c]$[0xab]%[0x95]#[0x95]i5[0xdb]=F[0xb6][0x8a][0xe][0xbb]?Dv[\r][0xad][0xd6]>B[0xb6][0x8a][0xec][\r][0x1c] [0xbb]F[0x13][0xd6]>>[0xb6]R[0x13][0xbe][0xfa][0xc3]c]]>&#x7f;<![CDATA[Q[0xc7][0xee][0xa1]_[0xcf][0xce][0xde][0xa2][0xb7][0xbf][0xf7][0xcf][0xd4][0x9]W[0xb3][0xdf]g[0xf4][0xc7][0xbb]7w[0x8f][0xdb][\n]"
16:03:45.351 [ForkJoinPool-1-worker-1] DEBUG org.apache.http.wire - http-outgoing-16 << "[0x16][0xab][0xe1][[\r][0xdf][0x1e]2|[0xab]O[0x8d][0xfd][\n]"
16:03:45.351 [ForkJoinPool-1-worker-1] DEBUG org.apache.http.wire - http-outgoing-16 << "[0xa0][0xdb][0xec]=[0xbe][0x8e]J[[0xd8][0xf7][0xfe][0x9f]k[0xe2][0xdd]N[0xd0][0xa1][0xda][0xc0]-:[0xdc][0xf5][0x86]r[0xaf][0xba]:U[0xdc]i[0xe8]_*>[0xcc]B[0xd3][0xd1][0x8a]_[0xd7][0x11][0xad][0xc7][0x8e][0xf8][0xdd][0xc9][0xbd]G[0xff][0x7][0xe5]|u[0xc2][0xac]}[0x0][0x0]"
16:03:45.351 [ForkJoinPool-1-worker-1] DEBUG org.apache.http.impl.conn.PoolingHttpClientConnectionManager - Connection [id: 16][route: {s}->https://192.168.1.62:8089] can be kept alive indefinitely
16:03:45.351 [ForkJoinPool-1-worker-1] DEBUG org.apache.http.impl.conn.DefaultManagedHttpClientConnection - http-outgoing-16: set socket timeout to 0
16:03:45.351 [ForkJoinPool-1-worker-1] DEBUG org.apache.http.impl.conn.PoolingHttpClientConnectionManager - Connection released: [id: 16][route: {s}->https://192.168.1.62:8089][total available: 1; route allocated: 1 of 5; total allocated: 1 of 10]
16:03:45.351 [ForkJoinPool-1-worker-1] DEBUG com.intuit.karate - response time in milliseconds: 26.43
1 < 200
1 < Cache-Control: no-store, no-cache, must-revalidate, max-age=0
1 < Connection: Keep-Alive
1 < Content-Type: text/xml; charset=UTF-8
1 < Date: Fri, 05 Feb 2021 10:33:46 GMT
1 < Expires: Thu, 26 Oct 1978 00:00:00 GMT
1 < Server: Splunkd
1 < Vary: Accept-Encoding, Cookie, Authorization
1 < X-Content-Type-Options: nosniff
1 < X-Frame-Options: SAMEORIGIN
<?xml version="1.0" encoding="UTF-8"?>
<!--This is to override browser formatting; see server.conf[httpServer] to disable. . . . . . . . . . . . . . . . . . . . . . . . . . . . . . . . . . . . . . . . . . . . . . . . . . . . . . . . . . . . . . . . . . . . . . . . . . . . . . . . . . . . . . . . . . . . . . . . . . . . . . . . . . . . . . . . . . . . . . . . . . . . . . . . . . . . . . . . . . . . . . . . . . . . . . . . . . . . . . . . . . . . . . . . . . . . . . . . . . . . . . . . . . . . . . . . . . . . . . . . . . . . . . . . . . . . . . . . . . . . . . . . . . . . . . . . . . . . . . . . . . . . . . . . . . . . . . . . . . . . . . . . . . . . . . . . . . . . . . . . . . . . . . . . . . . . . . . . . . . . . . . . . . . . . . . . . . . . . . . . . . . . . . . . . . . . . . . . . . . . . . . . . . . . . . . . . . . . . . . . . . . . . . . . . . . . . . . . . . . . . . . . . . . . . . . . . . . . . . . . . . . . . . . . . . . . . . . . . . . . . . . . . . . . . . . . . . . . . . . . . . . . . . . . . . . . . . . . . . . . . . . . . . . . . . . . .-->
<?xml-stylesheet type="text/xml" href="/static/atom.xsl"?>
<feed xmlns="http://www.w3.org/2005/Atom" xmlns:s="http://dev.splunk.com/ns/rest" xmlns:opensearch="http://a9.com/-/spec/opensearch/1.1/">
  <title>alert_actions</title>
  <id>https://192.168.1.62:8089/services/alerts/alert_actions</id>
  <updated>2021-02-05T16:03:46+05:30</updated>
  <generator build="08187535c166" version="8.1.1"/>
  <author>
    <name>Splunk</name>
  </author>
  <link href="/services/alerts/alert_actions/_reload" rel="_reload"/>
  <link href="/services/alerts/alert_actions/_acl" rel="_acl"/>
  <opensearch:totalResults>10</opensearch:totalResults>
  <opensearch:itemsPerPage>30</opensearch:itemsPerPage>
  <opensearch:startIndex>0</opensearch:startIndex>
  <s:messages/>
  <entry>
    <title>email</title>
    <id>https://192.168.1.62:8089/servicesNS/nobody/system/alerts/alert_actions/email</id>
    <updated>1970-01-01T05:30:00+05:30</updated>
    <link href="/servicesNS/nobody/system/alerts/alert_actions/email" rel="alternate"/>
    <author>
      <name>nobody</name>
    </author>
    <link href="/servicesNS/nobody/system/alerts/alert_actions/email" rel="list"/>
    <link href="/servicesNS/nobody/system/alerts/alert_actions/email/_reload" rel="_reload"/>
    <link href="/servicesNS/nobody/system/alerts/alert_actions/email" rel="edit"/>
    <link href="/servicesNS/nobody/system/alerts/alert_actions/email/disable" rel="disable"/>
    <content type="text/xml">
      <s:dict>
        <s:key name="allow_empty_attachment">1</s:key>
        <s:key name="allowedDomainList"></s:key>
        <s:key name="auth_password"></s:key>
        <s:key name="auth_username"></s:key>
        <s:key name="bcc"></s:key>
        <s:key name="cc"></s:key>
        <s:key name="cipherSuite">ECDHE-ECDSA-AES256-GCM-SHA384:ECDHE-RSA-AES256-GCM-SHA384:ECDHE-ECDSA-AES128-GCM-SHA256:ECDHE-RSA-AES128-GCM-SHA256:ECDHE-ECDSA-AES256-SHA384:ECDHE-RSA-AES256-SHA384:ECDHE-ECDSA-AES128-SHA256:ECDHE-RSA-AES128-SHA256</s:key>
        <s:key name="command"><![CDATA[$action.email.preprocess_results{default=""}$ | sendemail "results_link=$results.url$" "ssname=$name$" "graceful=$graceful{default=True}$" "trigger_time=$trigger_time$" maxinputs="$action.email.maxresults{default=10000}$" maxtime="$action.email.maxtime{default=5m}$" results_file="$results.file$"]]]]><![CDATA[></s:key>
        <s:key name="content_type">html</s:key>
        <s:key name="description">Send an email notification to specified recipients</s:key>
        <s:key name="disabled">0</s:key>
        <s:key name="eai:acl">
          <s:dict>
            <s:key name="app">system</s:key>
            <s:key name="can_change_perms">1</s:key>
            <s:key name="can_list">1</s:key>
            <s:key name="can_share_app">1</s:key>
            <s:key name="can_share_global">1</s:key>
            <s:key name="can_share_user">0</s:key>
            <s:key name="can_write">1</s:key>
            <s:key name="modifiable">1</s:key>
            <s:key name="owner">nobody</s:key>
            <s:key name="perms">
              <s:dict>
                <s:key name="read">
                  <s:list>
                    <s:item>*</s:item>
                  </s:list>
                </s:key>
                <s:key name="write">
                  <s:list>
                    <s:item>admin</s:item>
                  </s:list>
                </s:key>
              </s:dict>
            </s:key>
            <s:key name="removable">0</s:key>
            <s:key name="sharing">system</s:key>
          </s:dict>
        </s:key>
        <s:key name="eai:appName">search</s:key>
        <s:key name="eai:userName">nobody</s:key>
        <s:key name="footer.text">If you believe you've received this email in error, please see your Splunk administrator.

splunk &gt; the engine for machine data</s:key>
        <s:key name="forceCsvResults">auto</s:key>
        <s:key name="format">table</s:key>
        <s:key name="from">splunk</s:key>
        <s:key name="hostname"></s:key>
        <s:key name="icon_path">mod_alert_icon_email.png</s:key>
        <s:key name="include.results_link">1</s:key>
        <s:key name="include.search">0</s:key>
        <s:key name="include.trigger">0</s:key>
        <s:key name="include.trigger_time">0</s:key>
        <s:key name="include.view_link">1</s:key>
        <s:key name="inline">0</s:key>
        <s:key name="label">Send email</s:key>
        <s:key name="mailserver">localhost</s:key>
        <s:key name="maxresults">10000</s:key>
        <s:key name="maxtime">5m</s:key>
        <s:key name="message.alert">The alert condition for '$name$' was triggered.</s:key>
        <s:key name="message.report">The scheduled report '$name$' has run.</s:key>
        <s:key name="pdf.footer_center">title</s:key>
        <s:key name="pdf.footer_enabled">1</s:key>
        <s:key name="pdf.footer_left">logo</s:key>
        <s:key name="pdf.footer_right">timestamp,pagination</s:key>
        <s:key name="pdf.header_center">description</s:key>
        <s:key name="pdf.header_enabled">1</s:key>
        <s:key name="pdf.html_image_rendering">1</s:key>
        <s:key name="pdfview"></s:key>
        <s:key name="preprocess_results"></s:key>
        <s:key name="priority">3</s:key>
        <s:key name="reportCIDFontList">gb cns jp kor</s:key>
        <s:key name="reportFileName">$name$-$time:%Y-%m-%d$</s:key>
        <s:key name="reportIncludeSplunkLogo">1</s:key>
        <s:key name="reportPaperOrientation">portrait</s:key>
        <s:key name="reportPaperSize">letter</s:key>
        <s:key name="sendcsv">0</s:key>
        <s:key name="sendpdf">0</s:key>
        <s:key name="sendresults">0</s:key>
        <s:key name="sslVersions">tls1.2</s:key>
        <s:key name="subject">Splunk Alert: $name$</s:key>
        <s:key name="subject.alert">Splunk Alert: $name$</s:key>
        <s:key name="subject.report">Splunk Report: $name$</s:key>
        <s:key name="to"></s:key>
        <s:key name="track_alert">1</s:key>
        <s:key name="ttl">86400</s:key>
        <s:key name="useNSSubject">0</s:key>
        <s:key name="use_ssl">0</s:key>
        <s:key name="use_tls">0</s:key>
        <s:key name="width_sort_columns">1</s:key>
      </s:dict>
    </content>
  </entry>
  <entry>
    <title>logevent</title>
    <id>https://192.168.1.62:8089/servicesNS/nobody/alert_logevent/alerts/alert_actions/logevent</id>
    <updated>1970-01-01T05:30:00+05:30</updated>
    <link href="/servicesNS/nobody/alert_logevent/alerts/alert_actions/logevent" rel="alternate"/>
    <author>
      <name>nobody</name>
    </author>
    <link href="/servicesNS/nobody/alert_logevent/alerts/alert_actions/logevent" rel="list"/>
    <link href="/servicesNS/nobody/alert_logevent/alerts/alert_actions/logevent/_reload" rel="_reload"/>
    <link href="/servicesNS/nobody/alert_logevent/alerts/alert_actions/logevent" rel="edit"/>
    <link href="/servicesNS/nobody/alert_logevent/alerts/alert_actions/logevent/disable" rel="disable"/>
    <content type="text/xml">
      <s:dict>
        <s:key name="command">sendalert $action_name$ results_file="$results.file$" results_link="$results.url$"</s:key>
        <s:key name="description">Send log event to Splunk receiver endpoint</s:key>
        <s:key name="disabled">0</s:key>
        <s:key name="eai:acl">
          <s:dict>
            <s:key name="app">alert_logevent</s:key>
            <s:key name="can_change_perms">1</s:key>
            <s:key name="can_list">1</s:key>
            <s:key name="can_share_app">1</s:key>
            <s:key name="can_share_global">1</s:key>
            <s:key name="can_share_user">0</s:key>
            <s:key name="can_write">1</s:key>
            <s:key name="modifiable">1</s:key>
            <s:key name="owner">nobody</s:key>
            <s:key name="perms">
              <s:dict>
                <s:key name="read">
                  <s:list>
                    <s:item>*</s:item>
                  </s:list>
                </s:key>
                <s:key name="write">
                  <s:list>
                    <s:item>*</s:item>
                  </s:list>
                </s:key>
              </s:dict>
            </s:key>
            <s:key name="removable">0</s:key>
            <s:key name="sharing">global</s:key>
          </s:dict>
        </s:key>
        <s:key name="eai:appName">search</s:key>
        <s:key name="eai:userName">nobody</s:key>
        <s:key name="forceCsvResults">auto</s:key>
        <s:key name="hostname"></s:key>
        <s:key name="icon_path">logevent.png</s:key>
        <s:key name="is_custom">1</s:key>
        <s:key name="label">Log Event</s:key>
        <s:key name="maxresults">10000</s:key>
        <s:key name="maxtime">5m</s:key>
        <s:key name="param.host"></s:key>
        <s:key name="param.index">main</s:key>
        <s:key name="param.source">alert:$name$</s:key>
        <s:key name="param.sourcetype">generic_single_line</s:key>
        <s:key name="payload_format">json</s:key>
        <s:key name="python.version">python3</s:key>
        <s:key name="track_alert">0</s:key>
        <s:key name="ttl">10p</s:key>
      </s:dict>
    </content>
  </entry>
  <entry>
    <title>lookup</title>
    <id>https://192.168.1.62:8089/servicesNS/nobody/system/alerts/alert_actions/lookup</id>
    <updated>1970-01-01T05:30:00+05:30</updated>
    <link href="/servicesNS/nobody/system/alerts/alert_actions/lookup" rel="alternate"/>
    <author>
      <name>nobody</name>
    </author>
    <link href="/servicesNS/nobody/system/alerts/alert_actions/lookup" rel="list"/>
    <link href="/servicesNS/nobody/system/alerts/alert_actions/lookup/_reload" rel="_reload"/>
    <link href="/servicesNS/nobody/system/alerts/alert_actions/lookup" rel="edit"/>
    <link href="/servicesNS/nobody/system/alerts/alert_actions/lookup/disable" rel="disable"/>
    <content type="text/xml">
      <s:dict>
        <s:key name="append">0</s:key>
        <s:key name="command">outputlookup "$action.lookup.filename$" append=$action.lookup.append$</s:key>
        <s:key name="description">Output the results of the search to a CSV lookup file</s:key>
        <s:key name="disabled">0</s:key>
        <s:key name="eai:acl">
          <s:dict>
            <s:key name="app">system</s:key>
            <s:key name="can_change_perms">1</s:key>
            <s:key name="can_list">1</s:key>
            <s:key name="can_share_app">1</s:key>
            <s:key name="can_share_global">1</s:key>
            <s:key name="can_share_user">0</s:key>
            <s:key name="can_write">1</s:key>
            <s:key name="modifiable">1</s:key>
            <s:key name="owner">nobody</s:key>
            <s:key name="perms">
              <s:dict>
                <s:key name="read">
                  <s:list>
                    <s:item>*</s:item>
                  </s:list>
                </s:key>
                <s:key name="write">
                  <s:list>
                    <s:item>admin</s:item>
                  </s:list>
                </s:key>
              </s:dict>
            </s:key>
            <s:key name="removable">0</s:key>
            <s:key name="sharing">system</s:key>
          </s:dict>
        </s:key>
        <s:key name="eai:appName">search</s:key>
        <s:key name="eai:userName">nobody</s:key>
        <s:key name="filename"></s:key>
        <s:key name="forceCsvResults">auto</s:key>
        <s:key name="hostname"></s:key>
        <s:key name="icon_path">mod_alert_icon_lookup.png</s:key>
        <s:key name="label">Output results to lookup</s:key>
        <s:key name="maxresults">10000</s:key>
        <s:key name="maxtime">5m</s:key>
        <s:key name="track_alert">0</s:key>
        <s:key name="ttl">10p</s:key>
      </s:dict>
    </content>
  </entry>
  <entry>
    <title>outputtelemetry</title>
    <id>https://192.168.1.62:8089/servicesNS/nobody/splunk_instrumentation/alerts/alert_actions/outputtelemetry</id>
    <updated>1970-01-01T05:30:00+05:30</updated>
    <link href="/servicesNS/nobody/splunk_instrumentation/alerts/alert_actions/outputtelemetry" rel="alternate"/>
    <author>
      <name>nobody</name>
    </author>
    <link href="/servicesNS/nobody/splunk_instrumentation/alerts/alert_actions/outputtelemetry" rel="list"/>
    <link href="/servicesNS/nobody/splunk_instrumentation/alerts/alert_actions/outputtelemetry/_reload" rel="_reload"/>
    <link href="/servicesNS/nobody/splunk_instrumentation/alerts/alert_actions/outputtelemetry" rel="edit"/>
    <link href="/servicesNS/nobody/splunk_instrumentation/alerts/alert_actions/outputtelemetry/disable" rel="disable"/>
    <content type="text/xml">
      <s:dict>
        <s:key name="command"><![CDATA[outputtelemetry input=$action.outputtelemetry.param.input$ anonymous=$action.outputtelemetry.param.anonymous$ license=$action.outputtelemetry.param.license$ support=$action.outputtelemetry.param.support$ component=$action.outputtelemetry.param.component$ type=$action.outputtelemetry.param.type$ optinrequired=$action.outputtelemetry.param.optinrequired$]]]]><![CDATA[></s:key>
        <s:key name="description">Custom action to output results to telemetry endpoint</s:key>
        <s:key name="disabled">0</s:key>
        <s:key name="eai:acl">
          <s:dict>
            <s:key name="app">splunk_instrumentation</s:key>
            <s:key name="can_change_perms">1</s:key>
            <s:key name="can_list">1</s:key>
            <s:key name="can_share_app">1</s:key>
            <s:key name="can_share_global">1</s:key>
            <s:key name="can_share_user">0</s:key>
            <s:key name="can_write">1</s:key>
            <s:key name="modifiable">1</s:key>
            <s:key name="owner">nobody</s:key>
            <s:key name="perms">
              <s:dict>
                <s:key name="read">
                  <s:list>
                    <s:item>*</s:item>
                  </s:list>
                </s:key>
                <s:key name="write">
                  <s:list>
                    <s:item>admin</s:item>
                  </s:list>
                </s:key>
              </s:dict>
            </s:key>
            <s:key name="removable">0</s:key>
            <s:key name="sharing">global</s:key>
          </s:dict>
        </s:key>
        <s:key name="eai:appName">search</s:key>
        <s:key name="eai:userName">nobody</s:key>
        <s:key name="forceCsvResults">auto</s:key>
        <s:key name="hostname"></s:key>
        <s:key name="icon_path">outputtelemetry.png</s:key>
        <s:key name="is_custom">1</s:key>
        <s:key name="label">Output results to telemetry endpoint</s:key>
        <s:key name="maxresults">10000</s:key>
        <s:key name="maxtime">5m</s:key>
        <s:key name="param.anonymous">1</s:key>
        <s:key name="param.component"></s:key>
        <s:key name="param.input"></s:key>
        <s:key name="param.license">0</s:key>
        <s:key name="param.optinrequired">1</s:key>
        <s:key name="param.support">1</s:key>
        <s:key name="param.type">event</s:key>
        <s:key name="python.version">python3</s:key>
        <s:key name="track_alert">0</s:key>
        <s:key name="ttl">120</s:key>
      </s:dict>
    </content>
  </entry>
  <entry>
    <title>populate_lookup</title>
    <id>https://192.168.1.62:8089/servicesNS/nobody/system/alerts/alert_actions/populate_lookup</id>
    <updated>1970-01-01T05:30:00+05:30</updated>
    <link href="/servicesNS/nobody/system/alerts/alert_actions/populate_lookup" rel="alternate"/>
    <author>
      <name>nobody</name>
    </author>
    <link href="/servicesNS/nobody/system/alerts/alert_actions/populate_lookup" rel="list"/>
    <link href="/servicesNS/nobody/system/alerts/alert_actions/populate_lookup/_reload" rel="_reload"/>
    <link href="/servicesNS/nobody/system/alerts/alert_actions/populate_lookup" rel="edit"/>
    <link href="/servicesNS/nobody/system/alerts/alert_actions/populate_lookup/disable" rel="disable"/>
    <content type="text/xml">
      <s:dict>
        <s:key name="command">copyresults dest="$action.populate_lookup.dest$"  sid="$search_id$"</s:key>
        <s:key name="dest"></s:key>
        <s:key name="disabled">0</s:key>
        <s:key name="eai:acl">
          <s:dict>
            <s:key name="app">system</s:key>
            <s:key name="can_change_perms">1</s:key>
            <s:key name="can_list">1</s:key>
            <s:key name="can_share_app">1</s:key>
            <s:key name="can_share_global">1</s:key>
            <s:key name="can_share_user">0</s:key>
            <s:key name="can_write">1</s:key>
            <s:key name="modifiable">1</s:key>
            <s:key name="owner">nobody</s:key>
            <s:key name="perms">
              <s:dict>
                <s:key name="read">
                  <s:list>
                    <s:item>*</s:item>
                  </s:list>
                </s:key>
                <s:key name="write">
                  <s:list>
                    <s:item>admin</s:item>
                  </s:list>
                </s:key>
              </s:dict>
            </s:key>
            <s:key name="removable">0</s:key>
            <s:key name="sharing">system</s:key>
          </s:dict>
        </s:key>
        <s:key name="eai:appName">search</s:key>
        <s:key name="eai:userName">nobody</s:key>
        <s:key name="forceCsvResults">auto</s:key>
        <s:key name="hostname"></s:key>
        <s:key name="maxresults">10000</s:key>
        <s:key name="maxtime">5m</s:key>
        <s:key name="track_alert">0</s:key>
        <s:key name="ttl">120</s:key>
      </s:dict>
    </content>
  </entry>
  <entry>
    <title>rss</title>
    <id>https://192.168.1.62:8089/servicesNS/nobody/system/alerts/alert_actions/rss</id>
    <updated>1970-01-01T05:30:00+05:30</updated>
    <link href="/servicesNS/nobody/system/alerts/alert_actions/rss" rel="alternate"/>
    <author>
      <name>nobody</name>
    </author>
    <link href="/servicesNS/nobody/system/alerts/alert_actions/rss" rel="list"/>
    <link href="/servicesNS/nobody/system/alerts/alert_actions/rss/_reload" rel="_reload"/>
    <link href="/servicesNS/nobody/system/alerts/alert_actions/rss" rel="edit"/>
    <link href="/servicesNS/nobody/system/alerts/alert_actions/rss/disable" rel="disable"/>
    <content type="text/xml">
      <s:dict>
        <s:key name="command">createrss "path=$name$.xml" "name=$name$" "link=$results.url$" "descr=Alert trigger: $name$, results.count=$results.count$ " "count=30" "graceful=$graceful{default=1}$" maxtime="$action.rss.maxtime{default=1m}$"</s:key>
        <s:key name="disabled">0</s:key>
        <s:key name="eai:acl">
          <s:dict>
            <s:key name="app">system</s:key>
            <s:key name="can_change_perms">1</s:key>
            <s:key name="can_list">1</s:key>
            <s:key name="can_share_app">1</s:key>
            <s:key name="can_share_global">1</s:key>
            <s:key name="can_share_user">0</s:key>
            <s:key name="can_write">1</s:key>
            <s:key name="modifiable">1</s:key>
            <s:key name="owner">nobody</s:key>
            <s:key name="perms">
              <s:dict>
                <s:key name="read">
                  <s:list>
                    <s:item>*</s:item>
                  </s:list>
                </s:key>
                <s:key name="write">
                  <s:list>
                    <s:item>admin</s:item>
                  </s:list>
                </s:key>
              </s:dict>
            </s:key>
            <s:key name="removable">0</s:key>
            <s:key name="sharing">system</s:key>
          </s:dict>
        </s:key>
        <s:key name="eai:appName">search</s:key>
        <s:key name="eai:userName">nobody</s:key>
        <s:key name="forceCsvResults">auto</s:key>
        <s:key name="hostname"></s:key>
        <s:key name="maxresults">10000</s:key>
        <s:key name="maxtime">1m</s:key>
        <s:key name="track_alert">0</s:key>
        <s:key name="ttl">86400</s:key>
      </s:dict>
    </content>
  </entry>
  <entry>
    <title>script</title>
    <id>https://192.168.1.62:8089/servicesNS/nobody/system/alerts/alert_actions/script</id>
    <updated>1970-01-01T05:30:00+05:30</updated>
    <link href="/servicesNS/nobody/system/alerts/alert_actions/script" rel="alternate"/>
    <author>
      <name>nobody</name>
    </author>
    <link href="/servicesNS/nobody/system/alerts/alert_actions/script" rel="list"/>
    <link href="/servicesNS/nobody/system/alerts/alert_actions/script/_reload" rel="_reload"/>
    <link href="/servicesNS/nobody/system/alerts/alert_actions/script" rel="edit"/>
    <link href="/servicesNS/nobody/system/alerts/alert_actions/script/disable" rel="disable"/>
    <content type="text/xml">
      <s:dict>
        <s:key name="command">runshellscript "$action.script.filename$" "$results.count$" "$search$" "$search$" "$name$" "Saved Search [$name$] $counttype$($results.count$)" "$results.url$" "$deprecated_arg$" "$search_id$" "$results.file$" maxtime="$action.script.maxtime{default=5m}$"</s:key>
        <s:key name="description">Invoke a custom script</s:key>
        <s:key name="disabled">0</s:key>
        <s:key name="eai:acl">
          <s:dict>
            <s:key name="app">system</s:key>
            <s:key name="can_change_perms">1</s:key>
            <s:key name="can_list">1</s:key>
            <s:key name="can_share_app">1</s:key>
            <s:key name="can_share_global">1</s:key>
            <s:key name="can_share_user">0</s:key>
            <s:key name="can_write">1</s:key>
            <s:key name="modifiable">1</s:key>
            <s:key name="owner">nobody</s:key>
            <s:key name="perms">
              <s:dict>
                <s:key name="read">
                  <s:list>
                    <s:item>*</s:item>
                  </s:list>
                </s:key>
                <s:key name="write">
                  <s:list>
                    <s:item>admin</s:item>
                  </s:list>
                </s:key>
              </s:dict>
            </s:key>
            <s:key name="removable">0</s:key>
            <s:key name="sharing">system</s:key>
          </s:dict>
        </s:key>
        <s:key name="eai:appName">search</s:key>
        <s:key name="eai:userName">nobody</s:key>
        <s:key name="filename"></s:key>
        <s:key name="forceCsvResults">auto</s:key>
        <s:key name="hostname"></s:key>
        <s:key name="icon_path">mod_alert_icon_script.png</s:key>
        <s:key name="label">Run a script</s:key>
        <s:key name="maxresults">10000</s:key>
        <s:key name="maxtime">5m</s:key>
        <s:key name="track_alert">1</s:key>
        <s:key name="ttl">600</s:key>
      </s:dict>
    </content>
  </entry>
  <entry>
    <title>summary_index</title>
    <id>https://192.168.1.62:8089/servicesNS/nobody/system/alerts/alert_actions/summary_index</id>
    <updated>1970-01-01T05:30:00+05:30</updated>
    <link href="/servicesNS/nobody/system/alerts/alert_actions/summary_index" rel="alternate"/>
    <author>
      <name>nobody</name>
    </author>
    <link href="/servicesNS/nobody/system/alerts/alert_actions/summary_index" rel="list"/>
    <link href="/servicesNS/nobody/system/alerts/alert_actions/summary_index/_reload" rel="_reload"/>
    <link href="/servicesNS/nobody/system/alerts/alert_actions/summary_index" rel="edit"/>
    <link href="/servicesNS/nobody/system/alerts/alert_actions/summary_index/disable" rel="disable"/>
    <content type="text/xml">
      <s:dict>
        <s:key name="_name">summary</s:key>
        <s:key name="command"><![CDATA[summaryindex spool=t uselb=t addtime=t index="$action.summary_index._name{required=yes}$" file="$name_hash$_$#random$.stash_new" name="$name$" marker="$action.summary_index*{format=$KEY=\\\"$VAL\\\", key_regex="action.summary_index.(?!(?:command|forceCsvResults|force_realtime_schedule|inline|maxresults|maxtime|python\\.version|ttl|track_alert|(?:_.*))$)(.*)"}$"]]]]><![CDATA[></s:key>
        <s:key name="disabled">0</s:key>
        <s:key name="eai:acl">
          <s:dict>
            <s:key name="app">system</s:key>
            <s:key name="can_change_perms">1</s:key>
            <s:key name="can_list">1</s:key>
            <s:key name="can_share_app">1</s:key>
            <s:key name="can_share_global">1</s:key>
            <s:key name="can_share_user">0</s:key>
            <s:key name="can_write">1</s:key>
            <s:key name="modifiable">1</s:key>
            <s:key name="owner">nobody</s:key>
            <s:key name="perms">
              <s:dict>
                <s:key name="read">
                  <s:list>
                    <s:item>*</s:item>
                  </s:list>
                </s:key>
                <s:key name="write">
                  <s:list>
                    <s:item>admin</s:item>
                  </s:list>
                </s:key>
              </s:dict>
            </s:key>
            <s:key name="removable">0</s:key>
            <s:key name="sharing">system</s:key>
          </s:dict>
        </s:key>
        <s:key name="eai:appName">search</s:key>
        <s:key name="eai:userName">nobody</s:key>
        <s:key name="forceCsvResults">auto</s:key>
        <s:key name="hostname"></s:key>
        <s:key name="inline">1</s:key>
        <s:key name="maxresults">10000</s:key>
        <s:key name="maxtime">5m</s:key>
        <s:key name="track_alert">0</s:key>
        <s:key name="ttl">120</s:key>
      </s:dict>
    </content>
  </entry>
  <entry>
    <title>summary_metric_index</title>
    <id>https://192.168.1.62:8089/servicesNS/nobody/system/alerts/alert_actions/summary_metric_index</id>
    <updated>1970-01-01T05:30:00+05:30</updated>
    <link href="/servicesNS/nobody/system/alerts/alert_actions/summary_metric_index" rel="alternate"/>
    <author>
      <name>nobody</name>
    </author>
    <link href="/servicesNS/nobody/system/alerts/alert_actions/summary_metric_index" rel="list"/>
    <link href="/servicesNS/nobody/system/alerts/alert_actions/summary_metric_index/_reload" rel="_reload"/>
    <link href="/servicesNS/nobody/system/alerts/alert_actions/summary_metric_index" rel="edit"/>
    <link href="/servicesNS/nobody/system/alerts/alert_actions/summary_metric_index/disable" rel="disable"/>
    <content type="text/xml">
      <s:dict>
        <s:key name="_name">summary</s:key>
        <s:key name="command"><![CDATA[mcollect spool=t index="$action.summary_index._name{required=yes}$" file="$name_hash$_$#random$.stash_new" name="$name$" marker="$action.summary_index*{format=$KEY=\\\"$VAL\\\", key_regex="action.summary_index.(?!(?:command|forceCsvResults|force_realtime_schedule|inline|maxresults|maxtime|python\\.version|ttl|track_alert|(?:_.*))$)(.*)"}$" split=allnums $action.summary_index._metric_dims$]]]]><![CDATA[></s:key>
        <s:key name="disabled">0</s:key>
        <s:key name="eai:acl">
          <s:dict>
            <s:key name="app">system</s:key>
            <s:key name="can_change_perms">1</s:key>
            <s:key name="can_list">1</s:key>
            <s:key name="can_share_app">1</s:key>
            <s:key name="can_share_global">1</s:key>
            <s:key name="can_share_user">0</s:key>
            <s:key name="can_write">1</s:key>
            <s:key name="modifiable">1</s:key>
            <s:key name="owner">nobody</s:key>
            <s:key name="perms">
              <s:dict>
                <s:key name="read">
                  <s:list>
                    <s:item>*</s:item>
                  </s:list>
                </s:key>
                <s:key name="write">
                  <s:list>
                    <s:item>admin</s:item>
                  </s:list>
                </s:key>
              </s:dict>
            </s:key>
            <s:key name="removable">0</s:key>
            <s:key name="sharing">system</s:key>
          </s:dict>
        </s:key>
        <s:key name="eai:appName">search</s:key>
        <s:key name="eai:userName">nobody</s:key>
        <s:key name="forceCsvResults">auto</s:key>
        <s:key name="hostname"></s:key>
        <s:key name="inline">1</s:key>
        <s:key name="maxresults">10000</s:key>
        <s:key name="maxtime">5m</s:key>
        <s:key name="track_alert">0</s:key>
        <s:key name="ttl">120</s:key>
      </s:dict>
    </content>
  </entry>
  <entry>
    <title>webhook</title>
    <id>https://192.168.1.62:8089/servicesNS/nobody/alert_webhook/alerts/alert_actions/webhook</id>
    <updated>1970-01-01T05:30:00+05:30</updated>
    <link href="/servicesNS/nobody/alert_webhook/alerts/alert_actions/webhook" rel="alternate"/>
    <author>
      <name>nobody</name>
    </author>
    <link href="/servicesNS/nobody/alert_webhook/alerts/alert_actions/webhook" rel="list"/>
    <link href="/servicesNS/nobody/alert_webhook/alerts/alert_actions/webhook/_reload" rel="_reload"/>
    <link href="/servicesNS/nobody/alert_webhook/alerts/alert_actions/webhook" rel="edit"/>
    <link href="/servicesNS/nobody/alert_webhook/alerts/alert_actions/webhook/disable" rel="disable"/>
    <content type="text/xml">
      <s:dict>
        <s:key name="command">sendalert $action_name$ results_file="$results.file$" results_link="$results.url$"</s:key>
        <s:key name="description">Generic HTTP POST to a specified URL</s:key>
        <s:key name="disabled">0</s:key>
        <s:key name="eai:acl">
          <s:dict>
            <s:key name="app">alert_webhook</s:key>
            <s:key name="can_change_perms">1</s:key>
            <s:key name="can_list">1</s:key>
            <s:key name="can_share_app">1</s:key>
            <s:key name="can_share_global">1</s:key>
            <s:key name="can_share_user">0</s:key>
            <s:key name="can_write">1</s:key>
            <s:key name="modifiable">1</s:key>
            <s:key name="owner">nobody</s:key>
            <s:key name="perms">
              <s:dict>
                <s:key name="read">
                  <s:list>
                    <s:item>*</s:item>
                  </s:list>
                </s:key>
                <s:key name="write">
                  <s:list>
                    <s:item>*</s:item>
                  </s:list>
                </s:key>
              </s:dict>
            </s:key>
            <s:key name="removable">0</s:key>
            <s:key name="sharing">global</s:key>
          </s:dict>
        </s:key>
        <s:key name="eai:appName">search</s:key>
        <s:key name="eai:userName">nobody</s:key>
        <s:key name="forceCsvResults">auto</s:key>
        <s:key name="hostname"></s:key>
        <s:key name="icon_path">webhook.png</s:key>
        <s:key name="is_custom">1</s:key>
        <s:key name="label">Webhook</s:key>
        <s:key name="maxresults">10000</s:key>
        <s:key name="maxtime">5m</s:key>
        <s:key name="param.user_agent">Splunk/$server.guid$</s:key>
        <s:key name="payload_format">json</s:key>
        <s:key name="python.version">python3</s:key>
        <s:key name="track_alert">0</s:key>
        <s:key name="ttl">10p</s:key>
      </s:dict>
    </content>
  </entry>
</feed>


16:03:45.367 [ForkJoinPool-1-worker-1] INFO com.intuit.karate - [print] xml
16:03:45.367 [ForkJoinPool-1-worker-1] INFO com.intuit.karate - [print] alert_actions
16:03:45.367 [ForkJoinPool-1-worker-1] INFO com.intuit.karate - after scenario inside config 
16:03:45.367 [ForkJoinPool-1-worker-0] DEBUG org.apache.http.wire - http-outgoing-14 << "HTTP/1.1 200 OK[\r][\n]"
16:03:45.367 [ForkJoinPool-1-worker-0] DEBUG org.apache.http.wire - http-outgoing-14 << "Date: Fri, 05 Feb 2021 10:33:46 GMT[\r][\n]"
16:03:45.367 [ForkJoinPool-1-worker-0] DEBUG org.apache.http.wire - http-outgoing-14 << "Content-Type: application/json; charset=utf-8[\r][\n]"
16:03:45.367 [ForkJoinPool-1-worker-0] DEBUG org.apache.http.wire - http-outgoing-14 << "Transfer-Encoding: chunked[\r][\n]"
16:03:45.367 [ForkJoinPool-1-worker-0] DEBUG org.apache.http.wire - http-outgoing-14 << "Connection: keep-alive[\r][\n]"
16:03:45.367 [ForkJoinPool-1-worker-0] DEBUG org.apache.http.wire - http-outgoing-14 << "Set-Cookie: __cfduid=d35d87afe76b978563f617960e4ca5b791612521226; expires=Sun, 07-Mar-21 10:33:46 GMT; path=/; domain=.reqres.in; HttpOnly; SameSite=Lax; Secure[\r][\n]"
16:03:45.367 [ForkJoinPool-1-worker-0] DEBUG org.apache.http.wire - http-outgoing-14 << "X-Powered-By: Express[\r][\n]"
16:03:45.367 [ForkJoinPool-1-worker-0] DEBUG org.apache.http.wire - http-outgoing-14 << "Access-Control-Allow-Origin: *[\r][\n]"
16:03:45.367 [ForkJoinPool-1-worker-0] DEBUG org.apache.http.wire - http-outgoing-14 << "Etag: W/"406-ut0vzoCuidvyMf8arZpMpJ6ZRDw"[\r][\n]"
16:03:45.367 [ForkJoinPool-1-worker-0] DEBUG org.apache.http.wire - http-outgoing-14 << "Via: 1.1 vegur[\r][\n]"
16:03:45.367 [ForkJoinPool-1-worker-0] DEBUG org.apache.http.wire - http-outgoing-14 << "Cache-Control: max-age=14400[\r][\n]"
16:03:45.367 [ForkJoinPool-1-worker-0] DEBUG org.apache.http.wire - http-outgoing-14 << "CF-Cache-Status: HIT[\r][\n]"
16:03:45.367 [ForkJoinPool-1-worker-0] DEBUG org.apache.http.wire - http-outgoing-14 << "Age: 3521[\r][\n]"
16:03:45.367 [ForkJoinPool-1-worker-0] DEBUG org.apache.http.wire - http-outgoing-14 << "cf-request-id: 08135a57b70000e24f1180b000000001[\r][\n]"
16:03:45.367 [ForkJoinPool-1-worker-0] DEBUG org.apache.http.wire - http-outgoing-14 << "Expect-CT: max-age=604800, report-uri="https://report-uri.cloudflare.com/cdn-cgi/beacon/expect-ct"[\r][\n]"
16:03:45.367 [ForkJoinPool-1-worker-0] DEBUG org.apache.http.wire - http-outgoing-14 << "Report-To: {"group":"cf-nel","max_age":604800,"endpoints":[{"url":"https:\/\/a.nel.cloudflare.com\/report?s=Vjs7aWv%2FPNJS44cd3JO%2F%2BFxDbmk%2Fu10B2%2BUYRWo2cEn%2BZI6s0E6l%2BJE6BfWMQ3zmIBQig9%2B5KZdYS8MBg5WXTgUMb%2FMdwkdRM4o%3D"}]}[\r][\n]"
16:03:45.367 [ForkJoinPool-1-worker-0] DEBUG org.apache.http.wire - http-outgoing-14 << "NEL: {"max_age":604800,"report_to":"cf-nel"}[\r][\n]"
16:03:45.367 [ForkJoinPool-1-worker-0] DEBUG org.apache.http.wire - http-outgoing-14 << "Vary: Accept-Encoding[\r][\n]"
16:03:45.367 [ForkJoinPool-1-worker-0] DEBUG org.apache.http.wire - http-outgoing-14 << "Server: cloudflare[\r][\n]"
16:03:45.367 [ForkJoinPool-1-worker-0] DEBUG org.apache.http.wire - http-outgoing-14 << "CF-RAY: 61cbf99f8c0fe24f-SIN[\r][\n]"
16:03:45.367 [ForkJoinPool-1-worker-0] DEBUG org.apache.http.wire - http-outgoing-14 << "Content-Encoding: gzip[\r][\n]"
16:03:45.367 [ForkJoinPool-1-worker-0] DEBUG org.apache.http.wire - http-outgoing-14 << "[\r][\n]"
16:03:45.367 [ForkJoinPool-1-worker-0] DEBUG org.apache.http.wire - http-outgoing-14 << "17b[\r][\n]"
16:03:45.367 [ForkJoinPool-1-worker-0] DEBUG org.apache.http.wire - http-outgoing-14 << "[0x1f][0x8b][0x8][0x0][0x0][0x0][0x0][0x0][0x0][0x3][0x8d][0xd2][0xcd]n[0xa3]0[0x14][0x86][0xe1][q[0xcf]l](Y[0xf4][0xc7][0xab][0xaa][0xd2][0xcc]t[0xd1]n[0xa2][0xd9]U[0xa3][0xea][0x4][0xe][0xe0][0xd6][0xd8][0xee][0xb1]i[0xa6][0x8a]r[0xef]UM4T[0x88]D[0xec][0x0][0xbf][0x1f]z[0x84][0xd8][0x81][0xc7][0x86]@[0xad]$x[0xe2][0xe7][0xe1][0xe6]RBt[0x11][\r][0xa8]bu[0xb8]L'!u[0x15]F[0x4][0xf5][0xb4][0x3]][0x81][0xba][0x92]@[0x1d]j[0x3][\n]"
16:03:45.367 [ForkJoinPool-1-worker-0] DEBUG org.apache.http.wire - http-outgoing-14 << ":][0xb6]H&3[0xb8][\r][0xce][0xde]2[0xbd]1[0x85]L[[0x90]Pk[0xe][0xf1][0xd9]bG[0xa0][0xe0]q[0xe8]@[0x82][0xc1][0xf1][0xe9]CZ[0x81][0x4]|[0xc7][0x88][0xc][\n]"
16:03:45.367 [ForkJoinPool-1-worker-0] DEBUG org.apache.http.wire - http-outgoing-14 << "[0xda][0x18]}Py[0xfe][0xff]E[0xb9][0xee][0x9a][0xbc][0xc6][0x92]B~u[0xae];l({[0xf1][\r][0xec][0xe5]@[0xb9][0x1e])F[0xdb]*[0xe0]GV[0x13]7[0xfd]I[0xcc][0xc3]PN0[0xbf][0xe][0xbb][0xa5][0x9c][0xeb][0x19][0xce][0xcd][0xc8][0x89]n[0xa3]1duo_[0xe9]8[0xe5]O[0xaa][0xa6][0x92][0xaf][0xcd]R[0xc6][0xcd][0xc][0xa3][0xb8][0x18][0x1d][0x9b][0xf]v6[0xab]5[0x99]*[0x1c]w[0xdc]}USF[0xda],u[0x14][0x17]s[0x90]b[0x84]4[0xe4][0xb8][0xa1][0x8c][0xaa]-[0xf2])[0xca][0xef][0xd4]M,?[0x87][0xd5]bL1[0x87]Y[0x8d][0x18][0xc6][0xb2]%[0x93][0xb5]nK[0xc6][0x1c][0xb7][0xac]S6[0xb1][0xdc][0xa7][0xd1]b[0xca][0xea];[0xe5][0xaf][0x84][0xd0]{[0xef]8[0x82][0xda]A[0xcf]fv[0xfd][0xe3][0xd0][0x9c][0xb7][0x84][0x95][0xb6][\r]H[0x88][0xf4]/[0xa6][0xff]E[0xbc][0x12]y[0xb1][0xa6][0xb7]5[0x5]Q3[0x91][0x14][0xa5][0xb3][0x91][0xf5][0xa6][0x8f][0xda][0xd9]"
16:03:45.367 [ForkJoinPool-1-worker-0] DEBUG org.apache.http.headers - http-outgoing-14 << HTTP/1.1 200 OK
16:03:45.367 [ForkJoinPool-1-worker-0] DEBUG org.apache.http.headers - http-outgoing-14 << Date: Fri, 05 Feb 2021 10:33:46 GMT
16:03:45.367 [ForkJoinPool-1-worker-0] DEBUG org.apache.http.headers - http-outgoing-14 << Content-Type: application/json; charset=utf-8
16:03:45.367 [ForkJoinPool-1-worker-0] DEBUG org.apache.http.headers - http-outgoing-14 << Transfer-Encoding: chunked
16:03:45.367 [ForkJoinPool-1-worker-0] DEBUG org.apache.http.headers - http-outgoing-14 << Connection: keep-alive
16:03:45.367 [ForkJoinPool-1-worker-0] DEBUG org.apache.http.headers - http-outgoing-14 << Set-Cookie: __cfduid=d35d87afe76b978563f617960e4ca5b791612521226; expires=Sun, 07-Mar-21 10:33:46 GMT; path=/; domain=.reqres.in; HttpOnly; SameSite=Lax; Secure
16:03:45.367 [ForkJoinPool-1-worker-0] DEBUG org.apache.http.headers - http-outgoing-14 << X-Powered-By: Express
16:03:45.367 [ForkJoinPool-1-worker-0] DEBUG org.apache.http.headers - http-outgoing-14 << Access-Control-Allow-Origin: *
16:03:45.367 [ForkJoinPool-1-worker-0] DEBUG org.apache.http.headers - http-outgoing-14 << Etag: W/"406-ut0vzoCuidvyMf8arZpMpJ6ZRDw"
16:03:45.367 [ForkJoinPool-1-worker-0] DEBUG org.apache.http.headers - http-outgoing-14 << Via: 1.1 vegur
16:03:45.367 [ForkJoinPool-1-worker-0] DEBUG org.apache.http.headers - http-outgoing-14 << Cache-Control: max-age=14400
16:03:45.367 [ForkJoinPool-1-worker-0] DEBUG org.apache.http.headers - http-outgoing-14 << CF-Cache-Status: HIT
16:03:45.367 [ForkJoinPool-1-worker-0] DEBUG org.apache.http.headers - http-outgoing-14 << Age: 3521
16:03:45.367 [ForkJoinPool-1-worker-0] DEBUG org.apache.http.headers - http-outgoing-14 << cf-request-id: 08135a57b70000e24f1180b000000001
16:03:45.367 [ForkJoinPool-1-worker-0] DEBUG org.apache.http.headers - http-outgoing-14 << Expect-CT: max-age=604800, report-uri="https://report-uri.cloudflare.com/cdn-cgi/beacon/expect-ct"
16:03:45.367 [ForkJoinPool-1-worker-0] DEBUG org.apache.http.headers - http-outgoing-14 << Report-To: {"group":"cf-nel","max_age":604800,"endpoints":[{"url":"https:\/\/a.nel.cloudflare.com\/report?s=Vjs7aWv%2FPNJS44cd3JO%2F%2BFxDbmk%2Fu10B2%2BUYRWo2cEn%2BZI6s0E6l%2BJE6BfWMQ3zmIBQig9%2B5KZdYS8MBg5WXTgUMb%2FMdwkdRM4o%3D"}]}
16:03:45.367 [ForkJoinPool-1-worker-0] DEBUG org.apache.http.headers - http-outgoing-14 << NEL: {"max_age":604800,"report_to":"cf-nel"}
16:03:45.367 [ForkJoinPool-1-worker-0] DEBUG org.apache.http.headers - http-outgoing-14 << Vary: Accept-Encoding
16:03:45.367 [ForkJoinPool-1-worker-0] DEBUG org.apache.http.headers - http-outgoing-14 << Server: cloudflare
16:03:45.367 [ForkJoinPool-1-worker-0] DEBUG org.apache.http.headers - http-outgoing-14 << CF-RAY: 61cbf99f8c0fe24f-SIN
16:03:45.367 [ForkJoinPool-1-worker-0] DEBUG org.apache.http.headers - http-outgoing-14 << Content-Encoding: gzip
16:03:45.367 [ForkJoinPool-1-worker-0] DEBUG org.apache.http.impl.execchain.MainClientExec - Connection can be kept alive indefinitely
16:03:45.382 [ForkJoinPool-1-worker-0] DEBUG org.apache.http.client.protocol.ResponseProcessCookies - Cookie accepted [__cfduid="d35d87afe76b978563f617960e4ca5b791612521226", version:0, domain:reqres.in, path:/, expiry:Sun Mar 07 16:03:46 IST 2021]
16:03:45.382 [ForkJoinPool-1-worker-0] DEBUG org.apache.http.wire - http-outgoing-14 << " [0xa2]K[0x9f]J[0x4][0xe2]wbQ[0xba][0x10][0x83]@&[0x81][0xde]3[0x95][0x1a]#Ug[0xb0][0xdf]]]>&#x7f;<![CDATA[[0x2][0xf6][0x16][0x88]W[0x6][0x4][0x0][0x0][\r][\n]"
16:03:45.382 [ForkJoinPool-1-worker-0] DEBUG org.apache.http.wire - http-outgoing-14 << "0[\r][\n]"
16:03:45.382 [ForkJoinPool-1-worker-0] DEBUG org.apache.http.wire - http-outgoing-14 << "[\r][\n]"
16:03:45.382 [ForkJoinPool-1-worker-0] DEBUG org.apache.http.impl.conn.PoolingHttpClientConnectionManager - Connection [id: 14][route: {s}->https://reqres.in:443] can be kept alive indefinitely
16:03:45.382 [ForkJoinPool-1-worker-0] DEBUG org.apache.http.impl.conn.DefaultManagedHttpClientConnection - http-outgoing-14: set socket timeout to 0
16:03:45.382 [ForkJoinPool-1-worker-0] DEBUG org.apache.http.impl.conn.PoolingHttpClientConnectionManager - Connection released: [id: 14][route: {s}->https://reqres.in:443][total available: 1; route allocated: 1 of 5; total allocated: 1 of 10]
16:03:45.382 [ForkJoinPool-1-worker-0] DEBUG com.intuit.karate - response time in milliseconds: 233.48
1 < 200
1 < Access-Control-Allow-Origin: *
1 < Age: 3521
1 < CF-Cache-Status: HIT
1 < CF-RAY: 61cbf99f8c0fe24f-SIN
1 < Cache-Control: max-age=14400
1 < Connection: keep-alive
1 < Content-Type: application/json; charset=utf-8
1 < Date: Fri, 05 Feb 2021 10:33:46 GMT
1 < Etag: W/"406-ut0vzoCuidvyMf8arZpMpJ6ZRDw"
1 < Expect-CT: max-age=604800, report-uri="https://report-uri.cloudflare.com/cdn-cgi/beacon/expect-ct"
1 < NEL: {"max_age":604800,"report_to":"cf-nel"}
1 < Report-To: {"group":"cf-nel","max_age":604800,"endpoints":[{"url":"https:\/\/a.nel.cloudflare.com\/report?s=Vjs7aWv%2FPNJS44cd3JO%2F%2BFxDbmk%2Fu10B2%2BUYRWo2cEn%2BZI6s0E6l%2BJE6BfWMQ3zmIBQig9%2B5KZdYS8MBg5WXTgUMb%2FMdwkdRM4o%3D"}]}
1 < Server: cloudflare
1 < Set-Cookie: __cfduid=d35d87afe76b978563f617960e4ca5b791612521226; expires=Sun, 07-Mar-21 10:33:46 GMT; path=/; domain=.reqres.in; HttpOnly; SameSite=Lax; Secure
1 < Transfer-Encoding: chunked
1 < Vary: Accept-Encoding
1 < Via: 1.1 vegur
1 < X-Powered-By: Express
1 < cf-request-id: 08135a57b70000e24f1180b000000001
{"page":2,"per_page":6,"total":12,"total_pages":2,"data":[{"id":7,"email":"michael.lawson@reqres.in","first_name":"Michael","last_name":"Lawson","avatar":"https://reqres.in/img/faces/7-image.jpg"},{"id":8,"email":"lindsay.ferguson@reqres.in","first_name":"Lindsay","last_name":"Ferguson","avatar":"https://reqres.in/img/faces/8-image.jpg"},{"id":9,"email":"tobias.funke@reqres.in","first_name":"Tobias","last_name":"Funke","avatar":"https://reqres.in/img/faces/9-image.jpg"},{"id":10,"email":"byron.fields@reqres.in","first_name":"Byron","last_name":"Fields","avatar":"https://reqres.in/img/faces/10-image.jpg"},{"id":11,"email":"george.edwards@reqres.in","first_name":"George","last_name":"Edwards","avatar":"https://reqres.in/img/faces/11-image.jpg"},{"id":12,"email":"rachel.howell@reqres.in","first_name":"Rachel","last_name":"Howell","avatar":"https://reqres.in/img/faces/12-image.jpg"}],"support":{"url":"https://reqres.in/#support-heading","text":"To keep ReqRes free, contributions towards server costs are appreciated!"}}

16:03:45.382 [ForkJoinPool-1-worker-0] DEBUG com.jayway.jsonpath.internal.path.CompiledPath - Evaluating path: $
16:03:45.382 [ForkJoinPool-1-worker-0] DEBUG com.jayway.jsonpath.internal.path.CompiledPath - Evaluating path: $
16:03:45.382 [ForkJoinPool-1-worker-0] INFO com.intuit.karate - [print] {
  "per_page": 6,
  "total": 12,
  "data": [
    {
      "last_name": "Lawson",
      "id": 7,
      "avatar": "https://reqres.in/img/faces/7-image.jpg",
      "first_name": "Michael",
      "email": "michael.lawson@reqres.in"
    },
    {
      "last_name": "Ferguson",
      "id": 8,
      "avatar": "https://reqres.in/img/faces/8-image.jpg",
      "first_name": "Lindsay",
      "email": "lindsay.ferguson@reqres.in"
    },
    {
      "last_name": "Funke",
      "id": 9,
      "avatar": "https://reqres.in/img/faces/9-image.jpg",
      "first_name": "Tobias",
      "email": "tobias.funke@reqres.in"
    },
    {
      "last_name": "Fields",
      "id": 10,
      "avatar": "https://reqres.in/img/faces/10-image.jpg",
      "first_name": "Byron",
      "email": "byron.fields@reqres.in"
    },
    {
      "last_name": "Edwards",
      "id": 11,
      "avatar": "https://reqres.in/img/faces/11-image.jpg",
      "first_name": "George",
      "email": "george.edwards@reqres.in"
    },
    {
      "last_name": "Howell",
      "id": 12,
      "avatar": "https://reqres.in/img/faces/12-image.jpg",
      "first_name": "Rachel",
      "email": "rachel.howell@reqres.in"
    }
  ],
  "page": 2,
  "total_pages": 2,
  "support": {
    "text": "To keep ReqRes free, contributions towards server costs are appreciated!",
    "url": "https://reqres.in/#support-heading"
  }
}

File ==> C:\Work\KarateWorkspace\result.json
File ==> C:\Work\KarateWorkspace\result.txt
16:03:45.382 [ForkJoinPool-1-worker-0] INFO com.intuit.karate - after scenario inside config 
16:03:45.382 [pool-1-thread-2] INFO com.intuit.karate.Runner - <<pass>> feature 18 of 26: classpath:feauturefiles/karate16.feature
16:03:45.382 [pool-1-thread-1] INFO com.intuit.karate.Runner - <<pass>> feature 19 of 26: classpath:feauturefiles/karate17.feature
---------------------------------------------------------
feature: classpath:feauturefiles/karate17.feature
---------------------------------------------------------
report: build\surefire-reports\feauturefiles.karate17.json
feature: classpath:feauturefiles/karate16.feature
scenarios:  2 | passed:  2 | failed:  0 | time: 0.1404
report: build\surefire-reports\feauturefiles.karate16.json
scenarios:  2 | passed:  2 | failed:  0 | time: 0.2499
---------------------------------------------------------
---------------------------------------------------------
16:03:45.398 [ForkJoinPool-1-worker-0] INFO com.intuit.karate - From karate-config file 
16:03:45.398 [ForkJoinPool-1-worker-0] DEBUG com.jayway.jsonpath.internal.path.CompiledPath - Evaluating path: $
16:03:45.398 [ForkJoinPool-1-worker-1] INFO com.intuit.karate - From karate-config file 
16:03:45.398 [ForkJoinPool-1-worker-1] DEBUG com.jayway.jsonpath.internal.path.CompiledPath - Evaluating path: $
16:03:45.398 [ForkJoinPool-1-worker-0] INFO com.intuit.karate - [print] Basic YWRtaW46YWRtaW4=
16:03:45.398 [ForkJoinPool-1-worker-1] INFO com.intuit.karate - [print] Basic YWRtaW46YWRtaW4=
16:03:45.413 [ForkJoinPool-1-worker-0] DEBUG org.apache.http.client.protocol.RequestAddCookies - CookieSpec selected: karate
16:03:45.413 [ForkJoinPool-1-worker-0] DEBUG org.apache.http.client.protocol.RequestAuthCache - Auth cache not set in the context
16:03:45.413 [ForkJoinPool-1-worker-0] DEBUG com.intuit.karate - request:
1 > POST http://192.168.1.92:8161/api/message?destination=queue%3A%2F%2Forders.input
1 > Accept-Encoding: gzip,deflate
1 > Authorization: Basic YWRtaW46YWRtaW4=
1 > Connection: Keep-Alive
1 > Content-Length: 16
1 > Content-Type: text/plain; charset=UTF-8
1 > Host: 192.168.1.92:8161
1 > User-Agent: Apache-HttpClient/4.5.12 (Java/1.8.0_251)
Hi, Karate - JMS

16:03:45.413 [ForkJoinPool-1-worker-0] DEBUG org.apache.http.impl.conn.PoolingHttpClientConnectionManager - Connection request: [route: {}->http://192.168.1.92:8161][total available: 0; route allocated: 0 of 5; total allocated: 0 of 10]
16:03:45.413 [ForkJoinPool-1-worker-0] DEBUG org.apache.http.impl.conn.PoolingHttpClientConnectionManager - Connection leased: [id: 17][route: {}->http://192.168.1.92:8161][total available: 0; route allocated: 1 of 5; total allocated: 1 of 10]
16:03:45.413 [ForkJoinPool-1-worker-0] DEBUG org.apache.http.impl.execchain.MainClientExec - Opening connection {}->http://192.168.1.92:8161
16:03:45.413 [ForkJoinPool-1-worker-0] DEBUG org.apache.http.impl.conn.DefaultHttpClientConnectionOperator - Connecting to /192.168.1.92:8161
16:03:45.413 [ForkJoinPool-1-worker-1] DEBUG org.apache.http.client.protocol.RequestAddCookies - CookieSpec selected: karate
16:03:45.413 [ForkJoinPool-1-worker-1] DEBUG org.apache.http.client.protocol.RequestAuthCache - Auth cache not set in the context
16:03:45.413 [ForkJoinPool-1-worker-1] DEBUG com.intuit.karate - request:
1 > POST http://192.168.1.62:8161/api/message?destination=queue%3A%2F%2Fsyed.input
1 > Accept-Encoding: gzip,deflate
1 > Authorization: Basic YWRtaW46YWRtaW4=
1 > Connection: Keep-Alive
1 > Content-Length: 33
1 > Content-Type: text/plain; charset=UTF-8
1 > Host: 192.168.1.62:8161
1 > User-Agent: Apache-HttpClient/4.5.12 (Java/1.8.0_251)
Hi, Syed! Welcome to Karate - JMS

16:03:45.413 [ForkJoinPool-1-worker-1] DEBUG org.apache.http.impl.conn.PoolingHttpClientConnectionManager - Connection request: [route: {}->http://192.168.1.62:8161][total available: 0; route allocated: 0 of 5; total allocated: 0 of 10]
16:03:45.413 [ForkJoinPool-1-worker-1] DEBUG org.apache.http.impl.conn.PoolingHttpClientConnectionManager - Connection leased: [id: 18][route: {}->http://192.168.1.62:8161][total available: 0; route allocated: 1 of 5; total allocated: 1 of 10]
16:03:45.413 [ForkJoinPool-1-worker-1] DEBUG org.apache.http.impl.execchain.MainClientExec - Opening connection {}->http://192.168.1.62:8161
16:03:45.413 [ForkJoinPool-1-worker-1] DEBUG org.apache.http.impl.conn.DefaultHttpClientConnectionOperator - Connecting to /192.168.1.62:8161
16:03:45.413 [ForkJoinPool-1-worker-1] DEBUG org.apache.http.impl.conn.DefaultHttpClientConnectionOperator - Connection established 192.168.1.49:63165<->192.168.1.62:8161
16:03:45.413 [ForkJoinPool-1-worker-1] DEBUG org.apache.http.impl.conn.DefaultManagedHttpClientConnection - http-outgoing-18: set socket timeout to 5000
16:03:45.413 [ForkJoinPool-1-worker-1] DEBUG org.apache.http.impl.execchain.MainClientExec - Executing request POST /api/message?destination=queue%3A%2F%2Fsyed.input HTTP/1.1
16:03:45.413 [ForkJoinPool-1-worker-1] DEBUG org.apache.http.impl.execchain.MainClientExec - Proxy auth state: UNCHALLENGED
16:03:45.413 [ForkJoinPool-1-worker-1] DEBUG org.apache.http.headers - http-outgoing-18 >> POST /api/message?destination=queue%3A%2F%2Fsyed.input HTTP/1.1
16:03:45.413 [ForkJoinPool-1-worker-1] DEBUG org.apache.http.headers - http-outgoing-18 >> Authorization: Basic YWRtaW46YWRtaW4=
16:03:45.413 [ForkJoinPool-1-worker-1] DEBUG org.apache.http.headers - http-outgoing-18 >> Connection: Keep-Alive
16:03:45.413 [ForkJoinPool-1-worker-1] DEBUG org.apache.http.headers - http-outgoing-18 >> Content-Type: text/plain; charset=UTF-8
16:03:45.413 [ForkJoinPool-1-worker-1] DEBUG org.apache.http.headers - http-outgoing-18 >> Content-Length: 33
16:03:45.413 [ForkJoinPool-1-worker-1] DEBUG org.apache.http.headers - http-outgoing-18 >> Host: 192.168.1.62:8161
16:03:45.413 [ForkJoinPool-1-worker-1] DEBUG org.apache.http.headers - http-outgoing-18 >> User-Agent: Apache-HttpClient/4.5.12 (Java/1.8.0_251)
16:03:45.413 [ForkJoinPool-1-worker-1] DEBUG org.apache.http.headers - http-outgoing-18 >> Accept-Encoding: gzip,deflate
16:03:45.413 [ForkJoinPool-1-worker-1] DEBUG org.apache.http.wire - http-outgoing-18 >> "POST /api/message?destination=queue%3A%2F%2Fsyed.input HTTP/1.1[\r][\n]"
16:03:45.413 [ForkJoinPool-1-worker-1] DEBUG org.apache.http.wire - http-outgoing-18 >> "Authorization: Basic YWRtaW46YWRtaW4=[\r][\n]"
16:03:45.413 [ForkJoinPool-1-worker-1] DEBUG org.apache.http.wire - http-outgoing-18 >> "Connection: Keep-Alive[\r][\n]"
16:03:45.413 [ForkJoinPool-1-worker-1] DEBUG org.apache.http.wire - http-outgoing-18 >> "Content-Type: text/plain; charset=UTF-8[\r][\n]"
16:03:45.413 [ForkJoinPool-1-worker-1] DEBUG org.apache.http.wire - http-outgoing-18 >> "Content-Length: 33[\r][\n]"
16:03:45.413 [ForkJoinPool-1-worker-1] DEBUG org.apache.http.wire - http-outgoing-18 >> "Host: 192.168.1.62:8161[\r][\n]"
16:03:45.413 [ForkJoinPool-1-worker-1] DEBUG org.apache.http.wire - http-outgoing-18 >> "User-Agent: Apache-HttpClient/4.5.12 (Java/1.8.0_251)[\r][\n]"
16:03:45.413 [ForkJoinPool-1-worker-1] DEBUG org.apache.http.wire - http-outgoing-18 >> "Accept-Encoding: gzip,deflate[\r][\n]"
16:03:45.413 [ForkJoinPool-1-worker-1] DEBUG org.apache.http.wire - http-outgoing-18 >> "[\r][\n]"
16:03:45.413 [ForkJoinPool-1-worker-1] DEBUG org.apache.http.wire - http-outgoing-18 >> "Hi, Syed! Welcome to Karate - JMS"
16:03:45.460 [ForkJoinPool-1-worker-1] DEBUG org.apache.http.wire - http-outgoing-18 << "HTTP/1.1 200 OK[\r][\n]"
16:03:45.460 [ForkJoinPool-1-worker-1] DEBUG org.apache.http.wire - http-outgoing-18 << "Date: Fri, 05 Feb 2021 10:33:46 GMT[\r][\n]"
16:03:45.460 [ForkJoinPool-1-worker-1] DEBUG org.apache.http.wire - http-outgoing-18 << "X-FRAME-OPTIONS: SAMEORIGIN[\r][\n]"
16:03:45.460 [ForkJoinPool-1-worker-1] DEBUG org.apache.http.wire - http-outgoing-18 << "X-XSS-Protection: 1; mode=block[\r][\n]"
16:03:45.460 [ForkJoinPool-1-worker-1] DEBUG org.apache.http.wire - http-outgoing-18 << "X-Content-Type-Options: nosniff[\r][\n]"
16:03:45.460 [ForkJoinPool-1-worker-1] DEBUG org.apache.http.wire - http-outgoing-18 << "Set-Cookie: JSESSIONID=node01t6iihz8ky0fk1d2zjb8yu77rg126.node0; Path=/api; HttpOnly[\r][\n]"
16:03:45.460 [ForkJoinPool-1-worker-1] DEBUG org.apache.http.wire - http-outgoing-18 << "Expires: Thu, 01 Jan 1970 00:00:00 GMT[\r][\n]"
16:03:45.460 [ForkJoinPool-1-worker-1] DEBUG org.apache.http.wire - http-outgoing-18 << "messageID: ID:palmeto-38209-1612437157326-4:113:1:1:1[\r][\n]"
16:03:45.460 [ForkJoinPool-1-worker-1] DEBUG org.apache.http.wire - http-outgoing-18 << "Content-Length: 12[\r][\n]"
16:03:45.460 [ForkJoinPool-1-worker-1] DEBUG org.apache.http.wire - http-outgoing-18 << "Server: Jetty(9.4.35.v20201120)[\r][\n]"
16:03:45.460 [ForkJoinPool-1-worker-1] DEBUG org.apache.http.wire - http-outgoing-18 << "[\r][\n]"
16:03:45.460 [ForkJoinPool-1-worker-1] DEBUG org.apache.http.wire - http-outgoing-18 << "Message sent"
16:03:45.460 [ForkJoinPool-1-worker-1] DEBUG org.apache.http.headers - http-outgoing-18 << HTTP/1.1 200 OK
16:03:45.460 [ForkJoinPool-1-worker-1] DEBUG org.apache.http.headers - http-outgoing-18 << Date: Fri, 05 Feb 2021 10:33:46 GMT
16:03:45.460 [ForkJoinPool-1-worker-1] DEBUG org.apache.http.headers - http-outgoing-18 << X-FRAME-OPTIONS: SAMEORIGIN
16:03:45.460 [ForkJoinPool-1-worker-1] DEBUG org.apache.http.headers - http-outgoing-18 << X-XSS-Protection: 1; mode=block
16:03:45.460 [ForkJoinPool-1-worker-1] DEBUG org.apache.http.headers - http-outgoing-18 << X-Content-Type-Options: nosniff
16:03:45.460 [ForkJoinPool-1-worker-1] DEBUG org.apache.http.headers - http-outgoing-18 << Set-Cookie: JSESSIONID=node01t6iihz8ky0fk1d2zjb8yu77rg126.node0; Path=/api; HttpOnly
16:03:45.460 [ForkJoinPool-1-worker-1] DEBUG org.apache.http.headers - http-outgoing-18 << Expires: Thu, 01 Jan 1970 00:00:00 GMT
16:03:45.460 [ForkJoinPool-1-worker-1] DEBUG org.apache.http.headers - http-outgoing-18 << messageID: ID:palmeto-38209-1612437157326-4:113:1:1:1
16:03:45.460 [ForkJoinPool-1-worker-1] DEBUG org.apache.http.headers - http-outgoing-18 << Content-Length: 12
16:03:45.460 [ForkJoinPool-1-worker-1] DEBUG org.apache.http.headers - http-outgoing-18 << Server: Jetty(9.4.35.v20201120)
16:03:45.460 [ForkJoinPool-1-worker-1] DEBUG org.apache.http.impl.execchain.MainClientExec - Connection can be kept alive indefinitely
16:03:45.460 [ForkJoinPool-1-worker-1] DEBUG org.apache.http.client.protocol.ResponseProcessCookies - Cookie accepted [JSESSIONID="node01t6iihz8ky0fk1d2zjb8yu77rg126.node0", version:0, domain:192.168.1.62, path:/api, expiry:null]
16:03:45.460 [ForkJoinPool-1-worker-1] DEBUG com.intuit.karate - response time in milliseconds: 47.29
1 < 200
1 < Content-Length: 12
1 < Date: Fri, 05 Feb 2021 10:33:46 GMT
1 < Expires: Thu, 01 Jan 1970 00:00:00 GMT
1 < Server: Jetty(9.4.35.v20201120)
1 < Set-Cookie: JSESSIONID=node01t6iihz8ky0fk1d2zjb8yu77rg126.node0; Path=/api; HttpOnly
1 < X-Content-Type-Options: nosniff
1 < X-FRAME-OPTIONS: SAMEORIGIN
1 < X-XSS-Protection: 1; mode=block
1 < messageID: ID:palmeto-38209-1612437157326-4:113:1:1:1

16:03:45.460 [ForkJoinPool-1-worker-1] DEBUG org.apache.http.impl.conn.PoolingHttpClientConnectionManager - Connection [id: 18][route: {}->http://192.168.1.62:8161] can be kept alive indefinitely
16:03:45.460 [ForkJoinPool-1-worker-1] DEBUG org.apache.http.impl.conn.DefaultManagedHttpClientConnection - http-outgoing-18: set socket timeout to 0
16:03:45.460 [ForkJoinPool-1-worker-1] DEBUG org.apache.http.impl.conn.PoolingHttpClientConnectionManager - Connection released: [id: 18][route: {}->http://192.168.1.62:8161][total available: 1; route allocated: 1 of 5; total allocated: 1 of 10]
16:03:45.460 [ForkJoinPool-1-worker-1] DEBUG com.jayway.jsonpath.internal.path.CompiledPath - Evaluating path: $
16:03:45.460 [ForkJoinPool-1-worker-1] INFO com.intuit.karate - [print] {
  "JSESSIONID": {
    "name": "JSESSIONID",
    "value": "node01t6iihz8ky0fk1d2zjb8yu77rg126.node0",
    "domain": "192.168.1.62",
    "path": "/api",
    "persistent": "false",
    "secure": "false"
  }
}

16:03:45.476 [ForkJoinPool-1-worker-1] DEBUG com.jayway.jsonpath.internal.path.CompiledPath - Evaluating path: $
16:03:45.476 [ForkJoinPool-1-worker-1] INFO com.intuit.karate - [print] {
  "name": "JSESSIONID",
  "value": "node01t6iihz8ky0fk1d2zjb8yu77rg126.node0",
  "domain": "192.168.1.62",
  "path": "/api",
  "persistent": "false",
  "secure": "false"
}

16:03:46.476 [ForkJoinPool-1-worker-1] DEBUG org.apache.http.client.protocol.RequestAddCookies - CookieSpec selected: karate
16:03:46.476 [ForkJoinPool-1-worker-1] DEBUG org.apache.http.client.protocol.RequestAddCookies - Cookie [version: 0][name: JSESSIONID][value: node01t6iihz8ky0fk1d2zjb8yu77rg126.node0][domain: 192.168.1.62][path: /api][expiry: null] match [192.168.1.62:8161/api/message/syed.input]
16:03:46.476 [ForkJoinPool-1-worker-1] DEBUG org.apache.http.client.protocol.RequestAuthCache - Auth cache not set in the context
16:03:46.476 [ForkJoinPool-1-worker-1] DEBUG com.intuit.karate - request:
2 > GET http://192.168.1.62:8161/api/message/syed.input?type=queue
2 > Accept: text/html,application/xhtml+xml,application/xml;q=0.9,image/avif,image/webp,image/apng,*/*;q=0.8,application/signed-exchange;v=b3;q=0.9
2 > Accept-Encoding: gzip, deflate
2 > Accept-Language: en-US,en;q=0.9
2 > Authorization: Basic YWRtaW46YWRtaW4=
2 > Cache-Control: max-age=0
2 > Connection: Keep-Alive
2 > Cookie: JSESSIONID=node01t6iihz8ky0fk1d2zjb8yu77rg126.node0
2 > Host: 192.168.1.62:8161
2 > Upgrade-Insecure-Requests: 1
2 > User-Agent: Mozilla/5.0 (Windows NT 10.0; Win64; x64) AppleWebKit/537.36 (KHTML, like Gecko) Chrome/87.0.4280.88 Safari/537.36

16:03:46.476 [ForkJoinPool-1-worker-1] DEBUG org.apache.http.impl.conn.PoolingHttpClientConnectionManager - Connection request: [route: {}->http://192.168.1.62:8161][total available: 0; route allocated: 0 of 5; total allocated: 0 of 10]
16:03:46.476 [ForkJoinPool-1-worker-1] DEBUG org.apache.http.impl.conn.PoolingHttpClientConnectionManager - Connection leased: [id: 19][route: {}->http://192.168.1.62:8161][total available: 0; route allocated: 1 of 5; total allocated: 1 of 10]
16:03:46.476 [ForkJoinPool-1-worker-1] DEBUG org.apache.http.impl.execchain.MainClientExec - Opening connection {}->http://192.168.1.62:8161
16:03:46.476 [ForkJoinPool-1-worker-1] DEBUG org.apache.http.impl.conn.DefaultHttpClientConnectionOperator - Connecting to /192.168.1.62:8161
16:03:46.492 [ForkJoinPool-1-worker-1] DEBUG org.apache.http.impl.conn.DefaultHttpClientConnectionOperator - Connection established 192.168.1.49:63166<->192.168.1.62:8161
16:03:46.492 [ForkJoinPool-1-worker-1] DEBUG org.apache.http.impl.conn.DefaultManagedHttpClientConnection - http-outgoing-19: set socket timeout to 5000
16:03:46.492 [ForkJoinPool-1-worker-1] DEBUG org.apache.http.impl.execchain.MainClientExec - Executing request GET /api/message/syed.input?type=queue HTTP/1.1
16:03:46.492 [ForkJoinPool-1-worker-1] DEBUG org.apache.http.impl.execchain.MainClientExec - Proxy auth state: UNCHALLENGED
16:03:46.492 [ForkJoinPool-1-worker-1] DEBUG org.apache.http.headers - http-outgoing-19 >> GET /api/message/syed.input?type=queue HTTP/1.1
16:03:46.492 [ForkJoinPool-1-worker-1] DEBUG org.apache.http.headers - http-outgoing-19 >> Accept-Language: en-US,en;q=0.9
16:03:46.492 [ForkJoinPool-1-worker-1] DEBUG org.apache.http.headers - http-outgoing-19 >> Accept-Encoding: gzip, deflate
16:03:46.492 [ForkJoinPool-1-worker-1] DEBUG org.apache.http.headers - http-outgoing-19 >> Authorization: Basic YWRtaW46YWRtaW4=
16:03:46.492 [ForkJoinPool-1-worker-1] DEBUG org.apache.http.headers - http-outgoing-19 >> Connection: Keep-Alive
16:03:46.492 [ForkJoinPool-1-worker-1] DEBUG org.apache.http.headers - http-outgoing-19 >> Accept: text/html,application/xhtml+xml,application/xml;q=0.9,image/avif,image/webp,image/apng,*/*;q=0.8,application/signed-exchange;v=b3;q=0.9
16:03:46.492 [ForkJoinPool-1-worker-1] DEBUG org.apache.http.headers - http-outgoing-19 >> Cache-Control: max-age=0
16:03:46.492 [ForkJoinPool-1-worker-1] DEBUG org.apache.http.headers - http-outgoing-19 >> User-Agent: Mozilla/5.0 (Windows NT 10.0; Win64; x64) AppleWebKit/537.36 (KHTML, like Gecko) Chrome/87.0.4280.88 Safari/537.36
16:03:46.492 [ForkJoinPool-1-worker-1] DEBUG org.apache.http.headers - http-outgoing-19 >> Upgrade-Insecure-Requests: 1
16:03:46.492 [ForkJoinPool-1-worker-1] DEBUG org.apache.http.headers - http-outgoing-19 >> Host: 192.168.1.62:8161
16:03:46.492 [ForkJoinPool-1-worker-1] DEBUG org.apache.http.headers - http-outgoing-19 >> Cookie: JSESSIONID=node01t6iihz8ky0fk1d2zjb8yu77rg126.node0
16:03:46.492 [ForkJoinPool-1-worker-1] DEBUG org.apache.http.wire - http-outgoing-19 >> "GET /api/message/syed.input?type=queue HTTP/1.1[\r][\n]"
16:03:46.492 [ForkJoinPool-1-worker-1] DEBUG org.apache.http.wire - http-outgoing-19 >> "Accept-Language: en-US,en;q=0.9[\r][\n]"
16:03:46.492 [ForkJoinPool-1-worker-1] DEBUG org.apache.http.wire - http-outgoing-19 >> "Accept-Encoding: gzip, deflate[\r][\n]"
16:03:46.492 [ForkJoinPool-1-worker-1] DEBUG org.apache.http.wire - http-outgoing-19 >> "Authorization: Basic YWRtaW46YWRtaW4=[\r][\n]"
16:03:46.492 [ForkJoinPool-1-worker-1] DEBUG org.apache.http.wire - http-outgoing-19 >> "Connection: Keep-Alive[\r][\n]"
16:03:46.492 [ForkJoinPool-1-worker-1] DEBUG org.apache.http.wire - http-outgoing-19 >> "Accept: text/html,application/xhtml+xml,application/xml;q=0.9,image/avif,image/webp,image/apng,*/*;q=0.8,application/signed-exchange;v=b3;q=0.9[\r][\n]"
16:03:46.492 [ForkJoinPool-1-worker-1] DEBUG org.apache.http.wire - http-outgoing-19 >> "Cache-Control: max-age=0[\r][\n]"
16:03:46.492 [ForkJoinPool-1-worker-1] DEBUG org.apache.http.wire - http-outgoing-19 >> "User-Agent: Mozilla/5.0 (Windows NT 10.0; Win64; x64) AppleWebKit/537.36 (KHTML, like Gecko) Chrome/87.0.4280.88 Safari/537.36[\r][\n]"
16:03:46.492 [ForkJoinPool-1-worker-1] DEBUG org.apache.http.wire - http-outgoing-19 >> "Upgrade-Insecure-Requests: 1[\r][\n]"
16:03:46.492 [ForkJoinPool-1-worker-1] DEBUG org.apache.http.wire - http-outgoing-19 >> "Host: 192.168.1.62:8161[\r][\n]"
16:03:46.492 [ForkJoinPool-1-worker-1] DEBUG org.apache.http.wire - http-outgoing-19 >> "Cookie: JSESSIONID=node01t6iihz8ky0fk1d2zjb8yu77rg126.node0[\r][\n]"
16:03:46.492 [ForkJoinPool-1-worker-1] DEBUG org.apache.http.wire - http-outgoing-19 >> "[\r][\n]"
16:03:50.414 [ForkJoinPool-1-worker-0] DEBUG org.apache.http.impl.conn.DefaultManagedHttpClientConnection - http-outgoing-17: Shutdown connection
16:03:50.414 [ForkJoinPool-1-worker-0] DEBUG org.apache.http.impl.execchain.MainClientExec - Connection discarded
16:03:50.414 [ForkJoinPool-1-worker-0] DEBUG org.apache.http.impl.conn.PoolingHttpClientConnectionManager - Connection released: [id: 17][route: {}->http://192.168.1.92:8161][total available: 0; route allocated: 0 of 5; total allocated: 0 of 10]
16:03:50.414 [ForkJoinPool-1-worker-0] ERROR com.intuit.karate - org.apache.http.conn.ConnectTimeoutException: Connect to 192.168.1.92:8161 [/192.168.1.92] failed: connect timed out, http call failed after 5001 milliseconds for URL: http://192.168.1.92:8161/api/message?destination=queue%3A%2F%2Forders.input
16:03:50.414 [ForkJoinPool-1-worker-0] ERROR com.intuit.karate - http request failed: 
org.apache.http.conn.ConnectTimeoutException: Connect to 192.168.1.92:8161 [/192.168.1.92] failed: connect timed out
16:03:50.414 [ForkJoinPool-1-worker-0] INFO com.intuit.karate - after scenario inside config 
16:03:50.414 [pool-1-thread-1] INFO com.intuit.karate.Runner - <<fail>> feature 20 of 26: classpath:feauturefiles/karate18.feature
---------------------------------------------------------
feature: classpath:feauturefiles/karate18.feature
report: build\surefire-reports\feauturefiles.karate18.json
scenarios:  1 | passed:  0 | failed:  1 | time: 5.0138
---------------------------------------------------------
16:03:50.414 [ForkJoinPool-1-worker-0] INFO com.intuit.karate - From karate-config file 
16:03:50.414 [ForkJoinPool-1-worker-0] DEBUG com.jayway.jsonpath.internal.path.CompiledPath - Evaluating path: $
16:03:50.414 [ForkJoinPool-1-worker-0] DEBUG org.apache.http.client.protocol.RequestAddCookies - CookieSpec selected: karate
16:03:50.414 [ForkJoinPool-1-worker-0] DEBUG org.apache.http.client.protocol.RequestAuthCache - Auth cache not set in the context
16:03:50.414 [ForkJoinPool-1-worker-0] DEBUG com.intuit.karate - request:
1 > GET http://192.168.1.62:8082/topics
1 > Accept-Encoding: gzip,deflate
1 > Connection: Keep-Alive
1 > Host: 192.168.1.62:8082
1 > User-Agent: Apache-HttpClient/4.5.12 (Java/1.8.0_251)

16:03:50.414 [ForkJoinPool-1-worker-0] DEBUG org.apache.http.impl.conn.PoolingHttpClientConnectionManager - Connection request: [route: {}->http://192.168.1.62:8082][total available: 0; route allocated: 0 of 5; total allocated: 0 of 10]
16:03:50.414 [ForkJoinPool-1-worker-0] DEBUG org.apache.http.impl.conn.PoolingHttpClientConnectionManager - Connection leased: [id: 20][route: {}->http://192.168.1.62:8082][total available: 0; route allocated: 1 of 5; total allocated: 1 of 10]
16:03:50.414 [ForkJoinPool-1-worker-0] DEBUG org.apache.http.impl.execchain.MainClientExec - Opening connection {}->http://192.168.1.62:8082
16:03:50.414 [ForkJoinPool-1-worker-0] DEBUG org.apache.http.impl.conn.DefaultHttpClientConnectionOperator - Connecting to /192.168.1.62:8082
16:03:50.429 [ForkJoinPool-1-worker-0] DEBUG org.apache.http.impl.conn.DefaultHttpClientConnectionOperator - Connection established 192.168.1.49:63167<->192.168.1.62:8082
16:03:50.429 [ForkJoinPool-1-worker-0] DEBUG org.apache.http.impl.conn.DefaultManagedHttpClientConnection - http-outgoing-20: set socket timeout to 5000
16:03:50.429 [ForkJoinPool-1-worker-0] DEBUG org.apache.http.impl.execchain.MainClientExec - Executing request GET /topics HTTP/1.1
16:03:50.429 [ForkJoinPool-1-worker-0] DEBUG org.apache.http.impl.execchain.MainClientExec - Target auth state: UNCHALLENGED
16:03:50.429 [ForkJoinPool-1-worker-0] DEBUG org.apache.http.impl.execchain.MainClientExec - Proxy auth state: UNCHALLENGED
16:03:50.429 [ForkJoinPool-1-worker-0] DEBUG org.apache.http.headers - http-outgoing-20 >> GET /topics HTTP/1.1
16:03:50.429 [ForkJoinPool-1-worker-0] DEBUG org.apache.http.headers - http-outgoing-20 >> Host: 192.168.1.62:8082
16:03:50.429 [ForkJoinPool-1-worker-0] DEBUG org.apache.http.headers - http-outgoing-20 >> Connection: Keep-Alive
16:03:50.429 [ForkJoinPool-1-worker-0] DEBUG org.apache.http.headers - http-outgoing-20 >> User-Agent: Apache-HttpClient/4.5.12 (Java/1.8.0_251)
16:03:50.429 [ForkJoinPool-1-worker-0] DEBUG org.apache.http.headers - http-outgoing-20 >> Accept-Encoding: gzip,deflate
16:03:50.429 [ForkJoinPool-1-worker-0] DEBUG org.apache.http.wire - http-outgoing-20 >> "GET /topics HTTP/1.1[\r][\n]"
16:03:50.429 [ForkJoinPool-1-worker-0] DEBUG org.apache.http.wire - http-outgoing-20 >> "Host: 192.168.1.62:8082[\r][\n]"
16:03:50.429 [ForkJoinPool-1-worker-0] DEBUG org.apache.http.wire - http-outgoing-20 >> "Connection: Keep-Alive[\r][\n]"
16:03:50.429 [ForkJoinPool-1-worker-0] DEBUG org.apache.http.wire - http-outgoing-20 >> "User-Agent: Apache-HttpClient/4.5.12 (Java/1.8.0_251)[\r][\n]"
16:03:50.429 [ForkJoinPool-1-worker-0] DEBUG org.apache.http.wire - http-outgoing-20 >> "Accept-Encoding: gzip,deflate[\r][\n]"
16:03:50.429 [ForkJoinPool-1-worker-0] DEBUG org.apache.http.wire - http-outgoing-20 >> "[\r][\n]"
16:03:50.429 [ForkJoinPool-1-worker-0] DEBUG org.apache.http.wire - http-outgoing-20 << "HTTP/1.1 200 OK[\r][\n]"
16:03:50.429 [ForkJoinPool-1-worker-0] DEBUG org.apache.http.wire - http-outgoing-20 << "Date: Fri, 05 Feb 2021 10:33:51 GMT[\r][\n]"
16:03:50.429 [ForkJoinPool-1-worker-0] DEBUG org.apache.http.wire - http-outgoing-20 << "Content-Type: application/vnd.kafka.v2+json[\r][\n]"
16:03:50.429 [ForkJoinPool-1-worker-0] DEBUG org.apache.http.wire - http-outgoing-20 << "Vary: Accept-Encoding, User-Agent[\r][\n]"
16:03:50.429 [ForkJoinPool-1-worker-0] DEBUG org.apache.http.wire - http-outgoing-20 << "Content-Encoding: gzip[\r][\n]"
16:03:50.429 [ForkJoinPool-1-worker-0] DEBUG org.apache.http.wire - http-outgoing-20 << "Content-Length: 193[\r][\n]"
16:03:50.429 [ForkJoinPool-1-worker-0] DEBUG org.apache.http.wire - http-outgoing-20 << "[\r][\n]"
16:03:50.429 [ForkJoinPool-1-worker-0] DEBUG org.apache.http.wire - http-outgoing-20 << "[0x1f][0x8b][0x8][0x0][0x0][0x0][0x0][0x0][0x0][0x0]}[0x8e]K[\n]"
16:03:50.429 [ForkJoinPool-1-worker-0] DEBUG org.apache.http.wire - http-outgoing-20 << "[0xc3]0[0xc]D[0xef][0x92]u[0xb3][0xea]9z[0x82]R[0x8c]b[0xab]H[0x8d]#[0x1b]K[0x9][0xe4][0xf6]U(4[0x81]~6[0x1e]{[0xf4]4[0xe3]kG[0xd0][0x1a]k[0xb0]R9[0x9e][0xbb]SW[0x1b],[0x90]y[0x84][0x97][0xe5][0x8e][0xd2]<[0x90][0xeb][0x1b]Y[0xf8][0x1][0xeb]a[0xec][0xb8][0xb0][0xdf][0x12][0x81][0xec]k[0x13]H[0xf1][0xf0][0x8d]Gl[0xbb][0x1f]b[0x91]{[0x9e]Q,[0xc][0x90]A"[0xb6]P[0xa1][0x19][0x1b][0x17][0x9][\n]"
16:03:50.429 [ForkJoinPool-1-worker-0] DEBUG org.apache.http.wire - http-outgoing-20 << "S[0xcd][0xa8][.[0xd8][0x8a][0x92][0xe][0x9b]*H[0xa0][0xac][0xb4];[0xfe]t![0xf4]2[0xa3][0xbf][0x15]P9[0xa8][0x81][0xa1][0xcf]/[0x90]h[0xee]?[0xe9]>sD[0xd1][\r]I[0x88][0xa3][0x12][0xdb][0x8f][0xb4][0xa1][0x95][0xd1][0xe5][0xf0][0xdb][0x15][0xd3][0x97][0xfe][0xde]0[0xe3][0x84][0xd6][0xd6]~;9jw{[0x2][0x94]>+[0xb6]t[0x1][0x0][0x0]"
16:03:50.429 [ForkJoinPool-1-worker-0] DEBUG org.apache.http.headers - http-outgoing-20 << HTTP/1.1 200 OK
16:03:50.429 [ForkJoinPool-1-worker-0] DEBUG org.apache.http.headers - http-outgoing-20 << Date: Fri, 05 Feb 2021 10:33:51 GMT
16:03:50.429 [ForkJoinPool-1-worker-0] DEBUG org.apache.http.headers - http-outgoing-20 << Content-Type: application/vnd.kafka.v2+json
16:03:50.429 [ForkJoinPool-1-worker-0] DEBUG org.apache.http.headers - http-outgoing-20 << Vary: Accept-Encoding, User-Agent
16:03:50.429 [ForkJoinPool-1-worker-0] DEBUG org.apache.http.headers - http-outgoing-20 << Content-Encoding: gzip
16:03:50.429 [ForkJoinPool-1-worker-0] DEBUG org.apache.http.headers - http-outgoing-20 << Content-Length: 193
16:03:50.429 [ForkJoinPool-1-worker-0] DEBUG org.apache.http.impl.execchain.MainClientExec - Connection can be kept alive indefinitely
16:03:50.429 [ForkJoinPool-1-worker-0] DEBUG org.apache.http.impl.conn.PoolingHttpClientConnectionManager - Connection [id: 20][route: {}->http://192.168.1.62:8082] can be kept alive indefinitely
16:03:50.429 [ForkJoinPool-1-worker-0] DEBUG org.apache.http.impl.conn.DefaultManagedHttpClientConnection - http-outgoing-20: set socket timeout to 0
16:03:50.429 [ForkJoinPool-1-worker-0] DEBUG org.apache.http.impl.conn.PoolingHttpClientConnectionManager - Connection released: [id: 20][route: {}->http://192.168.1.62:8082][total available: 1; route allocated: 1 of 5; total allocated: 1 of 10]
16:03:50.429 [ForkJoinPool-1-worker-0] DEBUG com.intuit.karate - response time in milliseconds: 7.98
1 < 200
1 < Content-Type: application/vnd.kafka.v2+json
1 < Date: Fri, 05 Feb 2021 10:33:51 GMT
1 < Vary: Accept-Encoding, User-Agent
["harris_topic3","pravalika_topic","shubh","topic3","vijay_topic","shalini","dhana_topic","manohar","veera_topic","_confluent_balancer_partition_samples","satyendra_topic","snehasish_topic","sasi","hemanth_topic","_confluent_balancer_api_state","Madhu-topic","_confluent-license","deekshit","_confluent_balancer_broker_samples","syed_topic","_confluent-telemetry-metrics"]

16:03:50.429 [ForkJoinPool-1-worker-0] DEBUG com.jayway.jsonpath.internal.path.CompiledPath - Evaluating path: $
16:03:50.429 [ForkJoinPool-1-worker-0] INFO com.intuit.karate - [print] [
  "harris_topic3",
  "pravalika_topic",
  "shubh",
  "topic3",
  "vijay_topic",
  "shalini",
  "dhana_topic",
  "manohar",
  "veera_topic",
  "_confluent_balancer_partition_samples",
  "satyendra_topic",
  "snehasish_topic",
  "sasi",
  "hemanth_topic",
  "_confluent_balancer_api_state",
  "Madhu-topic",
  "_confluent-license",
  "deekshit",
  "_confluent_balancer_broker_samples",
  "syed_topic",
  "_confluent-telemetry-metrics"
]

16:03:50.429 [ForkJoinPool-1-worker-0] DEBUG com.jayway.jsonpath.internal.path.CompiledPath - Evaluating path: $[1]
16:03:50.429 [ForkJoinPool-1-worker-0] ERROR com.intuit.karate - assertion failed: path: $[1], actual: 'pravalika_topic', expected: 'confluent', reason: not a sub-string
16:03:50.429 [ForkJoinPool-1-worker-0] INFO com.intuit.karate - after scenario inside config 
16:03:50.429 [ForkJoinPool-1-worker-0] INFO com.intuit.karate - From karate-config file 
16:03:50.429 [ForkJoinPool-1-worker-0] DEBUG com.jayway.jsonpath.internal.path.CompiledPath - Evaluating path: $
16:03:50.445 [ForkJoinPool-1-worker-0] DEBUG org.apache.http.client.protocol.RequestAddCookies - CookieSpec selected: karate
16:03:50.445 [ForkJoinPool-1-worker-0] DEBUG org.apache.http.client.protocol.RequestAuthCache - Auth cache not set in the context
16:03:50.445 [ForkJoinPool-1-worker-0] DEBUG com.intuit.karate - request:
1 > GET http://192.168.1.62:8082/topics/rest123
1 > Accept-Encoding: gzip,deflate
1 > Connection: Keep-Alive
1 > Host: 192.168.1.62:8082
1 > User-Agent: Apache-HttpClient/4.5.12 (Java/1.8.0_251)

16:03:50.445 [ForkJoinPool-1-worker-0] DEBUG org.apache.http.impl.conn.PoolingHttpClientConnectionManager - Connection request: [route: {}->http://192.168.1.62:8082][total available: 0; route allocated: 0 of 5; total allocated: 0 of 10]
16:03:50.445 [ForkJoinPool-1-worker-0] DEBUG org.apache.http.impl.conn.PoolingHttpClientConnectionManager - Connection leased: [id: 21][route: {}->http://192.168.1.62:8082][total available: 0; route allocated: 1 of 5; total allocated: 1 of 10]
16:03:50.445 [ForkJoinPool-1-worker-0] DEBUG org.apache.http.impl.execchain.MainClientExec - Opening connection {}->http://192.168.1.62:8082
16:03:50.445 [ForkJoinPool-1-worker-0] DEBUG org.apache.http.impl.conn.DefaultHttpClientConnectionOperator - Connecting to /192.168.1.62:8082
16:03:50.445 [ForkJoinPool-1-worker-0] DEBUG org.apache.http.impl.conn.DefaultHttpClientConnectionOperator - Connection established 192.168.1.49:63168<->192.168.1.62:8082
16:03:50.445 [ForkJoinPool-1-worker-0] DEBUG org.apache.http.impl.conn.DefaultManagedHttpClientConnection - http-outgoing-21: set socket timeout to 5000
16:03:50.445 [ForkJoinPool-1-worker-0] DEBUG org.apache.http.impl.execchain.MainClientExec - Executing request GET /topics/rest123 HTTP/1.1
16:03:50.445 [ForkJoinPool-1-worker-0] DEBUG org.apache.http.impl.execchain.MainClientExec - Target auth state: UNCHALLENGED
16:03:50.445 [ForkJoinPool-1-worker-0] DEBUG org.apache.http.impl.execchain.MainClientExec - Proxy auth state: UNCHALLENGED
16:03:50.445 [ForkJoinPool-1-worker-0] DEBUG org.apache.http.headers - http-outgoing-21 >> GET /topics/rest123 HTTP/1.1
16:03:50.445 [ForkJoinPool-1-worker-0] DEBUG org.apache.http.headers - http-outgoing-21 >> Host: 192.168.1.62:8082
16:03:50.445 [ForkJoinPool-1-worker-0] DEBUG org.apache.http.headers - http-outgoing-21 >> Connection: Keep-Alive
16:03:50.445 [ForkJoinPool-1-worker-0] DEBUG org.apache.http.headers - http-outgoing-21 >> User-Agent: Apache-HttpClient/4.5.12 (Java/1.8.0_251)
16:03:50.445 [ForkJoinPool-1-worker-0] DEBUG org.apache.http.headers - http-outgoing-21 >> Accept-Encoding: gzip,deflate
16:03:50.445 [ForkJoinPool-1-worker-0] DEBUG org.apache.http.wire - http-outgoing-21 >> "GET /topics/rest123 HTTP/1.1[\r][\n]"
16:03:50.445 [ForkJoinPool-1-worker-0] DEBUG org.apache.http.wire - http-outgoing-21 >> "Host: 192.168.1.62:8082[\r][\n]"
16:03:50.445 [ForkJoinPool-1-worker-0] DEBUG org.apache.http.wire - http-outgoing-21 >> "Connection: Keep-Alive[\r][\n]"
16:03:50.445 [ForkJoinPool-1-worker-0] DEBUG org.apache.http.wire - http-outgoing-21 >> "User-Agent: Apache-HttpClient/4.5.12 (Java/1.8.0_251)[\r][\n]"
16:03:50.445 [ForkJoinPool-1-worker-0] DEBUG org.apache.http.wire - http-outgoing-21 >> "Accept-Encoding: gzip,deflate[\r][\n]"
16:03:50.445 [ForkJoinPool-1-worker-0] DEBUG org.apache.http.wire - http-outgoing-21 >> "[\r][\n]"
16:03:50.445 [ForkJoinPool-1-worker-0] DEBUG org.apache.http.wire - http-outgoing-21 << "HTTP/1.1 404 Not Found[\r][\n]"
16:03:50.445 [ForkJoinPool-1-worker-0] DEBUG org.apache.http.wire - http-outgoing-21 << "Date: Fri, 05 Feb 2021 10:33:51 GMT[\r][\n]"
16:03:50.445 [ForkJoinPool-1-worker-0] DEBUG org.apache.http.wire - http-outgoing-21 << "Content-Type: application/vnd.kafka.v2+json[\r][\n]"
16:03:50.445 [ForkJoinPool-1-worker-0] DEBUG org.apache.http.wire - http-outgoing-21 << "Content-Length: 80[\r][\n]"
16:03:50.445 [ForkJoinPool-1-worker-0] DEBUG org.apache.http.wire - http-outgoing-21 << "[\r][\n]"
16:03:50.445 [ForkJoinPool-1-worker-0] DEBUG org.apache.http.wire - http-outgoing-21 << "{"error_code":40403,"message":"This server does not host this topic-partition."}"
16:03:50.445 [ForkJoinPool-1-worker-0] DEBUG org.apache.http.headers - http-outgoing-21 << HTTP/1.1 404 Not Found
16:03:50.445 [ForkJoinPool-1-worker-0] DEBUG org.apache.http.headers - http-outgoing-21 << Date: Fri, 05 Feb 2021 10:33:51 GMT
16:03:50.445 [ForkJoinPool-1-worker-0] DEBUG org.apache.http.headers - http-outgoing-21 << Content-Type: application/vnd.kafka.v2+json
16:03:50.445 [ForkJoinPool-1-worker-0] DEBUG org.apache.http.headers - http-outgoing-21 << Content-Length: 80
16:03:50.445 [ForkJoinPool-1-worker-0] DEBUG org.apache.http.impl.execchain.MainClientExec - Connection can be kept alive indefinitely
16:03:50.445 [ForkJoinPool-1-worker-0] DEBUG org.apache.http.impl.conn.PoolingHttpClientConnectionManager - Connection [id: 21][route: {}->http://192.168.1.62:8082] can be kept alive indefinitely
16:03:50.445 [ForkJoinPool-1-worker-0] DEBUG org.apache.http.impl.conn.DefaultManagedHttpClientConnection - http-outgoing-21: set socket timeout to 0
16:03:50.445 [ForkJoinPool-1-worker-0] DEBUG org.apache.http.impl.conn.PoolingHttpClientConnectionManager - Connection released: [id: 21][route: {}->http://192.168.1.62:8082][total available: 1; route allocated: 1 of 5; total allocated: 1 of 10]
16:03:50.445 [ForkJoinPool-1-worker-0] DEBUG com.intuit.karate - response time in milliseconds: 5.33
1 < 404
1 < Content-Length: 80
1 < Content-Type: application/vnd.kafka.v2+json
1 < Date: Fri, 05 Feb 2021 10:33:51 GMT
{"error_code":40403,"message":"This server does not host this topic-partition."}

16:03:50.445 [ForkJoinPool-1-worker-0] DEBUG com.jayway.jsonpath.internal.path.CompiledPath - Evaluating path: $
16:03:50.445 [ForkJoinPool-1-worker-0] INFO com.intuit.karate - [print] {
  "error_code": 40403,
  "message": "This server does not host this topic-partition."
}

16:03:50.445 [ForkJoinPool-1-worker-0] DEBUG com.jayway.jsonpath.internal.path.CompiledPath - Evaluating path: $['message']
16:03:50.445 [ForkJoinPool-1-worker-0] INFO com.intuit.karate - after scenario inside config 
16:03:50.445 [pool-1-thread-1] INFO com.intuit.karate.Runner - <<fail>> feature 22 of 26: classpath:feauturefiles/karate20-kafka1.feature
---------------------------------------------------------
feature: classpath:feauturefiles/karate20-kafka1.feature
report: build\surefire-reports\feauturefiles.karate20-kafka1.json
scenarios:  2 | passed:  1 | failed:  1 | time: 0.0257
---------------------------------------------------------
16:03:50.460 [ForkJoinPool-1-worker-0] INFO com.intuit.karate - From karate-config file 
16:03:50.460 [ForkJoinPool-1-worker-0] DEBUG com.jayway.jsonpath.internal.path.CompiledPath - Evaluating path: $
16:03:50.460 [ForkJoinPool-1-worker-0] DEBUG com.jayway.jsonpath.internal.path.CompiledPath - Evaluating path: $
16:03:50.460 [ForkJoinPool-1-worker-0] DEBUG org.apache.http.client.protocol.RequestAddCookies - CookieSpec selected: karate
16:03:50.460 [ForkJoinPool-1-worker-0] DEBUG org.apache.http.client.protocol.RequestAuthCache - Auth cache not set in the context
16:03:50.460 [ForkJoinPool-1-worker-0] DEBUG com.intuit.karate - request:
1 > POST http://192.168.1.62:8082/topics/syed_topic
1 > Accept: application/vnd.kafka.v2+json
1 > Accept-Encoding: gzip,deflate
1 > Connection: Keep-Alive
1 > Content-Length: 93
1 > Content-Type: application/vnd.kafka.json.v2+json; charset=UTF-8
1 > Host: 192.168.1.62:8082
1 > User-Agent: Apache-HttpClient/4.5.12 (Java/1.8.0_251)
{"records":[{"key":"key3","value":"karate4"},{"value":"val3","partition":0},{"value":123.3}]}

16:03:50.460 [ForkJoinPool-1-worker-0] DEBUG org.apache.http.impl.conn.PoolingHttpClientConnectionManager - Connection request: [route: {}->http://192.168.1.62:8082][total available: 0; route allocated: 0 of 5; total allocated: 0 of 10]
16:03:50.460 [ForkJoinPool-1-worker-0] DEBUG org.apache.http.impl.conn.PoolingHttpClientConnectionManager - Connection leased: [id: 22][route: {}->http://192.168.1.62:8082][total available: 0; route allocated: 1 of 5; total allocated: 1 of 10]
16:03:50.460 [ForkJoinPool-1-worker-0] DEBUG org.apache.http.impl.execchain.MainClientExec - Opening connection {}->http://192.168.1.62:8082
16:03:50.460 [ForkJoinPool-1-worker-0] DEBUG org.apache.http.impl.conn.DefaultHttpClientConnectionOperator - Connecting to /192.168.1.62:8082
16:03:50.460 [ForkJoinPool-1-worker-0] DEBUG org.apache.http.impl.conn.DefaultHttpClientConnectionOperator - Connection established 192.168.1.49:63169<->192.168.1.62:8082
16:03:50.460 [ForkJoinPool-1-worker-0] DEBUG org.apache.http.impl.conn.DefaultManagedHttpClientConnection - http-outgoing-22: set socket timeout to 5000
16:03:50.460 [ForkJoinPool-1-worker-0] DEBUG org.apache.http.impl.execchain.MainClientExec - Executing request POST /topics/syed_topic HTTP/1.1
16:03:50.460 [ForkJoinPool-1-worker-0] DEBUG org.apache.http.impl.execchain.MainClientExec - Target auth state: UNCHALLENGED
16:03:50.460 [ForkJoinPool-1-worker-0] DEBUG org.apache.http.impl.execchain.MainClientExec - Proxy auth state: UNCHALLENGED
16:03:50.460 [ForkJoinPool-1-worker-0] DEBUG org.apache.http.headers - http-outgoing-22 >> POST /topics/syed_topic HTTP/1.1
16:03:50.460 [ForkJoinPool-1-worker-0] DEBUG org.apache.http.headers - http-outgoing-22 >> Content-Type: application/vnd.kafka.json.v2+json; charset=UTF-8
16:03:50.460 [ForkJoinPool-1-worker-0] DEBUG org.apache.http.headers - http-outgoing-22 >> Accept: application/vnd.kafka.v2+json
16:03:50.460 [ForkJoinPool-1-worker-0] DEBUG org.apache.http.headers - http-outgoing-22 >> Content-Length: 93
16:03:50.460 [ForkJoinPool-1-worker-0] DEBUG org.apache.http.headers - http-outgoing-22 >> Host: 192.168.1.62:8082
16:03:50.460 [ForkJoinPool-1-worker-0] DEBUG org.apache.http.headers - http-outgoing-22 >> Connection: Keep-Alive
16:03:50.460 [ForkJoinPool-1-worker-0] DEBUG org.apache.http.headers - http-outgoing-22 >> User-Agent: Apache-HttpClient/4.5.12 (Java/1.8.0_251)
16:03:50.460 [ForkJoinPool-1-worker-0] DEBUG org.apache.http.headers - http-outgoing-22 >> Accept-Encoding: gzip,deflate
16:03:50.460 [ForkJoinPool-1-worker-0] DEBUG org.apache.http.wire - http-outgoing-22 >> "POST /topics/syed_topic HTTP/1.1[\r][\n]"
16:03:50.460 [ForkJoinPool-1-worker-0] DEBUG org.apache.http.wire - http-outgoing-22 >> "Content-Type: application/vnd.kafka.json.v2+json; charset=UTF-8[\r][\n]"
16:03:50.460 [ForkJoinPool-1-worker-0] DEBUG org.apache.http.wire - http-outgoing-22 >> "Accept: application/vnd.kafka.v2+json[\r][\n]"
16:03:50.460 [ForkJoinPool-1-worker-0] DEBUG org.apache.http.wire - http-outgoing-22 >> "Content-Length: 93[\r][\n]"
16:03:50.460 [ForkJoinPool-1-worker-0] DEBUG org.apache.http.wire - http-outgoing-22 >> "Host: 192.168.1.62:8082[\r][\n]"
16:03:50.460 [ForkJoinPool-1-worker-0] DEBUG org.apache.http.wire - http-outgoing-22 >> "Connection: Keep-Alive[\r][\n]"
16:03:50.460 [ForkJoinPool-1-worker-0] DEBUG org.apache.http.wire - http-outgoing-22 >> "User-Agent: Apache-HttpClient/4.5.12 (Java/1.8.0_251)[\r][\n]"
16:03:50.460 [ForkJoinPool-1-worker-0] DEBUG org.apache.http.wire - http-outgoing-22 >> "Accept-Encoding: gzip,deflate[\r][\n]"
16:03:50.460 [ForkJoinPool-1-worker-0] DEBUG org.apache.http.wire - http-outgoing-22 >> "[\r][\n]"
16:03:50.460 [ForkJoinPool-1-worker-0] DEBUG org.apache.http.wire - http-outgoing-22 >> "{"records":[{"key":"key3","value":"karate4"},{"value":"val3","partition":0},{"value":123.3}]}"
16:03:50.460 [ForkJoinPool-1-worker-0] DEBUG org.apache.http.wire - http-outgoing-22 << "HTTP/1.1 200 OK[\r][\n]"
16:03:50.460 [ForkJoinPool-1-worker-0] DEBUG org.apache.http.wire - http-outgoing-22 << "Date: Fri, 05 Feb 2021 10:33:51 GMT[\r][\n]"
16:03:50.460 [ForkJoinPool-1-worker-0] DEBUG org.apache.http.wire - http-outgoing-22 << "Content-Type: application/vnd.kafka.v2+json[\r][\n]"
16:03:50.460 [ForkJoinPool-1-worker-0] DEBUG org.apache.http.wire - http-outgoing-22 << "Vary: Accept-Encoding, User-Agent[\r][\n]"
16:03:50.460 [ForkJoinPool-1-worker-0] DEBUG org.apache.http.wire - http-outgoing-22 << "Content-Encoding: gzip[\r][\n]"
16:03:50.460 [ForkJoinPool-1-worker-0] DEBUG org.apache.http.wire - http-outgoing-22 << "Content-Length: 111[\r][\n]"
16:03:50.460 [ForkJoinPool-1-worker-0] DEBUG org.apache.http.wire - http-outgoing-22 << "[\r][\n]"
16:03:50.460 [ForkJoinPool-1-worker-0] DEBUG org.apache.http.headers - http-outgoing-22 << HTTP/1.1 200 OK
16:03:50.460 [ForkJoinPool-1-worker-0] DEBUG org.apache.http.headers - http-outgoing-22 << Date: Fri, 05 Feb 2021 10:33:51 GMT
16:03:50.460 [ForkJoinPool-1-worker-0] DEBUG org.apache.http.headers - http-outgoing-22 << Content-Type: application/vnd.kafka.v2+json
16:03:50.460 [ForkJoinPool-1-worker-0] DEBUG org.apache.http.headers - http-outgoing-22 << Vary: Accept-Encoding, User-Agent
16:03:50.460 [ForkJoinPool-1-worker-0] DEBUG org.apache.http.headers - http-outgoing-22 << Content-Encoding: gzip
16:03:50.460 [ForkJoinPool-1-worker-0] DEBUG org.apache.http.headers - http-outgoing-22 << Content-Length: 111
16:03:50.460 [ForkJoinPool-1-worker-0] DEBUG org.apache.http.impl.execchain.MainClientExec - Connection can be kept alive indefinitely
16:03:50.476 [ForkJoinPool-1-worker-0] DEBUG org.apache.http.wire - http-outgoing-22 << "[0x1f][0x8b][0x8][0x0][0x0][0x0][0x0][0x0][0x0][0x0][0xab]V[0xca]OK+N-)V[0xb2][0x8a][0xae]V*H,*[0xc9],[0xc9][0xcc][0xcf]S[0xb2]2[0xd0][0x81][0xca](Y[0x19][0x99][0xeb]([0xa5][0x16][0x15][0xe5][0x17][0xc5]'[0xe7][0xa7][0xa4]*Y[0xe5][0x95][0xe6][0xe4]@E [0x9c]Z[0x1d][0x9c]Z-[0xc8][0xd7]jIHk[0xac][0x8e]Rvje|qrFjnb|f[\n]"
16:03:50.476 [ForkJoinPool-1-worker-0] DEBUG org.apache.http.wire - http-outgoing-22 << "LMYbNi*[0xba]p-[0x0][0x96][0xa8][0x17][0xff][0xea][0x0][0x0][0x0]"
16:03:50.476 [ForkJoinPool-1-worker-0] DEBUG org.apache.http.impl.conn.PoolingHttpClientConnectionManager - Connection [id: 22][route: {}->http://192.168.1.62:8082] can be kept alive indefinitely
16:03:50.476 [ForkJoinPool-1-worker-0] DEBUG org.apache.http.impl.conn.DefaultManagedHttpClientConnection - http-outgoing-22: set socket timeout to 0
16:03:50.476 [ForkJoinPool-1-worker-0] DEBUG org.apache.http.impl.conn.PoolingHttpClientConnectionManager - Connection released: [id: 22][route: {}->http://192.168.1.62:8082][total available: 1; route allocated: 1 of 5; total allocated: 1 of 10]
16:03:50.476 [ForkJoinPool-1-worker-0] DEBUG com.intuit.karate - response time in milliseconds: 6.99
1 < 200
1 < Content-Type: application/vnd.kafka.v2+json
1 < Date: Fri, 05 Feb 2021 10:33:51 GMT
1 < Vary: Accept-Encoding, User-Agent
{"offsets":[{"partition":0,"offset":27,"error_code":null,"error":null},{"partition":0,"offset":28,"error_code":null,"error":null},{"partition":0,"offset":29,"error_code":null,"error":null}],"key_schema_id":null,"value_schema_id":null}

16:03:50.476 [ForkJoinPool-1-worker-0] DEBUG com.jayway.jsonpath.internal.path.CompiledPath - Evaluating path: $
16:03:50.476 [ForkJoinPool-1-worker-0] INFO com.intuit.karate - [print] {
  "offsets": [
    {
      "partition": 0,
      "offset": 27,
      "error_code": null,
      "error": null
    },
    {
      "partition": 0,
      "offset": 28,
      "error_code": null,
      "error": null
    },
    {
      "partition": 0,
      "offset": 29,
      "error_code": null,
      "error": null
    }
  ],
  "value_schema_id": null,
  "key_schema_id": null
}

16:03:50.476 [ForkJoinPool-1-worker-0] DEBUG com.jayway.jsonpath.internal.path.CompiledPath - Evaluating path: $['offsets'][1]['partition']
16:03:50.476 [ForkJoinPool-1-worker-0] INFO com.intuit.karate - after scenario inside config 
16:03:50.476 [pool-1-thread-1] INFO com.intuit.karate.Runner - <<pass>> feature 23 of 26: classpath:feauturefiles/karate20-kafka2.feature
---------------------------------------------------------
feature: classpath:feauturefiles/karate20-kafka2.feature
report: build\surefire-reports\feauturefiles.karate20-kafka2.json
scenarios:  1 | passed:  1 | failed:  0 | time: 0.0147
---------------------------------------------------------
16:03:50.491 [ForkJoinPool-1-worker-0] INFO com.intuit.karate - From karate-config file 
16:03:50.491 [ForkJoinPool-1-worker-0] DEBUG com.jayway.jsonpath.internal.path.CompiledPath - Evaluating path: $
16:03:50.491 [ForkJoinPool-1-worker-0] DEBUG com.jayway.jsonpath.internal.path.CompiledPath - Evaluating path: $
16:03:50.491 [ForkJoinPool-1-worker-0] DEBUG org.apache.http.client.protocol.RequestAddCookies - CookieSpec selected: karate
16:03:50.491 [ForkJoinPool-1-worker-0] DEBUG org.apache.http.client.protocol.RequestAuthCache - Auth cache not set in the context
16:03:50.491 [ForkJoinPool-1-worker-0] DEBUG com.intuit.karate - request:
1 > POST http://192.168.1.62:8082/consumers/my-consumer-group
1 > Accept-Encoding: gzip,deflate
1 > Connection: Keep-Alive
1 > Content-Length: 100
1 > Content-Type: application/vnd.kafka.json.v2+json; charset=UTF-8
1 > Host: 192.168.1.62:8082
1 > User-Agent: Apache-HttpClient/4.5.12 (Java/1.8.0_251)
{"name":"syed_consumer","format":"json","auto.offset.reset":"earliest","auto.commit.enable":"false"}

16:03:50.491 [ForkJoinPool-1-worker-0] DEBUG org.apache.http.impl.conn.PoolingHttpClientConnectionManager - Connection request: [route: {}->http://192.168.1.62:8082][total available: 0; route allocated: 0 of 5; total allocated: 0 of 10]
16:03:50.491 [ForkJoinPool-1-worker-0] DEBUG org.apache.http.impl.conn.PoolingHttpClientConnectionManager - Connection leased: [id: 23][route: {}->http://192.168.1.62:8082][total available: 0; route allocated: 1 of 5; total allocated: 1 of 10]
16:03:50.491 [ForkJoinPool-1-worker-0] DEBUG org.apache.http.impl.execchain.MainClientExec - Opening connection {}->http://192.168.1.62:8082
16:03:50.491 [ForkJoinPool-1-worker-0] DEBUG org.apache.http.impl.conn.DefaultHttpClientConnectionOperator - Connecting to /192.168.1.62:8082
16:03:50.491 [ForkJoinPool-1-worker-0] DEBUG org.apache.http.impl.conn.DefaultHttpClientConnectionOperator - Connection established 192.168.1.49:63170<->192.168.1.62:8082
16:03:50.491 [ForkJoinPool-1-worker-0] DEBUG org.apache.http.impl.conn.DefaultManagedHttpClientConnection - http-outgoing-23: set socket timeout to 5000
16:03:50.491 [ForkJoinPool-1-worker-0] DEBUG org.apache.http.impl.execchain.MainClientExec - Executing request POST /consumers/my-consumer-group HTTP/1.1
16:03:50.491 [ForkJoinPool-1-worker-0] DEBUG org.apache.http.impl.execchain.MainClientExec - Target auth state: UNCHALLENGED
16:03:50.491 [ForkJoinPool-1-worker-0] DEBUG org.apache.http.impl.execchain.MainClientExec - Proxy auth state: UNCHALLENGED
16:03:50.491 [ForkJoinPool-1-worker-0] DEBUG org.apache.http.headers - http-outgoing-23 >> POST /consumers/my-consumer-group HTTP/1.1
16:03:50.491 [ForkJoinPool-1-worker-0] DEBUG org.apache.http.headers - http-outgoing-23 >> Content-Type: application/vnd.kafka.json.v2+json; charset=UTF-8
16:03:50.491 [ForkJoinPool-1-worker-0] DEBUG org.apache.http.headers - http-outgoing-23 >> Content-Length: 100
16:03:50.491 [ForkJoinPool-1-worker-0] DEBUG org.apache.http.headers - http-outgoing-23 >> Host: 192.168.1.62:8082
16:03:50.491 [ForkJoinPool-1-worker-0] DEBUG org.apache.http.headers - http-outgoing-23 >> Connection: Keep-Alive
16:03:50.491 [ForkJoinPool-1-worker-0] DEBUG org.apache.http.headers - http-outgoing-23 >> User-Agent: Apache-HttpClient/4.5.12 (Java/1.8.0_251)
16:03:50.491 [ForkJoinPool-1-worker-0] DEBUG org.apache.http.headers - http-outgoing-23 >> Accept-Encoding: gzip,deflate
16:03:50.491 [ForkJoinPool-1-worker-0] DEBUG org.apache.http.wire - http-outgoing-23 >> "POST /consumers/my-consumer-group HTTP/1.1[\r][\n]"
16:03:50.491 [ForkJoinPool-1-worker-0] DEBUG org.apache.http.wire - http-outgoing-23 >> "Content-Type: application/vnd.kafka.json.v2+json; charset=UTF-8[\r][\n]"
16:03:50.491 [ForkJoinPool-1-worker-0] DEBUG org.apache.http.wire - http-outgoing-23 >> "Content-Length: 100[\r][\n]"
16:03:50.491 [ForkJoinPool-1-worker-0] DEBUG org.apache.http.wire - http-outgoing-23 >> "Host: 192.168.1.62:8082[\r][\n]"
16:03:50.491 [ForkJoinPool-1-worker-0] DEBUG org.apache.http.wire - http-outgoing-23 >> "Connection: Keep-Alive[\r][\n]"
16:03:50.491 [ForkJoinPool-1-worker-0] DEBUG org.apache.http.wire - http-outgoing-23 >> "User-Agent: Apache-HttpClient/4.5.12 (Java/1.8.0_251)[\r][\n]"
16:03:50.491 [ForkJoinPool-1-worker-0] DEBUG org.apache.http.wire - http-outgoing-23 >> "Accept-Encoding: gzip,deflate[\r][\n]"
16:03:50.491 [ForkJoinPool-1-worker-0] DEBUG org.apache.http.wire - http-outgoing-23 >> "[\r][\n]"
16:03:50.491 [ForkJoinPool-1-worker-0] DEBUG org.apache.http.wire - http-outgoing-23 >> "{"name":"syed_consumer","format":"json","auto.offset.reset":"earliest","auto.commit.enable":"false"}"
16:03:50.491 [ForkJoinPool-1-worker-0] DEBUG org.apache.http.wire - http-outgoing-23 << "HTTP/1.1 200 OK[\r][\n]"
16:03:50.491 [ForkJoinPool-1-worker-0] DEBUG org.apache.http.wire - http-outgoing-23 << "Date: Fri, 05 Feb 2021 10:33:51 GMT[\r][\n]"
16:03:50.491 [ForkJoinPool-1-worker-0] DEBUG org.apache.http.wire - http-outgoing-23 << "Content-Type: application/vnd.kafka.v2+json[\r][\n]"
16:03:50.491 [ForkJoinPool-1-worker-0] DEBUG org.apache.http.wire - http-outgoing-23 << "Vary: Accept-Encoding, User-Agent[\r][\n]"
16:03:50.491 [ForkJoinPool-1-worker-0] DEBUG org.apache.http.wire - http-outgoing-23 << "Content-Encoding: gzip[\r][\n]"
16:03:50.491 [ForkJoinPool-1-worker-0] DEBUG org.apache.http.wire - http-outgoing-23 << "Content-Length: 108[\r][\n]"
16:03:50.491 [ForkJoinPool-1-worker-0] DEBUG org.apache.http.wire - http-outgoing-23 << "[\r][\n]"
16:03:50.491 [ForkJoinPool-1-worker-0] DEBUG org.apache.http.wire - http-outgoing-23 << "[0x1f][0x8b][0x8][0x0][0x0][0x0][0x0][0x0][0x0][0x0]U[0x8c]1[0xe][0x80] [0x10][0xc0][0xfe]r[0xb3]r[0xc2]`[0x90][0xcf][0x10][0x85][0x8b]2[0x8][0x84][0x83][0xc1][0x18][0xff][0xae][0xb][0x83]c[0xd3][0xa6]7[0x84][0xc8]u[0x8d][0x8e]l[0xf0]`[0x80]/[0xf2][0xd6][0xa5][0xc8][0xed][0xa4][0x2][0x3]l+[0x93]m%|[0xea][0xa8]5[0x1b]D[0xb9](!g-[0xa4][0x98][0x95][0xd1][0x93]V[0xd8]s[0xc6][0xf3][0x1a];[0x8c]{I-c[0xbf]3[0xfe][0xcf][0xcf][0xb][0xef][\n]"
16:03:50.491 [ForkJoinPool-1-worker-0] DEBUG org.apache.http.wire - http-outgoing-23 << "jky[0x0][0x0][0x0]"
16:03:50.491 [ForkJoinPool-1-worker-0] DEBUG org.apache.http.headers - http-outgoing-23 << HTTP/1.1 200 OK
16:03:50.491 [ForkJoinPool-1-worker-0] DEBUG org.apache.http.headers - http-outgoing-23 << Date: Fri, 05 Feb 2021 10:33:51 GMT
16:03:50.491 [ForkJoinPool-1-worker-0] DEBUG org.apache.http.headers - http-outgoing-23 << Content-Type: application/vnd.kafka.v2+json
16:03:50.491 [ForkJoinPool-1-worker-0] DEBUG org.apache.http.headers - http-outgoing-23 << Vary: Accept-Encoding, User-Agent
16:03:50.491 [ForkJoinPool-1-worker-0] DEBUG org.apache.http.headers - http-outgoing-23 << Content-Encoding: gzip
16:03:50.491 [ForkJoinPool-1-worker-0] DEBUG org.apache.http.headers - http-outgoing-23 << Content-Length: 108
16:03:50.491 [ForkJoinPool-1-worker-0] DEBUG org.apache.http.impl.execchain.MainClientExec - Connection can be kept alive indefinitely
16:03:50.491 [ForkJoinPool-1-worker-0] DEBUG org.apache.http.impl.conn.PoolingHttpClientConnectionManager - Connection [id: 23][route: {}->http://192.168.1.62:8082] can be kept alive indefinitely
16:03:50.491 [ForkJoinPool-1-worker-0] DEBUG org.apache.http.impl.conn.DefaultManagedHttpClientConnection - http-outgoing-23: set socket timeout to 0
16:03:50.491 [ForkJoinPool-1-worker-0] DEBUG org.apache.http.impl.conn.PoolingHttpClientConnectionManager - Connection released: [id: 23][route: {}->http://192.168.1.62:8082][total available: 1; route allocated: 1 of 5; total allocated: 1 of 10]
16:03:50.507 [ForkJoinPool-1-worker-0] DEBUG com.intuit.karate - response time in milliseconds: 11.21
1 < 200
1 < Content-Type: application/vnd.kafka.v2+json
1 < Date: Fri, 05 Feb 2021 10:33:51 GMT
1 < Vary: Accept-Encoding, User-Agent
{"instance_id":"syed_consumer","base_uri":"http://192.168.1.62:8082/consumers/my-consumer-group/instances/syed_consumer"}

16:03:50.507 [ForkJoinPool-1-worker-0] DEBUG com.jayway.jsonpath.internal.path.CompiledPath - Evaluating path: $
16:03:50.507 [ForkJoinPool-1-worker-0] INFO com.intuit.karate - [print] {
  "instance_id": "syed_consumer",
  "base_uri": "http://192.168.1.62:8082/consumers/my-consumer-group/instances/syed_consumer"
}

16:03:50.507 [ForkJoinPool-1-worker-0] DEBUG com.jayway.jsonpath.internal.path.CompiledPath - Evaluating path: $['instance_id']
16:03:50.507 [ForkJoinPool-1-worker-0] DEBUG com.jayway.jsonpath.internal.path.CompiledPath - Evaluating path: $
16:03:50.507 [ForkJoinPool-1-worker-0] INFO com.intuit.karate - [print] http://192.168.1.62:8082/consumers/my-consumer-group/instances/syed_consumer
16:03:50.507 [ForkJoinPool-1-worker-0] INFO com.intuit.karate - after scenario inside config 
16:03:50.507 [ForkJoinPool-1-worker-0] INFO com.intuit.karate - From karate-config file 
16:03:50.507 [ForkJoinPool-1-worker-0] DEBUG com.jayway.jsonpath.internal.path.CompiledPath - Evaluating path: $
16:03:50.507 [ForkJoinPool-1-worker-0] DEBUG com.jayway.jsonpath.internal.path.CompiledPath - Evaluating path: $
16:03:50.507 [ForkJoinPool-1-worker-0] DEBUG org.apache.http.client.protocol.RequestAddCookies - CookieSpec selected: karate
16:03:50.507 [ForkJoinPool-1-worker-0] DEBUG org.apache.http.client.protocol.RequestAuthCache - Auth cache not set in the context
16:03:50.507 [ForkJoinPool-1-worker-0] DEBUG com.intuit.karate - request:
1 > POST http://192.168.1.62:8082/consumers/my-consumer-group/instances/syed_consumer/subscription
1 > Accept-Encoding: gzip,deflate
1 > Connection: Keep-Alive
1 > Content-Length: 25
1 > Content-Type: application/vnd.kafka.v2+json; charset=UTF-8
1 > Host: 192.168.1.62:8082
1 > User-Agent: Apache-HttpClient/4.5.12 (Java/1.8.0_251)
{"topics":["syed_topic"]}

16:03:50.507 [ForkJoinPool-1-worker-0] DEBUG org.apache.http.impl.conn.PoolingHttpClientConnectionManager - Connection request: [route: {}->http://192.168.1.62:8082][total available: 0; route allocated: 0 of 5; total allocated: 0 of 10]
16:03:50.507 [ForkJoinPool-1-worker-0] DEBUG org.apache.http.impl.conn.PoolingHttpClientConnectionManager - Connection leased: [id: 24][route: {}->http://192.168.1.62:8082][total available: 0; route allocated: 1 of 5; total allocated: 1 of 10]
16:03:50.507 [ForkJoinPool-1-worker-0] DEBUG org.apache.http.impl.execchain.MainClientExec - Opening connection {}->http://192.168.1.62:8082
16:03:50.507 [ForkJoinPool-1-worker-0] DEBUG org.apache.http.impl.conn.DefaultHttpClientConnectionOperator - Connecting to /192.168.1.62:8082
16:03:50.507 [ForkJoinPool-1-worker-0] DEBUG org.apache.http.impl.conn.DefaultHttpClientConnectionOperator - Connection established 192.168.1.49:63171<->192.168.1.62:8082
16:03:50.507 [ForkJoinPool-1-worker-0] DEBUG org.apache.http.impl.conn.DefaultManagedHttpClientConnection - http-outgoing-24: set socket timeout to 5000
16:03:50.507 [ForkJoinPool-1-worker-0] DEBUG org.apache.http.impl.execchain.MainClientExec - Executing request POST /consumers/my-consumer-group/instances/syed_consumer/subscription HTTP/1.1
16:03:50.507 [ForkJoinPool-1-worker-0] DEBUG org.apache.http.impl.execchain.MainClientExec - Target auth state: UNCHALLENGED
16:03:50.507 [ForkJoinPool-1-worker-0] DEBUG org.apache.http.impl.execchain.MainClientExec - Proxy auth state: UNCHALLENGED
16:03:50.507 [ForkJoinPool-1-worker-0] DEBUG org.apache.http.headers - http-outgoing-24 >> POST /consumers/my-consumer-group/instances/syed_consumer/subscription HTTP/1.1
16:03:50.507 [ForkJoinPool-1-worker-0] DEBUG org.apache.http.headers - http-outgoing-24 >> Content-Type: application/vnd.kafka.v2+json; charset=UTF-8
16:03:50.507 [ForkJoinPool-1-worker-0] DEBUG org.apache.http.headers - http-outgoing-24 >> Content-Length: 25
16:03:50.507 [ForkJoinPool-1-worker-0] DEBUG org.apache.http.headers - http-outgoing-24 >> Host: 192.168.1.62:8082
16:03:50.507 [ForkJoinPool-1-worker-0] DEBUG org.apache.http.headers - http-outgoing-24 >> Connection: Keep-Alive
16:03:50.507 [ForkJoinPool-1-worker-0] DEBUG org.apache.http.headers - http-outgoing-24 >> User-Agent: Apache-HttpClient/4.5.12 (Java/1.8.0_251)
16:03:50.507 [ForkJoinPool-1-worker-0] DEBUG org.apache.http.headers - http-outgoing-24 >> Accept-Encoding: gzip,deflate
16:03:50.507 [ForkJoinPool-1-worker-0] DEBUG org.apache.http.wire - http-outgoing-24 >> "POST /consumers/my-consumer-group/instances/syed_consumer/subscription HTTP/1.1[\r][\n]"
16:03:50.507 [ForkJoinPool-1-worker-0] DEBUG org.apache.http.wire - http-outgoing-24 >> "Content-Type: application/vnd.kafka.v2+json; charset=UTF-8[\r][\n]"
16:03:50.507 [ForkJoinPool-1-worker-0] DEBUG org.apache.http.wire - http-outgoing-24 >> "Content-Length: 25[\r][\n]"
16:03:50.507 [ForkJoinPool-1-worker-0] DEBUG org.apache.http.wire - http-outgoing-24 >> "Host: 192.168.1.62:8082[\r][\n]"
16:03:50.507 [ForkJoinPool-1-worker-0] DEBUG org.apache.http.wire - http-outgoing-24 >> "Connection: Keep-Alive[\r][\n]"
16:03:50.507 [ForkJoinPool-1-worker-0] DEBUG org.apache.http.wire - http-outgoing-24 >> "User-Agent: Apache-HttpClient/4.5.12 (Java/1.8.0_251)[\r][\n]"
16:03:50.507 [ForkJoinPool-1-worker-0] DEBUG org.apache.http.wire - http-outgoing-24 >> "Accept-Encoding: gzip,deflate[\r][\n]"
16:03:50.507 [ForkJoinPool-1-worker-0] DEBUG org.apache.http.wire - http-outgoing-24 >> "[\r][\n]"
16:03:50.507 [ForkJoinPool-1-worker-0] DEBUG org.apache.http.wire - http-outgoing-24 >> "{"topics":["syed_topic"]}"
16:03:50.507 [ForkJoinPool-1-worker-0] DEBUG org.apache.http.wire - http-outgoing-24 << "HTTP/1.1 204 No Content[\r][\n]"
16:03:50.507 [ForkJoinPool-1-worker-0] DEBUG org.apache.http.wire - http-outgoing-24 << "Date: Fri, 05 Feb 2021 10:33:51 GMT[\r][\n]"
16:03:50.507 [ForkJoinPool-1-worker-0] DEBUG org.apache.http.wire - http-outgoing-24 << "[\r][\n]"
16:03:50.507 [ForkJoinPool-1-worker-0] DEBUG org.apache.http.headers - http-outgoing-24 << HTTP/1.1 204 No Content
16:03:50.507 [ForkJoinPool-1-worker-0] DEBUG org.apache.http.headers - http-outgoing-24 << Date: Fri, 05 Feb 2021 10:33:51 GMT
16:03:50.507 [ForkJoinPool-1-worker-0] DEBUG org.apache.http.impl.execchain.MainClientExec - Connection can be kept alive indefinitely
16:03:50.507 [ForkJoinPool-1-worker-0] DEBUG org.apache.http.impl.conn.PoolingHttpClientConnectionManager - Connection [id: 24][route: {}->http://192.168.1.62:8082] can be kept alive indefinitely
16:03:50.507 [ForkJoinPool-1-worker-0] DEBUG org.apache.http.impl.conn.DefaultManagedHttpClientConnection - http-outgoing-24: set socket timeout to 0
16:03:50.507 [ForkJoinPool-1-worker-0] DEBUG org.apache.http.impl.conn.PoolingHttpClientConnectionManager - Connection released: [id: 24][route: {}->http://192.168.1.62:8082][total available: 1; route allocated: 1 of 5; total allocated: 1 of 10]
16:03:50.507 [ForkJoinPool-1-worker-0] DEBUG com.intuit.karate - response time in milliseconds: 3.51
1 < 204
1 < Date: Fri, 05 Feb 2021 10:33:51 GMT

16:03:50.507 [ForkJoinPool-1-worker-0] INFO com.intuit.karate - after scenario inside config 
16:03:50.523 [ForkJoinPool-1-worker-0] INFO com.intuit.karate - From karate-config file 
16:03:50.523 [ForkJoinPool-1-worker-0] DEBUG com.jayway.jsonpath.internal.path.CompiledPath - Evaluating path: $
16:03:50.523 [ForkJoinPool-1-worker-0] DEBUG org.apache.http.client.protocol.RequestAddCookies - CookieSpec selected: karate
16:03:50.523 [ForkJoinPool-1-worker-0] DEBUG org.apache.http.client.protocol.RequestAuthCache - Auth cache not set in the context
16:03:50.523 [ForkJoinPool-1-worker-0] DEBUG com.intuit.karate - request:
1 > GET http://192.168.1.62:8082/consumers/my-consumer-group/instances/syed_consumer/subscription
1 > Accept: application/vnd.kafka.v2+json
1 > Accept-Encoding: gzip,deflate
1 > Connection: Keep-Alive
1 > Host: 192.168.1.62:8082
1 > User-Agent: Apache-HttpClient/4.5.12 (Java/1.8.0_251)

16:03:50.523 [ForkJoinPool-1-worker-0] DEBUG org.apache.http.impl.conn.PoolingHttpClientConnectionManager - Connection request: [route: {}->http://192.168.1.62:8082][total available: 0; route allocated: 0 of 5; total allocated: 0 of 10]
16:03:50.523 [ForkJoinPool-1-worker-0] DEBUG org.apache.http.impl.conn.PoolingHttpClientConnectionManager - Connection leased: [id: 25][route: {}->http://192.168.1.62:8082][total available: 0; route allocated: 1 of 5; total allocated: 1 of 10]
16:03:50.523 [ForkJoinPool-1-worker-0] DEBUG org.apache.http.impl.execchain.MainClientExec - Opening connection {}->http://192.168.1.62:8082
16:03:50.523 [ForkJoinPool-1-worker-0] DEBUG org.apache.http.impl.conn.DefaultHttpClientConnectionOperator - Connecting to /192.168.1.62:8082
16:03:50.523 [ForkJoinPool-1-worker-0] DEBUG org.apache.http.impl.conn.DefaultHttpClientConnectionOperator - Connection established 192.168.1.49:63172<->192.168.1.62:8082
16:03:50.523 [ForkJoinPool-1-worker-0] DEBUG org.apache.http.impl.conn.DefaultManagedHttpClientConnection - http-outgoing-25: set socket timeout to 5000
16:03:50.523 [ForkJoinPool-1-worker-0] DEBUG org.apache.http.impl.execchain.MainClientExec - Executing request GET /consumers/my-consumer-group/instances/syed_consumer/subscription HTTP/1.1
16:03:50.523 [ForkJoinPool-1-worker-0] DEBUG org.apache.http.impl.execchain.MainClientExec - Target auth state: UNCHALLENGED
16:03:50.523 [ForkJoinPool-1-worker-0] DEBUG org.apache.http.impl.execchain.MainClientExec - Proxy auth state: UNCHALLENGED
16:03:50.523 [ForkJoinPool-1-worker-0] DEBUG org.apache.http.headers - http-outgoing-25 >> GET /consumers/my-consumer-group/instances/syed_consumer/subscription HTTP/1.1
16:03:50.523 [ForkJoinPool-1-worker-0] DEBUG org.apache.http.headers - http-outgoing-25 >> Accept: application/vnd.kafka.v2+json
16:03:50.523 [ForkJoinPool-1-worker-0] DEBUG org.apache.http.headers - http-outgoing-25 >> Host: 192.168.1.62:8082
16:03:50.523 [ForkJoinPool-1-worker-0] DEBUG org.apache.http.headers - http-outgoing-25 >> Connection: Keep-Alive
16:03:50.523 [ForkJoinPool-1-worker-0] DEBUG org.apache.http.headers - http-outgoing-25 >> User-Agent: Apache-HttpClient/4.5.12 (Java/1.8.0_251)
16:03:50.523 [ForkJoinPool-1-worker-0] DEBUG org.apache.http.headers - http-outgoing-25 >> Accept-Encoding: gzip,deflate
16:03:50.523 [ForkJoinPool-1-worker-0] DEBUG org.apache.http.wire - http-outgoing-25 >> "GET /consumers/my-consumer-group/instances/syed_consumer/subscription HTTP/1.1[\r][\n]"
16:03:50.523 [ForkJoinPool-1-worker-0] DEBUG org.apache.http.wire - http-outgoing-25 >> "Accept: application/vnd.kafka.v2+json[\r][\n]"
16:03:50.523 [ForkJoinPool-1-worker-0] DEBUG org.apache.http.wire - http-outgoing-25 >> "Host: 192.168.1.62:8082[\r][\n]"
16:03:50.523 [ForkJoinPool-1-worker-0] DEBUG org.apache.http.wire - http-outgoing-25 >> "Connection: Keep-Alive[\r][\n]"
16:03:50.523 [ForkJoinPool-1-worker-0] DEBUG org.apache.http.wire - http-outgoing-25 >> "User-Agent: Apache-HttpClient/4.5.12 (Java/1.8.0_251)[\r][\n]"
16:03:50.523 [ForkJoinPool-1-worker-0] DEBUG org.apache.http.wire - http-outgoing-25 >> "Accept-Encoding: gzip,deflate[\r][\n]"
16:03:50.523 [ForkJoinPool-1-worker-0] DEBUG org.apache.http.wire - http-outgoing-25 >> "[\r][\n]"
16:03:50.523 [ForkJoinPool-1-worker-0] DEBUG org.apache.http.wire - http-outgoing-25 << "HTTP/1.1 200 OK[\r][\n]"
16:03:50.523 [ForkJoinPool-1-worker-0] DEBUG org.apache.http.wire - http-outgoing-25 << "Date: Fri, 05 Feb 2021 10:33:51 GMT[\r][\n]"
16:03:50.523 [ForkJoinPool-1-worker-0] DEBUG org.apache.http.wire - http-outgoing-25 << "Content-Type: application/vnd.kafka.v2+json[\r][\n]"
16:03:50.523 [ForkJoinPool-1-worker-0] DEBUG org.apache.http.wire - http-outgoing-25 << "Vary: Accept-Encoding, User-Agent[\r][\n]"
16:03:50.523 [ForkJoinPool-1-worker-0] DEBUG org.apache.http.wire - http-outgoing-25 << "Content-Length: 25[\r][\n]"
16:03:50.523 [ForkJoinPool-1-worker-0] DEBUG org.apache.http.wire - http-outgoing-25 << "[\r][\n]"
16:03:50.523 [ForkJoinPool-1-worker-0] DEBUG org.apache.http.wire - http-outgoing-25 << "{"topics":["syed_topic"]}"
16:03:50.523 [ForkJoinPool-1-worker-0] DEBUG org.apache.http.headers - http-outgoing-25 << HTTP/1.1 200 OK
16:03:50.523 [ForkJoinPool-1-worker-0] DEBUG org.apache.http.headers - http-outgoing-25 << Date: Fri, 05 Feb 2021 10:33:51 GMT
16:03:50.523 [ForkJoinPool-1-worker-0] DEBUG org.apache.http.headers - http-outgoing-25 << Content-Type: application/vnd.kafka.v2+json
16:03:50.523 [ForkJoinPool-1-worker-0] DEBUG org.apache.http.headers - http-outgoing-25 << Vary: Accept-Encoding, User-Agent
16:03:50.523 [ForkJoinPool-1-worker-0] DEBUG org.apache.http.headers - http-outgoing-25 << Content-Length: 25
16:03:50.523 [ForkJoinPool-1-worker-0] DEBUG org.apache.http.impl.execchain.MainClientExec - Connection can be kept alive indefinitely
16:03:50.523 [ForkJoinPool-1-worker-0] DEBUG org.apache.http.impl.conn.PoolingHttpClientConnectionManager - Connection [id: 25][route: {}->http://192.168.1.62:8082] can be kept alive indefinitely
16:03:50.523 [ForkJoinPool-1-worker-0] DEBUG org.apache.http.impl.conn.DefaultManagedHttpClientConnection - http-outgoing-25: set socket timeout to 0
16:03:50.523 [ForkJoinPool-1-worker-0] DEBUG org.apache.http.impl.conn.PoolingHttpClientConnectionManager - Connection released: [id: 25][route: {}->http://192.168.1.62:8082][total available: 1; route allocated: 1 of 5; total allocated: 1 of 10]
16:03:50.523 [ForkJoinPool-1-worker-0] DEBUG com.intuit.karate - response time in milliseconds: 2.85
1 < 200
1 < Content-Length: 25
1 < Content-Type: application/vnd.kafka.v2+json
1 < Date: Fri, 05 Feb 2021 10:33:51 GMT
1 < Vary: Accept-Encoding, User-Agent
{"topics":["syed_topic"]}

16:03:50.523 [ForkJoinPool-1-worker-0] DEBUG com.jayway.jsonpath.internal.path.CompiledPath - Evaluating path: $
16:03:50.523 [ForkJoinPool-1-worker-0] INFO com.intuit.karate - [print] {
  "topics": [
    "syed_topic"
  ]
}

16:03:50.523 [ForkJoinPool-1-worker-0] DEBUG com.jayway.jsonpath.internal.path.CompiledPath - Evaluating path: $
16:03:50.523 [ForkJoinPool-1-worker-0] INFO com.intuit.karate - after scenario inside config 
16:03:50.523 [ForkJoinPool-1-worker-0] INFO com.intuit.karate - From karate-config file 
16:03:50.523 [ForkJoinPool-1-worker-0] DEBUG com.jayway.jsonpath.internal.path.CompiledPath - Evaluating path: $
16:03:50.538 [ForkJoinPool-1-worker-0] DEBUG org.apache.http.client.protocol.RequestAddCookies - CookieSpec selected: karate
16:03:50.538 [ForkJoinPool-1-worker-0] DEBUG org.apache.http.client.protocol.RequestAuthCache - Auth cache not set in the context
16:03:50.538 [ForkJoinPool-1-worker-0] DEBUG com.intuit.karate - request:
1 > GET http://192.168.1.62:8082/consumers/my-consumer-group/instances/syed_consumer/records?timeout=3000&max_bytes=300000
1 > Accept: application/vnd.kafka.json.v2+json
1 > Accept-Encoding: gzip,deflate
1 > Connection: Keep-Alive
1 > Host: 192.168.1.62:8082
1 > User-Agent: Apache-HttpClient/4.5.12 (Java/1.8.0_251)

16:03:50.538 [ForkJoinPool-1-worker-0] DEBUG org.apache.http.impl.conn.PoolingHttpClientConnectionManager - Connection request: [route: {}->http://192.168.1.62:8082][total available: 0; route allocated: 0 of 5; total allocated: 0 of 10]
16:03:50.538 [ForkJoinPool-1-worker-0] DEBUG org.apache.http.impl.conn.PoolingHttpClientConnectionManager - Connection leased: [id: 26][route: {}->http://192.168.1.62:8082][total available: 0; route allocated: 1 of 5; total allocated: 1 of 10]
16:03:50.538 [ForkJoinPool-1-worker-0] DEBUG org.apache.http.impl.execchain.MainClientExec - Opening connection {}->http://192.168.1.62:8082
16:03:50.538 [ForkJoinPool-1-worker-0] DEBUG org.apache.http.impl.conn.DefaultHttpClientConnectionOperator - Connecting to /192.168.1.62:8082
16:03:50.538 [ForkJoinPool-1-worker-0] DEBUG org.apache.http.impl.conn.DefaultHttpClientConnectionOperator - Connection established 192.168.1.49:63173<->192.168.1.62:8082
16:03:50.538 [ForkJoinPool-1-worker-0] DEBUG org.apache.http.impl.conn.DefaultManagedHttpClientConnection - http-outgoing-26: set socket timeout to 5000
16:03:50.538 [ForkJoinPool-1-worker-0] DEBUG org.apache.http.impl.execchain.MainClientExec - Executing request GET /consumers/my-consumer-group/instances/syed_consumer/records?timeout=3000&max_bytes=300000 HTTP/1.1
16:03:50.538 [ForkJoinPool-1-worker-0] DEBUG org.apache.http.impl.execchain.MainClientExec - Target auth state: UNCHALLENGED
16:03:50.538 [ForkJoinPool-1-worker-0] DEBUG org.apache.http.impl.execchain.MainClientExec - Proxy auth state: UNCHALLENGED
16:03:50.538 [ForkJoinPool-1-worker-0] DEBUG org.apache.http.headers - http-outgoing-26 >> GET /consumers/my-consumer-group/instances/syed_consumer/records?timeout=3000&max_bytes=300000 HTTP/1.1
16:03:50.538 [ForkJoinPool-1-worker-0] DEBUG org.apache.http.headers - http-outgoing-26 >> Accept: application/vnd.kafka.json.v2+json
16:03:50.538 [ForkJoinPool-1-worker-0] DEBUG org.apache.http.headers - http-outgoing-26 >> Host: 192.168.1.62:8082
16:03:50.538 [ForkJoinPool-1-worker-0] DEBUG org.apache.http.headers - http-outgoing-26 >> Connection: Keep-Alive
16:03:50.538 [ForkJoinPool-1-worker-0] DEBUG org.apache.http.headers - http-outgoing-26 >> User-Agent: Apache-HttpClient/4.5.12 (Java/1.8.0_251)
16:03:50.538 [ForkJoinPool-1-worker-0] DEBUG org.apache.http.headers - http-outgoing-26 >> Accept-Encoding: gzip,deflate
16:03:50.538 [ForkJoinPool-1-worker-0] DEBUG org.apache.http.wire - http-outgoing-26 >> "GET /consumers/my-consumer-group/instances/syed_consumer/records?timeout=3000&max_bytes=300000 HTTP/1.1[\r][\n]"
16:03:50.538 [ForkJoinPool-1-worker-0] DEBUG org.apache.http.wire - http-outgoing-26 >> "Accept: application/vnd.kafka.json.v2+json[\r][\n]"
16:03:50.538 [ForkJoinPool-1-worker-0] DEBUG org.apache.http.wire - http-outgoing-26 >> "Host: 192.168.1.62:8082[\r][\n]"
16:03:50.538 [ForkJoinPool-1-worker-0] DEBUG org.apache.http.wire - http-outgoing-26 >> "Connection: Keep-Alive[\r][\n]"
16:03:50.538 [ForkJoinPool-1-worker-0] DEBUG org.apache.http.wire - http-outgoing-26 >> "User-Agent: Apache-HttpClient/4.5.12 (Java/1.8.0_251)[\r][\n]"
16:03:50.538 [ForkJoinPool-1-worker-0] DEBUG org.apache.http.wire - http-outgoing-26 >> "Accept-Encoding: gzip,deflate[\r][\n]"
16:03:50.538 [ForkJoinPool-1-worker-0] DEBUG org.apache.http.wire - http-outgoing-26 >> "[\r][\n]"
16:03:51.492 [ForkJoinPool-1-worker-1] DEBUG org.apache.http.wire - http-outgoing-19 << "[read] I/O error: Read timed out"
16:03:51.492 [ForkJoinPool-1-worker-1] DEBUG org.apache.http.impl.conn.DefaultManagedHttpClientConnection - http-outgoing-19: Close connection
16:03:51.492 [ForkJoinPool-1-worker-1] DEBUG org.apache.http.impl.conn.DefaultManagedHttpClientConnection - http-outgoing-19: Shutdown connection
16:03:51.492 [ForkJoinPool-1-worker-1] DEBUG org.apache.http.impl.execchain.MainClientExec - Connection discarded
16:03:51.492 [ForkJoinPool-1-worker-1] DEBUG org.apache.http.impl.conn.PoolingHttpClientConnectionManager - Connection released: [id: 19][route: {}->http://192.168.1.62:8161][total available: 0; route allocated: 0 of 5; total allocated: 0 of 10]
16:03:51.492 [ForkJoinPool-1-worker-1] ERROR com.intuit.karate - java.net.SocketTimeoutException: Read timed out, http call failed after 5016 milliseconds for URL: http://192.168.1.62:8161/api/message/syed.input?type=queue
16:03:51.492 [ForkJoinPool-1-worker-1] ERROR com.intuit.karate - http request failed: 
java.net.SocketTimeoutException: Read timed out
16:03:51.492 [ForkJoinPool-1-worker-1] INFO com.intuit.karate - after scenario inside config 
16:03:51.492 [ForkJoinPool-1-worker-1] INFO com.intuit.karate - From karate-config file 
16:03:51.492 [ForkJoinPool-1-worker-1] DEBUG com.jayway.jsonpath.internal.path.CompiledPath - Evaluating path: $
16:03:51.492 [pool-1-thread-2] INFO com.intuit.karate.Runner - <<fail>> feature 21 of 26: classpath:feauturefiles/karate19.feature
---------------------------------------------------------
feature: classpath:feauturefiles/karate19.feature
report: build\surefire-reports\feauturefiles.karate19.json
scenarios:  1 | passed:  0 | failed:  1 | time: 6.0905
---------------------------------------------------------
16:03:51.492 [ForkJoinPool-1-worker-1] DEBUG org.apache.http.client.protocol.RequestAddCookies - CookieSpec selected: karate
16:03:51.492 [ForkJoinPool-1-worker-1] DEBUG org.apache.http.client.protocol.RequestAuthCache - Auth cache not set in the context
16:03:51.492 [ForkJoinPool-1-worker-1] DEBUG com.intuit.karate - request:
1 > GET http://192.168.1.62:8082/consumers/my-consumer-group/instances/syed_consumer/assignments
1 > Accept: application/vnd.kafka.v2+json
1 > Accept-Encoding: gzip,deflate
1 > Connection: Keep-Alive
1 > Host: 192.168.1.62:8082
1 > User-Agent: Apache-HttpClient/4.5.12 (Java/1.8.0_251)

16:03:51.492 [ForkJoinPool-1-worker-1] DEBUG org.apache.http.impl.conn.PoolingHttpClientConnectionManager - Connection request: [route: {}->http://192.168.1.62:8082][total available: 0; route allocated: 0 of 5; total allocated: 0 of 10]
16:03:51.492 [ForkJoinPool-1-worker-1] DEBUG org.apache.http.impl.conn.PoolingHttpClientConnectionManager - Connection leased: [id: 27][route: {}->http://192.168.1.62:8082][total available: 0; route allocated: 1 of 5; total allocated: 1 of 10]
16:03:51.492 [ForkJoinPool-1-worker-1] DEBUG org.apache.http.impl.execchain.MainClientExec - Opening connection {}->http://192.168.1.62:8082
16:03:51.492 [ForkJoinPool-1-worker-1] DEBUG org.apache.http.impl.conn.DefaultHttpClientConnectionOperator - Connecting to /192.168.1.62:8082
16:03:51.492 [ForkJoinPool-1-worker-1] DEBUG org.apache.http.impl.conn.DefaultHttpClientConnectionOperator - Connection established 192.168.1.49:63174<->192.168.1.62:8082
16:03:51.492 [ForkJoinPool-1-worker-1] DEBUG org.apache.http.impl.conn.DefaultManagedHttpClientConnection - http-outgoing-27: set socket timeout to 5000
16:03:51.492 [ForkJoinPool-1-worker-1] DEBUG org.apache.http.impl.execchain.MainClientExec - Executing request GET /consumers/my-consumer-group/instances/syed_consumer/assignments HTTP/1.1
16:03:51.492 [ForkJoinPool-1-worker-1] DEBUG org.apache.http.impl.execchain.MainClientExec - Target auth state: UNCHALLENGED
16:03:51.492 [ForkJoinPool-1-worker-1] DEBUG org.apache.http.impl.execchain.MainClientExec - Proxy auth state: UNCHALLENGED
16:03:51.492 [ForkJoinPool-1-worker-1] DEBUG org.apache.http.headers - http-outgoing-27 >> GET /consumers/my-consumer-group/instances/syed_consumer/assignments HTTP/1.1
16:03:51.492 [ForkJoinPool-1-worker-1] DEBUG org.apache.http.headers - http-outgoing-27 >> Accept: application/vnd.kafka.v2+json
16:03:51.492 [ForkJoinPool-1-worker-1] DEBUG org.apache.http.headers - http-outgoing-27 >> Host: 192.168.1.62:8082
16:03:51.492 [ForkJoinPool-1-worker-1] DEBUG org.apache.http.headers - http-outgoing-27 >> Connection: Keep-Alive
16:03:51.492 [ForkJoinPool-1-worker-1] DEBUG org.apache.http.headers - http-outgoing-27 >> User-Agent: Apache-HttpClient/4.5.12 (Java/1.8.0_251)
16:03:51.492 [ForkJoinPool-1-worker-1] DEBUG org.apache.http.headers - http-outgoing-27 >> Accept-Encoding: gzip,deflate
16:03:51.492 [ForkJoinPool-1-worker-1] DEBUG org.apache.http.wire - http-outgoing-27 >> "GET /consumers/my-consumer-group/instances/syed_consumer/assignments HTTP/1.1[\r][\n]"
16:03:51.492 [ForkJoinPool-1-worker-1] DEBUG org.apache.http.wire - http-outgoing-27 >> "Accept: application/vnd.kafka.v2+json[\r][\n]"
16:03:51.492 [ForkJoinPool-1-worker-1] DEBUG org.apache.http.wire - http-outgoing-27 >> "Host: 192.168.1.62:8082[\r][\n]"
16:03:51.492 [ForkJoinPool-1-worker-1] DEBUG org.apache.http.wire - http-outgoing-27 >> "Connection: Keep-Alive[\r][\n]"
16:03:51.492 [ForkJoinPool-1-worker-1] DEBUG org.apache.http.wire - http-outgoing-27 >> "User-Agent: Apache-HttpClient/4.5.12 (Java/1.8.0_251)[\r][\n]"
16:03:51.492 [ForkJoinPool-1-worker-1] DEBUG org.apache.http.wire - http-outgoing-27 >> "Accept-Encoding: gzip,deflate[\r][\n]"
16:03:51.492 [ForkJoinPool-1-worker-1] DEBUG org.apache.http.wire - http-outgoing-27 >> "[\r][\n]"
16:03:51.539 [ForkJoinPool-1-worker-0] DEBUG org.apache.http.wire - http-outgoing-26 << "HTTP/1.1 200 OK[\r][\n]"
16:03:51.539 [ForkJoinPool-1-worker-0] DEBUG org.apache.http.wire - http-outgoing-26 << "Date: Fri, 05 Feb 2021 10:33:51 GMT[\r][\n]"
16:03:51.539 [ForkJoinPool-1-worker-0] DEBUG org.apache.http.wire - http-outgoing-26 << "Content-Type: application/vnd.kafka.json.v2+json[\r][\n]"
16:03:51.539 [ForkJoinPool-1-worker-0] DEBUG org.apache.http.wire - http-outgoing-26 << "Vary: Accept-Encoding, User-Agent[\r][\n]"
16:03:51.539 [ForkJoinPool-1-worker-0] DEBUG org.apache.http.wire - http-outgoing-26 << "Content-Encoding: gzip[\r][\n]"
16:03:51.539 [ForkJoinPool-1-worker-0] DEBUG org.apache.http.wire - http-outgoing-26 << "Content-Length: 231[\r][\n]"
16:03:51.539 [ForkJoinPool-1-worker-0] DEBUG org.apache.http.wire - http-outgoing-26 << "[\r][\n]"
16:03:51.539 [ForkJoinPool-1-worker-0] DEBUG org.apache.http.wire - http-outgoing-26 << "[0x1f][0x8b][0x8][0x0][0x0][0x0][0x0][0x0][0x0][0x0][0xad][0xd4]M[\n]"
16:03:51.539 [ForkJoinPool-1-worker-0] DEBUG org.apache.http.wire - http-outgoing-26 << "[0x83]0[0x10][0x86][0xe1][0xbb]d[0x1d]J[0x93][0xd8][0x1f][0xbd]J)%[0xb4][0x11]B[0x83][0x8a][0xc6][0x82][0x14][0xef][0xde][0x94].[0xba]r[0x86][0xf]fcL[0x16][0x3][0xf][0xbc][0xcc][0xe5][0xad]r?[0xc4][0xbb]j[0xd4][0xb4][0x84][0xc7][0xed]w[0xd1][0xea][0x19][0x96][0xf2]T[0xbe][0xae]\^>[0xcd][0xe1]{[0xf5][0xa3][0xcf][0xa1]*/[0x83][0x1f]s[0xcc][0xb1][0xef]T[0xb3][0xd7][0xaa]o[0xdb])[0xe4][0xf2][0xbb]jj\7[0xa7][0xf4][0x1f]VN[0xb7]9[0xc9][0x0][0x93][0x8c]u;[0xb7]5[0xc8][0xd2][0x83]P[0xa1][0x13][0x13]VR[0xc2][0x83][0xac][0xf0](&<I[0x9][0xcf][0xb2][0xc2]Z[0xae]R$x[0x92]h[0x98][0xe0]Q[0xa3]a[0xba]G[0x90]H[0xf3]4[0x92]i[0x1e]F2[0xe9]#H${[0x1a][0xc9]d[0xf]#[0x99][0xfa][0x11]$R>[0xbd]U[0x99][0xf0]Q[0xa4]E[0xf6]=[0x8d][0xb4]H[0xf9]4[0x92][0x9][0x1f]F"+[0x9f]A"[0xe5][0xd3]H&|[0x18][0x89]l}[0x6][0x89][0x94]O#[0xeb][0xf5][0xfa][0x1]+[0x5][0xc3]n[0xe9][0x8][0x0][0x0]"
16:03:51.539 [ForkJoinPool-1-worker-0] DEBUG org.apache.http.headers - http-outgoing-26 << HTTP/1.1 200 OK
16:03:51.539 [ForkJoinPool-1-worker-0] DEBUG org.apache.http.headers - http-outgoing-26 << Date: Fri, 05 Feb 2021 10:33:51 GMT
16:03:51.539 [ForkJoinPool-1-worker-0] DEBUG org.apache.http.headers - http-outgoing-26 << Content-Type: application/vnd.kafka.json.v2+json
16:03:51.539 [ForkJoinPool-1-worker-0] DEBUG org.apache.http.headers - http-outgoing-26 << Vary: Accept-Encoding, User-Agent
16:03:51.539 [ForkJoinPool-1-worker-0] DEBUG org.apache.http.headers - http-outgoing-26 << Content-Encoding: gzip
16:03:51.539 [ForkJoinPool-1-worker-0] DEBUG org.apache.http.headers - http-outgoing-26 << Content-Length: 231
16:03:51.539 [ForkJoinPool-1-worker-0] DEBUG org.apache.http.impl.execchain.MainClientExec - Connection can be kept alive indefinitely
16:03:51.539 [ForkJoinPool-1-worker-0] DEBUG org.apache.http.impl.conn.PoolingHttpClientConnectionManager - Connection [id: 26][route: {}->http://192.168.1.62:8082] can be kept alive indefinitely
16:03:51.539 [ForkJoinPool-1-worker-0] DEBUG org.apache.http.impl.conn.DefaultManagedHttpClientConnection - http-outgoing-26: set socket timeout to 0
16:03:51.539 [ForkJoinPool-1-worker-0] DEBUG org.apache.http.impl.conn.PoolingHttpClientConnectionManager - Connection released: [id: 26][route: {}->http://192.168.1.62:8082][total available: 1; route allocated: 1 of 5; total allocated: 1 of 10]
16:03:51.539 [ForkJoinPool-1-worker-0] DEBUG com.intuit.karate - response time in milliseconds: 1003.66
1 < 200
1 < Content-Type: application/vnd.kafka.json.v2+json
1 < Date: Fri, 05 Feb 2021 10:33:51 GMT
1 < Vary: Accept-Encoding, User-Agent
[{"topic":"syed_topic","key":"key3","value":"karate4","partition":0,"offset":0},{"topic":"syed_topic","key":null,"value":"val3","partition":0,"offset":1},{"topic":"syed_topic","key":null,"value":123.3,"partition":0,"offset":2},{"topic":"syed_topic","key":"key3","value":"karate4","partition":0,"offset":3},{"topic":"syed_topic","key":null,"value":"val3","partition":0,"offset":4},{"topic":"syed_topic","key":null,"value":123.3,"partition":0,"offset":5},{"topic":"syed_topic","key":"key3","value":"karate4","partition":0,"offset":6},{"topic":"syed_topic","key":null,"value":"val3","partition":0,"offset":7},{"topic":"syed_topic","key":null,"value":123.3,"partition":0,"offset":8},{"topic":"syed_topic","key":"key3","value":"karate4","partition":0,"offset":9},{"topic":"syed_topic","key":null,"value":"val3","partition":0,"offset":10},{"topic":"syed_topic","key":null,"value":123.3,"partition":0,"offset":11},{"topic":"syed_topic","key":"key3","value":"karate4","partition":0,"offset":12},{"topic":"syed_topic","key":null,"value":"val3","partition":0,"offset":13},{"topic":"syed_topic","key":null,"value":123.3,"partition":0,"offset":14},{"topic":"syed_topic","key":"key3","value":"karate4","partition":0,"offset":15},{"topic":"syed_topic","key":null,"value":"val3","partition":0,"offset":16},{"topic":"syed_topic","key":null,"value":123.3,"partition":0,"offset":17},{"topic":"syed_topic","key":"key3","value":"karate4","partition":0,"offset":18},{"topic":"syed_topic","key":null,"value":"val3","partition":0,"offset":19},{"topic":"syed_topic","key":null,"value":123.3,"partition":0,"offset":20},{"topic":"syed_topic","key":"key3","value":"karate4","partition":0,"offset":21},{"topic":"syed_topic","key":null,"value":"val3","partition":0,"offset":22},{"topic":"syed_topic","key":null,"value":123.3,"partition":0,"offset":23},{"topic":"syed_topic","key":"key3","value":"karate4","partition":0,"offset":24},{"topic":"syed_topic","key":null,"value":"val3","partition":0,"offset":25},{"topic":"syed_topic","key":null,"value":123.3,"partition":0,"offset":26},{"topic":"syed_topic","key":"key3","value":"karate4","partition":0,"offset":27},{"topic":"syed_topic","key":null,"value":"val3","partition":0,"offset":28},{"topic":"syed_topic","key":null,"value":123.3,"partition":0,"offset":29}]

16:03:51.539 [ForkJoinPool-1-worker-0] DEBUG com.jayway.jsonpath.internal.path.CompiledPath - Evaluating path: $
16:03:51.539 [ForkJoinPool-1-worker-0] INFO com.intuit.karate - [print] [
  {
    "partition": 0,
    "offset": 0,
    "topic": "syed_topic",
    "value": "karate4",
    "key": "key3"
  },
  {
    "partition": 0,
    "offset": 1,
    "topic": "syed_topic",
    "value": "val3",
    "key": null
  },
  {
    "partition": 0,
    "offset": 2,
    "topic": "syed_topic",
    "value": 123.3,
    "key": null
  },
  {
    "partition": 0,
    "offset": 3,
    "topic": "syed_topic",
    "value": "karate4",
    "key": "key3"
  },
  {
    "partition": 0,
    "offset": 4,
    "topic": "syed_topic",
    "value": "val3",
    "key": null
  },
  {
    "partition": 0,
    "offset": 5,
    "topic": "syed_topic",
    "value": 123.3,
    "key": null
  },
  {
    "partition": 0,
    "offset": 6,
    "topic": "syed_topic",
    "value": "karate4",
    "key": "key3"
  },
  {
    "partition": 0,
    "offset": 7,
    "topic": "syed_topic",
    "value": "val3",
    "key": null
  },
  {
    "partition": 0,
    "offset": 8,
    "topic": "syed_topic",
    "value": 123.3,
    "key": null
  },
  {
    "partition": 0,
    "offset": 9,
    "topic": "syed_topic",
    "value": "karate4",
    "key": "key3"
  },
  {
    "partition": 0,
    "offset": 10,
    "topic": "syed_topic",
    "value": "val3",
    "key": null
  },
  {
    "partition": 0,
    "offset": 11,
    "topic": "syed_topic",
    "value": 123.3,
    "key": null
  },
  {
    "partition": 0,
    "offset": 12,
    "topic": "syed_topic",
    "value": "karate4",
    "key": "key3"
  },
  {
    "partition": 0,
    "offset": 13,
    "topic": "syed_topic",
    "value": "val3",
    "key": null
  },
  {
    "partition": 0,
    "offset": 14,
    "topic": "syed_topic",
    "value": 123.3,
    "key": null
  },
  {
    "partition": 0,
    "offset": 15,
    "topic": "syed_topic",
    "value": "karate4",
    "key": "key3"
  },
  {
    "partition": 0,
    "offset": 16,
    "topic": "syed_topic",
    "value": "val3",
    "key": null
  },
  {
    "partition": 0,
    "offset": 17,
    "topic": "syed_topic",
    "value": 123.3,
    "key": null
  },
  {
    "partition": 0,
    "offset": 18,
    "topic": "syed_topic",
    "value": "karate4",
    "key": "key3"
  },
  {
    "partition": 0,
    "offset": 19,
    "topic": "syed_topic",
    "value": "val3",
    "key": null
  },
  {
    "partition": 0,
    "offset": 20,
    "topic": "syed_topic",
    "value": 123.3,
    "key": null
  },
  {
    "partition": 0,
    "offset": 21,
    "topic": "syed_topic",
    "value": "karate4",
    "key": "key3"
  },
  {
    "partition": 0,
    "offset": 22,
    "topic": "syed_topic",
    "value": "val3",
    "key": null
  },
  {
    "partition": 0,
    "offset": 23,
    "topic": "syed_topic",
    "value": 123.3,
    "key": null
  },
  {
    "partition": 0,
    "offset": 24,
    "topic": "syed_topic",
    "value": "karate4",
    "key": "key3"
  },
  {
    "partition": 0,
    "offset": 25,
    "topic": "syed_topic",
    "value": "val3",
    "key": null
  },
  {
    "partition": 0,
    "offset": 26,
    "topic": "syed_topic",
    "value": 123.3,
    "key": null
  },
  {
    "partition": 0,
    "offset": 27,
    "topic": "syed_topic",
    "value": "karate4",
    "key": "key3"
  },
  {
    "partition": 0,
    "offset": 28,
    "topic": "syed_topic",
    "value": "val3",
    "key": null
  },
  {
    "partition": 0,
    "offset": 29,
    "topic": "syed_topic",
    "value": 123.3,
    "key": null
  }
]

16:03:51.539 [ForkJoinPool-1-worker-0] INFO com.intuit.karate - after scenario inside config 
16:03:51.539 [ForkJoinPool-1-worker-0] INFO com.intuit.karate - From karate-config file 
16:03:51.539 [ForkJoinPool-1-worker-0] DEBUG com.jayway.jsonpath.internal.path.CompiledPath - Evaluating path: $
16:03:51.539 [ForkJoinPool-1-worker-0] DEBUG org.apache.http.client.protocol.RequestAddCookies - CookieSpec selected: karate
16:03:51.539 [ForkJoinPool-1-worker-0] DEBUG org.apache.http.client.protocol.RequestAuthCache - Auth cache not set in the context
16:03:51.539 [ForkJoinPool-1-worker-0] DEBUG com.intuit.karate - request:
1 > DELETE http://192.168.1.62:8082/consumers/my-consumer-group/instances/syed_consumer/subscription
1 > Accept: application/vnd.kafka.v2+json
1 > Accept-Encoding: gzip,deflate
1 > Connection: Keep-Alive
1 > Host: 192.168.1.62:8082
1 > User-Agent: Apache-HttpClient/4.5.12 (Java/1.8.0_251)

16:03:51.539 [ForkJoinPool-1-worker-0] DEBUG org.apache.http.impl.conn.PoolingHttpClientConnectionManager - Connection request: [route: {}->http://192.168.1.62:8082][total available: 0; route allocated: 0 of 5; total allocated: 0 of 10]
16:03:51.539 [ForkJoinPool-1-worker-0] DEBUG org.apache.http.impl.conn.PoolingHttpClientConnectionManager - Connection leased: [id: 28][route: {}->http://192.168.1.62:8082][total available: 0; route allocated: 1 of 5; total allocated: 1 of 10]
16:03:51.539 [ForkJoinPool-1-worker-0] DEBUG org.apache.http.impl.execchain.MainClientExec - Opening connection {}->http://192.168.1.62:8082
16:03:51.539 [ForkJoinPool-1-worker-0] DEBUG org.apache.http.impl.conn.DefaultHttpClientConnectionOperator - Connecting to /192.168.1.62:8082
16:03:51.539 [ForkJoinPool-1-worker-0] DEBUG org.apache.http.impl.conn.DefaultHttpClientConnectionOperator - Connection established 192.168.1.49:63175<->192.168.1.62:8082
16:03:51.539 [ForkJoinPool-1-worker-0] DEBUG org.apache.http.impl.conn.DefaultManagedHttpClientConnection - http-outgoing-28: set socket timeout to 5000
16:03:51.539 [ForkJoinPool-1-worker-0] DEBUG org.apache.http.impl.execchain.MainClientExec - Executing request DELETE /consumers/my-consumer-group/instances/syed_consumer/subscription HTTP/1.1
16:03:51.539 [ForkJoinPool-1-worker-0] DEBUG org.apache.http.impl.execchain.MainClientExec - Target auth state: UNCHALLENGED
16:03:51.539 [ForkJoinPool-1-worker-0] DEBUG org.apache.http.impl.execchain.MainClientExec - Proxy auth state: UNCHALLENGED
16:03:51.539 [ForkJoinPool-1-worker-0] DEBUG org.apache.http.headers - http-outgoing-28 >> DELETE /consumers/my-consumer-group/instances/syed_consumer/subscription HTTP/1.1
16:03:51.539 [ForkJoinPool-1-worker-0] DEBUG org.apache.http.headers - http-outgoing-28 >> Accept: application/vnd.kafka.v2+json
16:03:51.539 [ForkJoinPool-1-worker-0] DEBUG org.apache.http.headers - http-outgoing-28 >> Host: 192.168.1.62:8082
16:03:51.539 [ForkJoinPool-1-worker-0] DEBUG org.apache.http.headers - http-outgoing-28 >> Connection: Keep-Alive
16:03:51.539 [ForkJoinPool-1-worker-0] DEBUG org.apache.http.headers - http-outgoing-28 >> User-Agent: Apache-HttpClient/4.5.12 (Java/1.8.0_251)
16:03:51.539 [ForkJoinPool-1-worker-0] DEBUG org.apache.http.headers - http-outgoing-28 >> Accept-Encoding: gzip,deflate
16:03:51.539 [ForkJoinPool-1-worker-0] DEBUG org.apache.http.wire - http-outgoing-28 >> "DELETE /consumers/my-consumer-group/instances/syed_consumer/subscription HTTP/1.1[\r][\n]"
16:03:51.539 [ForkJoinPool-1-worker-0] DEBUG org.apache.http.wire - http-outgoing-28 >> "Accept: application/vnd.kafka.v2+json[\r][\n]"
16:03:51.539 [ForkJoinPool-1-worker-0] DEBUG org.apache.http.wire - http-outgoing-28 >> "Host: 192.168.1.62:8082[\r][\n]"
16:03:51.539 [ForkJoinPool-1-worker-0] DEBUG org.apache.http.wire - http-outgoing-28 >> "Connection: Keep-Alive[\r][\n]"
16:03:51.539 [ForkJoinPool-1-worker-0] DEBUG org.apache.http.wire - http-outgoing-28 >> "User-Agent: Apache-HttpClient/4.5.12 (Java/1.8.0_251)[\r][\n]"
16:03:51.539 [ForkJoinPool-1-worker-0] DEBUG org.apache.http.wire - http-outgoing-28 >> "Accept-Encoding: gzip,deflate[\r][\n]"
16:03:51.539 [ForkJoinPool-1-worker-0] DEBUG org.apache.http.wire - http-outgoing-28 >> "[\r][\n]"
16:03:56.507 [ForkJoinPool-1-worker-1] DEBUG org.apache.http.wire - http-outgoing-27 << "[read] I/O error: Read timed out"
16:03:56.507 [ForkJoinPool-1-worker-1] DEBUG org.apache.http.impl.conn.DefaultManagedHttpClientConnection - http-outgoing-27: Close connection
16:03:56.507 [ForkJoinPool-1-worker-1] DEBUG org.apache.http.impl.conn.DefaultManagedHttpClientConnection - http-outgoing-27: Shutdown connection
16:03:56.507 [ForkJoinPool-1-worker-1] DEBUG org.apache.http.impl.execchain.MainClientExec - Connection discarded
16:03:56.507 [ForkJoinPool-1-worker-1] DEBUG org.apache.http.impl.conn.PoolingHttpClientConnectionManager - Connection released: [id: 27][route: {}->http://192.168.1.62:8082][total available: 0; route allocated: 0 of 5; total allocated: 0 of 10]
16:03:56.507 [ForkJoinPool-1-worker-1] ERROR com.intuit.karate - java.net.SocketTimeoutException: Read timed out, http call failed after 5015 milliseconds for URL: http://192.168.1.62:8082/consumers/my-consumer-group/instances/syed_consumer/assignments
16:03:56.507 [ForkJoinPool-1-worker-1] ERROR com.intuit.karate - http request failed: 
java.net.SocketTimeoutException: Read timed out
16:03:56.507 [ForkJoinPool-1-worker-1] INFO com.intuit.karate - after scenario inside config 
16:03:56.507 [ForkJoinPool-1-worker-1] INFO com.intuit.karate - From karate-config file 
16:03:56.507 [ForkJoinPool-1-worker-1] DEBUG com.jayway.jsonpath.internal.path.CompiledPath - Evaluating path: $
16:03:56.507 [ForkJoinPool-1-worker-1] DEBUG org.apache.http.client.protocol.RequestAddCookies - CookieSpec selected: karate
16:03:56.507 [ForkJoinPool-1-worker-1] DEBUG org.apache.http.client.protocol.RequestAuthCache - Auth cache not set in the context
16:03:56.507 [ForkJoinPool-1-worker-1] DEBUG com.intuit.karate - request:
1 > DELETE http://192.168.1.62:8082/consumers/my-consumer-group/instances/syed_consumer
1 > Accept: application/vnd.kafka.v2+json
1 > Accept-Encoding: gzip,deflate
1 > Connection: Keep-Alive
1 > Host: 192.168.1.62:8082
1 > User-Agent: Apache-HttpClient/4.5.12 (Java/1.8.0_251)

16:03:56.507 [ForkJoinPool-1-worker-1] DEBUG org.apache.http.impl.conn.PoolingHttpClientConnectionManager - Connection request: [route: {}->http://192.168.1.62:8082][total available: 0; route allocated: 0 of 5; total allocated: 0 of 10]
16:03:56.507 [ForkJoinPool-1-worker-1] DEBUG org.apache.http.impl.conn.PoolingHttpClientConnectionManager - Connection leased: [id: 29][route: {}->http://192.168.1.62:8082][total available: 0; route allocated: 1 of 5; total allocated: 1 of 10]
16:03:56.507 [ForkJoinPool-1-worker-1] DEBUG org.apache.http.impl.execchain.MainClientExec - Opening connection {}->http://192.168.1.62:8082
16:03:56.507 [ForkJoinPool-1-worker-1] DEBUG org.apache.http.impl.conn.DefaultHttpClientConnectionOperator - Connecting to /192.168.1.62:8082
16:03:56.507 [ForkJoinPool-1-worker-1] DEBUG org.apache.http.impl.conn.DefaultHttpClientConnectionOperator - Connection established 192.168.1.49:63176<->192.168.1.62:8082
16:03:56.507 [ForkJoinPool-1-worker-1] DEBUG org.apache.http.impl.conn.DefaultManagedHttpClientConnection - http-outgoing-29: set socket timeout to 5000
16:03:56.507 [ForkJoinPool-1-worker-1] DEBUG org.apache.http.impl.execchain.MainClientExec - Executing request DELETE /consumers/my-consumer-group/instances/syed_consumer HTTP/1.1
16:03:56.507 [ForkJoinPool-1-worker-1] DEBUG org.apache.http.impl.execchain.MainClientExec - Target auth state: UNCHALLENGED
16:03:56.507 [ForkJoinPool-1-worker-1] DEBUG org.apache.http.impl.execchain.MainClientExec - Proxy auth state: UNCHALLENGED
16:03:56.507 [ForkJoinPool-1-worker-1] DEBUG org.apache.http.headers - http-outgoing-29 >> DELETE /consumers/my-consumer-group/instances/syed_consumer HTTP/1.1
16:03:56.507 [ForkJoinPool-1-worker-1] DEBUG org.apache.http.headers - http-outgoing-29 >> Accept: application/vnd.kafka.v2+json
16:03:56.507 [ForkJoinPool-1-worker-1] DEBUG org.apache.http.headers - http-outgoing-29 >> Host: 192.168.1.62:8082
16:03:56.507 [ForkJoinPool-1-worker-1] DEBUG org.apache.http.headers - http-outgoing-29 >> Connection: Keep-Alive
16:03:56.507 [ForkJoinPool-1-worker-1] DEBUG org.apache.http.headers - http-outgoing-29 >> User-Agent: Apache-HttpClient/4.5.12 (Java/1.8.0_251)
16:03:56.507 [ForkJoinPool-1-worker-1] DEBUG org.apache.http.headers - http-outgoing-29 >> Accept-Encoding: gzip,deflate
16:03:56.507 [ForkJoinPool-1-worker-1] DEBUG org.apache.http.wire - http-outgoing-29 >> "DELETE /consumers/my-consumer-group/instances/syed_consumer HTTP/1.1[\r][\n]"
16:03:56.507 [ForkJoinPool-1-worker-1] DEBUG org.apache.http.wire - http-outgoing-29 >> "Accept: application/vnd.kafka.v2+json[\r][\n]"
16:03:56.507 [ForkJoinPool-1-worker-1] DEBUG org.apache.http.wire - http-outgoing-29 >> "Host: 192.168.1.62:8082[\r][\n]"
16:03:56.507 [ForkJoinPool-1-worker-1] DEBUG org.apache.http.wire - http-outgoing-29 >> "Connection: Keep-Alive[\r][\n]"
16:03:56.507 [ForkJoinPool-1-worker-1] DEBUG org.apache.http.wire - http-outgoing-29 >> "User-Agent: Apache-HttpClient/4.5.12 (Java/1.8.0_251)[\r][\n]"
16:03:56.507 [ForkJoinPool-1-worker-1] DEBUG org.apache.http.wire - http-outgoing-29 >> "Accept-Encoding: gzip,deflate[\r][\n]"
16:03:56.507 [ForkJoinPool-1-worker-1] DEBUG org.apache.http.wire - http-outgoing-29 >> "[\r][\n]"
16:03:56.554 [ForkJoinPool-1-worker-0] DEBUG org.apache.http.wire - http-outgoing-28 << "[read] I/O error: Read timed out"
16:03:56.554 [ForkJoinPool-1-worker-0] DEBUG org.apache.http.impl.conn.DefaultManagedHttpClientConnection - http-outgoing-28: Close connection
16:03:56.554 [ForkJoinPool-1-worker-0] DEBUG org.apache.http.impl.conn.DefaultManagedHttpClientConnection - http-outgoing-28: Shutdown connection
16:03:56.554 [ForkJoinPool-1-worker-0] DEBUG org.apache.http.impl.execchain.MainClientExec - Connection discarded
16:03:56.554 [ForkJoinPool-1-worker-0] DEBUG org.apache.http.impl.conn.PoolingHttpClientConnectionManager - Connection released: [id: 28][route: {}->http://192.168.1.62:8082][total available: 0; route allocated: 0 of 5; total allocated: 0 of 10]
16:03:56.554 [ForkJoinPool-1-worker-0] ERROR com.intuit.karate - java.net.SocketTimeoutException: Read timed out, http call failed after 5015 milliseconds for URL: http://192.168.1.62:8082/consumers/my-consumer-group/instances/syed_consumer/subscription
16:03:56.554 [ForkJoinPool-1-worker-0] ERROR com.intuit.karate - http request failed: 
java.net.SocketTimeoutException: Read timed out
16:03:56.554 [ForkJoinPool-1-worker-0] INFO com.intuit.karate - after scenario inside config 
16:03:56.554 [ForkJoinPool-1-worker-0] INFO com.intuit.karate - From karate-config file 
16:03:56.554 [ForkJoinPool-1-worker-0] DEBUG com.jayway.jsonpath.internal.path.CompiledPath - Evaluating path: $
16:03:56.554 [ForkJoinPool-1-worker-0] DEBUG org.apache.http.client.protocol.RequestAddCookies - CookieSpec selected: karate
16:03:56.554 [ForkJoinPool-1-worker-0] DEBUG org.apache.http.client.protocol.RequestAuthCache - Auth cache not set in the context
16:03:56.554 [ForkJoinPool-1-worker-0] DEBUG com.intuit.karate - request:
1 > DELETE http://192.168.1.62:8082/consumers/my-consumer-group/instances/syed_consumer
1 > Accept: application/vnd.kafka.v2+json
1 > Accept-Encoding: gzip,deflate
1 > Connection: Keep-Alive
1 > Host: 192.168.1.62:8082
1 > User-Agent: Apache-HttpClient/4.5.12 (Java/1.8.0_251)

16:03:56.554 [ForkJoinPool-1-worker-0] DEBUG org.apache.http.impl.conn.PoolingHttpClientConnectionManager - Connection request: [route: {}->http://192.168.1.62:8082][total available: 0; route allocated: 0 of 5; total allocated: 0 of 10]
16:03:56.554 [ForkJoinPool-1-worker-0] DEBUG org.apache.http.impl.conn.PoolingHttpClientConnectionManager - Connection leased: [id: 30][route: {}->http://192.168.1.62:8082][total available: 0; route allocated: 1 of 5; total allocated: 1 of 10]
16:03:56.554 [ForkJoinPool-1-worker-0] DEBUG org.apache.http.impl.execchain.MainClientExec - Opening connection {}->http://192.168.1.62:8082
16:03:56.554 [ForkJoinPool-1-worker-0] DEBUG org.apache.http.impl.conn.DefaultHttpClientConnectionOperator - Connecting to /192.168.1.62:8082
16:03:56.554 [ForkJoinPool-1-worker-0] DEBUG org.apache.http.impl.conn.DefaultHttpClientConnectionOperator - Connection established 192.168.1.49:63177<->192.168.1.62:8082
16:03:56.554 [ForkJoinPool-1-worker-0] DEBUG org.apache.http.impl.conn.DefaultManagedHttpClientConnection - http-outgoing-30: set socket timeout to 5000
16:03:56.554 [ForkJoinPool-1-worker-0] DEBUG org.apache.http.impl.execchain.MainClientExec - Executing request DELETE /consumers/my-consumer-group/instances/syed_consumer HTTP/1.1
16:03:56.554 [ForkJoinPool-1-worker-0] DEBUG org.apache.http.impl.execchain.MainClientExec - Target auth state: UNCHALLENGED
16:03:56.554 [ForkJoinPool-1-worker-0] DEBUG org.apache.http.impl.execchain.MainClientExec - Proxy auth state: UNCHALLENGED
16:03:56.554 [ForkJoinPool-1-worker-0] DEBUG org.apache.http.headers - http-outgoing-30 >> DELETE /consumers/my-consumer-group/instances/syed_consumer HTTP/1.1
16:03:56.554 [ForkJoinPool-1-worker-0] DEBUG org.apache.http.headers - http-outgoing-30 >> Accept: application/vnd.kafka.v2+json
16:03:56.554 [ForkJoinPool-1-worker-0] DEBUG org.apache.http.headers - http-outgoing-30 >> Host: 192.168.1.62:8082
16:03:56.554 [ForkJoinPool-1-worker-0] DEBUG org.apache.http.headers - http-outgoing-30 >> Connection: Keep-Alive
16:03:56.554 [ForkJoinPool-1-worker-0] DEBUG org.apache.http.headers - http-outgoing-30 >> User-Agent: Apache-HttpClient/4.5.12 (Java/1.8.0_251)
16:03:56.554 [ForkJoinPool-1-worker-0] DEBUG org.apache.http.headers - http-outgoing-30 >> Accept-Encoding: gzip,deflate
16:03:56.554 [ForkJoinPool-1-worker-0] DEBUG org.apache.http.wire - http-outgoing-30 >> "DELETE /consumers/my-consumer-group/instances/syed_consumer HTTP/1.1[\r][\n]"
16:03:56.554 [ForkJoinPool-1-worker-0] DEBUG org.apache.http.wire - http-outgoing-30 >> "Accept: application/vnd.kafka.v2+json[\r][\n]"
16:03:56.554 [ForkJoinPool-1-worker-0] DEBUG org.apache.http.wire - http-outgoing-30 >> "Host: 192.168.1.62:8082[\r][\n]"
16:03:56.554 [ForkJoinPool-1-worker-0] DEBUG org.apache.http.wire - http-outgoing-30 >> "Connection: Keep-Alive[\r][\n]"
16:03:56.554 [ForkJoinPool-1-worker-0] DEBUG org.apache.http.wire - http-outgoing-30 >> "User-Agent: Apache-HttpClient/4.5.12 (Java/1.8.0_251)[\r][\n]"
16:03:56.554 [ForkJoinPool-1-worker-0] DEBUG org.apache.http.wire - http-outgoing-30 >> "Accept-Encoding: gzip,deflate[\r][\n]"
16:03:56.554 [ForkJoinPool-1-worker-0] DEBUG org.apache.http.wire - http-outgoing-30 >> "[\r][\n]"
16:04:01.507 [ForkJoinPool-1-worker-1] DEBUG org.apache.http.wire - http-outgoing-29 << "[read] I/O error: Read timed out"
16:04:01.507 [ForkJoinPool-1-worker-1] DEBUG org.apache.http.impl.conn.DefaultManagedHttpClientConnection - http-outgoing-29: Close connection
16:04:01.507 [ForkJoinPool-1-worker-1] DEBUG org.apache.http.impl.conn.DefaultManagedHttpClientConnection - http-outgoing-29: Shutdown connection
16:04:01.507 [ForkJoinPool-1-worker-1] DEBUG org.apache.http.impl.execchain.MainClientExec - Connection discarded
16:04:01.507 [ForkJoinPool-1-worker-1] DEBUG org.apache.http.impl.conn.PoolingHttpClientConnectionManager - Connection released: [id: 29][route: {}->http://192.168.1.62:8082][total available: 0; route allocated: 0 of 5; total allocated: 0 of 10]
16:04:01.507 [ForkJoinPool-1-worker-1] ERROR com.intuit.karate - java.net.SocketTimeoutException: Read timed out, http call failed after 5000 milliseconds for URL: http://192.168.1.62:8082/consumers/my-consumer-group/instances/syed_consumer
16:04:01.507 [ForkJoinPool-1-worker-1] ERROR com.intuit.karate - http request failed: 
java.net.SocketTimeoutException: Read timed out
16:04:01.507 [ForkJoinPool-1-worker-1] INFO com.intuit.karate - after scenario inside config 
16:04:01.507 [ForkJoinPool-1-worker-1] INFO com.intuit.karate - From karate-config file 
16:04:01.507 [ForkJoinPool-1-worker-1] DEBUG com.jayway.jsonpath.internal.path.CompiledPath - Evaluating path: $
16:04:01.507 [ForkJoinPool-1-worker-1] ERROR com.intuit.karate - http request failed: request body is required for a POST, please use the 'request' keyword
16:04:01.507 [ForkJoinPool-1-worker-1] INFO com.intuit.karate - after scenario inside config 
16:04:01.507 [pool-1-thread-2] INFO com.intuit.karate.Runner - <<fail>> feature 25 of 26: classpath:feauturefiles/karate23-config-file.feature
---------------------------------------------------------
feature: classpath:feauturefiles/karate23-config-file.feature
report: build\surefire-reports\feauturefiles.karate23-config-file.json
scenarios:  1 | passed:  0 | failed:  1 | time: 0.0002
---------------------------------------------------------
16:04:01.507 [ForkJoinPool-1-worker-1] INFO com.intuit.karate - From karate-config file 
16:04:01.507 [ForkJoinPool-1-worker-1] DEBUG com.jayway.jsonpath.internal.path.CompiledPath - Evaluating path: $
16:04:01.507 [ForkJoinPool-1-worker-1] INFO com.intuit.karate - [print] From background block
16:04:01.523 [ForkJoinPool-1-worker-1] INFO com.intuit.karate - [print] from scenario block
16:04:01.523 [ForkJoinPool-1-worker-1] INFO com.intuit.karate - after scenario inside config 
16:04:01.523 [pool-1-thread-2] INFO com.intuit.karate.Runner - <<pass>> feature 26 of 26: classpath:feauturefiles/karate24-hooks.feature
---------------------------------------------------------
feature: classpath:feauturefiles/karate24-hooks.feature
report: build\surefire-reports\feauturefiles.karate24-hooks.json
scenarios:  1 | passed:  1 | failed:  0 | time: 0.0027
---------------------------------------------------------
16:04:01.554 [ForkJoinPool-1-worker-0] DEBUG org.apache.http.wire - http-outgoing-30 << "[read] I/O error: Read timed out"
16:04:01.554 [ForkJoinPool-1-worker-0] DEBUG org.apache.http.impl.conn.DefaultManagedHttpClientConnection - http-outgoing-30: Close connection
16:04:01.554 [ForkJoinPool-1-worker-0] DEBUG org.apache.http.impl.conn.DefaultManagedHttpClientConnection - http-outgoing-30: Shutdown connection
16:04:01.554 [ForkJoinPool-1-worker-0] DEBUG org.apache.http.impl.execchain.MainClientExec - Connection discarded
16:04:01.554 [ForkJoinPool-1-worker-0] DEBUG org.apache.http.impl.conn.PoolingHttpClientConnectionManager - Connection released: [id: 30][route: {}->http://192.168.1.62:8082][total available: 0; route allocated: 0 of 5; total allocated: 0 of 10]
16:04:01.554 [ForkJoinPool-1-worker-0] ERROR com.intuit.karate - java.net.SocketTimeoutException: Read timed out, http call failed after 5000 milliseconds for URL: http://192.168.1.62:8082/consumers/my-consumer-group/instances/syed_consumer
16:04:01.554 [ForkJoinPool-1-worker-0] ERROR com.intuit.karate - http request failed: 
java.net.SocketTimeoutException: Read timed out
16:04:01.554 [ForkJoinPool-1-worker-0] INFO com.intuit.karate - after scenario inside config 
16:04:01.554 [pool-1-thread-1] INFO com.intuit.karate.Runner - <<fail>> feature 24 of 26: classpath:feauturefiles/karate20-kafka3.feature
---------------------------------------------------------
feature: classpath:feauturefiles/karate20-kafka3.feature
report: build\surefire-reports\feauturefiles.karate20-kafka3.json
scenarios:  8 | passed:  4 | failed:  4 | time: 21.0538
---------------------------------------------------------
16:04:01.663 [Finalizer] DEBUG org.apache.http.impl.conn.PoolingHttpClientConnectionManager - Connection manager is shutting down
16:04:01.663 [Finalizer] DEBUG org.apache.http.impl.conn.DefaultManagedHttpClientConnection - http-outgoing-23: Close connection
16:04:01.663 [Finalizer] DEBUG org.apache.http.impl.conn.PoolingHttpClientConnectionManager - Connection manager shut down
16:04:01.663 [Finalizer] DEBUG org.apache.http.impl.conn.PoolingHttpClientConnectionManager - Connection manager is shutting down
16:04:01.663 [Finalizer] DEBUG org.apache.http.impl.conn.DefaultManagedHttpClientConnection - http-outgoing-24: Close connection
16:04:01.663 [Finalizer] DEBUG org.apache.http.impl.conn.PoolingHttpClientConnectionManager - Connection manager shut down
16:04:01.663 [Finalizer] DEBUG org.apache.http.impl.conn.PoolingHttpClientConnectionManager - Connection manager is shutting down
16:04:01.663 [Finalizer] DEBUG org.apache.http.impl.conn.DefaultManagedHttpClientConnection - http-outgoing-25: Close connection
16:04:01.663 [Finalizer] DEBUG org.apache.http.impl.conn.PoolingHttpClientConnectionManager - Connection manager shut down
16:04:01.663 [Finalizer] DEBUG org.apache.http.impl.conn.PoolingHttpClientConnectionManager - Connection manager is shutting down
16:04:01.663 [Finalizer] DEBUG org.apache.http.impl.conn.DefaultManagedHttpClientConnection - http-outgoing-26: Close connection
16:04:01.663 [Finalizer] DEBUG org.apache.http.impl.conn.PoolingHttpClientConnectionManager - Connection manager shut down
16:04:01.663 [Finalizer] DEBUG org.apache.http.impl.conn.PoolingHttpClientConnectionManager - Connection manager is shutting down
16:04:01.663 [Finalizer] DEBUG org.apache.http.impl.conn.PoolingHttpClientConnectionManager - Connection manager shut down
16:04:01.663 [Finalizer] DEBUG org.apache.http.impl.conn.PoolingHttpClientConnectionManager - Connection manager is shutting down
16:04:01.663 [Finalizer] DEBUG org.apache.http.impl.conn.PoolingHttpClientConnectionManager - Connection manager shut down
16:04:01.663 [Finalizer] DEBUG org.apache.http.impl.conn.PoolingHttpClientConnectionManager - Connection manager is shutting down
16:04:01.663 [Finalizer] DEBUG org.apache.http.impl.conn.PoolingHttpClientConnectionManager - Connection manager shut down
16:04:01.663 [Finalizer] DEBUG org.apache.http.impl.conn.PoolingHttpClientConnectionManager - Connection manager is shutting down
16:04:01.663 [Finalizer] DEBUG org.apache.http.impl.conn.PoolingHttpClientConnectionManager - Connection manager shut down
16:04:01.663 [Finalizer] DEBUG org.apache.http.impl.conn.PoolingHttpClientConnectionManager - Connection manager is shutting down
16:04:01.663 [Finalizer] DEBUG org.apache.http.impl.conn.DefaultManagedHttpClientConnection - http-outgoing-15: Close connection
16:04:01.663 [Finalizer] DEBUG org.apache.http.impl.conn.PoolingHttpClientConnectionManager - Connection manager shut down
16:04:01.663 [Finalizer] DEBUG org.apache.http.impl.conn.PoolingHttpClientConnectionManager - Connection manager is shutting down
16:04:01.663 [Finalizer] DEBUG org.apache.http.impl.conn.DefaultManagedHttpClientConnection - http-outgoing-16: Close connection
16:04:01.663 [Finalizer] DEBUG org.apache.http.impl.conn.PoolingHttpClientConnectionManager - Connection manager shut down
16:04:01.663 [Finalizer] DEBUG org.apache.http.impl.conn.PoolingHttpClientConnectionManager - Connection manager is shutting down
16:04:01.663 [Finalizer] DEBUG org.apache.http.impl.conn.PoolingHttpClientConnectionManager - Connection manager shut down
16:04:01.663 [Finalizer] DEBUG org.apache.http.impl.conn.PoolingHttpClientConnectionManager - Connection manager is shutting down
16:04:01.663 [Finalizer] DEBUG org.apache.http.impl.conn.DefaultManagedHttpClientConnection - http-outgoing-18: Close connection
16:04:01.663 [Finalizer] DEBUG org.apache.http.impl.conn.PoolingHttpClientConnectionManager - Connection manager shut down
16:04:01.663 [Finalizer] DEBUG org.apache.http.impl.conn.PoolingHttpClientConnectionManager - Connection manager is shutting down
16:04:01.663 [Finalizer] DEBUG org.apache.http.impl.conn.PoolingHttpClientConnectionManager - Connection manager shut down
16:04:01.663 [Finalizer] DEBUG org.apache.http.impl.conn.PoolingHttpClientConnectionManager - Connection manager is shutting down
16:04:01.663 [Finalizer] DEBUG org.apache.http.impl.conn.DefaultManagedHttpClientConnection - http-outgoing-20: Close connection
16:04:01.663 [Finalizer] DEBUG org.apache.http.impl.conn.PoolingHttpClientConnectionManager - Connection manager shut down
16:04:01.663 [Finalizer] DEBUG org.apache.http.impl.conn.PoolingHttpClientConnectionManager - Connection manager is shutting down
16:04:01.663 [Finalizer] DEBUG org.apache.http.impl.conn.DefaultManagedHttpClientConnection - http-outgoing-21: Close connection
16:04:01.663 [Finalizer] DEBUG org.apache.http.impl.conn.PoolingHttpClientConnectionManager - Connection manager shut down
16:04:01.663 [Finalizer] DEBUG org.apache.http.impl.conn.PoolingHttpClientConnectionManager - Connection manager is shutting down
16:04:01.663 [Finalizer] DEBUG org.apache.http.impl.conn.DefaultManagedHttpClientConnection - http-outgoing-22: Close connection
16:04:01.663 [Finalizer] DEBUG org.apache.http.impl.conn.PoolingHttpClientConnectionManager - Connection manager shut down
16:04:01.663 [Finalizer] DEBUG org.apache.http.impl.conn.PoolingHttpClientConnectionManager - Connection manager is shutting down
16:04:01.663 [Finalizer] DEBUG org.apache.http.impl.conn.DefaultManagedHttpClientConnection - http-outgoing-14: Close connection
16:04:01.663 [Finalizer] DEBUG org.apache.http.impl.conn.PoolingHttpClientConnectionManager - Connection manager shut down

HTML report: (paste into browser to view) | Karate version: 0.9.6
file:/C:/Work/KarateWorkspace/build/surefire-reports/karate-summary.html
===================================================================

Karate version: 0.9.6
======================================================
elapsed:  26.09 | threads:    2 | thread time: 49.57 
features:    26 | ignored:    0 | efficiency: 0.95
scenarios:   58 | passed:    45 | failed: 13
======================================================
failed features:
feauturefiles.karate02: karate02.feature:33 - path: $.tool.version, actual: '0.9.4', expected: '0.9.6', reason: not equal
feauturefiles.karate03: karate03.feature:74 - evaluation (js) failed: (xml/info/tool[1]/name, javax.script.ScriptException: <eval>:1:22 Expected ) but found eof
(xml/info/tool[1]/name
                      ^ in <eval> at line number 1 at column number 22
stack trace: jdk.nashorn.api.scripting.NashornScriptEngine.throwAsScriptException(NashornScriptEngine.java:470)
feauturefiles.karate10: karate10.feature:7 - 
java.net.SocketTimeoutException: Read timed out
karate10.feature:18 - 
java.net.SocketTimeoutException: Read timed out
feauturefiles.karate11: karate11.feature:9 - status code was: 429, expected: 200, response time: 986, url: http://dummy.restapiexample.com/api/v1/create, response: <!DOCTYPE html>
<html lang="en">
    <head><meta charset="utf-8">
<script data-ezscrex='false' data-cfasync='false' data-pagespeed-no-defer>var __ez=__ez||{};__ez.stms=Date.now();__ez.evt={};__ez.script={};__ez.ck=__ez.ck||{};__ez.template={};__ez.template.isOrig=false;__ez.queue=(function(){var count=0,incr=0,items=[],timeDelayFired=false,hpItems=[],lpItems=[],allowLoad=true;var obj={func:function(name,funcName,parameters,isBlock,blockedBy,deleteWhenComplete,proceedIfError){var self=this;this.name=name;this.funcName=funcName;this.parameters=parameters===null?null:(parameters instanceof Array)?parameters:[parameters];this.isBlock=isBlock;this.blockedBy=blockedBy;this.deleteWhenComplete=deleteWhenComplete;this.isError=false;this.isComplete=false;this.isInitialized=false;this.proceedIfError=proceedIfError;this.isTimeDelay=false;this.process=function(){log("... func = "+name);self.isInitialized=true;self.isComplete=true;log("... func.apply: "+name);var funcs=self.funcName.split('.');var func=null;if(funcs.length>3){}else if(funcs.length===3){func=window[funcs[0]][funcs[1]][funcs[2]];}else if(funcs.length===2){func=window[funcs[0]][funcs[1]];}else{func=window[self.funcName];}
if(typeof func!=='undefined'&&func!==null){func.apply(null,this.parameters);}
if(self.deleteWhenComplete===true)delete items[name];if(self.isBlock===true){log("----- F'D: "+self.name);processAll();}}},file:function(name,path,isBlock,blockedBy,async,defer,proceedIfError){var self=this;this.name=name;this.path=path;this.async=async;this.defer=defer;this.isBlock=isBlock;this.blockedBy=blockedBy;this.isInitialized=false;this.isError=false;this.isComplete=false;this.proceedIfError=proceedIfError;this.isTimeDelay=false;this.process=function(){self.isInitialized=true;log("... file = "+name);var scr=document.createElement('script');scr.src=path;if(async===true)scr.async=true;else if(defer===true)scr.defer=true;scr.onerror=function(){log("----- ERR'D: "+self.name);self.isError=true;if(self.isBlock===true){processAll();}};scr.onreadystatechange=scr.onload=function(){var state=scr.readyState;log("----- F'D: "+self.name);if((!state||/loaded|complete/.test(state))){self.isComplete=true;if(self.isBlock===true){processAll();}}};document.getElementsByTagName('head')[0].appendChild(scr);}}};function init(){window.addEventListener("load",function(){setTimeout(function(){timeDelayFired=true;log('TDELAY -----');processAll();},5000);},false);}
function addFile(name,path,isBlock,blockedBy,async,defer,proceedIfError,priority){var item=new obj.file(name,path,isBlock,blockedBy,async,defer,proceedIfError);if(priority===true){hpItems[name]=item}else{lpItems[name]=item}
items[name]=item;checkIfBlocked(item);}
function setallowLoad(settobool){allowLoad=settobool}
function addFunc(name,func,parameters,isBlock,blockedBy,autoInc,deleteWhenComplete,proceedIfError,priority){if(autoInc===true)name=name+"_"+incr++;var item=new obj.func(name,func,parameters,isBlock,blockedBy,deleteWhenComplete,proceedIfError);if(priority===true){hpItems[name]=item}else{lpItems[name]=item}
items[name]=item;checkIfBlocked(item);}
function addTimeDelayFile(name,path){var item=new obj.file(name,path,false,[],false,false,true);item.isTimeDelay=true;log(name+' ... '+' FILE! TDELAY');lpItems[name]=item;items[name]=item;checkIfBlocked(item);}
function addTimeDelayFunc(name,func,parameters){var item=new obj.func(name,func,parameters,false,[],true,true);item.isTimeDelay=true;log(name+' ... '+' FUNCTION! TDELAY');lpItems[name]=item;items[name]=item;checkIfBlocked(item);}
function checkIfBlocked(item){if(isBlocked(item)===true||allowLoad==false)return;item.process();}
function isBlocked(item){if(item.isTimeDelay===true&&timeDelayFired===false){log(item.name+" blocked = TIME DELAY!");return true;}
if(item.blockedBy instanceof Array){for(var i=0;i<item.blockedBy.length;i++){var block=item.blockedBy[i];if(items.hasOwnProperty(block)===false){log(item.name+" blocked = "+block);return true;}else if(item.proceedIfError===true&&items[block].isError===true){return false;}else if(items[block].isComplete===false){log(item.name+" blocked = "+block);return true;}}}
return false;}
function log(msg){var href=window.location.href;var reg=new RegExp('[?&]ezq=([^&#]*)','i');var string=reg.exec(href);var res=string?string[1]:null;if(res==="1")console.debug(msg);}
function processAll(){count++;if(count>200)return;log("let's go");processItems(hpItems);processItems(lpItems);}
function processItems(list){for(var i in list){if(list.hasOwnProperty(i)===false)continue;var item=list[i];if(item.isComplete===true||isBlocked(item)||item.isInitialized===true||item.isError===true){if(item.isError===true){log(item.name+': error')}else if(item.isComplete===true){log(item.name+': complete already')}else if(item.isInitialized===true){log(item.name+': initialized already')}}else{item.process();}}}
init();return{addFile:addFile,addDelayFile:addTimeDelayFile,addFunc:addFunc,addDelayFunc:addTimeDelayFunc,items:items,processAll:processAll,setallowLoad:setallowLoad};})();__ez.evt.add=function(e,t,n){e.addEventListener?e.addEventListener(t,n,!1):e.attachEvent?e.attachEvent("on"+t,n):e["on"+t]=n()},__ez.evt.remove=function(e,t,n){e.removeEventListener?e.removeEventListener(t,n,!1):e.detachEvent?e.detachEvent("on"+t,n):delete e["on"+t]};__ez.script.add=function(e){var t=document.createElement("script");t.src=e,t.async=!0,t.type="text/javascript",document.getElementsByTagName("head")[0].appendChild(t)};__ez.queue.addFile('/detroitchicago/boise.js', '/detroitchicago/boise.js?gcb=192-6&cb=1', false, [], true, false, true, false);__ez.dot={};__ez.queue.addFile('/detroitchicago/memphis.js', '/detroitchicago/memphis.js?gcb=192-6&cb=2', false, [], true, false, true, false);__ez.queue.addFile('/detroitchicago/minneapolis.js', '/detroitchicago/minneapolis.js?gcb=192-6&cb=1', false, [], true, false, true, false);__ez.vep=(function(){var pixels=[],pxURL="/detroitchicago/grapefruit.gif";function AddPixel(vID,pixelData){if(__ez.dot.isDefined(vID)&&__ez.dot.isValid(pixelData)){pixels.push({type:'video',video_impression_id:vID,domain_id:__ez.dot.getDID(),t_epoch:__ez.dot.getEpoch(0),data:__ez.dot.dataToStr(pixelData)});}}
function Fire(){if(typeof document.visibilityState!=='undefined'&&document.visibilityState==="prerender"){return;}
if(__ez.dot.isDefined(pixels)&&pixels.length>0){while(pixels.length>0){var j=5;if(j>pixels.length){j=pixels.length;}
var pushPixels=pixels.splice(0,j);(new Image()).src=__ez.dot.getURL(pxURL)+"?orig="+(__ez.template.isOrig===true?1:0)+"&v="+btoa(JSON.stringify(pushPixels));}}
pixels=[];}
return{Add:AddPixel,Fire:Fire};})();</script><script data-ezscrex='false' data-cfasync='false' data-pagespeed-no-defer>__ez.pel=(function(){var pixels=[],pxURL="/porpoiseant/army.gif";function AddAndFirePixel(adSlot,pixelData){AddPixel(adSlot,pixelData,0,0,0,0,0);Fire();}
function AddAndFireOrigPixel(adSlot,pixelData){AddPixel(adSlot,pixelData,0,0,0,0,0,true);Fire();}
function GetCurrentPixels(){return pixels;}
function AddPixel(adSlot,pixelData,revenue,est_revenue,bid_floor_filled,bid_floor_prev,stat_source_id,isOrig){if(!__ez.dot.isDefined(adSlot)||__ez.dot.isAnyDefined(adSlot.getSlotElementId,adSlot.ElementId)==false){return;}
var ad_position_id=parseInt(__ez.dot.getTargeting(adSlot,'ap'));var impId=__ez.dot.getSlotIID(adSlot),adUnit=__ez.dot.getAdUnit(adSlot,isOrig);var compId=parseInt(__ez.dot.getTargeting(adSlot,"compid"));var lineItemId=0;var creativeId=0;var ezimData=getEzimData(adSlot);if(typeof ezimData=='object'){if(ezimData.creative_id!==undefined){creativeId=ezimData.creative_id;}
if(ezimData.line_item_id!==undefined){lineItemId=ezimData.line_item_id;}}
if(__ez.dot.isDefined(impId,adUnit)&&__ez.dot.isValid(pixelData)){pixels.push({type:"impression",impression_id:impId,domain_id:__ez.dot.getDID(),unit:adUnit,t_epoch:__ez.dot.getEpoch(0),revenue:revenue,est_revenue:est_revenue,ad_position:ad_position_id,ad_size:"",bid_floor_filled:bid_floor_filled,bid_floor_prev:bid_floor_prev,stat_source_id:stat_source_id,country_code:__ez.dot.getCC(),pageview_id:__ez.dot.getPageviewId(),comp_id:compId,line_item_id:lineItemId,creative_id:creativeId,data:__ez.dot.dataToStr(pixelData),is_orig:isOrig||__ez.template.isOrig,});}}
function AddPixelById(impFullId,pixelData,isOrig){var vals=impFullId.split('/');if(__ez.dot.isDefined(impFullId)&&vals.length===3&&__ez.dot.isValid(pixelData)){var adUnit=vals[0],impId=vals[2];pixels.push({type:"impression",impression_id:impId,domain_id:__ez.dot.getDID(),unit:adUnit,t_epoch:__ez.dot.getEpoch(0),pageview_id:__ez.dot.getPageviewId(),data:__ez.dot.dataToStr(pixelData),is_orig:isOrig||__ez.template.isOrig});}}
function Fire(){if(typeof document.visibilityState!=='undefined'&&document.visibilityState==="prerender")return;if(__ez.dot.isDefined(pixels)&&pixels.length>0){var allPixels=[pixels.filter(function(pixel){return pixel.is_orig}),pixels.filter(function(pixel){return!pixel.is_orig})];allPixels.forEach(function(pixels){while(pixels.length>0){var isOrig=pixels[0].is_orig||false;var j=5;if(j>pixels.length){j=pixels.length;}
var pushPixels=pixels.splice(0,j);var pixelURL=__ez.dot.getURL(pxURL)+"?orig="+(isOrig===true?1:0)+"&sts="+btoa(JSON.stringify(pushPixels));if(typeof window.isAmp!=='undefined'&&isAmp&&typeof window._ezaq!=='undefined'&&_ezaq.hasOwnProperty("domain_id")){pixelURL+="&visit_uuid="+_ezaq['visit_uuid'];}
(new Image()).src=pixelURL;}})}
pixels=[];}
function getEzimData(adSlot){if(typeof _ezim_d=="undefined"){return false}
var adUnitName=__ez.dot.getAdUnitPath(adSlot).split('/').pop();if(typeof _ezim_d==='object'&&_ezim_d.hasOwnProperty(adUnitName)){return _ezim_d[adUnitName];}
for(var ezimKey in _ezim_d){if(ezimKey.split('/').pop()===adUnitName){return _ezim_d[ezimKey];}}
return false;}
return{Add:AddPixel,AddAndFire:AddAndFirePixel,AddAndFireOrig:AddAndFireOrigPixel,AddById:AddPixelById,Fire:Fire,GetPixels:GetCurrentPixels,};})();__ez.queue.addFile('/detroitchicago/raleigh.js', '/detroitchicago/raleigh.js?gcb=192-6&cb=2', false, [], true, false, true, false);__ez.queue.addFile('/detroitchicago/tampa.js', '/detroitchicago/tampa.js?gcb=192-6&cb=1', false, [], true, false, true, false);</script>
<script data-ezscrex="false" type="text/javascript" data-cfasync="false">var _ezaq = {"ad_cache_level":0,"ad_count_adjustment":0,"ad_lazyload_version":0,"ad_location_ids":"","ad_transform_level":0,"adx_ad_count":0,"bidder_method":1,"bidder_version":3,"city":"Noida","country":"IN","days_since_last_visit":-1,"display_ad_count":0,"domain_id":133674,"ds_adsize_opt_id":-1,"engaged_time_visit":0,"ezcache_level":1,"ezcache_skip_code":8,"form_factor_id":1,"framework_id":1,"has_bad_image":0,"has_bad_words":0,"iab_category":"","is_from_recommended_pages":false,"is_return_visitor":false,"is_sitespeed":0,"last_page_load":"","last_pageview_id":"","lt_cache_level":0,"max_ads":0,"metro_code":0,"optimization_version":1,"page_ad_positions":"","page_view_count":0,"page_view_id":"1b788eb8-edd0-4308-620a-005204f73c2a","position_selection_id":0,"postal_code":"110091","pv_event_count":0,"response_size_orig":0,"response_time_orig":938,"serverid":"13.235.243.177:14442","state":"UP","sub_page_ad_positions":"","t_epoch":1612521224,"template_id":0,"time_on_site_visit":0,"url":"http://dummy.restapiexample.com/api/v1/create","user_id":0,"word_count":0,"worst_bad_word_level":0};var _ezim_d = null;var _ezat = {"domain_id":133674,"form_factor_id":1,"framework_id":1,"pageview_date":"2021-02-05","pageview_id":"1b788eb8-edd0-4308-620a-005204f73c2a","template_id":0,"url":"http://dummy.restapiexample.com/api/v1/create","visit_uuid":"56e2f056-0798-46f1-6b7d-d890ee779513"};</script><script data-ezscrex='false' data-pagespeed-no-defer data-cfasync='false' type="text/javascript">__ez.queue.addFile('banger.js', '/porpoiseant/banger.js?cb=192-6&bv=96&v=39&PageSpeed=off', true, [], true, false, false, true);</script>
<script data-ezscrex="false" data-cfasync="false">(function(){if("function"===typeof window.CustomEvent)return!1;window.CustomEvent=function(c,a){a=a||{bubbles:!1,cancelable:!1,detail:null};var b=document.createEvent("CustomEvent");b.initCustomEvent(c,a.bubbles,a.cancelable,a.detail);return b}})();</script><script data-ezscrex="false" data-cfasync="false">__ez.queue.addFile('/detroitchicago/tulsa.js', '/detroitchicago/tulsa.js?gcb=192-6&cb=5', false, [], true, false, true, false);</script>
        
        <meta name="viewport" content="width=device-width, initial-scale=1">

        <title>Too Many Requests</title>

        <!-- Fonts -->
        <link rel="dns-prefetch" href="//fonts.gstatic.com">
        <link href="https://fonts.googleapis.com/css?family=Nunito" rel="stylesheet">

        <!-- Styles -->
        <style>
            html, body {
                background-color: #fff;
                color: #636b6f;
                font-family: 'Nunito', sans-serif;
                font-weight: 100;
                height: 100vh;
                margin: 0;
            }

            .full-height {
                height: 100vh;
            }

            .flex-center {
                align-items: center;
                display: flex;
                justify-content: center;
            }

            .position-ref {
                position: relative;
            }

            .code {
                border-right: 2px solid;
                font-size: 26px;
                padding: 0 15px 0 15px;
                text-align: center;
            }

            .message {
                font-size: 18px;
                text-align: center;
            }
        </style>
    <script type="text/javascript">var ezouid = "1";</script><base href="http://dummy.restapiexample.com/api/v1/create"><script type='text/javascript'>
var ezoTemplate = 'pub_site_noads';
if(typeof ezouid == 'undefined')
{
    var ezouid = 'none';
}
var ezoFormfactor = '1';
var ezo_elements_to_check = Array();
</script><!-- START EZHEAD -->
<script data-ezscrex="false" type='text/javascript'>
var soc_app_id = '0';
var did = 133674;
var ezdomain = 'restapiexample.com';
var ezoicSearchable = 1;
</script>
<!--{jquery}-->
<!-- END EZHEAD -->
<script data-ezscrex='false' data-pagespeed-no-defer data-cfasync='false' type='text/javascript' style='display:none'>
__ez.queue.addFile('__ezf_ezosuigeneris', '//g.ezoic.net/ezosuigeneris.js', true, [], true, false, false, false);
var __ez_ezosuigenerisEvt = function() { if(typeof(ezosuigeneris) != 'undefined'){__ez.bit.AddAndFire(_ezaq['page_view_id'], [(new __ezDotData('universal_user_id', ezosuigeneris))]); }};
__ez.queue.addFunc('__ez_ezosuigenerisEvt', '__ez_ezosuigenerisEvt', null, false, ['__ezf_ezosuigeneris','/detroitchicago/minneapolis.js','/detroitchicago/memphis.js'], false, false, false, false);</script><script data-ezscrex='false' data-pagespeed-no-defer data-cfasync='false' type='text/javascript' style='display:none'>__ez.queue.addFile('__ezf_ezosuigenerisc', '//g.ezoic.net/ezosuigenerisc.js?nogen=1', true, ["/detroitchicago/boise.js"], true, false, false, false);</script>
<script data-ezscrex='false' data-pagespeed-no-defer data-cfasync='false'>
function create_ezolpl(pvID, rv) {
    var d = new Date();
    d.setTime(d.getTime() + (365*24*60*60*1000));
    var expires = "expires="+d.toUTCString();
    __ez.ck.setByCat("ezux_lpl_133674=" + new Date().getTime() + "|" + pvID + "|" + rv + "; " + expires, 3);
}
function attach_ezolpl(pvID, rv) {
    if (document.readyState === "complete") {
        create_ezolpl(pvID, rv);
    }
    if(window.attachEvent) {
        window.attachEvent("onload", create_ezolpl, pvID, rv);
    } else {
        if(window.onload) {
            var curronload = window.onload;
            var newonload = function(evt) {
                curronload(evt);
                create_ezolpl(pvID, rv);
            };
            window.onload = newonload;
        } else {
            window.onload = create_ezolpl.bind(null, pvID, rv);
        }
    }
}

__ez.queue.addFunc("attach_ezolpl", "attach_ezolpl", ["1b788eb8-edd0-4308-620a-005204f73c2a", "false"], false, ['/detroitchicago/boise.js'], true, false, false, false);
</script></head>
    <body>
        <div class="flex-center position-ref full-height">
            <div class="code">
                429            </div>

            <div class="message" style="padding: 10px;">
                Too Many Requests            </div>
        </div>
    <script type="text/javascript" style='display:none;'>var __ez_dims = (function() {
		var setCookie = function( name, content, expiry ) {
			return document.cookie = name+'='+content+((expiry)?';expires='+(new Date(Math.floor(new Date().getTime()+expiry*1000)).toUTCString()):'')+';path=/';
		};
		var ffid = 1;
		var oh = window.screen.height;
		var ow = window.screen.width;
		var h = ffid === 1 ? oh : (oh > ow) ? oh : ow;
		var w = ffid === 1 ? ow : (oh > ow) ? ow : oh;
		var uh = window.innerHeight || document.documentElement.clientHeight || document.getElementsByTagName('body')[0].clientHeight;
		var uw = window.innerWidth || document.documentElement.clientWidth || document.getElementsByTagName('body')[0].clientWidth;
		setCookie('ezds', encodeURIComponent('ffid='+ffid+',w='+w+',h='+h), (31536e3*7));
		setCookie('ezohw', encodeURIComponent('w='+uw+',h='+uh), (31536e3*7));
	})();</script><script type='text/javascript' style='display:none;' async>
__ez.queue.addFile('edmonton.php', '/detroitchicago/edmonton.webp?a=a&cb=192-6&shcb=34', true, ['/detroitchicago/minneapolis.js'], true, false, false, false);
__ez.queue.addFile('jellyfish.php', '/porpoiseant/jellyfish.webp?a=a&cb=192-6&shcb=34', false, [], true, false, false, false);
</script>

<script type='text/javascript' data-cfasync='false'></script></body>
</html>

feauturefiles.karate18: karate18.feature:38 - 
org.apache.http.conn.ConnectTimeoutException: Connect to 192.168.1.92:8161 [/192.168.1.92] failed: connect timed out
feauturefiles.karate19: karate19.feature:64 - 
java.net.SocketTimeoutException: Read timed out
feauturefiles.karate20-kafka1: karate20-kafka1.feature:13 - path: $[1], actual: 'pravalika_topic', expected: 'confluent', reason: not a sub-string
feauturefiles.karate20-kafka3: karate20-kafka3.feature:64 - 
java.net.SocketTimeoutException: Read timed out
karate20-kafka3.feature:74 - 
java.net.SocketTimeoutException: Read timed out
karate20-kafka3.feature:81 - 
java.net.SocketTimeoutException: Read timed out
karate20-kafka3.feature:87 - 
java.net.SocketTimeoutException: Read timed out
feauturefiles.karate23-config-file: karate23-config-file.feature:8 - request body is required for a POST, please use the 'request' keyword

16:04:02.601 [Test worker] DEBUG org.apache.velocity - CommonsLogLogChute name is 'org.apache.velocity'
16:04:02.601 [Test worker] DEBUG org.apache.velocity - Initializing Velocity, Calling init()...
16:04:02.601 [Test worker] DEBUG org.apache.velocity - Starting Apache Velocity v1.7 (compiled: 2010-11-19 12:14:37)
16:04:02.601 [Test worker] DEBUG org.apache.velocity - Default Properties File: org\apache\velocity\runtime\defaults\velocity.properties
16:04:02.601 [Test worker] DEBUG org.apache.velocity - Trying to use logger class org.apache.velocity.runtime.log.AvalonLogChute
16:04:02.601 [Test worker] DEBUG org.apache.velocity - Target log system for org.apache.velocity.runtime.log.AvalonLogChute is not available (java.lang.NoClassDefFoundError: org/apache/log/format/Formatter).  Falling back to next log system...
16:04:02.601 [Test worker] DEBUG org.apache.velocity - Trying to use logger class org.apache.velocity.runtime.log.Log4JLogChute
16:04:02.601 [Test worker] DEBUG org.apache.velocity - Target log system for org.apache.velocity.runtime.log.Log4JLogChute is not available (java.lang.NoClassDefFoundError: org/apache/log4j/Priority).  Falling back to next log system...
16:04:02.601 [Test worker] DEBUG org.apache.velocity - Trying to use logger class org.apache.velocity.runtime.log.CommonsLogLogChute
16:04:02.601 [Test worker] DEBUG org.apache.velocity - Using logger class org.apache.velocity.runtime.log.CommonsLogLogChute
16:04:02.601 [Test worker] DEBUG org.apache.velocity - ResourceLoader instantiated: org.apache.velocity.runtime.resource.loader.ClasspathResourceLoader
16:04:02.616 [Test worker] DEBUG org.apache.velocity - ResourceCache: initialized (class org.apache.velocity.runtime.resource.ResourceCacheImpl) with class java.util.Collections$SynchronizedMap cache map.
16:04:02.616 [Test worker] DEBUG org.apache.velocity - Loaded System Directive: org.apache.velocity.runtime.directive.Stop
16:04:02.616 [Test worker] DEBUG org.apache.velocity - Loaded System Directive: org.apache.velocity.runtime.directive.Define
16:04:02.616 [Test worker] DEBUG org.apache.velocity - Loaded System Directive: org.apache.velocity.runtime.directive.Break
16:04:02.616 [Test worker] DEBUG org.apache.velocity - Loaded System Directive: org.apache.velocity.runtime.directive.Evaluate
16:04:02.616 [Test worker] DEBUG org.apache.velocity - Loaded System Directive: org.apache.velocity.runtime.directive.Literal
16:04:02.616 [Test worker] DEBUG org.apache.velocity - Loaded System Directive: org.apache.velocity.runtime.directive.Macro
16:04:02.616 [Test worker] DEBUG org.apache.velocity - Loaded System Directive: org.apache.velocity.runtime.directive.Parse
16:04:02.616 [Test worker] DEBUG org.apache.velocity - Loaded System Directive: org.apache.velocity.runtime.directive.Include
16:04:02.616 [Test worker] DEBUG org.apache.velocity - Loaded System Directive: org.apache.velocity.runtime.directive.Foreach
16:04:02.648 [Test worker] DEBUG org.apache.velocity - Created '20' parsers.
16:04:02.648 [Test worker] DEBUG org.apache.velocity - Velocimacro : "velocimacro.library" is not set.  Trying default library: VM_global_library.vm
16:04:02.648 [Test worker] DEBUG org.apache.velocity - Could not load resource 'VM_global_library.vm' from ResourceLoader org.apache.velocity.runtime.resource.loader.ClasspathResourceLoader: ClasspathResourceLoader Error: cannot find resource VM_global_library.vm
16:04:02.648 [Test worker] DEBUG org.apache.velocity - Velocimacro : Default library not found.
16:04:02.648 [Test worker] DEBUG org.apache.velocity - Velocimacro : allowInline = true : VMs can be defined inline in templates
16:04:02.648 [Test worker] DEBUG org.apache.velocity - Velocimacro : allowInlineToOverride = false : VMs defined inline may NOT replace previous VM definitions
16:04:02.648 [Test worker] DEBUG org.apache.velocity - Velocimacro : allowInlineLocal = false : VMs defined inline will be global in scope if allowed.
16:04:02.648 [Test worker] DEBUG org.apache.velocity - Velocimacro : autoload off : VM system will not automatically reload global library macros
16:04:02.710 [Test worker] DEBUG org.apache.velocity - CommonsLogLogChute name is 'org.apache.velocity'
16:04:02.710 [Test worker] DEBUG org.apache.velocity - Initializing Velocity, Calling init()...
16:04:02.710 [Test worker] DEBUG org.apache.velocity - Starting Apache Velocity v1.7 (compiled: 2010-11-19 12:14:37)
16:04:02.710 [Test worker] DEBUG org.apache.velocity - Default Properties File: org\apache\velocity\runtime\defaults\velocity.properties
16:04:02.710 [Test worker] DEBUG org.apache.velocity - Trying to use logger class org.apache.velocity.runtime.log.AvalonLogChute
16:04:02.710 [Test worker] DEBUG org.apache.velocity - Target log system for org.apache.velocity.runtime.log.AvalonLogChute is not available (java.lang.NoClassDefFoundError: org/apache/log/format/Formatter).  Falling back to next log system...
16:04:02.710 [Test worker] DEBUG org.apache.velocity - Trying to use logger class org.apache.velocity.runtime.log.Log4JLogChute
16:04:02.710 [Test worker] DEBUG org.apache.velocity - Target log system for org.apache.velocity.runtime.log.Log4JLogChute is not available (java.lang.NoClassDefFoundError: org/apache/log4j/Priority).  Falling back to next log system...
16:04:02.710 [Test worker] DEBUG org.apache.velocity - Trying to use logger class org.apache.velocity.runtime.log.CommonsLogLogChute
16:04:02.710 [Test worker] DEBUG org.apache.velocity - Using logger class org.apache.velocity.runtime.log.CommonsLogLogChute
16:04:02.710 [Test worker] DEBUG org.apache.velocity - ResourceLoader instantiated: org.apache.velocity.runtime.resource.loader.ClasspathResourceLoader
16:04:02.710 [Test worker] DEBUG org.apache.velocity - ResourceCache: initialized (class org.apache.velocity.runtime.resource.ResourceCacheImpl) with class java.util.Collections$SynchronizedMap cache map.
16:04:02.710 [Test worker] DEBUG org.apache.velocity - Loaded System Directive: org.apache.velocity.runtime.directive.Stop
16:04:02.710 [Test worker] DEBUG org.apache.velocity - Loaded System Directive: org.apache.velocity.runtime.directive.Define
16:04:02.710 [Test worker] DEBUG org.apache.velocity - Loaded System Directive: org.apache.velocity.runtime.directive.Break
16:04:02.710 [Test worker] DEBUG org.apache.velocity - Loaded System Directive: org.apache.velocity.runtime.directive.Evaluate
16:04:02.710 [Test worker] DEBUG org.apache.velocity - Loaded System Directive: org.apache.velocity.runtime.directive.Literal
16:04:02.710 [Test worker] DEBUG org.apache.velocity - Loaded System Directive: org.apache.velocity.runtime.directive.Macro
16:04:02.710 [Test worker] DEBUG org.apache.velocity - Loaded System Directive: org.apache.velocity.runtime.directive.Parse
16:04:02.710 [Test worker] DEBUG org.apache.velocity - Loaded System Directive: org.apache.velocity.runtime.directive.Include
16:04:02.710 [Test worker] DEBUG org.apache.velocity - Loaded System Directive: org.apache.velocity.runtime.directive.Foreach
16:04:02.710 [Test worker] DEBUG org.apache.velocity - Created '20' parsers.
16:04:02.710 [Test worker] DEBUG org.apache.velocity - Velocimacro : "velocimacro.library" is not set.  Trying default library: VM_global_library.vm
16:04:02.710 [Test worker] DEBUG org.apache.velocity - Could not load resource 'VM_global_library.vm' from ResourceLoader org.apache.velocity.runtime.resource.loader.ClasspathResourceLoader: ClasspathResourceLoader Error: cannot find resource VM_global_library.vm
16:04:02.710 [Test worker] DEBUG org.apache.velocity - Velocimacro : Default library not found.
16:04:02.710 [Test worker] DEBUG org.apache.velocity - Velocimacro : allowInline = true : VMs can be defined inline in templates
16:04:02.710 [Test worker] DEBUG org.apache.velocity - Velocimacro : allowInlineToOverride = false : VMs defined inline may NOT replace previous VM definitions
16:04:02.710 [Test worker] DEBUG org.apache.velocity - Velocimacro : allowInlineLocal = false : VMs defined inline will be global in scope if allowed.
16:04:02.710 [Test worker] DEBUG org.apache.velocity - Velocimacro : autoload off : VM system will not automatically reload global library macros
16:04:02.710 [Test worker] DEBUG org.apache.velocity - CommonsLogLogChute name is 'org.apache.velocity'
16:04:02.710 [Test worker] DEBUG org.apache.velocity - Initializing Velocity, Calling init()...
16:04:02.710 [Test worker] DEBUG org.apache.velocity - Starting Apache Velocity v1.7 (compiled: 2010-11-19 12:14:37)
16:04:02.710 [Test worker] DEBUG org.apache.velocity - Default Properties File: org\apache\velocity\runtime\defaults\velocity.properties
16:04:02.710 [Test worker] DEBUG org.apache.velocity - Trying to use logger class org.apache.velocity.runtime.log.AvalonLogChute
16:04:02.710 [Test worker] DEBUG org.apache.velocity - Target log system for org.apache.velocity.runtime.log.AvalonLogChute is not available (java.lang.NoClassDefFoundError: org/apache/log/format/Formatter).  Falling back to next log system...
16:04:02.710 [Test worker] DEBUG org.apache.velocity - Trying to use logger class org.apache.velocity.runtime.log.Log4JLogChute
16:04:02.710 [Test worker] DEBUG org.apache.velocity - Target log system for org.apache.velocity.runtime.log.Log4JLogChute is not available (java.lang.NoClassDefFoundError: org/apache/log4j/Priority).  Falling back to next log system...
16:04:02.710 [Test worker] DEBUG org.apache.velocity - Trying to use logger class org.apache.velocity.runtime.log.CommonsLogLogChute
16:04:02.710 [Test worker] DEBUG org.apache.velocity - Using logger class org.apache.velocity.runtime.log.CommonsLogLogChute
16:04:02.710 [Test worker] DEBUG org.apache.velocity - ResourceLoader instantiated: org.apache.velocity.runtime.resource.loader.ClasspathResourceLoader
16:04:02.710 [Test worker] DEBUG org.apache.velocity - ResourceCache: initialized (class org.apache.velocity.runtime.resource.ResourceCacheImpl) with class java.util.Collections$SynchronizedMap cache map.
16:04:02.710 [Test worker] DEBUG org.apache.velocity - Loaded System Directive: org.apache.velocity.runtime.directive.Stop
16:04:02.710 [Test worker] DEBUG org.apache.velocity - Loaded System Directive: org.apache.velocity.runtime.directive.Define
16:04:02.710 [Test worker] DEBUG org.apache.velocity - Loaded System Directive: org.apache.velocity.runtime.directive.Break
16:04:02.710 [Test worker] DEBUG org.apache.velocity - Loaded System Directive: org.apache.velocity.runtime.directive.Evaluate
16:04:02.710 [Test worker] DEBUG org.apache.velocity - Loaded System Directive: org.apache.velocity.runtime.directive.Literal
16:04:02.710 [Test worker] DEBUG org.apache.velocity - Loaded System Directive: org.apache.velocity.runtime.directive.Macro
16:04:02.710 [Test worker] DEBUG org.apache.velocity - Loaded System Directive: org.apache.velocity.runtime.directive.Parse
16:04:02.710 [Test worker] DEBUG org.apache.velocity - Loaded System Directive: org.apache.velocity.runtime.directive.Include
16:04:02.710 [Test worker] DEBUG org.apache.velocity - Loaded System Directive: org.apache.velocity.runtime.directive.Foreach
16:04:02.710 [Test worker] DEBUG org.apache.velocity - Created '20' parsers.
16:04:02.710 [Test worker] DEBUG org.apache.velocity - Velocimacro : "velocimacro.library" is not set.  Trying default library: VM_global_library.vm
16:04:02.710 [Test worker] DEBUG org.apache.velocity - Could not load resource 'VM_global_library.vm' from ResourceLoader org.apache.velocity.runtime.resource.loader.ClasspathResourceLoader: ClasspathResourceLoader Error: cannot find resource VM_global_library.vm
16:04:02.710 [Test worker] DEBUG org.apache.velocity - Velocimacro : Default library not found.
16:04:02.710 [Test worker] DEBUG org.apache.velocity - Velocimacro : allowInline = true : VMs can be defined inline in templates
16:04:02.710 [Test worker] DEBUG org.apache.velocity - Velocimacro : allowInlineToOverride = false : VMs defined inline may NOT replace previous VM definitions
16:04:02.710 [Test worker] DEBUG org.apache.velocity - Velocimacro : allowInlineLocal = false : VMs defined inline will be global in scope if allowed.
16:04:02.710 [Test worker] DEBUG org.apache.velocity - Velocimacro : autoload off : VM system will not automatically reload global library macros
16:04:02.710 [Test worker] DEBUG org.apache.velocity - CommonsLogLogChute name is 'org.apache.velocity'
16:04:02.710 [Test worker] DEBUG org.apache.velocity - Initializing Velocity, Calling init()...
16:04:02.710 [Test worker] DEBUG org.apache.velocity - Starting Apache Velocity v1.7 (compiled: 2010-11-19 12:14:37)
16:04:02.710 [Test worker] DEBUG org.apache.velocity - Default Properties File: org\apache\velocity\runtime\defaults\velocity.properties
16:04:02.710 [Test worker] DEBUG org.apache.velocity - Trying to use logger class org.apache.velocity.runtime.log.AvalonLogChute
16:04:02.710 [Test worker] DEBUG org.apache.velocity - Target log system for org.apache.velocity.runtime.log.AvalonLogChute is not available (java.lang.NoClassDefFoundError: org/apache/log/format/Formatter).  Falling back to next log system...
16:04:02.710 [Test worker] DEBUG org.apache.velocity - Trying to use logger class org.apache.velocity.runtime.log.Log4JLogChute
16:04:02.710 [Test worker] DEBUG org.apache.velocity - Target log system for org.apache.velocity.runtime.log.Log4JLogChute is not available (java.lang.NoClassDefFoundError: org/apache/log4j/Priority).  Falling back to next log system...
16:04:02.710 [Test worker] DEBUG org.apache.velocity - Trying to use logger class org.apache.velocity.runtime.log.CommonsLogLogChute
16:04:02.710 [Test worker] DEBUG org.apache.velocity - Using logger class org.apache.velocity.runtime.log.CommonsLogLogChute
16:04:02.710 [Test worker] DEBUG org.apache.velocity - ResourceLoader instantiated: org.apache.velocity.runtime.resource.loader.ClasspathResourceLoader
16:04:02.710 [Test worker] DEBUG org.apache.velocity - ResourceCache: initialized (class org.apache.velocity.runtime.resource.ResourceCacheImpl) with class java.util.Collections$SynchronizedMap cache map.
16:04:02.710 [Test worker] DEBUG org.apache.velocity - Loaded System Directive: org.apache.velocity.runtime.directive.Stop
16:04:02.710 [Test worker] DEBUG org.apache.velocity - Loaded System Directive: org.apache.velocity.runtime.directive.Define
16:04:02.710 [Test worker] DEBUG org.apache.velocity - Loaded System Directive: org.apache.velocity.runtime.directive.Break
16:04:02.710 [Test worker] DEBUG org.apache.velocity - Loaded System Directive: org.apache.velocity.runtime.directive.Evaluate
16:04:02.710 [Test worker] DEBUG org.apache.velocity - Loaded System Directive: org.apache.velocity.runtime.directive.Literal
16:04:02.710 [Test worker] DEBUG org.apache.velocity - Loaded System Directive: org.apache.velocity.runtime.directive.Macro
16:04:02.710 [Test worker] DEBUG org.apache.velocity - Loaded System Directive: org.apache.velocity.runtime.directive.Parse
16:04:02.710 [Test worker] DEBUG org.apache.velocity - Loaded System Directive: org.apache.velocity.runtime.directive.Include
16:04:02.710 [Test worker] DEBUG org.apache.velocity - Loaded System Directive: org.apache.velocity.runtime.directive.Foreach
16:04:02.710 [Test worker] DEBUG org.apache.velocity - Created '20' parsers.
16:04:02.710 [Test worker] DEBUG org.apache.velocity - Velocimacro : "velocimacro.library" is not set.  Trying default library: VM_global_library.vm
16:04:02.710 [Test worker] DEBUG org.apache.velocity - Could not load resource 'VM_global_library.vm' from ResourceLoader org.apache.velocity.runtime.resource.loader.ClasspathResourceLoader: ClasspathResourceLoader Error: cannot find resource VM_global_library.vm
16:04:02.710 [Test worker] DEBUG org.apache.velocity - Velocimacro : Default library not found.
16:04:02.710 [Test worker] DEBUG org.apache.velocity - Velocimacro : allowInline = true : VMs can be defined inline in templates
16:04:02.710 [Test worker] DEBUG org.apache.velocity - Velocimacro : allowInlineToOverride = false : VMs defined inline may NOT replace previous VM definitions
16:04:02.710 [Test worker] DEBUG org.apache.velocity - Velocimacro : allowInlineLocal = false : VMs defined inline will be global in scope if allowed.
16:04:02.710 [Test worker] DEBUG org.apache.velocity - Velocimacro : autoload off : VM system will not automatically reload global library macros
16:04:02.710 [Test worker] DEBUG org.apache.velocity - CommonsLogLogChute name is 'org.apache.velocity'
16:04:02.710 [Test worker] DEBUG org.apache.velocity - Initializing Velocity, Calling init()...
16:04:02.710 [Test worker] DEBUG org.apache.velocity - Starting Apache Velocity v1.7 (compiled: 2010-11-19 12:14:37)
16:04:02.710 [Test worker] DEBUG org.apache.velocity - Default Properties File: org\apache\velocity\runtime\defaults\velocity.properties
16:04:02.710 [Test worker] DEBUG org.apache.velocity - Trying to use logger class org.apache.velocity.runtime.log.AvalonLogChute
16:04:02.710 [Test worker] DEBUG org.apache.velocity - Target log system for org.apache.velocity.runtime.log.AvalonLogChute is not available (java.lang.NoClassDefFoundError: org/apache/log/format/Formatter).  Falling back to next log system...
16:04:02.710 [Test worker] DEBUG org.apache.velocity - Trying to use logger class org.apache.velocity.runtime.log.Log4JLogChute
16:04:02.710 [Test worker] DEBUG org.apache.velocity - Target log system for org.apache.velocity.runtime.log.Log4JLogChute is not available (java.lang.NoClassDefFoundError: org/apache/log4j/Priority).  Falling back to next log system...
16:04:02.710 [Test worker] DEBUG org.apache.velocity - Trying to use logger class org.apache.velocity.runtime.log.CommonsLogLogChute
16:04:02.710 [Test worker] DEBUG org.apache.velocity - Using logger class org.apache.velocity.runtime.log.CommonsLogLogChute
16:04:02.710 [Test worker] DEBUG org.apache.velocity - ResourceLoader instantiated: org.apache.velocity.runtime.resource.loader.ClasspathResourceLoader
16:04:02.710 [Test worker] DEBUG org.apache.velocity - ResourceCache: initialized (class org.apache.velocity.runtime.resource.ResourceCacheImpl) with class java.util.Collections$SynchronizedMap cache map.
16:04:02.710 [Test worker] DEBUG org.apache.velocity - Loaded System Directive: org.apache.velocity.runtime.directive.Stop
16:04:02.710 [Test worker] DEBUG org.apache.velocity - Loaded System Directive: org.apache.velocity.runtime.directive.Define
16:04:02.710 [Test worker] DEBUG org.apache.velocity - Loaded System Directive: org.apache.velocity.runtime.directive.Break
16:04:02.710 [Test worker] DEBUG org.apache.velocity - Loaded System Directive: org.apache.velocity.runtime.directive.Evaluate
16:04:02.710 [Test worker] DEBUG org.apache.velocity - Loaded System Directive: org.apache.velocity.runtime.directive.Literal
16:04:02.710 [Test worker] DEBUG org.apache.velocity - Loaded System Directive: org.apache.velocity.runtime.directive.Macro
16:04:02.710 [Test worker] DEBUG org.apache.velocity - Loaded System Directive: org.apache.velocity.runtime.directive.Parse
16:04:02.710 [Test worker] DEBUG org.apache.velocity - Loaded System Directive: org.apache.velocity.runtime.directive.Include
16:04:02.710 [Test worker] DEBUG org.apache.velocity - Loaded System Directive: org.apache.velocity.runtime.directive.Foreach
16:04:02.710 [Test worker] DEBUG org.apache.velocity - Created '20' parsers.
16:04:02.710 [Test worker] DEBUG org.apache.velocity - Velocimacro : "velocimacro.library" is not set.  Trying default library: VM_global_library.vm
16:04:02.710 [Test worker] DEBUG org.apache.velocity - Could not load resource 'VM_global_library.vm' from ResourceLoader org.apache.velocity.runtime.resource.loader.ClasspathResourceLoader: ClasspathResourceLoader Error: cannot find resource VM_global_library.vm
16:04:02.710 [Test worker] DEBUG org.apache.velocity - Velocimacro : Default library not found.
16:04:02.710 [Test worker] DEBUG org.apache.velocity - Velocimacro : allowInline = true : VMs can be defined inline in templates
16:04:02.710 [Test worker] DEBUG org.apache.velocity - Velocimacro : allowInlineToOverride = false : VMs defined inline may NOT replace previous VM definitions
16:04:02.710 [Test worker] DEBUG org.apache.velocity - Velocimacro : allowInlineLocal = false : VMs defined inline will be global in scope if allowed.
16:04:02.710 [Test worker] DEBUG org.apache.velocity - Velocimacro : autoload off : VM system will not automatically reload global library macros
16:04:02.710 [Test worker] DEBUG org.apache.velocity - CommonsLogLogChute name is 'org.apache.velocity'
16:04:02.710 [Test worker] DEBUG org.apache.velocity - Initializing Velocity, Calling init()...
16:04:02.710 [Test worker] DEBUG org.apache.velocity - Starting Apache Velocity v1.7 (compiled: 2010-11-19 12:14:37)
16:04:02.710 [Test worker] DEBUG org.apache.velocity - Default Properties File: org\apache\velocity\runtime\defaults\velocity.properties
16:04:02.710 [Test worker] DEBUG org.apache.velocity - Trying to use logger class org.apache.velocity.runtime.log.AvalonLogChute
16:04:02.710 [Test worker] DEBUG org.apache.velocity - Target log system for org.apache.velocity.runtime.log.AvalonLogChute is not available (java.lang.NoClassDefFoundError: org/apache/log/format/Formatter).  Falling back to next log system...
16:04:02.710 [Test worker] DEBUG org.apache.velocity - Trying to use logger class org.apache.velocity.runtime.log.Log4JLogChute
16:04:02.710 [Test worker] DEBUG org.apache.velocity - Target log system for org.apache.velocity.runtime.log.Log4JLogChute is not available (java.lang.NoClassDefFoundError: org/apache/log4j/Priority).  Falling back to next log system...
16:04:02.710 [Test worker] DEBUG org.apache.velocity - Trying to use logger class org.apache.velocity.runtime.log.CommonsLogLogChute
16:04:02.710 [Test worker] DEBUG org.apache.velocity - Using logger class org.apache.velocity.runtime.log.CommonsLogLogChute
16:04:02.710 [Test worker] DEBUG org.apache.velocity - ResourceLoader instantiated: org.apache.velocity.runtime.resource.loader.ClasspathResourceLoader
16:04:02.710 [Test worker] DEBUG org.apache.velocity - ResourceCache: initialized (class org.apache.velocity.runtime.resource.ResourceCacheImpl) with class java.util.Collections$SynchronizedMap cache map.
16:04:02.710 [Test worker] DEBUG org.apache.velocity - Loaded System Directive: org.apache.velocity.runtime.directive.Stop
16:04:02.710 [Test worker] DEBUG org.apache.velocity - Loaded System Directive: org.apache.velocity.runtime.directive.Define
16:04:02.710 [Test worker] DEBUG org.apache.velocity - Loaded System Directive: org.apache.velocity.runtime.directive.Break
16:04:02.710 [Test worker] DEBUG org.apache.velocity - Loaded System Directive: org.apache.velocity.runtime.directive.Evaluate
16:04:02.710 [Test worker] DEBUG org.apache.velocity - Loaded System Directive: org.apache.velocity.runtime.directive.Literal
16:04:02.710 [Test worker] DEBUG org.apache.velocity - Loaded System Directive: org.apache.velocity.runtime.directive.Macro
16:04:02.710 [Test worker] DEBUG org.apache.velocity - Loaded System Directive: org.apache.velocity.runtime.directive.Parse
16:04:02.710 [Test worker] DEBUG org.apache.velocity - Loaded System Directive: org.apache.velocity.runtime.directive.Include
16:04:02.710 [Test worker] DEBUG org.apache.velocity - Loaded System Directive: org.apache.velocity.runtime.directive.Foreach
16:04:02.710 [Test worker] DEBUG org.apache.velocity - Created '20' parsers.
16:04:02.710 [Test worker] DEBUG org.apache.velocity - Velocimacro : "velocimacro.library" is not set.  Trying default library: VM_global_library.vm
16:04:02.710 [Test worker] DEBUG org.apache.velocity - Could not load resource 'VM_global_library.vm' from ResourceLoader org.apache.velocity.runtime.resource.loader.ClasspathResourceLoader: ClasspathResourceLoader Error: cannot find resource VM_global_library.vm
16:04:02.710 [Test worker] DEBUG org.apache.velocity - Velocimacro : Default library not found.
16:04:02.710 [Test worker] DEBUG org.apache.velocity - Velocimacro : allowInline = true : VMs can be defined inline in templates
16:04:02.710 [Test worker] DEBUG org.apache.velocity - Velocimacro : allowInlineToOverride = false : VMs defined inline may NOT replace previous VM definitions
16:04:02.710 [Test worker] DEBUG org.apache.velocity - Velocimacro : allowInlineLocal = false : VMs defined inline will be global in scope if allowed.
16:04:02.710 [Test worker] DEBUG org.apache.velocity - Velocimacro : autoload off : VM system will not automatically reload global library macros
16:04:02.726 [Test worker] DEBUG org.apache.velocity - CommonsLogLogChute name is 'org.apache.velocity'
16:04:02.726 [Test worker] DEBUG org.apache.velocity - Initializing Velocity, Calling init()...
16:04:02.726 [Test worker] DEBUG org.apache.velocity - Starting Apache Velocity v1.7 (compiled: 2010-11-19 12:14:37)
16:04:02.726 [Test worker] DEBUG org.apache.velocity - Default Properties File: org\apache\velocity\runtime\defaults\velocity.properties
16:04:02.726 [Test worker] DEBUG org.apache.velocity - Trying to use logger class org.apache.velocity.runtime.log.AvalonLogChute
16:04:02.726 [Test worker] DEBUG org.apache.velocity - Target log system for org.apache.velocity.runtime.log.AvalonLogChute is not available (java.lang.NoClassDefFoundError: org/apache/log/format/Formatter).  Falling back to next log system...
16:04:02.726 [Test worker] DEBUG org.apache.velocity - Trying to use logger class org.apache.velocity.runtime.log.Log4JLogChute
16:04:02.726 [Test worker] DEBUG org.apache.velocity - Target log system for org.apache.velocity.runtime.log.Log4JLogChute is not available (java.lang.NoClassDefFoundError: org/apache/log4j/Priority).  Falling back to next log system...
16:04:02.726 [Test worker] DEBUG org.apache.velocity - Trying to use logger class org.apache.velocity.runtime.log.CommonsLogLogChute
16:04:02.726 [Test worker] DEBUG org.apache.velocity - Using logger class org.apache.velocity.runtime.log.CommonsLogLogChute
16:04:02.726 [Test worker] DEBUG org.apache.velocity - ResourceLoader instantiated: org.apache.velocity.runtime.resource.loader.ClasspathResourceLoader
16:04:02.726 [Test worker] DEBUG org.apache.velocity - ResourceCache: initialized (class org.apache.velocity.runtime.resource.ResourceCacheImpl) with class java.util.Collections$SynchronizedMap cache map.
16:04:02.726 [Test worker] DEBUG org.apache.velocity - Loaded System Directive: org.apache.velocity.runtime.directive.Stop
16:04:02.726 [Test worker] DEBUG org.apache.velocity - Loaded System Directive: org.apache.velocity.runtime.directive.Define
16:04:02.726 [Test worker] DEBUG org.apache.velocity - Loaded System Directive: org.apache.velocity.runtime.directive.Break
16:04:02.726 [Test worker] DEBUG org.apache.velocity - Loaded System Directive: org.apache.velocity.runtime.directive.Evaluate
16:04:02.726 [Test worker] DEBUG org.apache.velocity - Loaded System Directive: org.apache.velocity.runtime.directive.Literal
16:04:02.726 [Test worker] DEBUG org.apache.velocity - Loaded System Directive: org.apache.velocity.runtime.directive.Macro
16:04:02.726 [Test worker] DEBUG org.apache.velocity - Loaded System Directive: org.apache.velocity.runtime.directive.Parse
16:04:02.726 [Test worker] DEBUG org.apache.velocity - Loaded System Directive: org.apache.velocity.runtime.directive.Include
16:04:02.726 [Test worker] DEBUG org.apache.velocity - Loaded System Directive: org.apache.velocity.runtime.directive.Foreach
16:04:02.726 [Test worker] DEBUG org.apache.velocity - Created '20' parsers.
16:04:02.726 [Test worker] DEBUG org.apache.velocity - Velocimacro : "velocimacro.library" is not set.  Trying default library: VM_global_library.vm
16:04:02.726 [Test worker] DEBUG org.apache.velocity - Could not load resource 'VM_global_library.vm' from ResourceLoader org.apache.velocity.runtime.resource.loader.ClasspathResourceLoader: ClasspathResourceLoader Error: cannot find resource VM_global_library.vm
16:04:02.726 [Test worker] DEBUG org.apache.velocity - Velocimacro : Default library not found.
16:04:02.726 [Test worker] DEBUG org.apache.velocity - Velocimacro : allowInline = true : VMs can be defined inline in templates
16:04:02.726 [Test worker] DEBUG org.apache.velocity - Velocimacro : allowInlineToOverride = false : VMs defined inline may NOT replace previous VM definitions
16:04:02.726 [Test worker] DEBUG org.apache.velocity - Velocimacro : allowInlineLocal = false : VMs defined inline will be global in scope if allowed.
16:04:02.726 [Test worker] DEBUG org.apache.velocity - Velocimacro : autoload off : VM system will not automatically reload global library macros
16:04:02.726 [Test worker] DEBUG org.apache.velocity - CommonsLogLogChute name is 'org.apache.velocity'
16:04:02.726 [Test worker] DEBUG org.apache.velocity - Initializing Velocity, Calling init()...
16:04:02.726 [Test worker] DEBUG org.apache.velocity - Starting Apache Velocity v1.7 (compiled: 2010-11-19 12:14:37)
16:04:02.726 [Test worker] DEBUG org.apache.velocity - Default Properties File: org\apache\velocity\runtime\defaults\velocity.properties
16:04:02.726 [Test worker] DEBUG org.apache.velocity - Trying to use logger class org.apache.velocity.runtime.log.AvalonLogChute
16:04:02.726 [Test worker] DEBUG org.apache.velocity - Target log system for org.apache.velocity.runtime.log.AvalonLogChute is not available (java.lang.NoClassDefFoundError: org/apache/log/format/Formatter).  Falling back to next log system...
16:04:02.726 [Test worker] DEBUG org.apache.velocity - Trying to use logger class org.apache.velocity.runtime.log.Log4JLogChute
16:04:02.726 [Test worker] DEBUG org.apache.velocity - Target log system for org.apache.velocity.runtime.log.Log4JLogChute is not available (java.lang.NoClassDefFoundError: org/apache/log4j/Priority).  Falling back to next log system...
16:04:02.726 [Test worker] DEBUG org.apache.velocity - Trying to use logger class org.apache.velocity.runtime.log.CommonsLogLogChute
16:04:02.726 [Test worker] DEBUG org.apache.velocity - Using logger class org.apache.velocity.runtime.log.CommonsLogLogChute
16:04:02.726 [Test worker] DEBUG org.apache.velocity - ResourceLoader instantiated: org.apache.velocity.runtime.resource.loader.ClasspathResourceLoader
16:04:02.726 [Test worker] DEBUG org.apache.velocity - ResourceCache: initialized (class org.apache.velocity.runtime.resource.ResourceCacheImpl) with class java.util.Collections$SynchronizedMap cache map.
16:04:02.726 [Test worker] DEBUG org.apache.velocity - Loaded System Directive: org.apache.velocity.runtime.directive.Stop
16:04:02.726 [Test worker] DEBUG org.apache.velocity - Loaded System Directive: org.apache.velocity.runtime.directive.Define
16:04:02.726 [Test worker] DEBUG org.apache.velocity - Loaded System Directive: org.apache.velocity.runtime.directive.Break
16:04:02.726 [Test worker] DEBUG org.apache.velocity - Loaded System Directive: org.apache.velocity.runtime.directive.Evaluate
16:04:02.726 [Test worker] DEBUG org.apache.velocity - Loaded System Directive: org.apache.velocity.runtime.directive.Literal
16:04:02.726 [Test worker] DEBUG org.apache.velocity - Loaded System Directive: org.apache.velocity.runtime.directive.Macro
16:04:02.726 [Test worker] DEBUG org.apache.velocity - Loaded System Directive: org.apache.velocity.runtime.directive.Parse
16:04:02.726 [Test worker] DEBUG org.apache.velocity - Loaded System Directive: org.apache.velocity.runtime.directive.Include
16:04:02.726 [Test worker] DEBUG org.apache.velocity - Loaded System Directive: org.apache.velocity.runtime.directive.Foreach
16:04:02.726 [Test worker] DEBUG org.apache.velocity - Created '20' parsers.
16:04:02.726 [Test worker] DEBUG org.apache.velocity - Velocimacro : "velocimacro.library" is not set.  Trying default library: VM_global_library.vm
16:04:02.726 [Test worker] DEBUG org.apache.velocity - Could not load resource 'VM_global_library.vm' from ResourceLoader org.apache.velocity.runtime.resource.loader.ClasspathResourceLoader: ClasspathResourceLoader Error: cannot find resource VM_global_library.vm
16:04:02.726 [Test worker] DEBUG org.apache.velocity - Velocimacro : Default library not found.
16:04:02.726 [Test worker] DEBUG org.apache.velocity - Velocimacro : allowInline = true : VMs can be defined inline in templates
16:04:02.726 [Test worker] DEBUG org.apache.velocity - Velocimacro : allowInlineToOverride = false : VMs defined inline may NOT replace previous VM definitions
16:04:02.726 [Test worker] DEBUG org.apache.velocity - Velocimacro : allowInlineLocal = false : VMs defined inline will be global in scope if allowed.
16:04:02.726 [Test worker] DEBUG org.apache.velocity - Velocimacro : autoload off : VM system will not automatically reload global library macros
16:04:02.726 [Test worker] DEBUG org.apache.velocity - CommonsLogLogChute name is 'org.apache.velocity'
16:04:02.726 [Test worker] DEBUG org.apache.velocity - Initializing Velocity, Calling init()...
16:04:02.726 [Test worker] DEBUG org.apache.velocity - Starting Apache Velocity v1.7 (compiled: 2010-11-19 12:14:37)
16:04:02.726 [Test worker] DEBUG org.apache.velocity - Default Properties File: org\apache\velocity\runtime\defaults\velocity.properties
16:04:02.726 [Test worker] DEBUG org.apache.velocity - Trying to use logger class org.apache.velocity.runtime.log.AvalonLogChute
16:04:02.726 [Test worker] DEBUG org.apache.velocity - Target log system for org.apache.velocity.runtime.log.AvalonLogChute is not available (java.lang.NoClassDefFoundError: org/apache/log/format/Formatter).  Falling back to next log system...
16:04:02.726 [Test worker] DEBUG org.apache.velocity - Trying to use logger class org.apache.velocity.runtime.log.Log4JLogChute
16:04:02.726 [Test worker] DEBUG org.apache.velocity - Target log system for org.apache.velocity.runtime.log.Log4JLogChute is not available (java.lang.NoClassDefFoundError: org/apache/log4j/Priority).  Falling back to next log system...
16:04:02.726 [Test worker] DEBUG org.apache.velocity - Trying to use logger class org.apache.velocity.runtime.log.CommonsLogLogChute
16:04:02.726 [Test worker] DEBUG org.apache.velocity - Using logger class org.apache.velocity.runtime.log.CommonsLogLogChute
16:04:02.726 [Test worker] DEBUG org.apache.velocity - ResourceLoader instantiated: org.apache.velocity.runtime.resource.loader.ClasspathResourceLoader
16:04:02.726 [Test worker] DEBUG org.apache.velocity - ResourceCache: initialized (class org.apache.velocity.runtime.resource.ResourceCacheImpl) with class java.util.Collections$SynchronizedMap cache map.
16:04:02.726 [Test worker] DEBUG org.apache.velocity - Loaded System Directive: org.apache.velocity.runtime.directive.Stop
16:04:02.726 [Test worker] DEBUG org.apache.velocity - Loaded System Directive: org.apache.velocity.runtime.directive.Define
16:04:02.726 [Test worker] DEBUG org.apache.velocity - Loaded System Directive: org.apache.velocity.runtime.directive.Break
16:04:02.726 [Test worker] DEBUG org.apache.velocity - Loaded System Directive: org.apache.velocity.runtime.directive.Evaluate
16:04:02.726 [Test worker] DEBUG org.apache.velocity - Loaded System Directive: org.apache.velocity.runtime.directive.Literal
16:04:02.726 [Test worker] DEBUG org.apache.velocity - Loaded System Directive: org.apache.velocity.runtime.directive.Macro
16:04:02.726 [Test worker] DEBUG org.apache.velocity - Loaded System Directive: org.apache.velocity.runtime.directive.Parse
16:04:02.726 [Test worker] DEBUG org.apache.velocity - Loaded System Directive: org.apache.velocity.runtime.directive.Include
16:04:02.726 [Test worker] DEBUG org.apache.velocity - Loaded System Directive: org.apache.velocity.runtime.directive.Foreach
16:04:02.726 [Test worker] DEBUG org.apache.velocity - Created '20' parsers.
16:04:02.726 [Test worker] DEBUG org.apache.velocity - Velocimacro : "velocimacro.library" is not set.  Trying default library: VM_global_library.vm
16:04:02.726 [Test worker] DEBUG org.apache.velocity - Could not load resource 'VM_global_library.vm' from ResourceLoader org.apache.velocity.runtime.resource.loader.ClasspathResourceLoader: ClasspathResourceLoader Error: cannot find resource VM_global_library.vm
16:04:02.726 [Test worker] DEBUG org.apache.velocity - Velocimacro : Default library not found.
16:04:02.726 [Test worker] DEBUG org.apache.velocity - Velocimacro : allowInline = true : VMs can be defined inline in templates
16:04:02.726 [Test worker] DEBUG org.apache.velocity - Velocimacro : allowInlineToOverride = false : VMs defined inline may NOT replace previous VM definitions
16:04:02.726 [Test worker] DEBUG org.apache.velocity - Velocimacro : allowInlineLocal = false : VMs defined inline will be global in scope if allowed.
16:04:02.726 [Test worker] DEBUG org.apache.velocity - Velocimacro : autoload off : VM system will not automatically reload global library macros
16:04:02.726 [Test worker] DEBUG org.apache.velocity - CommonsLogLogChute name is 'org.apache.velocity'
16:04:02.726 [Test worker] DEBUG org.apache.velocity - Initializing Velocity, Calling init()...
16:04:02.726 [Test worker] DEBUG org.apache.velocity - Starting Apache Velocity v1.7 (compiled: 2010-11-19 12:14:37)
16:04:02.726 [Test worker] DEBUG org.apache.velocity - Default Properties File: org\apache\velocity\runtime\defaults\velocity.properties
16:04:02.726 [Test worker] DEBUG org.apache.velocity - Trying to use logger class org.apache.velocity.runtime.log.AvalonLogChute
16:04:02.726 [Test worker] DEBUG org.apache.velocity - Target log system for org.apache.velocity.runtime.log.AvalonLogChute is not available (java.lang.NoClassDefFoundError: org/apache/log/format/Formatter).  Falling back to next log system...
16:04:02.726 [Test worker] DEBUG org.apache.velocity - Trying to use logger class org.apache.velocity.runtime.log.Log4JLogChute
16:04:02.726 [Test worker] DEBUG org.apache.velocity - Target log system for org.apache.velocity.runtime.log.Log4JLogChute is not available (java.lang.NoClassDefFoundError: org/apache/log4j/Priority).  Falling back to next log system...
16:04:02.726 [Test worker] DEBUG org.apache.velocity - Trying to use logger class org.apache.velocity.runtime.log.CommonsLogLogChute
16:04:02.726 [Test worker] DEBUG org.apache.velocity - Using logger class org.apache.velocity.runtime.log.CommonsLogLogChute
16:04:02.726 [Test worker] DEBUG org.apache.velocity - ResourceLoader instantiated: org.apache.velocity.runtime.resource.loader.ClasspathResourceLoader
16:04:02.726 [Test worker] DEBUG org.apache.velocity - ResourceCache: initialized (class org.apache.velocity.runtime.resource.ResourceCacheImpl) with class java.util.Collections$SynchronizedMap cache map.
16:04:02.726 [Test worker] DEBUG org.apache.velocity - Loaded System Directive: org.apache.velocity.runtime.directive.Stop
16:04:02.726 [Test worker] DEBUG org.apache.velocity - Loaded System Directive: org.apache.velocity.runtime.directive.Define
16:04:02.726 [Test worker] DEBUG org.apache.velocity - Loaded System Directive: org.apache.velocity.runtime.directive.Break
16:04:02.726 [Test worker] DEBUG org.apache.velocity - Loaded System Directive: org.apache.velocity.runtime.directive.Evaluate
16:04:02.726 [Test worker] DEBUG org.apache.velocity - Loaded System Directive: org.apache.velocity.runtime.directive.Literal
16:04:02.726 [Test worker] DEBUG org.apache.velocity - Loaded System Directive: org.apache.velocity.runtime.directive.Macro
16:04:02.726 [Test worker] DEBUG org.apache.velocity - Loaded System Directive: org.apache.velocity.runtime.directive.Parse
16:04:02.726 [Test worker] DEBUG org.apache.velocity - Loaded System Directive: org.apache.velocity.runtime.directive.Include
16:04:02.726 [Test worker] DEBUG org.apache.velocity - Loaded System Directive: org.apache.velocity.runtime.directive.Foreach
16:04:02.726 [Test worker] DEBUG org.apache.velocity - Created '20' parsers.
16:04:02.726 [Test worker] DEBUG org.apache.velocity - Velocimacro : "velocimacro.library" is not set.  Trying default library: VM_global_library.vm
16:04:02.726 [Test worker] DEBUG org.apache.velocity - Could not load resource 'VM_global_library.vm' from ResourceLoader org.apache.velocity.runtime.resource.loader.ClasspathResourceLoader: ClasspathResourceLoader Error: cannot find resource VM_global_library.vm
16:04:02.726 [Test worker] DEBUG org.apache.velocity - Velocimacro : Default library not found.
16:04:02.726 [Test worker] DEBUG org.apache.velocity - Velocimacro : allowInline = true : VMs can be defined inline in templates
16:04:02.726 [Test worker] DEBUG org.apache.velocity - Velocimacro : allowInlineToOverride = false : VMs defined inline may NOT replace previous VM definitions
16:04:02.726 [Test worker] DEBUG org.apache.velocity - Velocimacro : allowInlineLocal = false : VMs defined inline will be global in scope if allowed.
16:04:02.726 [Test worker] DEBUG org.apache.velocity - Velocimacro : autoload off : VM system will not automatically reload global library macros
16:04:02.726 [Test worker] DEBUG org.apache.velocity - CommonsLogLogChute name is 'org.apache.velocity'
16:04:02.726 [Test worker] DEBUG org.apache.velocity - Initializing Velocity, Calling init()...
16:04:02.726 [Test worker] DEBUG org.apache.velocity - Starting Apache Velocity v1.7 (compiled: 2010-11-19 12:14:37)
16:04:02.726 [Test worker] DEBUG org.apache.velocity - Default Properties File: org\apache\velocity\runtime\defaults\velocity.properties
16:04:02.726 [Test worker] DEBUG org.apache.velocity - Trying to use logger class org.apache.velocity.runtime.log.AvalonLogChute
16:04:02.726 [Test worker] DEBUG org.apache.velocity - Target log system for org.apache.velocity.runtime.log.AvalonLogChute is not available (java.lang.NoClassDefFoundError: org/apache/log/format/Formatter).  Falling back to next log system...
16:04:02.726 [Test worker] DEBUG org.apache.velocity - Trying to use logger class org.apache.velocity.runtime.log.Log4JLogChute
16:04:02.726 [Test worker] DEBUG org.apache.velocity - Target log system for org.apache.velocity.runtime.log.Log4JLogChute is not available (java.lang.NoClassDefFoundError: org/apache/log4j/Priority).  Falling back to next log system...
16:04:02.726 [Test worker] DEBUG org.apache.velocity - Trying to use logger class org.apache.velocity.runtime.log.CommonsLogLogChute
16:04:02.726 [Test worker] DEBUG org.apache.velocity - Using logger class org.apache.velocity.runtime.log.CommonsLogLogChute
16:04:02.726 [Test worker] DEBUG org.apache.velocity - ResourceLoader instantiated: org.apache.velocity.runtime.resource.loader.ClasspathResourceLoader
16:04:02.726 [Test worker] DEBUG org.apache.velocity - ResourceCache: initialized (class org.apache.velocity.runtime.resource.ResourceCacheImpl) with class java.util.Collections$SynchronizedMap cache map.
16:04:02.726 [Test worker] DEBUG org.apache.velocity - Loaded System Directive: org.apache.velocity.runtime.directive.Stop
16:04:02.726 [Test worker] DEBUG org.apache.velocity - Loaded System Directive: org.apache.velocity.runtime.directive.Define
16:04:02.726 [Test worker] DEBUG org.apache.velocity - Loaded System Directive: org.apache.velocity.runtime.directive.Break
16:04:02.726 [Test worker] DEBUG org.apache.velocity - Loaded System Directive: org.apache.velocity.runtime.directive.Evaluate
16:04:02.726 [Test worker] DEBUG org.apache.velocity - Loaded System Directive: org.apache.velocity.runtime.directive.Literal
16:04:02.726 [Test worker] DEBUG org.apache.velocity - Loaded System Directive: org.apache.velocity.runtime.directive.Macro
16:04:02.726 [Test worker] DEBUG org.apache.velocity - Loaded System Directive: org.apache.velocity.runtime.directive.Parse
16:04:02.726 [Test worker] DEBUG org.apache.velocity - Loaded System Directive: org.apache.velocity.runtime.directive.Include
16:04:02.726 [Test worker] DEBUG org.apache.velocity - Loaded System Directive: org.apache.velocity.runtime.directive.Foreach
16:04:02.726 [Test worker] DEBUG org.apache.velocity - Created '20' parsers.
16:04:02.726 [Test worker] DEBUG org.apache.velocity - Velocimacro : "velocimacro.library" is not set.  Trying default library: VM_global_library.vm
16:04:02.726 [Test worker] DEBUG org.apache.velocity - Could not load resource 'VM_global_library.vm' from ResourceLoader org.apache.velocity.runtime.resource.loader.ClasspathResourceLoader: ClasspathResourceLoader Error: cannot find resource VM_global_library.vm
16:04:02.726 [Test worker] DEBUG org.apache.velocity - Velocimacro : Default library not found.
16:04:02.726 [Test worker] DEBUG org.apache.velocity - Velocimacro : allowInline = true : VMs can be defined inline in templates
16:04:02.726 [Test worker] DEBUG org.apache.velocity - Velocimacro : allowInlineToOverride = false : VMs defined inline may NOT replace previous VM definitions
16:04:02.726 [Test worker] DEBUG org.apache.velocity - Velocimacro : allowInlineLocal = false : VMs defined inline will be global in scope if allowed.
16:04:02.726 [Test worker] DEBUG org.apache.velocity - Velocimacro : autoload off : VM system will not automatically reload global library macros
16:04:02.741 [Test worker] DEBUG org.apache.velocity - CommonsLogLogChute name is 'org.apache.velocity'
16:04:02.741 [Test worker] DEBUG org.apache.velocity - Initializing Velocity, Calling init()...
16:04:02.741 [Test worker] DEBUG org.apache.velocity - Starting Apache Velocity v1.7 (compiled: 2010-11-19 12:14:37)
16:04:02.741 [Test worker] DEBUG org.apache.velocity - Default Properties File: org\apache\velocity\runtime\defaults\velocity.properties
16:04:02.741 [Test worker] DEBUG org.apache.velocity - Trying to use logger class org.apache.velocity.runtime.log.AvalonLogChute
16:04:02.741 [Test worker] DEBUG org.apache.velocity - Target log system for org.apache.velocity.runtime.log.AvalonLogChute is not available (java.lang.NoClassDefFoundError: org/apache/log/format/Formatter).  Falling back to next log system...
16:04:02.741 [Test worker] DEBUG org.apache.velocity - Trying to use logger class org.apache.velocity.runtime.log.Log4JLogChute
16:04:02.741 [Test worker] DEBUG org.apache.velocity - Target log system for org.apache.velocity.runtime.log.Log4JLogChute is not available (java.lang.NoClassDefFoundError: org/apache/log4j/Priority).  Falling back to next log system...
16:04:02.741 [Test worker] DEBUG org.apache.velocity - Trying to use logger class org.apache.velocity.runtime.log.CommonsLogLogChute
16:04:02.741 [Test worker] DEBUG org.apache.velocity - Using logger class org.apache.velocity.runtime.log.CommonsLogLogChute
16:04:02.741 [Test worker] DEBUG org.apache.velocity - ResourceLoader instantiated: org.apache.velocity.runtime.resource.loader.ClasspathResourceLoader
16:04:02.741 [Test worker] DEBUG org.apache.velocity - ResourceCache: initialized (class org.apache.velocity.runtime.resource.ResourceCacheImpl) with class java.util.Collections$SynchronizedMap cache map.
16:04:02.741 [Test worker] DEBUG org.apache.velocity - Loaded System Directive: org.apache.velocity.runtime.directive.Stop
16:04:02.741 [Test worker] DEBUG org.apache.velocity - Loaded System Directive: org.apache.velocity.runtime.directive.Define
16:04:02.741 [Test worker] DEBUG org.apache.velocity - Loaded System Directive: org.apache.velocity.runtime.directive.Break
16:04:02.741 [Test worker] DEBUG org.apache.velocity - Loaded System Directive: org.apache.velocity.runtime.directive.Evaluate
16:04:02.741 [Test worker] DEBUG org.apache.velocity - Loaded System Directive: org.apache.velocity.runtime.directive.Literal
16:04:02.741 [Test worker] DEBUG org.apache.velocity - Loaded System Directive: org.apache.velocity.runtime.directive.Macro
16:04:02.741 [Test worker] DEBUG org.apache.velocity - Loaded System Directive: org.apache.velocity.runtime.directive.Parse
16:04:02.741 [Test worker] DEBUG org.apache.velocity - Loaded System Directive: org.apache.velocity.runtime.directive.Include
16:04:02.741 [Test worker] DEBUG org.apache.velocity - Loaded System Directive: org.apache.velocity.runtime.directive.Foreach
16:04:02.741 [Test worker] DEBUG org.apache.velocity - Created '20' parsers.
16:04:02.741 [Test worker] DEBUG org.apache.velocity - Velocimacro : "velocimacro.library" is not set.  Trying default library: VM_global_library.vm
16:04:02.741 [Test worker] DEBUG org.apache.velocity - Could not load resource 'VM_global_library.vm' from ResourceLoader org.apache.velocity.runtime.resource.loader.ClasspathResourceLoader: ClasspathResourceLoader Error: cannot find resource VM_global_library.vm
16:04:02.741 [Test worker] DEBUG org.apache.velocity - Velocimacro : Default library not found.
16:04:02.741 [Test worker] DEBUG org.apache.velocity - Velocimacro : allowInline = true : VMs can be defined inline in templates
16:04:02.741 [Test worker] DEBUG org.apache.velocity - Velocimacro : allowInlineToOverride = false : VMs defined inline may NOT replace previous VM definitions
16:04:02.741 [Test worker] DEBUG org.apache.velocity - Velocimacro : allowInlineLocal = false : VMs defined inline will be global in scope if allowed.
16:04:02.741 [Test worker] DEBUG org.apache.velocity - Velocimacro : autoload off : VM system will not automatically reload global library macros
16:04:02.741 [Test worker] DEBUG org.apache.velocity - CommonsLogLogChute name is 'org.apache.velocity'
16:04:02.741 [Test worker] DEBUG org.apache.velocity - Initializing Velocity, Calling init()...
16:04:02.741 [Test worker] DEBUG org.apache.velocity - Starting Apache Velocity v1.7 (compiled: 2010-11-19 12:14:37)
16:04:02.741 [Test worker] DEBUG org.apache.velocity - Default Properties File: org\apache\velocity\runtime\defaults\velocity.properties
16:04:02.741 [Test worker] DEBUG org.apache.velocity - Trying to use logger class org.apache.velocity.runtime.log.AvalonLogChute
16:04:02.741 [Test worker] DEBUG org.apache.velocity - Target log system for org.apache.velocity.runtime.log.AvalonLogChute is not available (java.lang.NoClassDefFoundError: org/apache/log/format/Formatter).  Falling back to next log system...
16:04:02.741 [Test worker] DEBUG org.apache.velocity - Trying to use logger class org.apache.velocity.runtime.log.Log4JLogChute
16:04:02.741 [Test worker] DEBUG org.apache.velocity - Target log system for org.apache.velocity.runtime.log.Log4JLogChute is not available (java.lang.NoClassDefFoundError: org/apache/log4j/Priority).  Falling back to next log system...
16:04:02.741 [Test worker] DEBUG org.apache.velocity - Trying to use logger class org.apache.velocity.runtime.log.CommonsLogLogChute
16:04:02.741 [Test worker] DEBUG org.apache.velocity - Using logger class org.apache.velocity.runtime.log.CommonsLogLogChute
16:04:02.741 [Test worker] DEBUG org.apache.velocity - ResourceLoader instantiated: org.apache.velocity.runtime.resource.loader.ClasspathResourceLoader
16:04:02.741 [Test worker] DEBUG org.apache.velocity - ResourceCache: initialized (class org.apache.velocity.runtime.resource.ResourceCacheImpl) with class java.util.Collections$SynchronizedMap cache map.
16:04:02.741 [Test worker] DEBUG org.apache.velocity - Loaded System Directive: org.apache.velocity.runtime.directive.Stop
16:04:02.741 [Test worker] DEBUG org.apache.velocity - Loaded System Directive: org.apache.velocity.runtime.directive.Define
16:04:02.741 [Test worker] DEBUG org.apache.velocity - Loaded System Directive: org.apache.velocity.runtime.directive.Break
16:04:02.741 [Test worker] DEBUG org.apache.velocity - Loaded System Directive: org.apache.velocity.runtime.directive.Evaluate
16:04:02.741 [Test worker] DEBUG org.apache.velocity - Loaded System Directive: org.apache.velocity.runtime.directive.Literal
16:04:02.741 [Test worker] DEBUG org.apache.velocity - Loaded System Directive: org.apache.velocity.runtime.directive.Macro
16:04:02.741 [Test worker] DEBUG org.apache.velocity - Loaded System Directive: org.apache.velocity.runtime.directive.Parse
16:04:02.741 [Test worker] DEBUG org.apache.velocity - Loaded System Directive: org.apache.velocity.runtime.directive.Include
16:04:02.741 [Test worker] DEBUG org.apache.velocity - Loaded System Directive: org.apache.velocity.runtime.directive.Foreach
16:04:02.741 [Test worker] DEBUG org.apache.velocity - Created '20' parsers.
16:04:02.741 [Test worker] DEBUG org.apache.velocity - Velocimacro : "velocimacro.library" is not set.  Trying default library: VM_global_library.vm
16:04:02.741 [Test worker] DEBUG org.apache.velocity - Could not load resource 'VM_global_library.vm' from ResourceLoader org.apache.velocity.runtime.resource.loader.ClasspathResourceLoader: ClasspathResourceLoader Error: cannot find resource VM_global_library.vm
16:04:02.741 [Test worker] DEBUG org.apache.velocity - Velocimacro : Default library not found.
16:04:02.741 [Test worker] DEBUG org.apache.velocity - Velocimacro : allowInline = true : VMs can be defined inline in templates
16:04:02.741 [Test worker] DEBUG org.apache.velocity - Velocimacro : allowInlineToOverride = false : VMs defined inline may NOT replace previous VM definitions
16:04:02.741 [Test worker] DEBUG org.apache.velocity - Velocimacro : allowInlineLocal = false : VMs defined inline will be global in scope if allowed.
16:04:02.741 [Test worker] DEBUG org.apache.velocity - Velocimacro : autoload off : VM system will not automatically reload global library macros
16:04:02.741 [Test worker] DEBUG org.apache.velocity - CommonsLogLogChute name is 'org.apache.velocity'
16:04:02.741 [Test worker] DEBUG org.apache.velocity - Initializing Velocity, Calling init()...
16:04:02.741 [Test worker] DEBUG org.apache.velocity - Starting Apache Velocity v1.7 (compiled: 2010-11-19 12:14:37)
16:04:02.741 [Test worker] DEBUG org.apache.velocity - Default Properties File: org\apache\velocity\runtime\defaults\velocity.properties
16:04:02.741 [Test worker] DEBUG org.apache.velocity - Trying to use logger class org.apache.velocity.runtime.log.AvalonLogChute
16:04:02.741 [Test worker] DEBUG org.apache.velocity - Target log system for org.apache.velocity.runtime.log.AvalonLogChute is not available (java.lang.NoClassDefFoundError: org/apache/log/format/Formatter).  Falling back to next log system...
16:04:02.741 [Test worker] DEBUG org.apache.velocity - Trying to use logger class org.apache.velocity.runtime.log.Log4JLogChute
16:04:02.741 [Test worker] DEBUG org.apache.velocity - Target log system for org.apache.velocity.runtime.log.Log4JLogChute is not available (java.lang.NoClassDefFoundError: org/apache/log4j/Priority).  Falling back to next log system...
16:04:02.741 [Test worker] DEBUG org.apache.velocity - Trying to use logger class org.apache.velocity.runtime.log.CommonsLogLogChute
16:04:02.741 [Test worker] DEBUG org.apache.velocity - Using logger class org.apache.velocity.runtime.log.CommonsLogLogChute
16:04:02.741 [Test worker] DEBUG org.apache.velocity - ResourceLoader instantiated: org.apache.velocity.runtime.resource.loader.ClasspathResourceLoader
16:04:02.741 [Test worker] DEBUG org.apache.velocity - ResourceCache: initialized (class org.apache.velocity.runtime.resource.ResourceCacheImpl) with class java.util.Collections$SynchronizedMap cache map.
16:04:02.741 [Test worker] DEBUG org.apache.velocity - Loaded System Directive: org.apache.velocity.runtime.directive.Stop
16:04:02.741 [Test worker] DEBUG org.apache.velocity - Loaded System Directive: org.apache.velocity.runtime.directive.Define
16:04:02.741 [Test worker] DEBUG org.apache.velocity - Loaded System Directive: org.apache.velocity.runtime.directive.Break
16:04:02.741 [Test worker] DEBUG org.apache.velocity - Loaded System Directive: org.apache.velocity.runtime.directive.Evaluate
16:04:02.741 [Test worker] DEBUG org.apache.velocity - Loaded System Directive: org.apache.velocity.runtime.directive.Literal
16:04:02.741 [Test worker] DEBUG org.apache.velocity - Loaded System Directive: org.apache.velocity.runtime.directive.Macro
16:04:02.741 [Test worker] DEBUG org.apache.velocity - Loaded System Directive: org.apache.velocity.runtime.directive.Parse
16:04:02.741 [Test worker] DEBUG org.apache.velocity - Loaded System Directive: org.apache.velocity.runtime.directive.Include
16:04:02.741 [Test worker] DEBUG org.apache.velocity - Loaded System Directive: org.apache.velocity.runtime.directive.Foreach
16:04:02.741 [Test worker] DEBUG org.apache.velocity - Created '20' parsers.
16:04:02.741 [Test worker] DEBUG org.apache.velocity - Velocimacro : "velocimacro.library" is not set.  Trying default library: VM_global_library.vm
16:04:02.741 [Test worker] DEBUG org.apache.velocity - Could not load resource 'VM_global_library.vm' from ResourceLoader org.apache.velocity.runtime.resource.loader.ClasspathResourceLoader: ClasspathResourceLoader Error: cannot find resource VM_global_library.vm
16:04:02.741 [Test worker] DEBUG org.apache.velocity - Velocimacro : Default library not found.
16:04:02.741 [Test worker] DEBUG org.apache.velocity - Velocimacro : allowInline = true : VMs can be defined inline in templates
16:04:02.741 [Test worker] DEBUG org.apache.velocity - Velocimacro : allowInlineToOverride = false : VMs defined inline may NOT replace previous VM definitions
16:04:02.741 [Test worker] DEBUG org.apache.velocity - Velocimacro : allowInlineLocal = false : VMs defined inline will be global in scope if allowed.
16:04:02.741 [Test worker] DEBUG org.apache.velocity - Velocimacro : autoload off : VM system will not automatically reload global library macros
16:04:02.741 [Test worker] DEBUG org.apache.velocity - CommonsLogLogChute name is 'org.apache.velocity'
16:04:02.741 [Test worker] DEBUG org.apache.velocity - Initializing Velocity, Calling init()...
16:04:02.741 [Test worker] DEBUG org.apache.velocity - Starting Apache Velocity v1.7 (compiled: 2010-11-19 12:14:37)
16:04:02.741 [Test worker] DEBUG org.apache.velocity - Default Properties File: org\apache\velocity\runtime\defaults\velocity.properties
16:04:02.741 [Test worker] DEBUG org.apache.velocity - Trying to use logger class org.apache.velocity.runtime.log.AvalonLogChute
16:04:02.741 [Test worker] DEBUG org.apache.velocity - Target log system for org.apache.velocity.runtime.log.AvalonLogChute is not available (java.lang.NoClassDefFoundError: org/apache/log/format/Formatter).  Falling back to next log system...
16:04:02.741 [Test worker] DEBUG org.apache.velocity - Trying to use logger class org.apache.velocity.runtime.log.Log4JLogChute
16:04:02.741 [Test worker] DEBUG org.apache.velocity - Target log system for org.apache.velocity.runtime.log.Log4JLogChute is not available (java.lang.NoClassDefFoundError: org/apache/log4j/Priority).  Falling back to next log system...
16:04:02.741 [Test worker] DEBUG org.apache.velocity - Trying to use logger class org.apache.velocity.runtime.log.CommonsLogLogChute
16:04:02.741 [Test worker] DEBUG org.apache.velocity - Using logger class org.apache.velocity.runtime.log.CommonsLogLogChute
16:04:02.741 [Test worker] DEBUG org.apache.velocity - ResourceLoader instantiated: org.apache.velocity.runtime.resource.loader.ClasspathResourceLoader
16:04:02.741 [Test worker] DEBUG org.apache.velocity - ResourceCache: initialized (class org.apache.velocity.runtime.resource.ResourceCacheImpl) with class java.util.Collections$SynchronizedMap cache map.
16:04:02.741 [Test worker] DEBUG org.apache.velocity - Loaded System Directive: org.apache.velocity.runtime.directive.Stop
16:04:02.741 [Test worker] DEBUG org.apache.velocity - Loaded System Directive: org.apache.velocity.runtime.directive.Define
16:04:02.741 [Test worker] DEBUG org.apache.velocity - Loaded System Directive: org.apache.velocity.runtime.directive.Break
16:04:02.741 [Test worker] DEBUG org.apache.velocity - Loaded System Directive: org.apache.velocity.runtime.directive.Evaluate
16:04:02.741 [Test worker] DEBUG org.apache.velocity - Loaded System Directive: org.apache.velocity.runtime.directive.Literal
16:04:02.741 [Test worker] DEBUG org.apache.velocity - Loaded System Directive: org.apache.velocity.runtime.directive.Macro
16:04:02.741 [Test worker] DEBUG org.apache.velocity - Loaded System Directive: org.apache.velocity.runtime.directive.Parse
16:04:02.741 [Test worker] DEBUG org.apache.velocity - Loaded System Directive: org.apache.velocity.runtime.directive.Include
16:04:02.741 [Test worker] DEBUG org.apache.velocity - Loaded System Directive: org.apache.velocity.runtime.directive.Foreach
16:04:02.741 [Test worker] DEBUG org.apache.velocity - Created '20' parsers.
16:04:02.741 [Test worker] DEBUG org.apache.velocity - Velocimacro : "velocimacro.library" is not set.  Trying default library: VM_global_library.vm
16:04:02.741 [Test worker] DEBUG org.apache.velocity - Could not load resource 'VM_global_library.vm' from ResourceLoader org.apache.velocity.runtime.resource.loader.ClasspathResourceLoader: ClasspathResourceLoader Error: cannot find resource VM_global_library.vm
16:04:02.741 [Test worker] DEBUG org.apache.velocity - Velocimacro : Default library not found.
16:04:02.741 [Test worker] DEBUG org.apache.velocity - Velocimacro : allowInline = true : VMs can be defined inline in templates
16:04:02.741 [Test worker] DEBUG org.apache.velocity - Velocimacro : allowInlineToOverride = false : VMs defined inline may NOT replace previous VM definitions
16:04:02.741 [Test worker] DEBUG org.apache.velocity - Velocimacro : allowInlineLocal = false : VMs defined inline will be global in scope if allowed.
16:04:02.741 [Test worker] DEBUG org.apache.velocity - Velocimacro : autoload off : VM system will not automatically reload global library macros
16:04:02.741 [Test worker] DEBUG org.apache.velocity - CommonsLogLogChute name is 'org.apache.velocity'
16:04:02.741 [Test worker] DEBUG org.apache.velocity - Initializing Velocity, Calling init()...
16:04:02.741 [Test worker] DEBUG org.apache.velocity - Starting Apache Velocity v1.7 (compiled: 2010-11-19 12:14:37)
16:04:02.741 [Test worker] DEBUG org.apache.velocity - Default Properties File: org\apache\velocity\runtime\defaults\velocity.properties
16:04:02.741 [Test worker] DEBUG org.apache.velocity - Trying to use logger class org.apache.velocity.runtime.log.AvalonLogChute
16:04:02.741 [Test worker] DEBUG org.apache.velocity - Target log system for org.apache.velocity.runtime.log.AvalonLogChute is not available (java.lang.NoClassDefFoundError: org/apache/log/format/Formatter).  Falling back to next log system...
16:04:02.741 [Test worker] DEBUG org.apache.velocity - Trying to use logger class org.apache.velocity.runtime.log.Log4JLogChute
16:04:02.741 [Test worker] DEBUG org.apache.velocity - Target log system for org.apache.velocity.runtime.log.Log4JLogChute is not available (java.lang.NoClassDefFoundError: org/apache/log4j/Priority).  Falling back to next log system...
16:04:02.741 [Test worker] DEBUG org.apache.velocity - Trying to use logger class org.apache.velocity.runtime.log.CommonsLogLogChute
16:04:02.741 [Test worker] DEBUG org.apache.velocity - Using logger class org.apache.velocity.runtime.log.CommonsLogLogChute
16:04:02.741 [Test worker] DEBUG org.apache.velocity - ResourceLoader instantiated: org.apache.velocity.runtime.resource.loader.ClasspathResourceLoader
16:04:02.741 [Test worker] DEBUG org.apache.velocity - ResourceCache: initialized (class org.apache.velocity.runtime.resource.ResourceCacheImpl) with class java.util.Collections$SynchronizedMap cache map.
16:04:02.741 [Test worker] DEBUG org.apache.velocity - Loaded System Directive: org.apache.velocity.runtime.directive.Stop
16:04:02.741 [Test worker] DEBUG org.apache.velocity - Loaded System Directive: org.apache.velocity.runtime.directive.Define
16:04:02.741 [Test worker] DEBUG org.apache.velocity - Loaded System Directive: org.apache.velocity.runtime.directive.Break
16:04:02.741 [Test worker] DEBUG org.apache.velocity - Loaded System Directive: org.apache.velocity.runtime.directive.Evaluate
16:04:02.741 [Test worker] DEBUG org.apache.velocity - Loaded System Directive: org.apache.velocity.runtime.directive.Literal
16:04:02.741 [Test worker] DEBUG org.apache.velocity - Loaded System Directive: org.apache.velocity.runtime.directive.Macro
16:04:02.741 [Test worker] DEBUG org.apache.velocity - Loaded System Directive: org.apache.velocity.runtime.directive.Parse
16:04:02.741 [Test worker] DEBUG org.apache.velocity - Loaded System Directive: org.apache.velocity.runtime.directive.Include
16:04:02.741 [Test worker] DEBUG org.apache.velocity - Loaded System Directive: org.apache.velocity.runtime.directive.Foreach
16:04:02.741 [Test worker] DEBUG org.apache.velocity - Created '20' parsers.
16:04:02.757 [Test worker] DEBUG org.apache.velocity - Velocimacro : "velocimacro.library" is not set.  Trying default library: VM_global_library.vm
16:04:02.757 [Test worker] DEBUG org.apache.velocity - Could not load resource 'VM_global_library.vm' from ResourceLoader org.apache.velocity.runtime.resource.loader.ClasspathResourceLoader: ClasspathResourceLoader Error: cannot find resource VM_global_library.vm
16:04:02.757 [Test worker] DEBUG org.apache.velocity - Velocimacro : Default library not found.
16:04:02.757 [Test worker] DEBUG org.apache.velocity - Velocimacro : allowInline = true : VMs can be defined inline in templates
16:04:02.757 [Test worker] DEBUG org.apache.velocity - Velocimacro : allowInlineToOverride = false : VMs defined inline may NOT replace previous VM definitions
16:04:02.757 [Test worker] DEBUG org.apache.velocity - Velocimacro : allowInlineLocal = false : VMs defined inline will be global in scope if allowed.
16:04:02.757 [Test worker] DEBUG org.apache.velocity - Velocimacro : autoload off : VM system will not automatically reload global library macros
16:04:02.757 [Test worker] DEBUG org.apache.velocity - CommonsLogLogChute name is 'org.apache.velocity'
16:04:02.757 [Test worker] DEBUG org.apache.velocity - Initializing Velocity, Calling init()...
16:04:02.757 [Test worker] DEBUG org.apache.velocity - Starting Apache Velocity v1.7 (compiled: 2010-11-19 12:14:37)
16:04:02.757 [Test worker] DEBUG org.apache.velocity - Default Properties File: org\apache\velocity\runtime\defaults\velocity.properties
16:04:02.757 [Test worker] DEBUG org.apache.velocity - Trying to use logger class org.apache.velocity.runtime.log.AvalonLogChute
16:04:02.757 [Test worker] DEBUG org.apache.velocity - Target log system for org.apache.velocity.runtime.log.AvalonLogChute is not available (java.lang.NoClassDefFoundError: org/apache/log/format/Formatter).  Falling back to next log system...
16:04:02.757 [Test worker] DEBUG org.apache.velocity - Trying to use logger class org.apache.velocity.runtime.log.Log4JLogChute
16:04:02.757 [Test worker] DEBUG org.apache.velocity - Target log system for org.apache.velocity.runtime.log.Log4JLogChute is not available (java.lang.NoClassDefFoundError: org/apache/log4j/Priority).  Falling back to next log system...
16:04:02.757 [Test worker] DEBUG org.apache.velocity - Trying to use logger class org.apache.velocity.runtime.log.CommonsLogLogChute
16:04:02.757 [Test worker] DEBUG org.apache.velocity - Using logger class org.apache.velocity.runtime.log.CommonsLogLogChute
16:04:02.757 [Test worker] DEBUG org.apache.velocity - ResourceLoader instantiated: org.apache.velocity.runtime.resource.loader.ClasspathResourceLoader
16:04:02.757 [Test worker] DEBUG org.apache.velocity - ResourceCache: initialized (class org.apache.velocity.runtime.resource.ResourceCacheImpl) with class java.util.Collections$SynchronizedMap cache map.
16:04:02.757 [Test worker] DEBUG org.apache.velocity - Loaded System Directive: org.apache.velocity.runtime.directive.Stop
16:04:02.757 [Test worker] DEBUG org.apache.velocity - Loaded System Directive: org.apache.velocity.runtime.directive.Define
16:04:02.757 [Test worker] DEBUG org.apache.velocity - Loaded System Directive: org.apache.velocity.runtime.directive.Break
16:04:02.757 [Test worker] DEBUG org.apache.velocity - Loaded System Directive: org.apache.velocity.runtime.directive.Evaluate
16:04:02.757 [Test worker] DEBUG org.apache.velocity - Loaded System Directive: org.apache.velocity.runtime.directive.Literal
16:04:02.757 [Test worker] DEBUG org.apache.velocity - Loaded System Directive: org.apache.velocity.runtime.directive.Macro
16:04:02.757 [Test worker] DEBUG org.apache.velocity - Loaded System Directive: org.apache.velocity.runtime.directive.Parse
16:04:02.757 [Test worker] DEBUG org.apache.velocity - Loaded System Directive: org.apache.velocity.runtime.directive.Include
16:04:02.757 [Test worker] DEBUG org.apache.velocity - Loaded System Directive: org.apache.velocity.runtime.directive.Foreach
16:04:02.757 [Test worker] DEBUG org.apache.velocity - Created '20' parsers.
16:04:02.757 [Test worker] DEBUG org.apache.velocity - Velocimacro : "velocimacro.library" is not set.  Trying default library: VM_global_library.vm
16:04:02.757 [Test worker] DEBUG org.apache.velocity - Could not load resource 'VM_global_library.vm' from ResourceLoader org.apache.velocity.runtime.resource.loader.ClasspathResourceLoader: ClasspathResourceLoader Error: cannot find resource VM_global_library.vm
16:04:02.757 [Test worker] DEBUG org.apache.velocity - Velocimacro : Default library not found.
16:04:02.757 [Test worker] DEBUG org.apache.velocity - Velocimacro : allowInline = true : VMs can be defined inline in templates
16:04:02.757 [Test worker] DEBUG org.apache.velocity - Velocimacro : allowInlineToOverride = false : VMs defined inline may NOT replace previous VM definitions
16:04:02.757 [Test worker] DEBUG org.apache.velocity - Velocimacro : allowInlineLocal = false : VMs defined inline will be global in scope if allowed.
16:04:02.757 [Test worker] DEBUG org.apache.velocity - Velocimacro : autoload off : VM system will not automatically reload global library macros
16:04:02.757 [Test worker] DEBUG org.apache.velocity - CommonsLogLogChute name is 'org.apache.velocity'
16:04:02.757 [Test worker] DEBUG org.apache.velocity - Initializing Velocity, Calling init()...
16:04:02.757 [Test worker] DEBUG org.apache.velocity - Starting Apache Velocity v1.7 (compiled: 2010-11-19 12:14:37)
16:04:02.757 [Test worker] DEBUG org.apache.velocity - Default Properties File: org\apache\velocity\runtime\defaults\velocity.properties
16:04:02.757 [Test worker] DEBUG org.apache.velocity - Trying to use logger class org.apache.velocity.runtime.log.AvalonLogChute
16:04:02.757 [Test worker] DEBUG org.apache.velocity - Target log system for org.apache.velocity.runtime.log.AvalonLogChute is not available (java.lang.NoClassDefFoundError: org/apache/log/format/Formatter).  Falling back to next log system...
16:04:02.757 [Test worker] DEBUG org.apache.velocity - Trying to use logger class org.apache.velocity.runtime.log.Log4JLogChute
16:04:02.757 [Test worker] DEBUG org.apache.velocity - Target log system for org.apache.velocity.runtime.log.Log4JLogChute is not available (java.lang.NoClassDefFoundError: org/apache/log4j/Priority).  Falling back to next log system...
16:04:02.757 [Test worker] DEBUG org.apache.velocity - Trying to use logger class org.apache.velocity.runtime.log.CommonsLogLogChute
16:04:02.757 [Test worker] DEBUG org.apache.velocity - Using logger class org.apache.velocity.runtime.log.CommonsLogLogChute
16:04:02.757 [Test worker] DEBUG org.apache.velocity - ResourceLoader instantiated: org.apache.velocity.runtime.resource.loader.ClasspathResourceLoader
16:04:02.757 [Test worker] DEBUG org.apache.velocity - ResourceCache: initialized (class org.apache.velocity.runtime.resource.ResourceCacheImpl) with class java.util.Collections$SynchronizedMap cache map.
16:04:02.757 [Test worker] DEBUG org.apache.velocity - Loaded System Directive: org.apache.velocity.runtime.directive.Stop
16:04:02.757 [Test worker] DEBUG org.apache.velocity - Loaded System Directive: org.apache.velocity.runtime.directive.Define
16:04:02.757 [Test worker] DEBUG org.apache.velocity - Loaded System Directive: org.apache.velocity.runtime.directive.Break
16:04:02.757 [Test worker] DEBUG org.apache.velocity - Loaded System Directive: org.apache.velocity.runtime.directive.Evaluate
16:04:02.757 [Test worker] DEBUG org.apache.velocity - Loaded System Directive: org.apache.velocity.runtime.directive.Literal
16:04:02.757 [Test worker] DEBUG org.apache.velocity - Loaded System Directive: org.apache.velocity.runtime.directive.Macro
16:04:02.757 [Test worker] DEBUG org.apache.velocity - Loaded System Directive: org.apache.velocity.runtime.directive.Parse
16:04:02.757 [Test worker] DEBUG org.apache.velocity - Loaded System Directive: org.apache.velocity.runtime.directive.Include
16:04:02.757 [Test worker] DEBUG org.apache.velocity - Loaded System Directive: org.apache.velocity.runtime.directive.Foreach
16:04:02.757 [Test worker] DEBUG org.apache.velocity - Created '20' parsers.
16:04:02.757 [Test worker] DEBUG org.apache.velocity - Velocimacro : "velocimacro.library" is not set.  Trying default library: VM_global_library.vm
16:04:02.757 [Test worker] DEBUG org.apache.velocity - Could not load resource 'VM_global_library.vm' from ResourceLoader org.apache.velocity.runtime.resource.loader.ClasspathResourceLoader: ClasspathResourceLoader Error: cannot find resource VM_global_library.vm
16:04:02.757 [Test worker] DEBUG org.apache.velocity - Velocimacro : Default library not found.
16:04:02.757 [Test worker] DEBUG org.apache.velocity - Velocimacro : allowInline = true : VMs can be defined inline in templates
16:04:02.757 [Test worker] DEBUG org.apache.velocity - Velocimacro : allowInlineToOverride = false : VMs defined inline may NOT replace previous VM definitions
16:04:02.757 [Test worker] DEBUG org.apache.velocity - Velocimacro : allowInlineLocal = false : VMs defined inline will be global in scope if allowed.
16:04:02.757 [Test worker] DEBUG org.apache.velocity - Velocimacro : autoload off : VM system will not automatically reload global library macros
16:04:02.757 [Test worker] DEBUG org.apache.velocity - CommonsLogLogChute name is 'org.apache.velocity'
16:04:02.757 [Test worker] DEBUG org.apache.velocity - Initializing Velocity, Calling init()...
16:04:02.757 [Test worker] DEBUG org.apache.velocity - Starting Apache Velocity v1.7 (compiled: 2010-11-19 12:14:37)
16:04:02.757 [Test worker] DEBUG org.apache.velocity - Default Properties File: org\apache\velocity\runtime\defaults\velocity.properties
16:04:02.757 [Test worker] DEBUG org.apache.velocity - Trying to use logger class org.apache.velocity.runtime.log.AvalonLogChute
16:04:02.757 [Test worker] DEBUG org.apache.velocity - Target log system for org.apache.velocity.runtime.log.AvalonLogChute is not available (java.lang.NoClassDefFoundError: org/apache/log/format/Formatter).  Falling back to next log system...
16:04:02.757 [Test worker] DEBUG org.apache.velocity - Trying to use logger class org.apache.velocity.runtime.log.Log4JLogChute
16:04:02.757 [Test worker] DEBUG org.apache.velocity - Target log system for org.apache.velocity.runtime.log.Log4JLogChute is not available (java.lang.NoClassDefFoundError: org/apache/log4j/Priority).  Falling back to next log system...
16:04:02.757 [Test worker] DEBUG org.apache.velocity - Trying to use logger class org.apache.velocity.runtime.log.CommonsLogLogChute
16:04:02.757 [Test worker] DEBUG org.apache.velocity - Using logger class org.apache.velocity.runtime.log.CommonsLogLogChute
16:04:02.757 [Test worker] DEBUG org.apache.velocity - ResourceLoader instantiated: org.apache.velocity.runtime.resource.loader.ClasspathResourceLoader
16:04:02.757 [Test worker] DEBUG org.apache.velocity - ResourceCache: initialized (class org.apache.velocity.runtime.resource.ResourceCacheImpl) with class java.util.Collections$SynchronizedMap cache map.
16:04:02.757 [Test worker] DEBUG org.apache.velocity - Loaded System Directive: org.apache.velocity.runtime.directive.Stop
16:04:02.757 [Test worker] DEBUG org.apache.velocity - Loaded System Directive: org.apache.velocity.runtime.directive.Define
16:04:02.757 [Test worker] DEBUG org.apache.velocity - Loaded System Directive: org.apache.velocity.runtime.directive.Break
16:04:02.757 [Test worker] DEBUG org.apache.velocity - Loaded System Directive: org.apache.velocity.runtime.directive.Evaluate
16:04:02.757 [Test worker] DEBUG org.apache.velocity - Loaded System Directive: org.apache.velocity.runtime.directive.Literal
16:04:02.757 [Test worker] DEBUG org.apache.velocity - Loaded System Directive: org.apache.velocity.runtime.directive.Macro
16:04:02.757 [Test worker] DEBUG org.apache.velocity - Loaded System Directive: org.apache.velocity.runtime.directive.Parse
16:04:02.757 [Test worker] DEBUG org.apache.velocity - Loaded System Directive: org.apache.velocity.runtime.directive.Include
16:04:02.757 [Test worker] DEBUG org.apache.velocity - Loaded System Directive: org.apache.velocity.runtime.directive.Foreach
16:04:02.757 [Test worker] DEBUG org.apache.velocity - Created '20' parsers.
16:04:02.757 [Test worker] DEBUG org.apache.velocity - Velocimacro : "velocimacro.library" is not set.  Trying default library: VM_global_library.vm
16:04:02.757 [Test worker] DEBUG org.apache.velocity - Could not load resource 'VM_global_library.vm' from ResourceLoader org.apache.velocity.runtime.resource.loader.ClasspathResourceLoader: ClasspathResourceLoader Error: cannot find resource VM_global_library.vm
16:04:02.757 [Test worker] DEBUG org.apache.velocity - Velocimacro : Default library not found.
16:04:02.757 [Test worker] DEBUG org.apache.velocity - Velocimacro : allowInline = true : VMs can be defined inline in templates
16:04:02.757 [Test worker] DEBUG org.apache.velocity - Velocimacro : allowInlineToOverride = false : VMs defined inline may NOT replace previous VM definitions
16:04:02.757 [Test worker] DEBUG org.apache.velocity - Velocimacro : allowInlineLocal = false : VMs defined inline will be global in scope if allowed.
16:04:02.757 [Test worker] DEBUG org.apache.velocity - Velocimacro : autoload off : VM system will not automatically reload global library macros
16:04:02.757 [Test worker] DEBUG org.apache.velocity - CommonsLogLogChute name is 'org.apache.velocity'
16:04:02.757 [Test worker] DEBUG org.apache.velocity - Initializing Velocity, Calling init()...
16:04:02.757 [Test worker] DEBUG org.apache.velocity - Starting Apache Velocity v1.7 (compiled: 2010-11-19 12:14:37)
16:04:02.757 [Test worker] DEBUG org.apache.velocity - Default Properties File: org\apache\velocity\runtime\defaults\velocity.properties
16:04:02.757 [Test worker] DEBUG org.apache.velocity - Trying to use logger class org.apache.velocity.runtime.log.AvalonLogChute
16:04:02.757 [Test worker] DEBUG org.apache.velocity - Target log system for org.apache.velocity.runtime.log.AvalonLogChute is not available (java.lang.NoClassDefFoundError: org/apache/log/format/Formatter).  Falling back to next log system...
16:04:02.757 [Test worker] DEBUG org.apache.velocity - Trying to use logger class org.apache.velocity.runtime.log.Log4JLogChute
16:04:02.757 [Test worker] DEBUG org.apache.velocity - Target log system for org.apache.velocity.runtime.log.Log4JLogChute is not available (java.lang.NoClassDefFoundError: org/apache/log4j/Priority).  Falling back to next log system...
16:04:02.757 [Test worker] DEBUG org.apache.velocity - Trying to use logger class org.apache.velocity.runtime.log.CommonsLogLogChute
16:04:02.757 [Test worker] DEBUG org.apache.velocity - Using logger class org.apache.velocity.runtime.log.CommonsLogLogChute
16:04:02.757 [Test worker] DEBUG org.apache.velocity - ResourceLoader instantiated: org.apache.velocity.runtime.resource.loader.ClasspathResourceLoader
16:04:02.757 [Test worker] DEBUG org.apache.velocity - ResourceCache: initialized (class org.apache.velocity.runtime.resource.ResourceCacheImpl) with class java.util.Collections$SynchronizedMap cache map.
16:04:02.757 [Test worker] DEBUG org.apache.velocity - Loaded System Directive: org.apache.velocity.runtime.directive.Stop
16:04:02.757 [Test worker] DEBUG org.apache.velocity - Loaded System Directive: org.apache.velocity.runtime.directive.Define
16:04:02.757 [Test worker] DEBUG org.apache.velocity - Loaded System Directive: org.apache.velocity.runtime.directive.Break
16:04:02.757 [Test worker] DEBUG org.apache.velocity - Loaded System Directive: org.apache.velocity.runtime.directive.Evaluate
16:04:02.757 [Test worker] DEBUG org.apache.velocity - Loaded System Directive: org.apache.velocity.runtime.directive.Literal
16:04:02.757 [Test worker] DEBUG org.apache.velocity - Loaded System Directive: org.apache.velocity.runtime.directive.Macro
16:04:02.757 [Test worker] DEBUG org.apache.velocity - Loaded System Directive: org.apache.velocity.runtime.directive.Parse
16:04:02.757 [Test worker] DEBUG org.apache.velocity - Loaded System Directive: org.apache.velocity.runtime.directive.Include
16:04:02.757 [Test worker] DEBUG org.apache.velocity - Loaded System Directive: org.apache.velocity.runtime.directive.Foreach
16:04:02.757 [Test worker] DEBUG org.apache.velocity - Created '20' parsers.
16:04:02.757 [Test worker] DEBUG org.apache.velocity - Velocimacro : "velocimacro.library" is not set.  Trying default library: VM_global_library.vm
16:04:02.757 [Test worker] DEBUG org.apache.velocity - Could not load resource 'VM_global_library.vm' from ResourceLoader org.apache.velocity.runtime.resource.loader.ClasspathResourceLoader: ClasspathResourceLoader Error: cannot find resource VM_global_library.vm
16:04:02.757 [Test worker] DEBUG org.apache.velocity - Velocimacro : Default library not found.
16:04:02.757 [Test worker] DEBUG org.apache.velocity - Velocimacro : allowInline = true : VMs can be defined inline in templates
16:04:02.757 [Test worker] DEBUG org.apache.velocity - Velocimacro : allowInlineToOverride = false : VMs defined inline may NOT replace previous VM definitions
16:04:02.757 [Test worker] DEBUG org.apache.velocity - Velocimacro : allowInlineLocal = false : VMs defined inline will be global in scope if allowed.
16:04:02.757 [Test worker] DEBUG org.apache.velocity - Velocimacro : autoload off : VM system will not automatically reload global library macros
16:04:02.757 [Test worker] DEBUG org.apache.velocity - CommonsLogLogChute name is 'org.apache.velocity'
16:04:02.757 [Test worker] DEBUG org.apache.velocity - Initializing Velocity, Calling init()...
16:04:02.757 [Test worker] DEBUG org.apache.velocity - Starting Apache Velocity v1.7 (compiled: 2010-11-19 12:14:37)
16:04:02.757 [Test worker] DEBUG org.apache.velocity - Default Properties File: org\apache\velocity\runtime\defaults\velocity.properties
16:04:02.757 [Test worker] DEBUG org.apache.velocity - Trying to use logger class org.apache.velocity.runtime.log.AvalonLogChute
16:04:02.757 [Test worker] DEBUG org.apache.velocity - Target log system for org.apache.velocity.runtime.log.AvalonLogChute is not available (java.lang.NoClassDefFoundError: org/apache/log/format/Formatter).  Falling back to next log system...
16:04:02.757 [Test worker] DEBUG org.apache.velocity - Trying to use logger class org.apache.velocity.runtime.log.Log4JLogChute
16:04:02.757 [Test worker] DEBUG org.apache.velocity - Target log system for org.apache.velocity.runtime.log.Log4JLogChute is not available (java.lang.NoClassDefFoundError: org/apache/log4j/Priority).  Falling back to next log system...
16:04:02.757 [Test worker] DEBUG org.apache.velocity - Trying to use logger class org.apache.velocity.runtime.log.CommonsLogLogChute
16:04:02.757 [Test worker] DEBUG org.apache.velocity - Using logger class org.apache.velocity.runtime.log.CommonsLogLogChute
16:04:02.757 [Test worker] DEBUG org.apache.velocity - ResourceLoader instantiated: org.apache.velocity.runtime.resource.loader.ClasspathResourceLoader
16:04:02.757 [Test worker] DEBUG org.apache.velocity - ResourceCache: initialized (class org.apache.velocity.runtime.resource.ResourceCacheImpl) with class java.util.Collections$SynchronizedMap cache map.
16:04:02.757 [Test worker] DEBUG org.apache.velocity - Loaded System Directive: org.apache.velocity.runtime.directive.Stop
16:04:02.757 [Test worker] DEBUG org.apache.velocity - Loaded System Directive: org.apache.velocity.runtime.directive.Define
16:04:02.757 [Test worker] DEBUG org.apache.velocity - Loaded System Directive: org.apache.velocity.runtime.directive.Break
16:04:02.757 [Test worker] DEBUG org.apache.velocity - Loaded System Directive: org.apache.velocity.runtime.directive.Evaluate
16:04:02.757 [Test worker] DEBUG org.apache.velocity - Loaded System Directive: org.apache.velocity.runtime.directive.Literal
16:04:02.757 [Test worker] DEBUG org.apache.velocity - Loaded System Directive: org.apache.velocity.runtime.directive.Macro
16:04:02.757 [Test worker] DEBUG org.apache.velocity - Loaded System Directive: org.apache.velocity.runtime.directive.Parse
16:04:02.757 [Test worker] DEBUG org.apache.velocity - Loaded System Directive: org.apache.velocity.runtime.directive.Include
16:04:02.757 [Test worker] DEBUG org.apache.velocity - Loaded System Directive: org.apache.velocity.runtime.directive.Foreach
16:04:02.757 [Test worker] DEBUG org.apache.velocity - Created '20' parsers.
16:04:02.757 [Test worker] DEBUG org.apache.velocity - Velocimacro : "velocimacro.library" is not set.  Trying default library: VM_global_library.vm
16:04:02.757 [Test worker] DEBUG org.apache.velocity - Could not load resource 'VM_global_library.vm' from ResourceLoader org.apache.velocity.runtime.resource.loader.ClasspathResourceLoader: ClasspathResourceLoader Error: cannot find resource VM_global_library.vm
16:04:02.773 [Test worker] DEBUG org.apache.velocity - Velocimacro : Default library not found.
16:04:02.773 [Test worker] DEBUG org.apache.velocity - Velocimacro : allowInline = true : VMs can be defined inline in templates
16:04:02.773 [Test worker] DEBUG org.apache.velocity - Velocimacro : allowInlineToOverride = false : VMs defined inline may NOT replace previous VM definitions
16:04:02.773 [Test worker] DEBUG org.apache.velocity - Velocimacro : allowInlineLocal = false : VMs defined inline will be global in scope if allowed.
16:04:02.773 [Test worker] DEBUG org.apache.velocity - Velocimacro : autoload off : VM system will not automatically reload global library macros
16:04:02.773 [Test worker] DEBUG org.apache.velocity - CommonsLogLogChute name is 'org.apache.velocity'
16:04:02.773 [Test worker] DEBUG org.apache.velocity - Initializing Velocity, Calling init()...
16:04:02.773 [Test worker] DEBUG org.apache.velocity - Starting Apache Velocity v1.7 (compiled: 2010-11-19 12:14:37)
16:04:02.773 [Test worker] DEBUG org.apache.velocity - Default Properties File: org\apache\velocity\runtime\defaults\velocity.properties
16:04:02.773 [Test worker] DEBUG org.apache.velocity - Trying to use logger class org.apache.velocity.runtime.log.AvalonLogChute
16:04:02.773 [Test worker] DEBUG org.apache.velocity - Target log system for org.apache.velocity.runtime.log.AvalonLogChute is not available (java.lang.NoClassDefFoundError: org/apache/log/format/Formatter).  Falling back to next log system...
16:04:02.773 [Test worker] DEBUG org.apache.velocity - Trying to use logger class org.apache.velocity.runtime.log.Log4JLogChute
16:04:02.773 [Test worker] DEBUG org.apache.velocity - Target log system for org.apache.velocity.runtime.log.Log4JLogChute is not available (java.lang.NoClassDefFoundError: org/apache/log4j/Priority).  Falling back to next log system...
16:04:02.773 [Test worker] DEBUG org.apache.velocity - Trying to use logger class org.apache.velocity.runtime.log.CommonsLogLogChute
16:04:02.773 [Test worker] DEBUG org.apache.velocity - Using logger class org.apache.velocity.runtime.log.CommonsLogLogChute
16:04:02.773 [Test worker] DEBUG org.apache.velocity - ResourceLoader instantiated: org.apache.velocity.runtime.resource.loader.ClasspathResourceLoader
16:04:02.773 [Test worker] DEBUG org.apache.velocity - ResourceCache: initialized (class org.apache.velocity.runtime.resource.ResourceCacheImpl) with class java.util.Collections$SynchronizedMap cache map.
16:04:02.773 [Test worker] DEBUG org.apache.velocity - Loaded System Directive: org.apache.velocity.runtime.directive.Stop
16:04:02.773 [Test worker] DEBUG org.apache.velocity - Loaded System Directive: org.apache.velocity.runtime.directive.Define
16:04:02.773 [Test worker] DEBUG org.apache.velocity - Loaded System Directive: org.apache.velocity.runtime.directive.Break
16:04:02.773 [Test worker] DEBUG org.apache.velocity - Loaded System Directive: org.apache.velocity.runtime.directive.Evaluate
16:04:02.773 [Test worker] DEBUG org.apache.velocity - Loaded System Directive: org.apache.velocity.runtime.directive.Literal
16:04:02.773 [Test worker] DEBUG org.apache.velocity - Loaded System Directive: org.apache.velocity.runtime.directive.Macro
16:04:02.773 [Test worker] DEBUG org.apache.velocity - Loaded System Directive: org.apache.velocity.runtime.directive.Parse
16:04:02.773 [Test worker] DEBUG org.apache.velocity - Loaded System Directive: org.apache.velocity.runtime.directive.Include
16:04:02.773 [Test worker] DEBUG org.apache.velocity - Loaded System Directive: org.apache.velocity.runtime.directive.Foreach
16:04:02.773 [Test worker] DEBUG org.apache.velocity - Created '20' parsers.
16:04:02.773 [Test worker] DEBUG org.apache.velocity - Velocimacro : "velocimacro.library" is not set.  Trying default library: VM_global_library.vm
16:04:02.773 [Test worker] DEBUG org.apache.velocity - Could not load resource 'VM_global_library.vm' from ResourceLoader org.apache.velocity.runtime.resource.loader.ClasspathResourceLoader: ClasspathResourceLoader Error: cannot find resource VM_global_library.vm
16:04:02.773 [Test worker] DEBUG org.apache.velocity - Velocimacro : Default library not found.
16:04:02.773 [Test worker] DEBUG org.apache.velocity - Velocimacro : allowInline = true : VMs can be defined inline in templates
16:04:02.773 [Test worker] DEBUG org.apache.velocity - Velocimacro : allowInlineToOverride = false : VMs defined inline may NOT replace previous VM definitions
16:04:02.773 [Test worker] DEBUG org.apache.velocity - Velocimacro : allowInlineLocal = false : VMs defined inline will be global in scope if allowed.
16:04:02.773 [Test worker] DEBUG org.apache.velocity - Velocimacro : autoload off : VM system will not automatically reload global library macros
16:04:02.773 [Test worker] DEBUG org.apache.velocity - CommonsLogLogChute name is 'org.apache.velocity'
16:04:02.773 [Test worker] DEBUG org.apache.velocity - Initializing Velocity, Calling init()...
16:04:02.773 [Test worker] DEBUG org.apache.velocity - Starting Apache Velocity v1.7 (compiled: 2010-11-19 12:14:37)
16:04:02.773 [Test worker] DEBUG org.apache.velocity - Default Properties File: org\apache\velocity\runtime\defaults\velocity.properties
16:04:02.773 [Test worker] DEBUG org.apache.velocity - Trying to use logger class org.apache.velocity.runtime.log.AvalonLogChute
16:04:02.773 [Test worker] DEBUG org.apache.velocity - Target log system for org.apache.velocity.runtime.log.AvalonLogChute is not available (java.lang.NoClassDefFoundError: org/apache/log/format/Formatter).  Falling back to next log system...
16:04:02.773 [Test worker] DEBUG org.apache.velocity - Trying to use logger class org.apache.velocity.runtime.log.Log4JLogChute
16:04:02.773 [Test worker] DEBUG org.apache.velocity - Target log system for org.apache.velocity.runtime.log.Log4JLogChute is not available (java.lang.NoClassDefFoundError: org/apache/log4j/Priority).  Falling back to next log system...
16:04:02.773 [Test worker] DEBUG org.apache.velocity - Trying to use logger class org.apache.velocity.runtime.log.CommonsLogLogChute
16:04:02.773 [Test worker] DEBUG org.apache.velocity - Using logger class org.apache.velocity.runtime.log.CommonsLogLogChute
16:04:02.773 [Test worker] DEBUG org.apache.velocity - ResourceLoader instantiated: org.apache.velocity.runtime.resource.loader.ClasspathResourceLoader
16:04:02.773 [Test worker] DEBUG org.apache.velocity - ResourceCache: initialized (class org.apache.velocity.runtime.resource.ResourceCacheImpl) with class java.util.Collections$SynchronizedMap cache map.
16:04:02.773 [Test worker] DEBUG org.apache.velocity - Loaded System Directive: org.apache.velocity.runtime.directive.Stop
16:04:02.773 [Test worker] DEBUG org.apache.velocity - Loaded System Directive: org.apache.velocity.runtime.directive.Define
16:04:02.773 [Test worker] DEBUG org.apache.velocity - Loaded System Directive: org.apache.velocity.runtime.directive.Break
16:04:02.773 [Test worker] DEBUG org.apache.velocity - Loaded System Directive: org.apache.velocity.runtime.directive.Evaluate
16:04:02.773 [Test worker] DEBUG org.apache.velocity - Loaded System Directive: org.apache.velocity.runtime.directive.Literal
16:04:02.773 [Test worker] DEBUG org.apache.velocity - Loaded System Directive: org.apache.velocity.runtime.directive.Macro
16:04:02.773 [Test worker] DEBUG org.apache.velocity - Loaded System Directive: org.apache.velocity.runtime.directive.Parse
16:04:02.773 [Test worker] DEBUG org.apache.velocity - Loaded System Directive: org.apache.velocity.runtime.directive.Include
16:04:02.773 [Test worker] DEBUG org.apache.velocity - Loaded System Directive: org.apache.velocity.runtime.directive.Foreach
16:04:02.773 [Test worker] DEBUG org.apache.velocity - Created '20' parsers.
16:04:02.773 [Test worker] DEBUG org.apache.velocity - Velocimacro : "velocimacro.library" is not set.  Trying default library: VM_global_library.vm
16:04:02.773 [Test worker] DEBUG org.apache.velocity - Could not load resource 'VM_global_library.vm' from ResourceLoader org.apache.velocity.runtime.resource.loader.ClasspathResourceLoader: ClasspathResourceLoader Error: cannot find resource VM_global_library.vm
16:04:02.773 [Test worker] DEBUG org.apache.velocity - Velocimacro : Default library not found.
16:04:02.773 [Test worker] DEBUG org.apache.velocity - Velocimacro : allowInline = true : VMs can be defined inline in templates
16:04:02.773 [Test worker] DEBUG org.apache.velocity - Velocimacro : allowInlineToOverride = false : VMs defined inline may NOT replace previous VM definitions
16:04:02.773 [Test worker] DEBUG org.apache.velocity - Velocimacro : allowInlineLocal = false : VMs defined inline will be global in scope if allowed.
16:04:02.773 [Test worker] DEBUG org.apache.velocity - Velocimacro : autoload off : VM system will not automatically reload global library macros
16:04:02.773 [Test worker] DEBUG org.apache.velocity - CommonsLogLogChute name is 'org.apache.velocity'
16:04:02.773 [Test worker] DEBUG org.apache.velocity - Initializing Velocity, Calling init()...
16:04:02.773 [Test worker] DEBUG org.apache.velocity - Starting Apache Velocity v1.7 (compiled: 2010-11-19 12:14:37)
16:04:02.773 [Test worker] DEBUG org.apache.velocity - Default Properties File: org\apache\velocity\runtime\defaults\velocity.properties
16:04:02.773 [Test worker] DEBUG org.apache.velocity - Trying to use logger class org.apache.velocity.runtime.log.AvalonLogChute
16:04:02.773 [Test worker] DEBUG org.apache.velocity - Target log system for org.apache.velocity.runtime.log.AvalonLogChute is not available (java.lang.NoClassDefFoundError: org/apache/log/format/Formatter).  Falling back to next log system...
16:04:02.773 [Test worker] DEBUG org.apache.velocity - Trying to use logger class org.apache.velocity.runtime.log.Log4JLogChute
16:04:02.773 [Test worker] DEBUG org.apache.velocity - Target log system for org.apache.velocity.runtime.log.Log4JLogChute is not available (java.lang.NoClassDefFoundError: org/apache/log4j/Priority).  Falling back to next log system...
16:04:02.773 [Test worker] DEBUG org.apache.velocity - Trying to use logger class org.apache.velocity.runtime.log.CommonsLogLogChute
16:04:02.773 [Test worker] DEBUG org.apache.velocity - Using logger class org.apache.velocity.runtime.log.CommonsLogLogChute
16:04:02.773 [Test worker] DEBUG org.apache.velocity - ResourceLoader instantiated: org.apache.velocity.runtime.resource.loader.ClasspathResourceLoader
16:04:02.773 [Test worker] DEBUG org.apache.velocity - ResourceCache: initialized (class org.apache.velocity.runtime.resource.ResourceCacheImpl) with class java.util.Collections$SynchronizedMap cache map.
16:04:02.773 [Test worker] DEBUG org.apache.velocity - Loaded System Directive: org.apache.velocity.runtime.directive.Stop
16:04:02.773 [Test worker] DEBUG org.apache.velocity - Loaded System Directive: org.apache.velocity.runtime.directive.Define
16:04:02.773 [Test worker] DEBUG org.apache.velocity - Loaded System Directive: org.apache.velocity.runtime.directive.Break
16:04:02.773 [Test worker] DEBUG org.apache.velocity - Loaded System Directive: org.apache.velocity.runtime.directive.Evaluate
16:04:02.773 [Test worker] DEBUG org.apache.velocity - Loaded System Directive: org.apache.velocity.runtime.directive.Literal
16:04:02.773 [Test worker] DEBUG org.apache.velocity - Loaded System Directive: org.apache.velocity.runtime.directive.Macro
16:04:02.773 [Test worker] DEBUG org.apache.velocity - Loaded System Directive: org.apache.velocity.runtime.directive.Parse
16:04:02.773 [Test worker] DEBUG org.apache.velocity - Loaded System Directive: org.apache.velocity.runtime.directive.Include
16:04:02.773 [Test worker] DEBUG org.apache.velocity - Loaded System Directive: org.apache.velocity.runtime.directive.Foreach
16:04:02.773 [Test worker] DEBUG org.apache.velocity - Created '20' parsers.
16:04:02.773 [Test worker] DEBUG org.apache.velocity - Velocimacro : "velocimacro.library" is not set.  Trying default library: VM_global_library.vm
16:04:02.773 [Test worker] DEBUG org.apache.velocity - Could not load resource 'VM_global_library.vm' from ResourceLoader org.apache.velocity.runtime.resource.loader.ClasspathResourceLoader: ClasspathResourceLoader Error: cannot find resource VM_global_library.vm
16:04:02.773 [Test worker] DEBUG org.apache.velocity - Velocimacro : Default library not found.
16:04:02.773 [Test worker] DEBUG org.apache.velocity - Velocimacro : allowInline = true : VMs can be defined inline in templates
16:04:02.773 [Test worker] DEBUG org.apache.velocity - Velocimacro : allowInlineToOverride = false : VMs defined inline may NOT replace previous VM definitions
16:04:02.773 [Test worker] DEBUG org.apache.velocity - Velocimacro : allowInlineLocal = false : VMs defined inline will be global in scope if allowed.
16:04:02.773 [Test worker] DEBUG org.apache.velocity - Velocimacro : autoload off : VM system will not automatically reload global library macros
16:04:02.773 [Test worker] DEBUG org.apache.velocity - CommonsLogLogChute name is 'org.apache.velocity'
16:04:02.773 [Test worker] DEBUG org.apache.velocity - Initializing Velocity, Calling init()...
16:04:02.773 [Test worker] DEBUG org.apache.velocity - Starting Apache Velocity v1.7 (compiled: 2010-11-19 12:14:37)
16:04:02.773 [Test worker] DEBUG org.apache.velocity - Default Properties File: org\apache\velocity\runtime\defaults\velocity.properties
16:04:02.773 [Test worker] DEBUG org.apache.velocity - Trying to use logger class org.apache.velocity.runtime.log.AvalonLogChute
16:04:02.773 [Test worker] DEBUG org.apache.velocity - Target log system for org.apache.velocity.runtime.log.AvalonLogChute is not available (java.lang.NoClassDefFoundError: org/apache/log/format/Formatter).  Falling back to next log system...
16:04:02.773 [Test worker] DEBUG org.apache.velocity - Trying to use logger class org.apache.velocity.runtime.log.Log4JLogChute
16:04:02.773 [Test worker] DEBUG org.apache.velocity - Target log system for org.apache.velocity.runtime.log.Log4JLogChute is not available (java.lang.NoClassDefFoundError: org/apache/log4j/Priority).  Falling back to next log system...
16:04:02.773 [Test worker] DEBUG org.apache.velocity - Trying to use logger class org.apache.velocity.runtime.log.CommonsLogLogChute
16:04:02.773 [Test worker] DEBUG org.apache.velocity - Using logger class org.apache.velocity.runtime.log.CommonsLogLogChute
16:04:02.773 [Test worker] DEBUG org.apache.velocity - ResourceLoader instantiated: org.apache.velocity.runtime.resource.loader.ClasspathResourceLoader
16:04:02.773 [Test worker] DEBUG org.apache.velocity - ResourceCache: initialized (class org.apache.velocity.runtime.resource.ResourceCacheImpl) with class java.util.Collections$SynchronizedMap cache map.
16:04:02.773 [Test worker] DEBUG org.apache.velocity - Loaded System Directive: org.apache.velocity.runtime.directive.Stop
16:04:02.773 [Test worker] DEBUG org.apache.velocity - Loaded System Directive: org.apache.velocity.runtime.directive.Define
16:04:02.773 [Test worker] DEBUG org.apache.velocity - Loaded System Directive: org.apache.velocity.runtime.directive.Break
16:04:02.773 [Test worker] DEBUG org.apache.velocity - Loaded System Directive: org.apache.velocity.runtime.directive.Evaluate
16:04:02.773 [Test worker] DEBUG org.apache.velocity - Loaded System Directive: org.apache.velocity.runtime.directive.Literal
16:04:02.773 [Test worker] DEBUG org.apache.velocity - Loaded System Directive: org.apache.velocity.runtime.directive.Macro
16:04:02.773 [Test worker] DEBUG org.apache.velocity - Loaded System Directive: org.apache.velocity.runtime.directive.Parse
16:04:02.773 [Test worker] DEBUG org.apache.velocity - Loaded System Directive: org.apache.velocity.runtime.directive.Include
16:04:02.773 [Test worker] DEBUG org.apache.velocity - Loaded System Directive: org.apache.velocity.runtime.directive.Foreach
16:04:02.773 [Test worker] DEBUG org.apache.velocity - Created '20' parsers.
16:04:02.773 [Test worker] DEBUG org.apache.velocity - Velocimacro : "velocimacro.library" is not set.  Trying default library: VM_global_library.vm
16:04:02.773 [Test worker] DEBUG org.apache.velocity - Could not load resource 'VM_global_library.vm' from ResourceLoader org.apache.velocity.runtime.resource.loader.ClasspathResourceLoader: ClasspathResourceLoader Error: cannot find resource VM_global_library.vm
16:04:02.773 [Test worker] DEBUG org.apache.velocity - Velocimacro : Default library not found.
16:04:02.773 [Test worker] DEBUG org.apache.velocity - Velocimacro : allowInline = true : VMs can be defined inline in templates
16:04:02.773 [Test worker] DEBUG org.apache.velocity - Velocimacro : allowInlineToOverride = false : VMs defined inline may NOT replace previous VM definitions
16:04:02.773 [Test worker] DEBUG org.apache.velocity - Velocimacro : allowInlineLocal = false : VMs defined inline will be global in scope if allowed.
16:04:02.773 [Test worker] DEBUG org.apache.velocity - Velocimacro : autoload off : VM system will not automatically reload global library macros
16:04:02.773 [Test worker] DEBUG org.apache.velocity - CommonsLogLogChute name is 'org.apache.velocity'
16:04:02.773 [Test worker] DEBUG org.apache.velocity - Initializing Velocity, Calling init()...
16:04:02.773 [Test worker] DEBUG org.apache.velocity - Starting Apache Velocity v1.7 (compiled: 2010-11-19 12:14:37)
16:04:02.773 [Test worker] DEBUG org.apache.velocity - Default Properties File: org\apache\velocity\runtime\defaults\velocity.properties
16:04:02.773 [Test worker] DEBUG org.apache.velocity - Trying to use logger class org.apache.velocity.runtime.log.AvalonLogChute
16:04:02.773 [Test worker] DEBUG org.apache.velocity - Target log system for org.apache.velocity.runtime.log.AvalonLogChute is not available (java.lang.NoClassDefFoundError: org/apache/log/format/Formatter).  Falling back to next log system...
16:04:02.773 [Test worker] DEBUG org.apache.velocity - Trying to use logger class org.apache.velocity.runtime.log.Log4JLogChute
16:04:02.773 [Test worker] DEBUG org.apache.velocity - Target log system for org.apache.velocity.runtime.log.Log4JLogChute is not available (java.lang.NoClassDefFoundError: org/apache/log4j/Priority).  Falling back to next log system...
16:04:02.773 [Test worker] DEBUG org.apache.velocity - Trying to use logger class org.apache.velocity.runtime.log.CommonsLogLogChute
16:04:02.773 [Test worker] DEBUG org.apache.velocity - Using logger class org.apache.velocity.runtime.log.CommonsLogLogChute
16:04:02.773 [Test worker] DEBUG org.apache.velocity - ResourceLoader instantiated: org.apache.velocity.runtime.resource.loader.ClasspathResourceLoader
16:04:02.773 [Test worker] DEBUG org.apache.velocity - ResourceCache: initialized (class org.apache.velocity.runtime.resource.ResourceCacheImpl) with class java.util.Collections$SynchronizedMap cache map.
16:04:02.773 [Test worker] DEBUG org.apache.velocity - Loaded System Directive: org.apache.velocity.runtime.directive.Stop
16:04:02.773 [Test worker] DEBUG org.apache.velocity - Loaded System Directive: org.apache.velocity.runtime.directive.Define
16:04:02.773 [Test worker] DEBUG org.apache.velocity - Loaded System Directive: org.apache.velocity.runtime.directive.Break
16:04:02.773 [Test worker] DEBUG org.apache.velocity - Loaded System Directive: org.apache.velocity.runtime.directive.Evaluate
16:04:02.773 [Test worker] DEBUG org.apache.velocity - Loaded System Directive: org.apache.velocity.runtime.directive.Literal
16:04:02.773 [Test worker] DEBUG org.apache.velocity - Loaded System Directive: org.apache.velocity.runtime.directive.Macro
16:04:02.773 [Test worker] DEBUG org.apache.velocity - Loaded System Directive: org.apache.velocity.runtime.directive.Parse
16:04:02.773 [Test worker] DEBUG org.apache.velocity - Loaded System Directive: org.apache.velocity.runtime.directive.Include
16:04:02.773 [Test worker] DEBUG org.apache.velocity - Loaded System Directive: org.apache.velocity.runtime.directive.Foreach
16:04:02.773 [Test worker] DEBUG org.apache.velocity - Created '20' parsers.
16:04:02.773 [Test worker] DEBUG org.apache.velocity - Velocimacro : "velocimacro.library" is not set.  Trying default library: VM_global_library.vm
16:04:02.773 [Test worker] DEBUG org.apache.velocity - Could not load resource 'VM_global_library.vm' from ResourceLoader org.apache.velocity.runtime.resource.loader.ClasspathResourceLoader: ClasspathResourceLoader Error: cannot find resource VM_global_library.vm
16:04:02.773 [Test worker] DEBUG org.apache.velocity - Velocimacro : Default library not found.
16:04:02.773 [Test worker] DEBUG org.apache.velocity - Velocimacro : allowInline = true : VMs can be defined inline in templates
16:04:02.773 [Test worker] DEBUG org.apache.velocity - Velocimacro : allowInlineToOverride = false : VMs defined inline may NOT replace previous VM definitions
16:04:02.773 [Test worker] DEBUG org.apache.velocity - Velocimacro : allowInlineLocal = false : VMs defined inline will be global in scope if allowed.
16:04:02.773 [Test worker] DEBUG org.apache.velocity - Velocimacro : autoload off : VM system will not automatically reload global library macros
16:04:02.773 [Test worker] DEBUG org.apache.velocity - CommonsLogLogChute name is 'org.apache.velocity'
16:04:02.773 [Test worker] DEBUG org.apache.velocity - Initializing Velocity, Calling init()...
16:04:02.773 [Test worker] DEBUG org.apache.velocity - Starting Apache Velocity v1.7 (compiled: 2010-11-19 12:14:37)
16:04:02.773 [Test worker] DEBUG org.apache.velocity - Default Properties File: org\apache\velocity\runtime\defaults\velocity.properties
16:04:02.773 [Test worker] DEBUG org.apache.velocity - Trying to use logger class org.apache.velocity.runtime.log.AvalonLogChute
16:04:02.773 [Test worker] DEBUG org.apache.velocity - Target log system for org.apache.velocity.runtime.log.AvalonLogChute is not available (java.lang.NoClassDefFoundError: org/apache/log/format/Formatter).  Falling back to next log system...
16:04:02.773 [Test worker] DEBUG org.apache.velocity - Trying to use logger class org.apache.velocity.runtime.log.Log4JLogChute
16:04:02.773 [Test worker] DEBUG org.apache.velocity - Target log system for org.apache.velocity.runtime.log.Log4JLogChute is not available (java.lang.NoClassDefFoundError: org/apache/log4j/Priority).  Falling back to next log system...
16:04:02.773 [Test worker] DEBUG org.apache.velocity - Trying to use logger class org.apache.velocity.runtime.log.CommonsLogLogChute
16:04:02.773 [Test worker] DEBUG org.apache.velocity - Using logger class org.apache.velocity.runtime.log.CommonsLogLogChute
16:04:02.773 [Test worker] DEBUG org.apache.velocity - ResourceLoader instantiated: org.apache.velocity.runtime.resource.loader.ClasspathResourceLoader
16:04:02.773 [Test worker] DEBUG org.apache.velocity - ResourceCache: initialized (class org.apache.velocity.runtime.resource.ResourceCacheImpl) with class java.util.Collections$SynchronizedMap cache map.
16:04:02.773 [Test worker] DEBUG org.apache.velocity - Loaded System Directive: org.apache.velocity.runtime.directive.Stop
16:04:02.773 [Test worker] DEBUG org.apache.velocity - Loaded System Directive: org.apache.velocity.runtime.directive.Define
16:04:02.773 [Test worker] DEBUG org.apache.velocity - Loaded System Directive: org.apache.velocity.runtime.directive.Break
16:04:02.773 [Test worker] DEBUG org.apache.velocity - Loaded System Directive: org.apache.velocity.runtime.directive.Evaluate
16:04:02.773 [Test worker] DEBUG org.apache.velocity - Loaded System Directive: org.apache.velocity.runtime.directive.Literal
16:04:02.773 [Test worker] DEBUG org.apache.velocity - Loaded System Directive: org.apache.velocity.runtime.directive.Macro
16:04:02.773 [Test worker] DEBUG org.apache.velocity - Loaded System Directive: org.apache.velocity.runtime.directive.Parse
16:04:02.773 [Test worker] DEBUG org.apache.velocity - Loaded System Directive: org.apache.velocity.runtime.directive.Include
16:04:02.773 [Test worker] DEBUG org.apache.velocity - Loaded System Directive: org.apache.velocity.runtime.directive.Foreach
16:04:02.773 [Test worker] DEBUG org.apache.velocity - Created '20' parsers.
16:04:02.773 [Test worker] DEBUG org.apache.velocity - Velocimacro : "velocimacro.library" is not set.  Trying default library: VM_global_library.vm
16:04:02.773 [Test worker] DEBUG org.apache.velocity - Could not load resource 'VM_global_library.vm' from ResourceLoader org.apache.velocity.runtime.resource.loader.ClasspathResourceLoader: ClasspathResourceLoader Error: cannot find resource VM_global_library.vm
16:04:02.773 [Test worker] DEBUG org.apache.velocity - Velocimacro : Default library not found.
16:04:02.773 [Test worker] DEBUG org.apache.velocity - Velocimacro : allowInline = true : VMs can be defined inline in templates
16:04:02.773 [Test worker] DEBUG org.apache.velocity - Velocimacro : allowInlineToOverride = false : VMs defined inline may NOT replace previous VM definitions
16:04:02.773 [Test worker] DEBUG org.apache.velocity - Velocimacro : allowInlineLocal = false : VMs defined inline will be global in scope if allowed.
16:04:02.773 [Test worker] DEBUG org.apache.velocity - Velocimacro : autoload off : VM system will not automatically reload global library macros
16:04:02.788 [Test worker] DEBUG org.apache.velocity - CommonsLogLogChute name is 'org.apache.velocity'
16:04:02.788 [Test worker] DEBUG org.apache.velocity - Initializing Velocity, Calling init()...
16:04:02.788 [Test worker] DEBUG org.apache.velocity - Starting Apache Velocity v1.7 (compiled: 2010-11-19 12:14:37)
16:04:02.788 [Test worker] DEBUG org.apache.velocity - Default Properties File: org\apache\velocity\runtime\defaults\velocity.properties
16:04:02.788 [Test worker] DEBUG org.apache.velocity - Trying to use logger class org.apache.velocity.runtime.log.AvalonLogChute
16:04:02.788 [Test worker] DEBUG org.apache.velocity - Target log system for org.apache.velocity.runtime.log.AvalonLogChute is not available (java.lang.NoClassDefFoundError: org/apache/log/format/Formatter).  Falling back to next log system...
16:04:02.788 [Test worker] DEBUG org.apache.velocity - Trying to use logger class org.apache.velocity.runtime.log.Log4JLogChute
16:04:02.788 [Test worker] DEBUG org.apache.velocity - Target log system for org.apache.velocity.runtime.log.Log4JLogChute is not available (java.lang.NoClassDefFoundError: org/apache/log4j/Priority).  Falling back to next log system...
16:04:02.788 [Test worker] DEBUG org.apache.velocity - Trying to use logger class org.apache.velocity.runtime.log.CommonsLogLogChute
16:04:02.788 [Test worker] DEBUG org.apache.velocity - Using logger class org.apache.velocity.runtime.log.CommonsLogLogChute
16:04:02.788 [Test worker] DEBUG org.apache.velocity - ResourceLoader instantiated: org.apache.velocity.runtime.resource.loader.ClasspathResourceLoader
16:04:02.788 [Test worker] DEBUG org.apache.velocity - ResourceCache: initialized (class org.apache.velocity.runtime.resource.ResourceCacheImpl) with class java.util.Collections$SynchronizedMap cache map.
16:04:02.788 [Test worker] DEBUG org.apache.velocity - Loaded System Directive: org.apache.velocity.runtime.directive.Stop
16:04:02.788 [Test worker] DEBUG org.apache.velocity - Loaded System Directive: org.apache.velocity.runtime.directive.Define
16:04:02.788 [Test worker] DEBUG org.apache.velocity - Loaded System Directive: org.apache.velocity.runtime.directive.Break
16:04:02.788 [Test worker] DEBUG org.apache.velocity - Loaded System Directive: org.apache.velocity.runtime.directive.Evaluate
16:04:02.788 [Test worker] DEBUG org.apache.velocity - Loaded System Directive: org.apache.velocity.runtime.directive.Literal
16:04:02.788 [Test worker] DEBUG org.apache.velocity - Loaded System Directive: org.apache.velocity.runtime.directive.Macro
16:04:02.788 [Test worker] DEBUG org.apache.velocity - Loaded System Directive: org.apache.velocity.runtime.directive.Parse
16:04:02.788 [Test worker] DEBUG org.apache.velocity - Loaded System Directive: org.apache.velocity.runtime.directive.Include
16:04:02.788 [Test worker] DEBUG org.apache.velocity - Loaded System Directive: org.apache.velocity.runtime.directive.Foreach
16:04:02.788 [Test worker] DEBUG org.apache.velocity - Created '20' parsers.
16:04:02.788 [Test worker] DEBUG org.apache.velocity - Velocimacro : "velocimacro.library" is not set.  Trying default library: VM_global_library.vm
16:04:02.788 [Test worker] DEBUG org.apache.velocity - Could not load resource 'VM_global_library.vm' from ResourceLoader org.apache.velocity.runtime.resource.loader.ClasspathResourceLoader: ClasspathResourceLoader Error: cannot find resource VM_global_library.vm
16:04:02.788 [Test worker] DEBUG org.apache.velocity - Velocimacro : Default library not found.
16:04:02.788 [Test worker] DEBUG org.apache.velocity - Velocimacro : allowInline = true : VMs can be defined inline in templates
16:04:02.788 [Test worker] DEBUG org.apache.velocity - Velocimacro : allowInlineToOverride = false : VMs defined inline may NOT replace previous VM definitions
16:04:02.788 [Test worker] DEBUG org.apache.velocity - Velocimacro : allowInlineLocal = false : VMs defined inline will be global in scope if allowed.
16:04:02.788 [Test worker] DEBUG org.apache.velocity - Velocimacro : autoload off : VM system will not automatically reload global library macros
16:04:02.804 [Test worker] DEBUG org.apache.velocity - CommonsLogLogChute name is 'org.apache.velocity'
16:04:02.804 [Test worker] DEBUG org.apache.velocity - Initializing Velocity, Calling init()...
16:04:02.804 [Test worker] DEBUG org.apache.velocity - Starting Apache Velocity v1.7 (compiled: 2010-11-19 12:14:37)
16:04:02.804 [Test worker] DEBUG org.apache.velocity - Default Properties File: org\apache\velocity\runtime\defaults\velocity.properties
16:04:02.804 [Test worker] DEBUG org.apache.velocity - Trying to use logger class org.apache.velocity.runtime.log.AvalonLogChute
16:04:02.804 [Test worker] DEBUG org.apache.velocity - Target log system for org.apache.velocity.runtime.log.AvalonLogChute is not available (java.lang.NoClassDefFoundError: org/apache/log/format/Formatter).  Falling back to next log system...
16:04:02.804 [Test worker] DEBUG org.apache.velocity - Trying to use logger class org.apache.velocity.runtime.log.Log4JLogChute
16:04:02.804 [Test worker] DEBUG org.apache.velocity - Target log system for org.apache.velocity.runtime.log.Log4JLogChute is not available (java.lang.NoClassDefFoundError: org/apache/log4j/Priority).  Falling back to next log system...
16:04:02.804 [Test worker] DEBUG org.apache.velocity - Trying to use logger class org.apache.velocity.runtime.log.CommonsLogLogChute
16:04:02.804 [Test worker] DEBUG org.apache.velocity - Using logger class org.apache.velocity.runtime.log.CommonsLogLogChute
16:04:02.804 [Test worker] DEBUG org.apache.velocity - ResourceLoader instantiated: org.apache.velocity.runtime.resource.loader.ClasspathResourceLoader
16:04:02.804 [Test worker] DEBUG org.apache.velocity - ResourceCache: initialized (class org.apache.velocity.runtime.resource.ResourceCacheImpl) with class java.util.Collections$SynchronizedMap cache map.
16:04:02.804 [Test worker] DEBUG org.apache.velocity - Loaded System Directive: org.apache.velocity.runtime.directive.Stop
16:04:02.804 [Test worker] DEBUG org.apache.velocity - Loaded System Directive: org.apache.velocity.runtime.directive.Define
16:04:02.804 [Test worker] DEBUG org.apache.velocity - Loaded System Directive: org.apache.velocity.runtime.directive.Break
16:04:02.804 [Test worker] DEBUG org.apache.velocity - Loaded System Directive: org.apache.velocity.runtime.directive.Evaluate
16:04:02.804 [Test worker] DEBUG org.apache.velocity - Loaded System Directive: org.apache.velocity.runtime.directive.Literal
16:04:02.804 [Test worker] DEBUG org.apache.velocity - Loaded System Directive: org.apache.velocity.runtime.directive.Macro
16:04:02.804 [Test worker] DEBUG org.apache.velocity - Loaded System Directive: org.apache.velocity.runtime.directive.Parse
16:04:02.804 [Test worker] DEBUG org.apache.velocity - Loaded System Directive: org.apache.velocity.runtime.directive.Include
16:04:02.804 [Test worker] DEBUG org.apache.velocity - Loaded System Directive: org.apache.velocity.runtime.directive.Foreach
16:04:02.804 [Test worker] DEBUG org.apache.velocity - Created '20' parsers.
16:04:02.804 [Test worker] DEBUG org.apache.velocity - Velocimacro : "velocimacro.library" is not set.  Trying default library: VM_global_library.vm
16:04:02.804 [Test worker] DEBUG org.apache.velocity - Could not load resource 'VM_global_library.vm' from ResourceLoader org.apache.velocity.runtime.resource.loader.ClasspathResourceLoader: ClasspathResourceLoader Error: cannot find resource VM_global_library.vm
16:04:02.804 [Test worker] DEBUG org.apache.velocity - Velocimacro : Default library not found.
16:04:02.804 [Test worker] DEBUG org.apache.velocity - Velocimacro : allowInline = true : VMs can be defined inline in templates
16:04:02.804 [Test worker] DEBUG org.apache.velocity - Velocimacro : allowInlineToOverride = false : VMs defined inline may NOT replace previous VM definitions
16:04:02.804 [Test worker] DEBUG org.apache.velocity - Velocimacro : allowInlineLocal = false : VMs defined inline will be global in scope if allowed.
16:04:02.804 [Test worker] DEBUG org.apache.velocity - Velocimacro : autoload off : VM system will not automatically reload global library macros
16:04:02.804 [Test worker] DEBUG org.apache.velocity - CommonsLogLogChute name is 'org.apache.velocity'
16:04:02.804 [Test worker] DEBUG org.apache.velocity - Initializing Velocity, Calling init()...
16:04:02.804 [Test worker] DEBUG org.apache.velocity - Starting Apache Velocity v1.7 (compiled: 2010-11-19 12:14:37)
16:04:02.804 [Test worker] DEBUG org.apache.velocity - Default Properties File: org\apache\velocity\runtime\defaults\velocity.properties
16:04:02.804 [Test worker] DEBUG org.apache.velocity - Trying to use logger class org.apache.velocity.runtime.log.AvalonLogChute
16:04:02.804 [Test worker] DEBUG org.apache.velocity - Target log system for org.apache.velocity.runtime.log.AvalonLogChute is not available (java.lang.NoClassDefFoundError: org/apache/log/format/Formatter).  Falling back to next log system...
16:04:02.804 [Test worker] DEBUG org.apache.velocity - Trying to use logger class org.apache.velocity.runtime.log.Log4JLogChute
16:04:02.804 [Test worker] DEBUG org.apache.velocity - Target log system for org.apache.velocity.runtime.log.Log4JLogChute is not available (java.lang.NoClassDefFoundError: org/apache/log4j/Priority).  Falling back to next log system...
16:04:02.804 [Test worker] DEBUG org.apache.velocity - Trying to use logger class org.apache.velocity.runtime.log.CommonsLogLogChute
16:04:02.804 [Test worker] DEBUG org.apache.velocity - Using logger class org.apache.velocity.runtime.log.CommonsLogLogChute
16:04:02.804 [Test worker] DEBUG org.apache.velocity - ResourceLoader instantiated: org.apache.velocity.runtime.resource.loader.ClasspathResourceLoader
16:04:02.804 [Test worker] DEBUG org.apache.velocity - ResourceCache: initialized (class org.apache.velocity.runtime.resource.ResourceCacheImpl) with class java.util.Collections$SynchronizedMap cache map.
16:04:02.804 [Test worker] DEBUG org.apache.velocity - Loaded System Directive: org.apache.velocity.runtime.directive.Stop
16:04:02.804 [Test worker] DEBUG org.apache.velocity - Loaded System Directive: org.apache.velocity.runtime.directive.Define
16:04:02.804 [Test worker] DEBUG org.apache.velocity - Loaded System Directive: org.apache.velocity.runtime.directive.Break
16:04:02.804 [Test worker] DEBUG org.apache.velocity - Loaded System Directive: org.apache.velocity.runtime.directive.Evaluate
16:04:02.804 [Test worker] DEBUG org.apache.velocity - Loaded System Directive: org.apache.velocity.runtime.directive.Literal
16:04:02.804 [Test worker] DEBUG org.apache.velocity - Loaded System Directive: org.apache.velocity.runtime.directive.Macro
16:04:02.804 [Test worker] DEBUG org.apache.velocity - Loaded System Directive: org.apache.velocity.runtime.directive.Parse
16:04:02.804 [Test worker] DEBUG org.apache.velocity - Loaded System Directive: org.apache.velocity.runtime.directive.Include
16:04:02.804 [Test worker] DEBUG org.apache.velocity - Loaded System Directive: org.apache.velocity.runtime.directive.Foreach
16:04:02.804 [Test worker] DEBUG org.apache.velocity - Created '20' parsers.
16:04:02.804 [Test worker] DEBUG org.apache.velocity - Velocimacro : "velocimacro.library" is not set.  Trying default library: VM_global_library.vm
16:04:02.804 [Test worker] DEBUG org.apache.velocity - Could not load resource 'VM_global_library.vm' from ResourceLoader org.apache.velocity.runtime.resource.loader.ClasspathResourceLoader: ClasspathResourceLoader Error: cannot find resource VM_global_library.vm
16:04:02.804 [Test worker] DEBUG org.apache.velocity - Velocimacro : Default library not found.
16:04:02.804 [Test worker] DEBUG org.apache.velocity - Velocimacro : allowInline = true : VMs can be defined inline in templates
16:04:02.804 [Test worker] DEBUG org.apache.velocity - Velocimacro : allowInlineToOverride = false : VMs defined inline may NOT replace previous VM definitions
16:04:02.804 [Test worker] DEBUG org.apache.velocity - Velocimacro : allowInlineLocal = false : VMs defined inline will be global in scope if allowed.
16:04:02.804 [Test worker] DEBUG org.apache.velocity - Velocimacro : autoload off : VM system will not automatically reload global library macros
16:04:02.820 [Test worker] DEBUG org.apache.velocity - CommonsLogLogChute name is 'org.apache.velocity'
16:04:02.820 [Test worker] DEBUG org.apache.velocity - Initializing Velocity, Calling init()...
16:04:02.820 [Test worker] DEBUG org.apache.velocity - Starting Apache Velocity v1.7 (compiled: 2010-11-19 12:14:37)
16:04:02.820 [Test worker] DEBUG org.apache.velocity - Default Properties File: org\apache\velocity\runtime\defaults\velocity.properties
16:04:02.820 [Test worker] DEBUG org.apache.velocity - Trying to use logger class org.apache.velocity.runtime.log.AvalonLogChute
16:04:02.820 [Test worker] DEBUG org.apache.velocity - Target log system for org.apache.velocity.runtime.log.AvalonLogChute is not available (java.lang.NoClassDefFoundError: org/apache/log/format/Formatter).  Falling back to next log system...
16:04:02.820 [Test worker] DEBUG org.apache.velocity - Trying to use logger class org.apache.velocity.runtime.log.Log4JLogChute
16:04:02.820 [Test worker] DEBUG org.apache.velocity - Target log system for org.apache.velocity.runtime.log.Log4JLogChute is not available (java.lang.NoClassDefFoundError: org/apache/log4j/Priority).  Falling back to next log system...
16:04:02.820 [Test worker] DEBUG org.apache.velocity - Trying to use logger class org.apache.velocity.runtime.log.CommonsLogLogChute
16:04:02.820 [Test worker] DEBUG org.apache.velocity - Using logger class org.apache.velocity.runtime.log.CommonsLogLogChute
16:04:02.820 [Test worker] DEBUG org.apache.velocity - ResourceLoader instantiated: org.apache.velocity.runtime.resource.loader.ClasspathResourceLoader
16:04:02.820 [Test worker] DEBUG org.apache.velocity - ResourceCache: initialized (class org.apache.velocity.runtime.resource.ResourceCacheImpl) with class java.util.Collections$SynchronizedMap cache map.
16:04:02.820 [Test worker] DEBUG org.apache.velocity - Loaded System Directive: org.apache.velocity.runtime.directive.Stop
16:04:02.820 [Test worker] DEBUG org.apache.velocity - Loaded System Directive: org.apache.velocity.runtime.directive.Define
16:04:02.820 [Test worker] DEBUG org.apache.velocity - Loaded System Directive: org.apache.velocity.runtime.directive.Break
16:04:02.820 [Test worker] DEBUG org.apache.velocity - Loaded System Directive: org.apache.velocity.runtime.directive.Evaluate
16:04:02.820 [Test worker] DEBUG org.apache.velocity - Loaded System Directive: org.apache.velocity.runtime.directive.Literal
16:04:02.820 [Test worker] DEBUG org.apache.velocity - Loaded System Directive: org.apache.velocity.runtime.directive.Macro
16:04:02.820 [Test worker] DEBUG org.apache.velocity - Loaded System Directive: org.apache.velocity.runtime.directive.Parse
16:04:02.820 [Test worker] DEBUG org.apache.velocity - Loaded System Directive: org.apache.velocity.runtime.directive.Include
16:04:02.820 [Test worker] DEBUG org.apache.velocity - Loaded System Directive: org.apache.velocity.runtime.directive.Foreach
16:04:02.820 [Test worker] DEBUG org.apache.velocity - Created '20' parsers.
16:04:02.820 [Test worker] DEBUG org.apache.velocity - Velocimacro : "velocimacro.library" is not set.  Trying default library: VM_global_library.vm
16:04:02.820 [Test worker] DEBUG org.apache.velocity - Could not load resource 'VM_global_library.vm' from ResourceLoader org.apache.velocity.runtime.resource.loader.ClasspathResourceLoader: ClasspathResourceLoader Error: cannot find resource VM_global_library.vm
16:04:02.820 [Test worker] DEBUG org.apache.velocity - Velocimacro : Default library not found.
16:04:02.820 [Test worker] DEBUG org.apache.velocity - Velocimacro : allowInline = true : VMs can be defined inline in templates
16:04:02.820 [Test worker] DEBUG org.apache.velocity - Velocimacro : allowInlineToOverride = false : VMs defined inline may NOT replace previous VM definitions
16:04:02.820 [Test worker] DEBUG org.apache.velocity - Velocimacro : allowInlineLocal = false : VMs defined inline will be global in scope if allowed.
16:04:02.820 [Test worker] DEBUG org.apache.velocity - Velocimacro : autoload off : VM system will not automatically reload global library macros
16:04:02.820 [Test worker] DEBUG org.apache.velocity - CommonsLogLogChute name is 'org.apache.velocity'
16:04:02.820 [Test worker] DEBUG org.apache.velocity - Initializing Velocity, Calling init()...
16:04:02.820 [Test worker] DEBUG org.apache.velocity - Starting Apache Velocity v1.7 (compiled: 2010-11-19 12:14:37)
16:04:02.820 [Test worker] DEBUG org.apache.velocity - Default Properties File: org\apache\velocity\runtime\defaults\velocity.properties
16:04:02.820 [Test worker] DEBUG org.apache.velocity - Trying to use logger class org.apache.velocity.runtime.log.AvalonLogChute
16:04:02.820 [Test worker] DEBUG org.apache.velocity - Target log system for org.apache.velocity.runtime.log.AvalonLogChute is not available (java.lang.NoClassDefFoundError: org/apache/log/format/Formatter).  Falling back to next log system...
16:04:02.820 [Test worker] DEBUG org.apache.velocity - Trying to use logger class org.apache.velocity.runtime.log.Log4JLogChute
16:04:02.820 [Test worker] DEBUG org.apache.velocity - Target log system for org.apache.velocity.runtime.log.Log4JLogChute is not available (java.lang.NoClassDefFoundError: org/apache/log4j/Priority).  Falling back to next log system...
16:04:02.820 [Test worker] DEBUG org.apache.velocity - Trying to use logger class org.apache.velocity.runtime.log.CommonsLogLogChute
16:04:02.820 [Test worker] DEBUG org.apache.velocity - Using logger class org.apache.velocity.runtime.log.CommonsLogLogChute
16:04:02.820 [Test worker] DEBUG org.apache.velocity - ResourceLoader instantiated: org.apache.velocity.runtime.resource.loader.ClasspathResourceLoader
16:04:02.820 [Test worker] DEBUG org.apache.velocity - ResourceCache: initialized (class org.apache.velocity.runtime.resource.ResourceCacheImpl) with class java.util.Collections$SynchronizedMap cache map.
16:04:02.820 [Test worker] DEBUG org.apache.velocity - Loaded System Directive: org.apache.velocity.runtime.directive.Stop
16:04:02.820 [Test worker] DEBUG org.apache.velocity - Loaded System Directive: org.apache.velocity.runtime.directive.Define
16:04:02.820 [Test worker] DEBUG org.apache.velocity - Loaded System Directive: org.apache.velocity.runtime.directive.Break
16:04:02.820 [Test worker] DEBUG org.apache.velocity - Loaded System Directive: org.apache.velocity.runtime.directive.Evaluate
16:04:02.820 [Test worker] DEBUG org.apache.velocity - Loaded System Directive: org.apache.velocity.runtime.directive.Literal
16:04:02.820 [Test worker] DEBUG org.apache.velocity - Loaded System Directive: org.apache.velocity.runtime.directive.Macro
16:04:02.820 [Test worker] DEBUG org.apache.velocity - Loaded System Directive: org.apache.velocity.runtime.directive.Parse
16:04:02.820 [Test worker] DEBUG org.apache.velocity - Loaded System Directive: org.apache.velocity.runtime.directive.Include
16:04:02.820 [Test worker] DEBUG org.apache.velocity - Loaded System Directive: org.apache.velocity.runtime.directive.Foreach
16:04:02.820 [Test worker] DEBUG org.apache.velocity - Created '20' parsers.
16:04:02.820 [Test worker] DEBUG org.apache.velocity - Velocimacro : "velocimacro.library" is not set.  Trying default library: VM_global_library.vm
16:04:02.820 [Test worker] DEBUG org.apache.velocity - Could not load resource 'VM_global_library.vm' from ResourceLoader org.apache.velocity.runtime.resource.loader.ClasspathResourceLoader: ClasspathResourceLoader Error: cannot find resource VM_global_library.vm
16:04:02.820 [Test worker] DEBUG org.apache.velocity - Velocimacro : Default library not found.
16:04:02.820 [Test worker] DEBUG org.apache.velocity - Velocimacro : allowInline = true : VMs can be defined inline in templates
16:04:02.820 [Test worker] DEBUG org.apache.velocity - Velocimacro : allowInlineToOverride = false : VMs defined inline may NOT replace previous VM definitions
16:04:02.820 [Test worker] DEBUG org.apache.velocity - Velocimacro : allowInlineLocal = false : VMs defined inline will be global in scope if allowed.
16:04:02.820 [Test worker] DEBUG org.apache.velocity - Velocimacro : autoload off : VM system will not automatically reload global library macros
16:04:02.835 [Test worker] DEBUG org.apache.velocity - CommonsLogLogChute name is 'org.apache.velocity'
16:04:02.835 [Test worker] DEBUG org.apache.velocity - Initializing Velocity, Calling init()...
16:04:02.835 [Test worker] DEBUG org.apache.velocity - Starting Apache Velocity v1.7 (compiled: 2010-11-19 12:14:37)
16:04:02.835 [Test worker] DEBUG org.apache.velocity - Default Properties File: org\apache\velocity\runtime\defaults\velocity.properties
16:04:02.835 [Test worker] DEBUG org.apache.velocity - Trying to use logger class org.apache.velocity.runtime.log.AvalonLogChute
16:04:02.835 [Test worker] DEBUG org.apache.velocity - Target log system for org.apache.velocity.runtime.log.AvalonLogChute is not available (java.lang.NoClassDefFoundError: org/apache/log/format/Formatter).  Falling back to next log system...
16:04:02.835 [Test worker] DEBUG org.apache.velocity - Trying to use logger class org.apache.velocity.runtime.log.Log4JLogChute
16:04:02.835 [Test worker] DEBUG org.apache.velocity - Target log system for org.apache.velocity.runtime.log.Log4JLogChute is not available (java.lang.NoClassDefFoundError: org/apache/log4j/Priority).  Falling back to next log system...
16:04:02.835 [Test worker] DEBUG org.apache.velocity - Trying to use logger class org.apache.velocity.runtime.log.CommonsLogLogChute
16:04:02.835 [Test worker] DEBUG org.apache.velocity - Using logger class org.apache.velocity.runtime.log.CommonsLogLogChute
16:04:02.835 [Test worker] DEBUG org.apache.velocity - ResourceLoader instantiated: org.apache.velocity.runtime.resource.loader.ClasspathResourceLoader
16:04:02.835 [Test worker] DEBUG org.apache.velocity - ResourceCache: initialized (class org.apache.velocity.runtime.resource.ResourceCacheImpl) with class java.util.Collections$SynchronizedMap cache map.
16:04:02.835 [Test worker] DEBUG org.apache.velocity - Loaded System Directive: org.apache.velocity.runtime.directive.Stop
16:04:02.835 [Test worker] DEBUG org.apache.velocity - Loaded System Directive: org.apache.velocity.runtime.directive.Define
16:04:02.835 [Test worker] DEBUG org.apache.velocity - Loaded System Directive: org.apache.velocity.runtime.directive.Break
16:04:02.835 [Test worker] DEBUG org.apache.velocity - Loaded System Directive: org.apache.velocity.runtime.directive.Evaluate
16:04:02.835 [Test worker] DEBUG org.apache.velocity - Loaded System Directive: org.apache.velocity.runtime.directive.Literal
16:04:02.835 [Test worker] DEBUG org.apache.velocity - Loaded System Directive: org.apache.velocity.runtime.directive.Macro
16:04:02.835 [Test worker] DEBUG org.apache.velocity - Loaded System Directive: org.apache.velocity.runtime.directive.Parse
16:04:02.835 [Test worker] DEBUG org.apache.velocity - Loaded System Directive: org.apache.velocity.runtime.directive.Include
16:04:02.835 [Test worker] DEBUG org.apache.velocity - Loaded System Directive: org.apache.velocity.runtime.directive.Foreach
16:04:02.835 [Test worker] DEBUG org.apache.velocity - Created '20' parsers.
16:04:02.835 [Test worker] DEBUG org.apache.velocity - Velocimacro : "velocimacro.library" is not set.  Trying default library: VM_global_library.vm
16:04:02.835 [Test worker] DEBUG org.apache.velocity - Could not load resource 'VM_global_library.vm' from ResourceLoader org.apache.velocity.runtime.resource.loader.ClasspathResourceLoader: ClasspathResourceLoader Error: cannot find resource VM_global_library.vm
16:04:02.835 [Test worker] DEBUG org.apache.velocity - Velocimacro : Default library not found.
16:04:02.835 [Test worker] DEBUG org.apache.velocity - Velocimacro : allowInline = true : VMs can be defined inline in templates
16:04:02.835 [Test worker] DEBUG org.apache.velocity - Velocimacro : allowInlineToOverride = false : VMs defined inline may NOT replace previous VM definitions
16:04:02.835 [Test worker] DEBUG org.apache.velocity - Velocimacro : allowInlineLocal = false : VMs defined inline will be global in scope if allowed.
16:04:02.835 [Test worker] DEBUG org.apache.velocity - Velocimacro : autoload off : VM system will not automatically reload global library macros
16:04:02.835 [Test worker] DEBUG org.apache.velocity - CommonsLogLogChute name is 'org.apache.velocity'
16:04:02.835 [Test worker] DEBUG org.apache.velocity - Initializing Velocity, Calling init()...
16:04:02.835 [Test worker] DEBUG org.apache.velocity - Starting Apache Velocity v1.7 (compiled: 2010-11-19 12:14:37)
16:04:02.835 [Test worker] DEBUG org.apache.velocity - Default Properties File: org\apache\velocity\runtime\defaults\velocity.properties
16:04:02.835 [Test worker] DEBUG org.apache.velocity - Trying to use logger class org.apache.velocity.runtime.log.AvalonLogChute
16:04:02.835 [Test worker] DEBUG org.apache.velocity - Target log system for org.apache.velocity.runtime.log.AvalonLogChute is not available (java.lang.NoClassDefFoundError: org/apache/log/format/Formatter).  Falling back to next log system...
16:04:02.835 [Test worker] DEBUG org.apache.velocity - Trying to use logger class org.apache.velocity.runtime.log.Log4JLogChute
16:04:02.835 [Test worker] DEBUG org.apache.velocity - Target log system for org.apache.velocity.runtime.log.Log4JLogChute is not available (java.lang.NoClassDefFoundError: org/apache/log4j/Priority).  Falling back to next log system...
16:04:02.835 [Test worker] DEBUG org.apache.velocity - Trying to use logger class org.apache.velocity.runtime.log.CommonsLogLogChute
16:04:02.835 [Test worker] DEBUG org.apache.velocity - Using logger class org.apache.velocity.runtime.log.CommonsLogLogChute
16:04:02.835 [Test worker] DEBUG org.apache.velocity - ResourceLoader instantiated: org.apache.velocity.runtime.resource.loader.ClasspathResourceLoader
16:04:02.835 [Test worker] DEBUG org.apache.velocity - ResourceCache: initialized (class org.apache.velocity.runtime.resource.ResourceCacheImpl) with class java.util.Collections$SynchronizedMap cache map.
16:04:02.835 [Test worker] DEBUG org.apache.velocity - Loaded System Directive: org.apache.velocity.runtime.directive.Stop
16:04:02.835 [Test worker] DEBUG org.apache.velocity - Loaded System Directive: org.apache.velocity.runtime.directive.Define
16:04:02.835 [Test worker] DEBUG org.apache.velocity - Loaded System Directive: org.apache.velocity.runtime.directive.Break
16:04:02.835 [Test worker] DEBUG org.apache.velocity - Loaded System Directive: org.apache.velocity.runtime.directive.Evaluate
16:04:02.835 [Test worker] DEBUG org.apache.velocity - Loaded System Directive: org.apache.velocity.runtime.directive.Literal
16:04:02.835 [Test worker] DEBUG org.apache.velocity - Loaded System Directive: org.apache.velocity.runtime.directive.Macro
16:04:02.835 [Test worker] DEBUG org.apache.velocity - Loaded System Directive: org.apache.velocity.runtime.directive.Parse
16:04:02.835 [Test worker] DEBUG org.apache.velocity - Loaded System Directive: org.apache.velocity.runtime.directive.Include
16:04:02.835 [Test worker] DEBUG org.apache.velocity - Loaded System Directive: org.apache.velocity.runtime.directive.Foreach
16:04:02.835 [Test worker] DEBUG org.apache.velocity - Created '20' parsers.
16:04:02.835 [Test worker] DEBUG org.apache.velocity - Velocimacro : "velocimacro.library" is not set.  Trying default library: VM_global_library.vm
16:04:02.835 [Test worker] DEBUG org.apache.velocity - Could not load resource 'VM_global_library.vm' from ResourceLoader org.apache.velocity.runtime.resource.loader.ClasspathResourceLoader: ClasspathResourceLoader Error: cannot find resource VM_global_library.vm
16:04:02.835 [Test worker] DEBUG org.apache.velocity - Velocimacro : Default library not found.
16:04:02.835 [Test worker] DEBUG org.apache.velocity - Velocimacro : allowInline = true : VMs can be defined inline in templates
16:04:02.835 [Test worker] DEBUG org.apache.velocity - Velocimacro : allowInlineToOverride = false : VMs defined inline may NOT replace previous VM definitions
16:04:02.835 [Test worker] DEBUG org.apache.velocity - Velocimacro : allowInlineLocal = false : VMs defined inline will be global in scope if allowed.
16:04:02.835 [Test worker] DEBUG org.apache.velocity - Velocimacro : autoload off : VM system will not automatically reload global library macros
16:04:02.835 [Test worker] DEBUG org.apache.velocity - CommonsLogLogChute name is 'org.apache.velocity'
16:04:02.835 [Test worker] DEBUG org.apache.velocity - Initializing Velocity, Calling init()...
16:04:02.835 [Test worker] DEBUG org.apache.velocity - Starting Apache Velocity v1.7 (compiled: 2010-11-19 12:14:37)
16:04:02.835 [Test worker] DEBUG org.apache.velocity - Default Properties File: org\apache\velocity\runtime\defaults\velocity.properties
16:04:02.835 [Test worker] DEBUG org.apache.velocity - Trying to use logger class org.apache.velocity.runtime.log.AvalonLogChute
16:04:02.835 [Test worker] DEBUG org.apache.velocity - Target log system for org.apache.velocity.runtime.log.AvalonLogChute is not available (java.lang.NoClassDefFoundError: org/apache/log/format/Formatter).  Falling back to next log system...
16:04:02.835 [Test worker] DEBUG org.apache.velocity - Trying to use logger class org.apache.velocity.runtime.log.Log4JLogChute
16:04:02.835 [Test worker] DEBUG org.apache.velocity - Target log system for org.apache.velocity.runtime.log.Log4JLogChute is not available (java.lang.NoClassDefFoundError: org/apache/log4j/Priority).  Falling back to next log system...
16:04:02.835 [Test worker] DEBUG org.apache.velocity - Trying to use logger class org.apache.velocity.runtime.log.CommonsLogLogChute
16:04:02.835 [Test worker] DEBUG org.apache.velocity - Using logger class org.apache.velocity.runtime.log.CommonsLogLogChute
16:04:02.835 [Test worker] DEBUG org.apache.velocity - ResourceLoader instantiated: org.apache.velocity.runtime.resource.loader.ClasspathResourceLoader
16:04:02.835 [Test worker] DEBUG org.apache.velocity - ResourceCache: initialized (class org.apache.velocity.runtime.resource.ResourceCacheImpl) with class java.util.Collections$SynchronizedMap cache map.
16:04:02.835 [Test worker] DEBUG org.apache.velocity - Loaded System Directive: org.apache.velocity.runtime.directive.Stop
16:04:02.835 [Test worker] DEBUG org.apache.velocity - Loaded System Directive: org.apache.velocity.runtime.directive.Define
16:04:02.835 [Test worker] DEBUG org.apache.velocity - Loaded System Directive: org.apache.velocity.runtime.directive.Break
16:04:02.835 [Test worker] DEBUG org.apache.velocity - Loaded System Directive: org.apache.velocity.runtime.directive.Evaluate
16:04:02.835 [Test worker] DEBUG org.apache.velocity - Loaded System Directive: org.apache.velocity.runtime.directive.Literal
16:04:02.835 [Test worker] DEBUG org.apache.velocity - Loaded System Directive: org.apache.velocity.runtime.directive.Macro
16:04:02.835 [Test worker] DEBUG org.apache.velocity - Loaded System Directive: org.apache.velocity.runtime.directive.Parse
16:04:02.835 [Test worker] DEBUG org.apache.velocity - Loaded System Directive: org.apache.velocity.runtime.directive.Include
16:04:02.835 [Test worker] DEBUG org.apache.velocity - Loaded System Directive: org.apache.velocity.runtime.directive.Foreach
16:04:02.835 [Test worker] DEBUG org.apache.velocity - Created '20' parsers.
16:04:02.835 [Test worker] DEBUG org.apache.velocity - Velocimacro : "velocimacro.library" is not set.  Trying default library: VM_global_library.vm
16:04:02.835 [Test worker] DEBUG org.apache.velocity - Could not load resource 'VM_global_library.vm' from ResourceLoader org.apache.velocity.runtime.resource.loader.ClasspathResourceLoader: ClasspathResourceLoader Error: cannot find resource VM_global_library.vm
16:04:02.835 [Test worker] DEBUG org.apache.velocity - Velocimacro : Default library not found.
16:04:02.835 [Test worker] DEBUG org.apache.velocity - Velocimacro : allowInline = true : VMs can be defined inline in templates
16:04:02.835 [Test worker] DEBUG org.apache.velocity - Velocimacro : allowInlineToOverride = false : VMs defined inline may NOT replace previous VM definitions
16:04:02.835 [Test worker] DEBUG org.apache.velocity - Velocimacro : allowInlineLocal = false : VMs defined inline will be global in scope if allowed.
16:04:02.835 [Test worker] DEBUG org.apache.velocity - Velocimacro : autoload off : VM system will not automatically reload global library macros
16:04:02.851 [Test worker] DEBUG org.apache.velocity - ResourceManager : found templates/generators/overviewFeatures.vm with loader org.apache.velocity.runtime.resource.loader.ClasspathResourceLoader
16:04:02.851 [Test worker] DEBUG org.apache.velocity - ResourceManager : found /templates/headers.vm with loader org.apache.velocity.runtime.resource.loader.ClasspathResourceLoader
16:04:02.851 [Test worker] DEBUG org.apache.velocity - ResourceManager : found /templates/head.vm with loader org.apache.velocity.runtime.resource.loader.ClasspathResourceLoader
16:04:02.851 [Test worker] DEBUG org.apache.velocity - Velocimacro : added VM stringArray: source=/templates/macros/array.js.vm
16:04:02.851 [Test worker] DEBUG org.apache.velocity - Velocimacro : added VM numberArray: source=/templates/macros/array.js.vm
16:04:02.851 [Test worker] DEBUG org.apache.velocity - ResourceManager : found /templates/macros/array.js.vm with loader org.apache.velocity.runtime.resource.loader.ClasspathResourceLoader
16:04:02.851 [Test worker] DEBUG org.apache.velocity - Velocimacro : added VM includeBuildInfo: source=/templates/macros/page/buildinfo.vm
16:04:02.851 [Test worker] DEBUG org.apache.velocity - ResourceManager : found /templates/macros/page/buildinfo.vm with loader org.apache.velocity.runtime.resource.loader.ClasspathResourceLoader
16:04:02.851 [Test worker] DEBUG org.apache.velocity - Velocimacro : added VM includeClassifications: source=/templates/macros/page/classifications.vm
16:04:02.851 [Test worker] DEBUG org.apache.velocity - ResourceManager : found /templates/macros/page/classifications.vm with loader org.apache.velocity.runtime.resource.loader.ClasspathResourceLoader
16:04:02.851 [Test worker] DEBUG org.apache.velocity - Velocimacro : added VM includeLead: source=/templates/macros/page/lead.vm
16:04:02.851 [Test worker] DEBUG org.apache.velocity - ResourceManager : found /templates/macros/page/lead.vm with loader org.apache.velocity.runtime.resource.loader.ClasspathResourceLoader
16:04:02.866 [Test worker] DEBUG org.apache.velocity - Velocimacro : added VM includeNavigation: source=/templates/macros/page/navigation.vm
16:04:02.866 [Test worker] DEBUG org.apache.velocity - ResourceManager : found /templates/macros/page/navigation.vm with loader org.apache.velocity.runtime.resource.loader.ClasspathResourceLoader
16:04:02.866 [Test worker] DEBUG org.apache.velocity - Velocimacro : added VM includeReportInfo: source=/templates/macros/page/reportInfo.vm
16:04:02.866 [Test worker] DEBUG org.apache.velocity - ResourceManager : found /templates/macros/page/reportInfo.vm with loader org.apache.velocity.runtime.resource.loader.ClasspathResourceLoader
16:04:02.866 [Test worker] DEBUG org.apache.velocity - Velocimacro : added VM includeTitle: source=/templates/macros/page/title.vm
16:04:02.866 [Test worker] DEBUG org.apache.velocity - ResourceManager : found /templates/macros/page/title.vm with loader org.apache.velocity.runtime.resource.loader.ClasspathResourceLoader
16:04:02.866 [Test worker] DEBUG org.apache.velocity - Velocimacro : added VM includeExpandingButtons: source=/templates/macros/report/expandAllButtons.vm
16:04:02.866 [Test worker] DEBUG org.apache.velocity - ResourceManager : found /templates/macros/report/expandAllButtons.vm with loader org.apache.velocity.runtime.resource.loader.ClasspathResourceLoader
16:04:02.866 [Test worker] DEBUG org.apache.velocity - Velocimacro : added VM includeReportTable: source=/templates/macros/report/reportTable.vm
16:04:02.866 [Test worker] DEBUG org.apache.velocity - ResourceManager : found /templates/macros/report/reportTable.vm with loader org.apache.velocity.runtime.resource.loader.ClasspathResourceLoader
16:04:02.866 [Test worker] DEBUG org.apache.velocity - Velocimacro : added VM includeReportHeader: source=/templates/macros/report/reportHeader.vm
16:04:02.866 [Test worker] DEBUG org.apache.velocity - ResourceManager : found /templates/macros/report/reportHeader.vm with loader org.apache.velocity.runtime.resource.loader.ClasspathResourceLoader
16:04:02.866 [Test worker] DEBUG org.apache.velocity - Velocimacro : added VM includeStatsTable: source=/templates/macros/report/statsTable.vm
16:04:02.866 [Test worker] DEBUG org.apache.velocity - ResourceManager : found /templates/macros/report/statsTable.vm with loader org.apache.velocity.runtime.resource.loader.ClasspathResourceLoader
16:04:02.866 [Test worker] DEBUG org.apache.velocity - Velocimacro : added VM includeBrief: source=/templates/macros/json/brief.vm
16:04:02.866 [Test worker] DEBUG org.apache.velocity - ResourceManager : found /templates/macros/json/brief.vm with loader org.apache.velocity.runtime.resource.loader.ClasspathResourceLoader
16:04:02.866 [Test worker] DEBUG org.apache.velocity - Velocimacro : added VM includeDocString: source=/templates/macros/json/docstring.vm
16:04:02.866 [Test worker] DEBUG org.apache.velocity - ResourceManager : found /templates/macros/json/docstring.vm with loader org.apache.velocity.runtime.resource.loader.ClasspathResourceLoader
16:04:02.882 [Test worker] DEBUG org.apache.velocity - Velocimacro : added VM includeDuration: source=/templates/macros/json/duration.vm
16:04:02.882 [Test worker] DEBUG org.apache.velocity - ResourceManager : found /templates/macros/json/duration.vm with loader org.apache.velocity.runtime.resource.loader.ClasspathResourceLoader
16:04:02.882 [Test worker] DEBUG org.apache.velocity - Velocimacro : added VM includeElement: source=/templates/macros/json/element.vm
16:04:02.882 [Test worker] DEBUG org.apache.velocity - ResourceManager : found /templates/macros/json/element.vm with loader org.apache.velocity.runtime.resource.loader.ClasspathResourceLoader
16:04:02.882 [Test worker] DEBUG org.apache.velocity - Velocimacro : added VM includeEmbeddings: source=/templates/macros/json/embeddings.vm
16:04:02.882 [Test worker] DEBUG org.apache.velocity - Velocimacro : added VM includeHtmlEmbedding: source=/templates/macros/json/embeddings.vm
16:04:02.882 [Test worker] DEBUG org.apache.velocity - Velocimacro : added VM includeImageEmbedding: source=/templates/macros/json/embeddings.vm
16:04:02.882 [Test worker] DEBUG org.apache.velocity - Velocimacro : added VM includeImageReferenceEmbedding: source=/templates/macros/json/embeddings.vm
16:04:02.882 [Test worker] DEBUG org.apache.velocity - Velocimacro : added VM includeTextEmbedding: source=/templates/macros/json/embeddings.vm
16:04:02.882 [Test worker] DEBUG org.apache.velocity - Velocimacro : added VM includeUnknownEmbedding: source=/templates/macros/json/embeddings.vm
16:04:02.882 [Test worker] DEBUG org.apache.velocity - ResourceManager : found /templates/macros/json/embeddings.vm with loader org.apache.velocity.runtime.resource.loader.ClasspathResourceLoader
16:04:02.882 [Test worker] DEBUG org.apache.velocity - Velocimacro : added VM includeHooks: source=/templates/macros/json/hooks.vm
16:04:02.882 [Test worker] DEBUG org.apache.velocity - ResourceManager : found /templates/macros/json/hooks.vm with loader org.apache.velocity.runtime.resource.loader.ClasspathResourceLoader
16:04:02.882 [Test worker] DEBUG org.apache.velocity - Velocimacro : added VM includeOutput: source=/templates/macros/json/output.vm
16:04:02.882 [Test worker] DEBUG org.apache.velocity - ResourceManager : found /templates/macros/json/output.vm with loader org.apache.velocity.runtime.resource.loader.ClasspathResourceLoader
16:04:02.882 [Test worker] DEBUG org.apache.velocity - Velocimacro : added VM includeMessage: source=/templates/macros/json/message.vm
16:04:02.882 [Test worker] DEBUG org.apache.velocity - ResourceManager : found /templates/macros/json/message.vm with loader org.apache.velocity.runtime.resource.loader.ClasspathResourceLoader
16:04:02.882 [Test worker] DEBUG org.apache.velocity - Velocimacro : added VM includeSteps: source=/templates/macros/json/steps.vm
16:04:02.882 [Test worker] DEBUG org.apache.velocity - ResourceManager : found /templates/macros/json/steps.vm with loader org.apache.velocity.runtime.resource.loader.ClasspathResourceLoader
16:04:02.882 [Test worker] DEBUG org.apache.velocity - Velocimacro : added VM includeTags: source=/templates/macros/json/tags.vm
16:04:02.882 [Test worker] DEBUG org.apache.velocity - ResourceManager : found /templates/macros/json/tags.vm with loader org.apache.velocity.runtime.resource.loader.ClasspathResourceLoader
16:04:02.898 [Test worker] DEBUG org.apache.velocity - ResourceManager : found /templates/js/steps-chart.js.vm with loader org.apache.velocity.runtime.resource.loader.ClasspathResourceLoader
16:04:02.898 [Test worker] DEBUG org.apache.velocity - ResourceManager : found /templates/js/scenarios-chart.js.vm with loader org.apache.velocity.runtime.resource.loader.ClasspathResourceLoader
16:04:02.898 [Test worker] DEBUG org.apache.velocity - ResourceManager : found /templates/js/features-chart.js.vm with loader org.apache.velocity.runtime.resource.loader.ClasspathResourceLoader
16:04:02.898 [Test worker] DEBUG org.apache.velocity - VM #includeReportInfo: too many arguments to macro. Wanted 0 got 1
16:04:02.960 [Test worker] DEBUG org.apache.velocity - ResourceManager : found /templates/footer.vm with loader org.apache.velocity.runtime.resource.loader.ClasspathResourceLoader
16:04:02.960 [Test worker] DEBUG org.apache.velocity - ResourceManager : found templates/generators/reportFeature.vm with loader org.apache.velocity.runtime.resource.loader.ClasspathResourceLoader
16:04:02.960 [Test worker] DEBUG org.apache.velocity - ResourceManager : found /templates/headers.vm with loader org.apache.velocity.runtime.resource.loader.ClasspathResourceLoader
16:04:02.960 [Test worker] DEBUG org.apache.velocity - ResourceManager : found /templates/head.vm with loader org.apache.velocity.runtime.resource.loader.ClasspathResourceLoader
16:04:02.960 [Test worker] DEBUG org.apache.velocity - Velocimacro : added VM stringArray: source=/templates/macros/array.js.vm
16:04:02.960 [Test worker] DEBUG org.apache.velocity - Velocimacro : added VM numberArray: source=/templates/macros/array.js.vm
16:04:02.960 [Test worker] DEBUG org.apache.velocity - ResourceManager : found /templates/macros/array.js.vm with loader org.apache.velocity.runtime.resource.loader.ClasspathResourceLoader
16:04:02.960 [Test worker] DEBUG org.apache.velocity - Velocimacro : added VM includeBuildInfo: source=/templates/macros/page/buildinfo.vm
16:04:02.960 [Test worker] DEBUG org.apache.velocity - ResourceManager : found /templates/macros/page/buildinfo.vm with loader org.apache.velocity.runtime.resource.loader.ClasspathResourceLoader
16:04:02.960 [Test worker] DEBUG org.apache.velocity - Velocimacro : added VM includeClassifications: source=/templates/macros/page/classifications.vm
16:04:02.960 [Test worker] DEBUG org.apache.velocity - ResourceManager : found /templates/macros/page/classifications.vm with loader org.apache.velocity.runtime.resource.loader.ClasspathResourceLoader
16:04:02.960 [Test worker] DEBUG org.apache.velocity - Velocimacro : added VM includeLead: source=/templates/macros/page/lead.vm
16:04:02.960 [Test worker] DEBUG org.apache.velocity - ResourceManager : found /templates/macros/page/lead.vm with loader org.apache.velocity.runtime.resource.loader.ClasspathResourceLoader
16:04:02.960 [Test worker] DEBUG org.apache.velocity - Velocimacro : added VM includeNavigation: source=/templates/macros/page/navigation.vm
16:04:02.960 [Test worker] DEBUG org.apache.velocity - ResourceManager : found /templates/macros/page/navigation.vm with loader org.apache.velocity.runtime.resource.loader.ClasspathResourceLoader
16:04:02.960 [Test worker] DEBUG org.apache.velocity - Velocimacro : added VM includeReportInfo: source=/templates/macros/page/reportInfo.vm
16:04:02.960 [Test worker] DEBUG org.apache.velocity - ResourceManager : found /templates/macros/page/reportInfo.vm with loader org.apache.velocity.runtime.resource.loader.ClasspathResourceLoader
16:04:02.960 [Test worker] DEBUG org.apache.velocity - Velocimacro : added VM includeTitle: source=/templates/macros/page/title.vm
16:04:02.960 [Test worker] DEBUG org.apache.velocity - ResourceManager : found /templates/macros/page/title.vm with loader org.apache.velocity.runtime.resource.loader.ClasspathResourceLoader
16:04:02.960 [Test worker] DEBUG org.apache.velocity - Velocimacro : added VM includeExpandingButtons: source=/templates/macros/report/expandAllButtons.vm
16:04:02.960 [Test worker] DEBUG org.apache.velocity - ResourceManager : found /templates/macros/report/expandAllButtons.vm with loader org.apache.velocity.runtime.resource.loader.ClasspathResourceLoader
16:04:02.960 [Test worker] DEBUG org.apache.velocity - Velocimacro : added VM includeReportTable: source=/templates/macros/report/reportTable.vm
16:04:02.960 [Test worker] DEBUG org.apache.velocity - ResourceManager : found /templates/macros/report/reportTable.vm with loader org.apache.velocity.runtime.resource.loader.ClasspathResourceLoader
16:04:02.960 [Test worker] DEBUG org.apache.velocity - Velocimacro : added VM includeReportHeader: source=/templates/macros/report/reportHeader.vm
16:04:02.960 [Test worker] DEBUG org.apache.velocity - ResourceManager : found /templates/macros/report/reportHeader.vm with loader org.apache.velocity.runtime.resource.loader.ClasspathResourceLoader
16:04:02.960 [Test worker] DEBUG org.apache.velocity - Velocimacro : added VM includeStatsTable: source=/templates/macros/report/statsTable.vm
16:04:02.960 [Test worker] DEBUG org.apache.velocity - ResourceManager : found /templates/macros/report/statsTable.vm with loader org.apache.velocity.runtime.resource.loader.ClasspathResourceLoader
16:04:02.960 [Test worker] DEBUG org.apache.velocity - Velocimacro : added VM includeBrief: source=/templates/macros/json/brief.vm
16:04:02.960 [Test worker] DEBUG org.apache.velocity - ResourceManager : found /templates/macros/json/brief.vm with loader org.apache.velocity.runtime.resource.loader.ClasspathResourceLoader
16:04:02.960 [Test worker] DEBUG org.apache.velocity - Velocimacro : added VM includeDocString: source=/templates/macros/json/docstring.vm
16:04:02.960 [Test worker] DEBUG org.apache.velocity - ResourceManager : found /templates/macros/json/docstring.vm with loader org.apache.velocity.runtime.resource.loader.ClasspathResourceLoader
16:04:02.960 [Test worker] DEBUG org.apache.velocity - Velocimacro : added VM includeDuration: source=/templates/macros/json/duration.vm
16:04:02.960 [Test worker] DEBUG org.apache.velocity - ResourceManager : found /templates/macros/json/duration.vm with loader org.apache.velocity.runtime.resource.loader.ClasspathResourceLoader
16:04:02.960 [Test worker] DEBUG org.apache.velocity - Velocimacro : added VM includeElement: source=/templates/macros/json/element.vm
16:04:02.960 [Test worker] DEBUG org.apache.velocity - ResourceManager : found /templates/macros/json/element.vm with loader org.apache.velocity.runtime.resource.loader.ClasspathResourceLoader
16:04:02.976 [Test worker] DEBUG org.apache.velocity - Velocimacro : added VM includeEmbeddings: source=/templates/macros/json/embeddings.vm
16:04:02.976 [Test worker] DEBUG org.apache.velocity - Velocimacro : added VM includeHtmlEmbedding: source=/templates/macros/json/embeddings.vm
16:04:02.976 [Test worker] DEBUG org.apache.velocity - Velocimacro : added VM includeImageEmbedding: source=/templates/macros/json/embeddings.vm
16:04:02.976 [Test worker] DEBUG org.apache.velocity - Velocimacro : added VM includeImageReferenceEmbedding: source=/templates/macros/json/embeddings.vm
16:04:02.976 [Test worker] DEBUG org.apache.velocity - Velocimacro : added VM includeTextEmbedding: source=/templates/macros/json/embeddings.vm
16:04:02.976 [Test worker] DEBUG org.apache.velocity - Velocimacro : added VM includeUnknownEmbedding: source=/templates/macros/json/embeddings.vm
16:04:02.976 [Test worker] DEBUG org.apache.velocity - ResourceManager : found /templates/macros/json/embeddings.vm with loader org.apache.velocity.runtime.resource.loader.ClasspathResourceLoader
16:04:02.976 [Test worker] DEBUG org.apache.velocity - Velocimacro : added VM includeHooks: source=/templates/macros/json/hooks.vm
16:04:02.976 [Test worker] DEBUG org.apache.velocity - ResourceManager : found /templates/macros/json/hooks.vm with loader org.apache.velocity.runtime.resource.loader.ClasspathResourceLoader
16:04:02.976 [Test worker] DEBUG org.apache.velocity - Velocimacro : added VM includeOutput: source=/templates/macros/json/output.vm
16:04:02.976 [Test worker] DEBUG org.apache.velocity - ResourceManager : found /templates/macros/json/output.vm with loader org.apache.velocity.runtime.resource.loader.ClasspathResourceLoader
16:04:02.976 [Test worker] DEBUG org.apache.velocity - Velocimacro : added VM includeMessage: source=/templates/macros/json/message.vm
16:04:02.976 [Test worker] DEBUG org.apache.velocity - ResourceManager : found /templates/macros/json/message.vm with loader org.apache.velocity.runtime.resource.loader.ClasspathResourceLoader
16:04:02.976 [Test worker] DEBUG org.apache.velocity - Velocimacro : added VM includeSteps: source=/templates/macros/json/steps.vm
16:04:02.976 [Test worker] DEBUG org.apache.velocity - ResourceManager : found /templates/macros/json/steps.vm with loader org.apache.velocity.runtime.resource.loader.ClasspathResourceLoader
16:04:02.976 [Test worker] DEBUG org.apache.velocity - Velocimacro : added VM includeTags: source=/templates/macros/json/tags.vm
16:04:02.976 [Test worker] DEBUG org.apache.velocity - ResourceManager : found /templates/macros/json/tags.vm with loader org.apache.velocity.runtime.resource.loader.ClasspathResourceLoader
16:04:02.976 [Test worker] DEBUG org.apache.velocity - VM #includeNavigation: too few arguments to macro. Wanted 1 got 0
16:04:02.976 [Test worker] DEBUG org.apache.velocity - Left side ($active_tab) of '==' operation has null value. If it is a reference, it may not be in the context or its toString() returned null. /templates/macros/page/navigation.vm[line 14, column 51]
16:04:02.976 [Test worker] DEBUG org.apache.velocity - Left side ($active_tab) of '==' operation has null value. If it is a reference, it may not be in the context or its toString() returned null. /templates/macros/page/navigation.vm[line 15, column 51]
16:04:02.976 [Test worker] DEBUG org.apache.velocity - Left side ($active_tab) of '==' operation has null value. If it is a reference, it may not be in the context or its toString() returned null. /templates/macros/page/navigation.vm[line 16, column 51]
16:04:02.976 [Test worker] DEBUG org.apache.velocity - Left side ($active_tab) of '==' operation has null value. If it is a reference, it may not be in the context or its toString() returned null. /templates/macros/page/navigation.vm[line 20, column 51]
16:04:02.976 [Test worker] DEBUG org.apache.velocity - VM #includeLead: too few arguments to macro. Wanted 2 got 1
16:04:02.976 [Test worker] DEBUG org.apache.velocity - VM #includeBrief: too few arguments to macro. Wanted 5 got 3
16:04:02.976 [Test worker] DEBUG org.apache.velocity - VM #includeBrief: too few arguments to macro. Wanted 5 got 4
16:04:02.976 [Test worker] DEBUG org.apache.velocity - VM #includeBrief: too few arguments to macro. Wanted 5 got 4
16:04:02.992 [Test worker] DEBUG org.apache.velocity - ResourceManager : found /templates/footer.vm with loader org.apache.velocity.runtime.resource.loader.ClasspathResourceLoader
16:04:02.992 [Test worker] DEBUG org.apache.velocity - ResourceManager : found templates/generators/reportFeature.vm with loader org.apache.velocity.runtime.resource.loader.ClasspathResourceLoader
16:04:02.992 [Test worker] DEBUG org.apache.velocity - ResourceManager : found /templates/headers.vm with loader org.apache.velocity.runtime.resource.loader.ClasspathResourceLoader
16:04:02.992 [Test worker] DEBUG org.apache.velocity - ResourceManager : found /templates/head.vm with loader org.apache.velocity.runtime.resource.loader.ClasspathResourceLoader
16:04:02.992 [Test worker] DEBUG org.apache.velocity - Velocimacro : added VM stringArray: source=/templates/macros/array.js.vm
16:04:02.992 [Test worker] DEBUG org.apache.velocity - Velocimacro : added VM numberArray: source=/templates/macros/array.js.vm
16:04:02.992 [Test worker] DEBUG org.apache.velocity - ResourceManager : found /templates/macros/array.js.vm with loader org.apache.velocity.runtime.resource.loader.ClasspathResourceLoader
16:04:02.992 [Test worker] DEBUG org.apache.velocity - Velocimacro : added VM includeBuildInfo: source=/templates/macros/page/buildinfo.vm
16:04:02.992 [Test worker] DEBUG org.apache.velocity - ResourceManager : found /templates/macros/page/buildinfo.vm with loader org.apache.velocity.runtime.resource.loader.ClasspathResourceLoader
16:04:02.992 [Test worker] DEBUG org.apache.velocity - Velocimacro : added VM includeClassifications: source=/templates/macros/page/classifications.vm
16:04:02.992 [Test worker] DEBUG org.apache.velocity - ResourceManager : found /templates/macros/page/classifications.vm with loader org.apache.velocity.runtime.resource.loader.ClasspathResourceLoader
16:04:02.992 [Test worker] DEBUG org.apache.velocity - Velocimacro : added VM includeLead: source=/templates/macros/page/lead.vm
16:04:02.992 [Test worker] DEBUG org.apache.velocity - ResourceManager : found /templates/macros/page/lead.vm with loader org.apache.velocity.runtime.resource.loader.ClasspathResourceLoader
16:04:02.992 [Test worker] DEBUG org.apache.velocity - Velocimacro : added VM includeNavigation: source=/templates/macros/page/navigation.vm
16:04:02.992 [Test worker] DEBUG org.apache.velocity - ResourceManager : found /templates/macros/page/navigation.vm with loader org.apache.velocity.runtime.resource.loader.ClasspathResourceLoader
16:04:03.007 [Test worker] DEBUG org.apache.velocity - Velocimacro : added VM includeReportInfo: source=/templates/macros/page/reportInfo.vm
16:04:03.007 [Test worker] DEBUG org.apache.velocity - ResourceManager : found /templates/macros/page/reportInfo.vm with loader org.apache.velocity.runtime.resource.loader.ClasspathResourceLoader
16:04:03.007 [Test worker] DEBUG org.apache.velocity - Velocimacro : added VM includeTitle: source=/templates/macros/page/title.vm
16:04:03.007 [Test worker] DEBUG org.apache.velocity - ResourceManager : found /templates/macros/page/title.vm with loader org.apache.velocity.runtime.resource.loader.ClasspathResourceLoader
16:04:03.007 [Test worker] DEBUG org.apache.velocity - Velocimacro : added VM includeExpandingButtons: source=/templates/macros/report/expandAllButtons.vm
16:04:03.007 [Test worker] DEBUG org.apache.velocity - ResourceManager : found /templates/macros/report/expandAllButtons.vm with loader org.apache.velocity.runtime.resource.loader.ClasspathResourceLoader
16:04:03.007 [Test worker] DEBUG org.apache.velocity - Velocimacro : added VM includeReportTable: source=/templates/macros/report/reportTable.vm
16:04:03.007 [Test worker] DEBUG org.apache.velocity - ResourceManager : found /templates/macros/report/reportTable.vm with loader org.apache.velocity.runtime.resource.loader.ClasspathResourceLoader
16:04:03.007 [Test worker] DEBUG org.apache.velocity - Velocimacro : added VM includeReportHeader: source=/templates/macros/report/reportHeader.vm
16:04:03.007 [Test worker] DEBUG org.apache.velocity - ResourceManager : found /templates/macros/report/reportHeader.vm with loader org.apache.velocity.runtime.resource.loader.ClasspathResourceLoader
16:04:03.007 [Test worker] DEBUG org.apache.velocity - Velocimacro : added VM includeStatsTable: source=/templates/macros/report/statsTable.vm
16:04:03.007 [Test worker] DEBUG org.apache.velocity - ResourceManager : found /templates/macros/report/statsTable.vm with loader org.apache.velocity.runtime.resource.loader.ClasspathResourceLoader
16:04:03.007 [Test worker] DEBUG org.apache.velocity - Velocimacro : added VM includeBrief: source=/templates/macros/json/brief.vm
16:04:03.007 [Test worker] DEBUG org.apache.velocity - ResourceManager : found /templates/macros/json/brief.vm with loader org.apache.velocity.runtime.resource.loader.ClasspathResourceLoader
16:04:03.007 [Test worker] DEBUG org.apache.velocity - Velocimacro : added VM includeDocString: source=/templates/macros/json/docstring.vm
16:04:03.007 [Test worker] DEBUG org.apache.velocity - ResourceManager : found /templates/macros/json/docstring.vm with loader org.apache.velocity.runtime.resource.loader.ClasspathResourceLoader
16:04:03.007 [Test worker] DEBUG org.apache.velocity - Velocimacro : added VM includeDuration: source=/templates/macros/json/duration.vm
16:04:03.007 [Test worker] DEBUG org.apache.velocity - ResourceManager : found /templates/macros/json/duration.vm with loader org.apache.velocity.runtime.resource.loader.ClasspathResourceLoader
16:04:03.007 [Test worker] DEBUG org.apache.velocity - Velocimacro : added VM includeElement: source=/templates/macros/json/element.vm
16:04:03.007 [Test worker] DEBUG org.apache.velocity - ResourceManager : found /templates/macros/json/element.vm with loader org.apache.velocity.runtime.resource.loader.ClasspathResourceLoader
16:04:03.007 [Test worker] DEBUG org.apache.velocity - Velocimacro : added VM includeEmbeddings: source=/templates/macros/json/embeddings.vm
16:04:03.007 [Test worker] DEBUG org.apache.velocity - Velocimacro : added VM includeHtmlEmbedding: source=/templates/macros/json/embeddings.vm
16:04:03.007 [Test worker] DEBUG org.apache.velocity - Velocimacro : added VM includeImageEmbedding: source=/templates/macros/json/embeddings.vm
16:04:03.007 [Test worker] DEBUG org.apache.velocity - Velocimacro : added VM includeImageReferenceEmbedding: source=/templates/macros/json/embeddings.vm
16:04:03.007 [Test worker] DEBUG org.apache.velocity - Velocimacro : added VM includeTextEmbedding: source=/templates/macros/json/embeddings.vm
16:04:03.007 [Test worker] DEBUG org.apache.velocity - Velocimacro : added VM includeUnknownEmbedding: source=/templates/macros/json/embeddings.vm
16:04:03.007 [Test worker] DEBUG org.apache.velocity - ResourceManager : found /templates/macros/json/embeddings.vm with loader org.apache.velocity.runtime.resource.loader.ClasspathResourceLoader
16:04:03.007 [Test worker] DEBUG org.apache.velocity - Velocimacro : added VM includeHooks: source=/templates/macros/json/hooks.vm
16:04:03.007 [Test worker] DEBUG org.apache.velocity - ResourceManager : found /templates/macros/json/hooks.vm with loader org.apache.velocity.runtime.resource.loader.ClasspathResourceLoader
16:04:03.007 [Test worker] DEBUG org.apache.velocity - Velocimacro : added VM includeOutput: source=/templates/macros/json/output.vm
16:04:03.007 [Test worker] DEBUG org.apache.velocity - ResourceManager : found /templates/macros/json/output.vm with loader org.apache.velocity.runtime.resource.loader.ClasspathResourceLoader
16:04:03.007 [Test worker] DEBUG org.apache.velocity - Velocimacro : added VM includeMessage: source=/templates/macros/json/message.vm
16:04:03.007 [Test worker] DEBUG org.apache.velocity - ResourceManager : found /templates/macros/json/message.vm with loader org.apache.velocity.runtime.resource.loader.ClasspathResourceLoader
16:04:03.007 [Test worker] DEBUG org.apache.velocity - Velocimacro : added VM includeSteps: source=/templates/macros/json/steps.vm
16:04:03.007 [Test worker] DEBUG org.apache.velocity - ResourceManager : found /templates/macros/json/steps.vm with loader org.apache.velocity.runtime.resource.loader.ClasspathResourceLoader
16:04:03.007 [Test worker] DEBUG org.apache.velocity - Velocimacro : added VM includeTags: source=/templates/macros/json/tags.vm
16:04:03.007 [Test worker] DEBUG org.apache.velocity - ResourceManager : found /templates/macros/json/tags.vm with loader org.apache.velocity.runtime.resource.loader.ClasspathResourceLoader
16:04:03.007 [Test worker] DEBUG org.apache.velocity - VM #includeNavigation: too few arguments to macro. Wanted 1 got 0
16:04:03.007 [Test worker] DEBUG org.apache.velocity - Left side ($active_tab) of '==' operation has null value. If it is a reference, it may not be in the context or its toString() returned null. /templates/macros/page/navigation.vm[line 14, column 51]
16:04:03.007 [Test worker] DEBUG org.apache.velocity - Left side ($active_tab) of '==' operation has null value. If it is a reference, it may not be in the context or its toString() returned null. /templates/macros/page/navigation.vm[line 15, column 51]
16:04:03.007 [Test worker] DEBUG org.apache.velocity - Left side ($active_tab) of '==' operation has null value. If it is a reference, it may not be in the context or its toString() returned null. /templates/macros/page/navigation.vm[line 16, column 51]
16:04:03.007 [Test worker] DEBUG org.apache.velocity - Left side ($active_tab) of '==' operation has null value. If it is a reference, it may not be in the context or its toString() returned null. /templates/macros/page/navigation.vm[line 20, column 51]
16:04:03.007 [Test worker] DEBUG org.apache.velocity - VM #includeLead: too few arguments to macro. Wanted 2 got 1
16:04:03.007 [Test worker] DEBUG org.apache.velocity - VM #includeBrief: too few arguments to macro. Wanted 5 got 3
16:04:03.007 [Test worker] DEBUG org.apache.velocity - VM #includeBrief: too few arguments to macro. Wanted 5 got 4
16:04:03.007 [Test worker] DEBUG org.apache.velocity - VM #includeBrief: too few arguments to macro. Wanted 5 got 4
16:04:03.023 [Test worker] DEBUG org.apache.velocity - ResourceManager : found /templates/footer.vm with loader org.apache.velocity.runtime.resource.loader.ClasspathResourceLoader
16:04:03.023 [Test worker] DEBUG org.apache.velocity - ResourceManager : found templates/generators/reportFeature.vm with loader org.apache.velocity.runtime.resource.loader.ClasspathResourceLoader
16:04:03.023 [Test worker] DEBUG org.apache.velocity - ResourceManager : found /templates/headers.vm with loader org.apache.velocity.runtime.resource.loader.ClasspathResourceLoader
16:04:03.023 [Test worker] DEBUG org.apache.velocity - ResourceManager : found /templates/head.vm with loader org.apache.velocity.runtime.resource.loader.ClasspathResourceLoader
16:04:03.023 [Test worker] DEBUG org.apache.velocity - Velocimacro : added VM stringArray: source=/templates/macros/array.js.vm
16:04:03.023 [Test worker] DEBUG org.apache.velocity - Velocimacro : added VM numberArray: source=/templates/macros/array.js.vm
16:04:03.023 [Test worker] DEBUG org.apache.velocity - ResourceManager : found /templates/macros/array.js.vm with loader org.apache.velocity.runtime.resource.loader.ClasspathResourceLoader
16:04:03.023 [Test worker] DEBUG org.apache.velocity - Velocimacro : added VM includeBuildInfo: source=/templates/macros/page/buildinfo.vm
16:04:03.023 [Test worker] DEBUG org.apache.velocity - ResourceManager : found /templates/macros/page/buildinfo.vm with loader org.apache.velocity.runtime.resource.loader.ClasspathResourceLoader
16:04:03.023 [Test worker] DEBUG org.apache.velocity - Velocimacro : added VM includeClassifications: source=/templates/macros/page/classifications.vm
16:04:03.023 [Test worker] DEBUG org.apache.velocity - ResourceManager : found /templates/macros/page/classifications.vm with loader org.apache.velocity.runtime.resource.loader.ClasspathResourceLoader
16:04:03.023 [Test worker] DEBUG org.apache.velocity - Velocimacro : added VM includeLead: source=/templates/macros/page/lead.vm
16:04:03.023 [Test worker] DEBUG org.apache.velocity - ResourceManager : found /templates/macros/page/lead.vm with loader org.apache.velocity.runtime.resource.loader.ClasspathResourceLoader
16:04:03.023 [Test worker] DEBUG org.apache.velocity - Velocimacro : added VM includeNavigation: source=/templates/macros/page/navigation.vm
16:04:03.023 [Test worker] DEBUG org.apache.velocity - ResourceManager : found /templates/macros/page/navigation.vm with loader org.apache.velocity.runtime.resource.loader.ClasspathResourceLoader
16:04:03.023 [Test worker] DEBUG org.apache.velocity - Velocimacro : added VM includeReportInfo: source=/templates/macros/page/reportInfo.vm
16:04:03.023 [Test worker] DEBUG org.apache.velocity - ResourceManager : found /templates/macros/page/reportInfo.vm with loader org.apache.velocity.runtime.resource.loader.ClasspathResourceLoader
16:04:03.023 [Test worker] DEBUG org.apache.velocity - Velocimacro : added VM includeTitle: source=/templates/macros/page/title.vm
16:04:03.023 [Test worker] DEBUG org.apache.velocity - ResourceManager : found /templates/macros/page/title.vm with loader org.apache.velocity.runtime.resource.loader.ClasspathResourceLoader
16:04:03.023 [Test worker] DEBUG org.apache.velocity - Velocimacro : added VM includeExpandingButtons: source=/templates/macros/report/expandAllButtons.vm
16:04:03.023 [Test worker] DEBUG org.apache.velocity - ResourceManager : found /templates/macros/report/expandAllButtons.vm with loader org.apache.velocity.runtime.resource.loader.ClasspathResourceLoader
16:04:03.023 [Test worker] DEBUG org.apache.velocity - Velocimacro : added VM includeReportTable: source=/templates/macros/report/reportTable.vm
16:04:03.023 [Test worker] DEBUG org.apache.velocity - ResourceManager : found /templates/macros/report/reportTable.vm with loader org.apache.velocity.runtime.resource.loader.ClasspathResourceLoader
16:04:03.023 [Test worker] DEBUG org.apache.velocity - Velocimacro : added VM includeReportHeader: source=/templates/macros/report/reportHeader.vm
16:04:03.023 [Test worker] DEBUG org.apache.velocity - ResourceManager : found /templates/macros/report/reportHeader.vm with loader org.apache.velocity.runtime.resource.loader.ClasspathResourceLoader
16:04:03.023 [Test worker] DEBUG org.apache.velocity - Velocimacro : added VM includeStatsTable: source=/templates/macros/report/statsTable.vm
16:04:03.023 [Test worker] DEBUG org.apache.velocity - ResourceManager : found /templates/macros/report/statsTable.vm with loader org.apache.velocity.runtime.resource.loader.ClasspathResourceLoader
16:04:03.023 [Test worker] DEBUG org.apache.velocity - Velocimacro : added VM includeBrief: source=/templates/macros/json/brief.vm
16:04:03.023 [Test worker] DEBUG org.apache.velocity - ResourceManager : found /templates/macros/json/brief.vm with loader org.apache.velocity.runtime.resource.loader.ClasspathResourceLoader
16:04:03.023 [Test worker] DEBUG org.apache.velocity - Velocimacro : added VM includeDocString: source=/templates/macros/json/docstring.vm
16:04:03.023 [Test worker] DEBUG org.apache.velocity - ResourceManager : found /templates/macros/json/docstring.vm with loader org.apache.velocity.runtime.resource.loader.ClasspathResourceLoader
16:04:03.038 [Test worker] DEBUG org.apache.velocity - Velocimacro : added VM includeDuration: source=/templates/macros/json/duration.vm
16:04:03.038 [Test worker] DEBUG org.apache.velocity - ResourceManager : found /templates/macros/json/duration.vm with loader org.apache.velocity.runtime.resource.loader.ClasspathResourceLoader
16:04:03.038 [Test worker] DEBUG org.apache.velocity - Velocimacro : added VM includeElement: source=/templates/macros/json/element.vm
16:04:03.038 [Test worker] DEBUG org.apache.velocity - ResourceManager : found /templates/macros/json/element.vm with loader org.apache.velocity.runtime.resource.loader.ClasspathResourceLoader
16:04:03.038 [Test worker] DEBUG org.apache.velocity - Velocimacro : added VM includeEmbeddings: source=/templates/macros/json/embeddings.vm
16:04:03.038 [Test worker] DEBUG org.apache.velocity - Velocimacro : added VM includeHtmlEmbedding: source=/templates/macros/json/embeddings.vm
16:04:03.038 [Test worker] DEBUG org.apache.velocity - Velocimacro : added VM includeImageEmbedding: source=/templates/macros/json/embeddings.vm
16:04:03.038 [Test worker] DEBUG org.apache.velocity - Velocimacro : added VM includeImageReferenceEmbedding: source=/templates/macros/json/embeddings.vm
16:04:03.038 [Test worker] DEBUG org.apache.velocity - Velocimacro : added VM includeTextEmbedding: source=/templates/macros/json/embeddings.vm
16:04:03.038 [Test worker] DEBUG org.apache.velocity - Velocimacro : added VM includeUnknownEmbedding: source=/templates/macros/json/embeddings.vm
16:04:03.038 [Test worker] DEBUG org.apache.velocity - ResourceManager : found /templates/macros/json/embeddings.vm with loader org.apache.velocity.runtime.resource.loader.ClasspathResourceLoader
16:04:03.038 [Test worker] DEBUG org.apache.velocity - Velocimacro : added VM includeHooks: source=/templates/macros/json/hooks.vm
16:04:03.038 [Test worker] DEBUG org.apache.velocity - ResourceManager : found /templates/macros/json/hooks.vm with loader org.apache.velocity.runtime.resource.loader.ClasspathResourceLoader
16:04:03.038 [Test worker] DEBUG org.apache.velocity - Velocimacro : added VM includeOutput: source=/templates/macros/json/output.vm
16:04:03.038 [Test worker] DEBUG org.apache.velocity - ResourceManager : found /templates/macros/json/output.vm with loader org.apache.velocity.runtime.resource.loader.ClasspathResourceLoader
16:04:03.038 [Test worker] DEBUG org.apache.velocity - Velocimacro : added VM includeMessage: source=/templates/macros/json/message.vm
16:04:03.038 [Test worker] DEBUG org.apache.velocity - ResourceManager : found /templates/macros/json/message.vm with loader org.apache.velocity.runtime.resource.loader.ClasspathResourceLoader
16:04:03.038 [Test worker] DEBUG org.apache.velocity - Velocimacro : added VM includeSteps: source=/templates/macros/json/steps.vm
16:04:03.038 [Test worker] DEBUG org.apache.velocity - ResourceManager : found /templates/macros/json/steps.vm with loader org.apache.velocity.runtime.resource.loader.ClasspathResourceLoader
16:04:03.038 [Test worker] DEBUG org.apache.velocity - Velocimacro : added VM includeTags: source=/templates/macros/json/tags.vm
16:04:03.038 [Test worker] DEBUG org.apache.velocity - ResourceManager : found /templates/macros/json/tags.vm with loader org.apache.velocity.runtime.resource.loader.ClasspathResourceLoader
16:04:03.038 [Test worker] DEBUG org.apache.velocity - VM #includeNavigation: too few arguments to macro. Wanted 1 got 0
16:04:03.038 [Test worker] DEBUG org.apache.velocity - Left side ($active_tab) of '==' operation has null value. If it is a reference, it may not be in the context or its toString() returned null. /templates/macros/page/navigation.vm[line 14, column 51]
16:04:03.038 [Test worker] DEBUG org.apache.velocity - Left side ($active_tab) of '==' operation has null value. If it is a reference, it may not be in the context or its toString() returned null. /templates/macros/page/navigation.vm[line 15, column 51]
16:04:03.038 [Test worker] DEBUG org.apache.velocity - Left side ($active_tab) of '==' operation has null value. If it is a reference, it may not be in the context or its toString() returned null. /templates/macros/page/navigation.vm[line 16, column 51]
16:04:03.038 [Test worker] DEBUG org.apache.velocity - Left side ($active_tab) of '==' operation has null value. If it is a reference, it may not be in the context or its toString() returned null. /templates/macros/page/navigation.vm[line 20, column 51]
16:04:03.038 [Test worker] DEBUG org.apache.velocity - VM #includeLead: too few arguments to macro. Wanted 2 got 1
16:04:03.038 [Test worker] DEBUG org.apache.velocity - VM #includeBrief: too few arguments to macro. Wanted 5 got 3
16:04:03.038 [Test worker] DEBUG org.apache.velocity - VM #includeBrief: too few arguments to macro. Wanted 5 got 4
16:04:03.038 [Test worker] DEBUG org.apache.velocity - VM #includeBrief: too few arguments to macro. Wanted 5 got 4
16:04:03.038 [Test worker] DEBUG org.apache.velocity - VM #includeBrief: too few arguments to macro. Wanted 5 got 4
16:04:03.038 [Test worker] DEBUG org.apache.velocity - VM #includeBrief: too few arguments to macro. Wanted 5 got 4
16:04:03.038 [Test worker] DEBUG org.apache.velocity - VM #includeBrief: too few arguments to macro. Wanted 5 got 4
16:04:03.038 [Test worker] DEBUG org.apache.velocity - VM #includeBrief: too few arguments to macro. Wanted 5 got 4
16:04:03.038 [Test worker] DEBUG org.apache.velocity - ResourceManager : found /templates/footer.vm with loader org.apache.velocity.runtime.resource.loader.ClasspathResourceLoader
16:04:03.038 [Test worker] DEBUG org.apache.velocity - ResourceManager : found templates/generators/reportFeature.vm with loader org.apache.velocity.runtime.resource.loader.ClasspathResourceLoader
16:04:03.038 [Test worker] DEBUG org.apache.velocity - ResourceManager : found /templates/headers.vm with loader org.apache.velocity.runtime.resource.loader.ClasspathResourceLoader
16:04:03.054 [Test worker] DEBUG org.apache.velocity - ResourceManager : found /templates/head.vm with loader org.apache.velocity.runtime.resource.loader.ClasspathResourceLoader
16:04:03.054 [Test worker] DEBUG org.apache.velocity - Velocimacro : added VM stringArray: source=/templates/macros/array.js.vm
16:04:03.054 [Test worker] DEBUG org.apache.velocity - Velocimacro : added VM numberArray: source=/templates/macros/array.js.vm
16:04:03.054 [Test worker] DEBUG org.apache.velocity - ResourceManager : found /templates/macros/array.js.vm with loader org.apache.velocity.runtime.resource.loader.ClasspathResourceLoader
16:04:03.054 [Test worker] DEBUG org.apache.velocity - Velocimacro : added VM includeBuildInfo: source=/templates/macros/page/buildinfo.vm
16:04:03.054 [Test worker] DEBUG org.apache.velocity - ResourceManager : found /templates/macros/page/buildinfo.vm with loader org.apache.velocity.runtime.resource.loader.ClasspathResourceLoader
16:04:03.054 [Test worker] DEBUG org.apache.velocity - Velocimacro : added VM includeClassifications: source=/templates/macros/page/classifications.vm
16:04:03.054 [Test worker] DEBUG org.apache.velocity - ResourceManager : found /templates/macros/page/classifications.vm with loader org.apache.velocity.runtime.resource.loader.ClasspathResourceLoader
16:04:03.054 [Test worker] DEBUG org.apache.velocity - Velocimacro : added VM includeLead: source=/templates/macros/page/lead.vm
16:04:03.054 [Test worker] DEBUG org.apache.velocity - ResourceManager : found /templates/macros/page/lead.vm with loader org.apache.velocity.runtime.resource.loader.ClasspathResourceLoader
16:04:03.054 [Test worker] DEBUG org.apache.velocity - Velocimacro : added VM includeNavigation: source=/templates/macros/page/navigation.vm
16:04:03.054 [Test worker] DEBUG org.apache.velocity - ResourceManager : found /templates/macros/page/navigation.vm with loader org.apache.velocity.runtime.resource.loader.ClasspathResourceLoader
16:04:03.054 [Test worker] DEBUG org.apache.velocity - Velocimacro : added VM includeReportInfo: source=/templates/macros/page/reportInfo.vm
16:04:03.054 [Test worker] DEBUG org.apache.velocity - ResourceManager : found /templates/macros/page/reportInfo.vm with loader org.apache.velocity.runtime.resource.loader.ClasspathResourceLoader
16:04:03.054 [Test worker] DEBUG org.apache.velocity - Velocimacro : added VM includeTitle: source=/templates/macros/page/title.vm
16:04:03.054 [Test worker] DEBUG org.apache.velocity - ResourceManager : found /templates/macros/page/title.vm with loader org.apache.velocity.runtime.resource.loader.ClasspathResourceLoader
16:04:03.054 [Test worker] DEBUG org.apache.velocity - Velocimacro : added VM includeExpandingButtons: source=/templates/macros/report/expandAllButtons.vm
16:04:03.054 [Test worker] DEBUG org.apache.velocity - ResourceManager : found /templates/macros/report/expandAllButtons.vm with loader org.apache.velocity.runtime.resource.loader.ClasspathResourceLoader
16:04:03.054 [Test worker] DEBUG org.apache.velocity - Velocimacro : added VM includeReportTable: source=/templates/macros/report/reportTable.vm
16:04:03.054 [Test worker] DEBUG org.apache.velocity - ResourceManager : found /templates/macros/report/reportTable.vm with loader org.apache.velocity.runtime.resource.loader.ClasspathResourceLoader
16:04:03.054 [Test worker] DEBUG org.apache.velocity - Velocimacro : added VM includeReportHeader: source=/templates/macros/report/reportHeader.vm
16:04:03.054 [Test worker] DEBUG org.apache.velocity - ResourceManager : found /templates/macros/report/reportHeader.vm with loader org.apache.velocity.runtime.resource.loader.ClasspathResourceLoader
16:04:03.070 [Test worker] DEBUG org.apache.velocity - Velocimacro : added VM includeStatsTable: source=/templates/macros/report/statsTable.vm
16:04:03.070 [Test worker] DEBUG org.apache.velocity - ResourceManager : found /templates/macros/report/statsTable.vm with loader org.apache.velocity.runtime.resource.loader.ClasspathResourceLoader
16:04:03.070 [Test worker] DEBUG org.apache.velocity - Velocimacro : added VM includeBrief: source=/templates/macros/json/brief.vm
16:04:03.070 [Test worker] DEBUG org.apache.velocity - ResourceManager : found /templates/macros/json/brief.vm with loader org.apache.velocity.runtime.resource.loader.ClasspathResourceLoader
16:04:03.070 [Test worker] DEBUG org.apache.velocity - Velocimacro : added VM includeDocString: source=/templates/macros/json/docstring.vm
16:04:03.070 [Test worker] DEBUG org.apache.velocity - ResourceManager : found /templates/macros/json/docstring.vm with loader org.apache.velocity.runtime.resource.loader.ClasspathResourceLoader
16:04:03.070 [Test worker] DEBUG org.apache.velocity - Velocimacro : added VM includeDuration: source=/templates/macros/json/duration.vm
16:04:03.070 [Test worker] DEBUG org.apache.velocity - ResourceManager : found /templates/macros/json/duration.vm with loader org.apache.velocity.runtime.resource.loader.ClasspathResourceLoader
16:04:03.070 [Test worker] DEBUG org.apache.velocity - Velocimacro : added VM includeElement: source=/templates/macros/json/element.vm
16:04:03.070 [Test worker] DEBUG org.apache.velocity - ResourceManager : found /templates/macros/json/element.vm with loader org.apache.velocity.runtime.resource.loader.ClasspathResourceLoader
16:04:03.070 [Test worker] DEBUG org.apache.velocity - Velocimacro : added VM includeEmbeddings: source=/templates/macros/json/embeddings.vm
16:04:03.085 [Test worker] DEBUG org.apache.velocity - Velocimacro : added VM includeHtmlEmbedding: source=/templates/macros/json/embeddings.vm
16:04:03.085 [Test worker] DEBUG org.apache.velocity - Velocimacro : added VM includeImageEmbedding: source=/templates/macros/json/embeddings.vm
16:04:03.085 [Test worker] DEBUG org.apache.velocity - Velocimacro : added VM includeImageReferenceEmbedding: source=/templates/macros/json/embeddings.vm
16:04:03.085 [Test worker] DEBUG org.apache.velocity - Velocimacro : added VM includeTextEmbedding: source=/templates/macros/json/embeddings.vm
16:04:03.085 [Test worker] DEBUG org.apache.velocity - Velocimacro : added VM includeUnknownEmbedding: source=/templates/macros/json/embeddings.vm
16:04:03.085 [Test worker] DEBUG org.apache.velocity - ResourceManager : found /templates/macros/json/embeddings.vm with loader org.apache.velocity.runtime.resource.loader.ClasspathResourceLoader
16:04:03.085 [Test worker] DEBUG org.apache.velocity - Velocimacro : added VM includeHooks: source=/templates/macros/json/hooks.vm
16:04:03.085 [Test worker] DEBUG org.apache.velocity - ResourceManager : found /templates/macros/json/hooks.vm with loader org.apache.velocity.runtime.resource.loader.ClasspathResourceLoader
16:04:03.085 [Test worker] DEBUG org.apache.velocity - Velocimacro : added VM includeOutput: source=/templates/macros/json/output.vm
16:04:03.085 [Test worker] DEBUG org.apache.velocity - ResourceManager : found /templates/macros/json/output.vm with loader org.apache.velocity.runtime.resource.loader.ClasspathResourceLoader
16:04:03.085 [Test worker] DEBUG org.apache.velocity - Velocimacro : added VM includeMessage: source=/templates/macros/json/message.vm
16:04:03.085 [Test worker] DEBUG org.apache.velocity - ResourceManager : found /templates/macros/json/message.vm with loader org.apache.velocity.runtime.resource.loader.ClasspathResourceLoader
16:04:03.085 [Test worker] DEBUG org.apache.velocity - Velocimacro : added VM includeSteps: source=/templates/macros/json/steps.vm
16:04:03.085 [Test worker] DEBUG org.apache.velocity - ResourceManager : found /templates/macros/json/steps.vm with loader org.apache.velocity.runtime.resource.loader.ClasspathResourceLoader
16:04:03.101 [Test worker] DEBUG org.apache.velocity - Velocimacro : added VM includeTags: source=/templates/macros/json/tags.vm
16:04:03.101 [Test worker] DEBUG org.apache.velocity - ResourceManager : found /templates/macros/json/tags.vm with loader org.apache.velocity.runtime.resource.loader.ClasspathResourceLoader
16:04:03.101 [Test worker] DEBUG org.apache.velocity - VM #includeNavigation: too few arguments to macro. Wanted 1 got 0
16:04:03.101 [Test worker] DEBUG org.apache.velocity - Left side ($active_tab) of '==' operation has null value. If it is a reference, it may not be in the context or its toString() returned null. /templates/macros/page/navigation.vm[line 14, column 51]
16:04:03.101 [Test worker] DEBUG org.apache.velocity - Left side ($active_tab) of '==' operation has null value. If it is a reference, it may not be in the context or its toString() returned null. /templates/macros/page/navigation.vm[line 15, column 51]
16:04:03.101 [Test worker] DEBUG org.apache.velocity - Left side ($active_tab) of '==' operation has null value. If it is a reference, it may not be in the context or its toString() returned null. /templates/macros/page/navigation.vm[line 16, column 51]
16:04:03.101 [Test worker] DEBUG org.apache.velocity - Left side ($active_tab) of '==' operation has null value. If it is a reference, it may not be in the context or its toString() returned null. /templates/macros/page/navigation.vm[line 20, column 51]
16:04:03.101 [Test worker] DEBUG org.apache.velocity - VM #includeLead: too few arguments to macro. Wanted 2 got 1
16:04:03.101 [Test worker] DEBUG org.apache.velocity - VM #includeBrief: too few arguments to macro. Wanted 5 got 3
16:04:03.101 [Test worker] DEBUG org.apache.velocity - VM #includeBrief: too few arguments to macro. Wanted 5 got 4
16:04:03.101 [Test worker] DEBUG org.apache.velocity - VM #includeBrief: too few arguments to macro. Wanted 5 got 4
16:04:03.116 [Test worker] DEBUG org.apache.velocity - VM #includeBrief: too few arguments to macro. Wanted 5 got 4
16:04:03.116 [Test worker] DEBUG org.apache.velocity - VM #includeBrief: too few arguments to macro. Wanted 5 got 4
16:04:03.116 [Test worker] DEBUG org.apache.velocity - VM #includeBrief: too few arguments to macro. Wanted 5 got 4
16:04:03.116 [Test worker] DEBUG org.apache.velocity - VM #includeBrief: too few arguments to macro. Wanted 5 got 4
16:04:03.116 [Test worker] DEBUG org.apache.velocity - VM #includeBrief: too few arguments to macro. Wanted 5 got 4
16:04:03.116 [Test worker] DEBUG org.apache.velocity - VM #includeBrief: too few arguments to macro. Wanted 5 got 4
16:04:03.116 [Test worker] DEBUG org.apache.velocity - VM #includeBrief: too few arguments to macro. Wanted 5 got 4
16:04:03.132 [Test worker] DEBUG org.apache.velocity - VM #includeBrief: too few arguments to macro. Wanted 5 got 4
16:04:03.132 [Test worker] DEBUG org.apache.velocity - ResourceManager : found /templates/footer.vm with loader org.apache.velocity.runtime.resource.loader.ClasspathResourceLoader
16:04:03.132 [Test worker] DEBUG org.apache.velocity - ResourceManager : found templates/generators/reportFeature.vm with loader org.apache.velocity.runtime.resource.loader.ClasspathResourceLoader
16:04:03.148 [Test worker] DEBUG org.apache.velocity - ResourceManager : found /templates/headers.vm with loader org.apache.velocity.runtime.resource.loader.ClasspathResourceLoader
16:04:03.148 [Test worker] DEBUG org.apache.velocity - ResourceManager : found /templates/head.vm with loader org.apache.velocity.runtime.resource.loader.ClasspathResourceLoader
16:04:03.148 [Test worker] DEBUG org.apache.velocity - Velocimacro : added VM stringArray: source=/templates/macros/array.js.vm
16:04:03.148 [Test worker] DEBUG org.apache.velocity - Velocimacro : added VM numberArray: source=/templates/macros/array.js.vm
16:04:03.148 [Test worker] DEBUG org.apache.velocity - ResourceManager : found /templates/macros/array.js.vm with loader org.apache.velocity.runtime.resource.loader.ClasspathResourceLoader
16:04:03.148 [Test worker] DEBUG org.apache.velocity - Velocimacro : added VM includeBuildInfo: source=/templates/macros/page/buildinfo.vm
16:04:03.148 [Test worker] DEBUG org.apache.velocity - ResourceManager : found /templates/macros/page/buildinfo.vm with loader org.apache.velocity.runtime.resource.loader.ClasspathResourceLoader
16:04:03.148 [Test worker] DEBUG org.apache.velocity - Velocimacro : added VM includeClassifications: source=/templates/macros/page/classifications.vm
16:04:03.148 [Test worker] DEBUG org.apache.velocity - ResourceManager : found /templates/macros/page/classifications.vm with loader org.apache.velocity.runtime.resource.loader.ClasspathResourceLoader
16:04:03.148 [Test worker] DEBUG org.apache.velocity - Velocimacro : added VM includeLead: source=/templates/macros/page/lead.vm
16:04:03.148 [Test worker] DEBUG org.apache.velocity - ResourceManager : found /templates/macros/page/lead.vm with loader org.apache.velocity.runtime.resource.loader.ClasspathResourceLoader
16:04:03.148 [Test worker] DEBUG org.apache.velocity - Velocimacro : added VM includeNavigation: source=/templates/macros/page/navigation.vm
16:04:03.148 [Test worker] DEBUG org.apache.velocity - ResourceManager : found /templates/macros/page/navigation.vm with loader org.apache.velocity.runtime.resource.loader.ClasspathResourceLoader
16:04:03.148 [Test worker] DEBUG org.apache.velocity - Velocimacro : added VM includeReportInfo: source=/templates/macros/page/reportInfo.vm
16:04:03.148 [Test worker] DEBUG org.apache.velocity - ResourceManager : found /templates/macros/page/reportInfo.vm with loader org.apache.velocity.runtime.resource.loader.ClasspathResourceLoader
16:04:03.148 [Test worker] DEBUG org.apache.velocity - Velocimacro : added VM includeTitle: source=/templates/macros/page/title.vm
16:04:03.148 [Test worker] DEBUG org.apache.velocity - ResourceManager : found /templates/macros/page/title.vm with loader org.apache.velocity.runtime.resource.loader.ClasspathResourceLoader
16:04:03.148 [Test worker] DEBUG org.apache.velocity - Velocimacro : added VM includeExpandingButtons: source=/templates/macros/report/expandAllButtons.vm
16:04:03.148 [Test worker] DEBUG org.apache.velocity - ResourceManager : found /templates/macros/report/expandAllButtons.vm with loader org.apache.velocity.runtime.resource.loader.ClasspathResourceLoader
16:04:03.163 [Test worker] DEBUG org.apache.velocity - Velocimacro : added VM includeReportTable: source=/templates/macros/report/reportTable.vm
16:04:03.163 [Test worker] DEBUG org.apache.velocity - ResourceManager : found /templates/macros/report/reportTable.vm with loader org.apache.velocity.runtime.resource.loader.ClasspathResourceLoader
16:04:03.163 [Test worker] DEBUG org.apache.velocity - Velocimacro : added VM includeReportHeader: source=/templates/macros/report/reportHeader.vm
16:04:03.163 [Test worker] DEBUG org.apache.velocity - ResourceManager : found /templates/macros/report/reportHeader.vm with loader org.apache.velocity.runtime.resource.loader.ClasspathResourceLoader
16:04:03.163 [Test worker] DEBUG org.apache.velocity - Velocimacro : added VM includeStatsTable: source=/templates/macros/report/statsTable.vm
16:04:03.163 [Test worker] DEBUG org.apache.velocity - ResourceManager : found /templates/macros/report/statsTable.vm with loader org.apache.velocity.runtime.resource.loader.ClasspathResourceLoader
16:04:03.163 [Test worker] DEBUG org.apache.velocity - Velocimacro : added VM includeBrief: source=/templates/macros/json/brief.vm
16:04:03.163 [Test worker] DEBUG org.apache.velocity - ResourceManager : found /templates/macros/json/brief.vm with loader org.apache.velocity.runtime.resource.loader.ClasspathResourceLoader
16:04:03.163 [Test worker] DEBUG org.apache.velocity - Velocimacro : added VM includeDocString: source=/templates/macros/json/docstring.vm
16:04:03.163 [Test worker] DEBUG org.apache.velocity - ResourceManager : found /templates/macros/json/docstring.vm with loader org.apache.velocity.runtime.resource.loader.ClasspathResourceLoader
16:04:03.163 [Test worker] DEBUG org.apache.velocity - Velocimacro : added VM includeDuration: source=/templates/macros/json/duration.vm
16:04:03.163 [Test worker] DEBUG org.apache.velocity - ResourceManager : found /templates/macros/json/duration.vm with loader org.apache.velocity.runtime.resource.loader.ClasspathResourceLoader
16:04:03.163 [Test worker] DEBUG org.apache.velocity - Velocimacro : added VM includeElement: source=/templates/macros/json/element.vm
16:04:03.163 [Test worker] DEBUG org.apache.velocity - ResourceManager : found /templates/macros/json/element.vm with loader org.apache.velocity.runtime.resource.loader.ClasspathResourceLoader
16:04:03.163 [Test worker] DEBUG org.apache.velocity - Velocimacro : added VM includeEmbeddings: source=/templates/macros/json/embeddings.vm
16:04:03.163 [Test worker] DEBUG org.apache.velocity - Velocimacro : added VM includeHtmlEmbedding: source=/templates/macros/json/embeddings.vm
16:04:03.163 [Test worker] DEBUG org.apache.velocity - Velocimacro : added VM includeImageEmbedding: source=/templates/macros/json/embeddings.vm
16:04:03.163 [Test worker] DEBUG org.apache.velocity - Velocimacro : added VM includeImageReferenceEmbedding: source=/templates/macros/json/embeddings.vm
16:04:03.163 [Test worker] DEBUG org.apache.velocity - Velocimacro : added VM includeTextEmbedding: source=/templates/macros/json/embeddings.vm
16:04:03.163 [Test worker] DEBUG org.apache.velocity - Velocimacro : added VM includeUnknownEmbedding: source=/templates/macros/json/embeddings.vm
16:04:03.163 [Test worker] DEBUG org.apache.velocity - ResourceManager : found /templates/macros/json/embeddings.vm with loader org.apache.velocity.runtime.resource.loader.ClasspathResourceLoader
16:04:03.163 [Test worker] DEBUG org.apache.velocity - Velocimacro : added VM includeHooks: source=/templates/macros/json/hooks.vm
16:04:03.163 [Test worker] DEBUG org.apache.velocity - ResourceManager : found /templates/macros/json/hooks.vm with loader org.apache.velocity.runtime.resource.loader.ClasspathResourceLoader
16:04:03.163 [Test worker] DEBUG org.apache.velocity - Velocimacro : added VM includeOutput: source=/templates/macros/json/output.vm
16:04:03.163 [Test worker] DEBUG org.apache.velocity - ResourceManager : found /templates/macros/json/output.vm with loader org.apache.velocity.runtime.resource.loader.ClasspathResourceLoader
16:04:03.163 [Test worker] DEBUG org.apache.velocity - Velocimacro : added VM includeMessage: source=/templates/macros/json/message.vm
16:04:03.163 [Test worker] DEBUG org.apache.velocity - ResourceManager : found /templates/macros/json/message.vm with loader org.apache.velocity.runtime.resource.loader.ClasspathResourceLoader
16:04:03.163 [Test worker] DEBUG org.apache.velocity - Velocimacro : added VM includeSteps: source=/templates/macros/json/steps.vm
16:04:03.163 [Test worker] DEBUG org.apache.velocity - ResourceManager : found /templates/macros/json/steps.vm with loader org.apache.velocity.runtime.resource.loader.ClasspathResourceLoader
16:04:03.163 [Test worker] DEBUG org.apache.velocity - Velocimacro : added VM includeTags: source=/templates/macros/json/tags.vm
16:04:03.163 [Test worker] DEBUG org.apache.velocity - ResourceManager : found /templates/macros/json/tags.vm with loader org.apache.velocity.runtime.resource.loader.ClasspathResourceLoader
16:04:03.163 [Test worker] DEBUG org.apache.velocity - VM #includeNavigation: too few arguments to macro. Wanted 1 got 0
16:04:03.163 [Test worker] DEBUG org.apache.velocity - Left side ($active_tab) of '==' operation has null value. If it is a reference, it may not be in the context or its toString() returned null. /templates/macros/page/navigation.vm[line 14, column 51]
16:04:03.163 [Test worker] DEBUG org.apache.velocity - Left side ($active_tab) of '==' operation has null value. If it is a reference, it may not be in the context or its toString() returned null. /templates/macros/page/navigation.vm[line 15, column 51]
16:04:03.163 [Test worker] DEBUG org.apache.velocity - Left side ($active_tab) of '==' operation has null value. If it is a reference, it may not be in the context or its toString() returned null. /templates/macros/page/navigation.vm[line 16, column 51]
16:04:03.163 [Test worker] DEBUG org.apache.velocity - Left side ($active_tab) of '==' operation has null value. If it is a reference, it may not be in the context or its toString() returned null. /templates/macros/page/navigation.vm[line 20, column 51]
16:04:03.163 [Test worker] DEBUG org.apache.velocity - VM #includeLead: too few arguments to macro. Wanted 2 got 1
16:04:03.163 [Test worker] DEBUG org.apache.velocity - VM #includeBrief: too few arguments to macro. Wanted 5 got 3
16:04:03.163 [Test worker] DEBUG org.apache.velocity - VM #includeBrief: too few arguments to macro. Wanted 5 got 4
16:04:03.163 [Test worker] DEBUG org.apache.velocity - VM #includeBrief: too few arguments to macro. Wanted 5 got 4
16:04:03.163 [Test worker] DEBUG org.apache.velocity - VM #includeBrief: too few arguments to macro. Wanted 5 got 4
16:04:03.163 [Test worker] DEBUG org.apache.velocity - VM #includeBrief: too few arguments to macro. Wanted 5 got 4
16:04:03.163 [Test worker] DEBUG org.apache.velocity - VM #includeBrief: too few arguments to macro. Wanted 5 got 4
16:04:03.163 [Test worker] DEBUG org.apache.velocity - VM #includeBrief: too few arguments to macro. Wanted 5 got 4
16:04:03.163 [Test worker] DEBUG org.apache.velocity - VM #includeBrief: too few arguments to macro. Wanted 5 got 4
16:04:03.163 [Test worker] DEBUG org.apache.velocity - VM #includeBrief: too few arguments to macro. Wanted 5 got 4
16:04:03.163 [Test worker] DEBUG org.apache.velocity - VM #includeBrief: too few arguments to macro. Wanted 5 got 4
16:04:03.163 [Test worker] DEBUG org.apache.velocity - VM #includeBrief: too few arguments to macro. Wanted 5 got 4
16:04:03.163 [Test worker] DEBUG org.apache.velocity - VM #includeBrief: too few arguments to macro. Wanted 5 got 4
16:04:03.179 [Test worker] DEBUG org.apache.velocity - VM #includeBrief: too few arguments to macro. Wanted 5 got 4
16:04:03.179 [Test worker] DEBUG org.apache.velocity - VM #includeBrief: too few arguments to macro. Wanted 5 got 4
16:04:03.179 [Test worker] DEBUG org.apache.velocity - VM #includeBrief: too few arguments to macro. Wanted 5 got 4
16:04:03.179 [Test worker] DEBUG org.apache.velocity - ResourceManager : found /templates/footer.vm with loader org.apache.velocity.runtime.resource.loader.ClasspathResourceLoader
16:04:03.179 [Test worker] DEBUG org.apache.velocity - ResourceManager : found templates/generators/reportFeature.vm with loader org.apache.velocity.runtime.resource.loader.ClasspathResourceLoader
16:04:03.179 [Test worker] DEBUG org.apache.velocity - ResourceManager : found /templates/headers.vm with loader org.apache.velocity.runtime.resource.loader.ClasspathResourceLoader
16:04:03.179 [Test worker] DEBUG org.apache.velocity - ResourceManager : found /templates/head.vm with loader org.apache.velocity.runtime.resource.loader.ClasspathResourceLoader
16:04:03.179 [Test worker] DEBUG org.apache.velocity - Velocimacro : added VM stringArray: source=/templates/macros/array.js.vm
16:04:03.179 [Test worker] DEBUG org.apache.velocity - Velocimacro : added VM numberArray: source=/templates/macros/array.js.vm
16:04:03.179 [Test worker] DEBUG org.apache.velocity - ResourceManager : found /templates/macros/array.js.vm with loader org.apache.velocity.runtime.resource.loader.ClasspathResourceLoader
16:04:03.179 [Test worker] DEBUG org.apache.velocity - Velocimacro : added VM includeBuildInfo: source=/templates/macros/page/buildinfo.vm
16:04:03.179 [Test worker] DEBUG org.apache.velocity - ResourceManager : found /templates/macros/page/buildinfo.vm with loader org.apache.velocity.runtime.resource.loader.ClasspathResourceLoader
16:04:03.179 [Test worker] DEBUG org.apache.velocity - Velocimacro : added VM includeClassifications: source=/templates/macros/page/classifications.vm
16:04:03.179 [Test worker] DEBUG org.apache.velocity - ResourceManager : found /templates/macros/page/classifications.vm with loader org.apache.velocity.runtime.resource.loader.ClasspathResourceLoader
16:04:03.179 [Test worker] DEBUG org.apache.velocity - Velocimacro : added VM includeLead: source=/templates/macros/page/lead.vm
16:04:03.179 [Test worker] DEBUG org.apache.velocity - ResourceManager : found /templates/macros/page/lead.vm with loader org.apache.velocity.runtime.resource.loader.ClasspathResourceLoader
16:04:03.179 [Test worker] DEBUG org.apache.velocity - Velocimacro : added VM includeNavigation: source=/templates/macros/page/navigation.vm
16:04:03.179 [Test worker] DEBUG org.apache.velocity - ResourceManager : found /templates/macros/page/navigation.vm with loader org.apache.velocity.runtime.resource.loader.ClasspathResourceLoader
16:04:03.179 [Test worker] DEBUG org.apache.velocity - Velocimacro : added VM includeReportInfo: source=/templates/macros/page/reportInfo.vm
16:04:03.179 [Test worker] DEBUG org.apache.velocity - ResourceManager : found /templates/macros/page/reportInfo.vm with loader org.apache.velocity.runtime.resource.loader.ClasspathResourceLoader
16:04:03.179 [Test worker] DEBUG org.apache.velocity - Velocimacro : added VM includeTitle: source=/templates/macros/page/title.vm
16:04:03.179 [Test worker] DEBUG org.apache.velocity - ResourceManager : found /templates/macros/page/title.vm with loader org.apache.velocity.runtime.resource.loader.ClasspathResourceLoader
16:04:03.179 [Test worker] DEBUG org.apache.velocity - Velocimacro : added VM includeExpandingButtons: source=/templates/macros/report/expandAllButtons.vm
16:04:03.195 [Test worker] DEBUG org.apache.velocity - ResourceManager : found /templates/macros/report/expandAllButtons.vm with loader org.apache.velocity.runtime.resource.loader.ClasspathResourceLoader
16:04:03.195 [Test worker] DEBUG org.apache.velocity - Velocimacro : added VM includeReportTable: source=/templates/macros/report/reportTable.vm
16:04:03.195 [Test worker] DEBUG org.apache.velocity - ResourceManager : found /templates/macros/report/reportTable.vm with loader org.apache.velocity.runtime.resource.loader.ClasspathResourceLoader
16:04:03.195 [Test worker] DEBUG org.apache.velocity - Velocimacro : added VM includeReportHeader: source=/templates/macros/report/reportHeader.vm
16:04:03.195 [Test worker] DEBUG org.apache.velocity - ResourceManager : found /templates/macros/report/reportHeader.vm with loader org.apache.velocity.runtime.resource.loader.ClasspathResourceLoader
16:04:03.195 [Test worker] DEBUG org.apache.velocity - Velocimacro : added VM includeStatsTable: source=/templates/macros/report/statsTable.vm
16:04:03.195 [Test worker] DEBUG org.apache.velocity - ResourceManager : found /templates/macros/report/statsTable.vm with loader org.apache.velocity.runtime.resource.loader.ClasspathResourceLoader
16:04:03.195 [Test worker] DEBUG org.apache.velocity - Velocimacro : added VM includeBrief: source=/templates/macros/json/brief.vm
16:04:03.195 [Test worker] DEBUG org.apache.velocity - ResourceManager : found /templates/macros/json/brief.vm with loader org.apache.velocity.runtime.resource.loader.ClasspathResourceLoader
16:04:03.195 [Test worker] DEBUG org.apache.velocity - Velocimacro : added VM includeDocString: source=/templates/macros/json/docstring.vm
16:04:03.195 [Test worker] DEBUG org.apache.velocity - ResourceManager : found /templates/macros/json/docstring.vm with loader org.apache.velocity.runtime.resource.loader.ClasspathResourceLoader
16:04:03.195 [Test worker] DEBUG org.apache.velocity - Velocimacro : added VM includeDuration: source=/templates/macros/json/duration.vm
16:04:03.195 [Test worker] DEBUG org.apache.velocity - ResourceManager : found /templates/macros/json/duration.vm with loader org.apache.velocity.runtime.resource.loader.ClasspathResourceLoader
16:04:03.195 [Test worker] DEBUG org.apache.velocity - Velocimacro : added VM includeElement: source=/templates/macros/json/element.vm
16:04:03.195 [Test worker] DEBUG org.apache.velocity - ResourceManager : found /templates/macros/json/element.vm with loader org.apache.velocity.runtime.resource.loader.ClasspathResourceLoader
16:04:03.195 [Test worker] DEBUG org.apache.velocity - Velocimacro : added VM includeEmbeddings: source=/templates/macros/json/embeddings.vm
16:04:03.195 [Test worker] DEBUG org.apache.velocity - Velocimacro : added VM includeHtmlEmbedding: source=/templates/macros/json/embeddings.vm
16:04:03.195 [Test worker] DEBUG org.apache.velocity - Velocimacro : added VM includeImageEmbedding: source=/templates/macros/json/embeddings.vm
16:04:03.195 [Test worker] DEBUG org.apache.velocity - Velocimacro : added VM includeImageReferenceEmbedding: source=/templates/macros/json/embeddings.vm
16:04:03.195 [Test worker] DEBUG org.apache.velocity - Velocimacro : added VM includeTextEmbedding: source=/templates/macros/json/embeddings.vm
16:04:03.195 [Test worker] DEBUG org.apache.velocity - Velocimacro : added VM includeUnknownEmbedding: source=/templates/macros/json/embeddings.vm
16:04:03.195 [Test worker] DEBUG org.apache.velocity - ResourceManager : found /templates/macros/json/embeddings.vm with loader org.apache.velocity.runtime.resource.loader.ClasspathResourceLoader
16:04:03.195 [Test worker] DEBUG org.apache.velocity - Velocimacro : added VM includeHooks: source=/templates/macros/json/hooks.vm
16:04:03.195 [Test worker] DEBUG org.apache.velocity - ResourceManager : found /templates/macros/json/hooks.vm with loader org.apache.velocity.runtime.resource.loader.ClasspathResourceLoader
16:04:03.195 [Test worker] DEBUG org.apache.velocity - Velocimacro : added VM includeOutput: source=/templates/macros/json/output.vm
16:04:03.195 [Test worker] DEBUG org.apache.velocity - ResourceManager : found /templates/macros/json/output.vm with loader org.apache.velocity.runtime.resource.loader.ClasspathResourceLoader
16:04:03.195 [Test worker] DEBUG org.apache.velocity - Velocimacro : added VM includeMessage: source=/templates/macros/json/message.vm
16:04:03.195 [Test worker] DEBUG org.apache.velocity - ResourceManager : found /templates/macros/json/message.vm with loader org.apache.velocity.runtime.resource.loader.ClasspathResourceLoader
16:04:03.195 [Test worker] DEBUG org.apache.velocity - Velocimacro : added VM includeSteps: source=/templates/macros/json/steps.vm
16:04:03.195 [Test worker] DEBUG org.apache.velocity - ResourceManager : found /templates/macros/json/steps.vm with loader org.apache.velocity.runtime.resource.loader.ClasspathResourceLoader
16:04:03.195 [Test worker] DEBUG org.apache.velocity - Velocimacro : added VM includeTags: source=/templates/macros/json/tags.vm
16:04:03.195 [Test worker] DEBUG org.apache.velocity - ResourceManager : found /templates/macros/json/tags.vm with loader org.apache.velocity.runtime.resource.loader.ClasspathResourceLoader
16:04:03.195 [Test worker] DEBUG org.apache.velocity - VM #includeNavigation: too few arguments to macro. Wanted 1 got 0
16:04:03.195 [Test worker] DEBUG org.apache.velocity - Left side ($active_tab) of '==' operation has null value. If it is a reference, it may not be in the context or its toString() returned null. /templates/macros/page/navigation.vm[line 14, column 51]
16:04:03.195 [Test worker] DEBUG org.apache.velocity - Left side ($active_tab) of '==' operation has null value. If it is a reference, it may not be in the context or its toString() returned null. /templates/macros/page/navigation.vm[line 15, column 51]
16:04:03.195 [Test worker] DEBUG org.apache.velocity - Left side ($active_tab) of '==' operation has null value. If it is a reference, it may not be in the context or its toString() returned null. /templates/macros/page/navigation.vm[line 16, column 51]
16:04:03.195 [Test worker] DEBUG org.apache.velocity - Left side ($active_tab) of '==' operation has null value. If it is a reference, it may not be in the context or its toString() returned null. /templates/macros/page/navigation.vm[line 20, column 51]
16:04:03.195 [Test worker] DEBUG org.apache.velocity - VM #includeLead: too few arguments to macro. Wanted 2 got 1
16:04:03.195 [Test worker] DEBUG org.apache.velocity - VM #includeBrief: too few arguments to macro. Wanted 5 got 3
16:04:03.195 [Test worker] DEBUG org.apache.velocity - VM #includeBrief: too few arguments to macro. Wanted 5 got 4
16:04:03.195 [Test worker] DEBUG org.apache.velocity - VM #includeBrief: too few arguments to macro. Wanted 5 got 4
16:04:03.195 [Test worker] DEBUG org.apache.velocity - VM #includeBrief: too few arguments to macro. Wanted 5 got 4
16:04:03.195 [Test worker] DEBUG org.apache.velocity - VM #includeBrief: too few arguments to macro. Wanted 5 got 4
16:04:03.195 [Test worker] DEBUG org.apache.velocity - ResourceManager : found /templates/footer.vm with loader org.apache.velocity.runtime.resource.loader.ClasspathResourceLoader
16:04:03.195 [Test worker] DEBUG org.apache.velocity - ResourceManager : found templates/generators/reportFeature.vm with loader org.apache.velocity.runtime.resource.loader.ClasspathResourceLoader
16:04:03.195 [Test worker] DEBUG org.apache.velocity - ResourceManager : found /templates/headers.vm with loader org.apache.velocity.runtime.resource.loader.ClasspathResourceLoader
16:04:03.195 [Test worker] DEBUG org.apache.velocity - ResourceManager : found /templates/head.vm with loader org.apache.velocity.runtime.resource.loader.ClasspathResourceLoader
16:04:03.195 [Test worker] DEBUG org.apache.velocity - Velocimacro : added VM stringArray: source=/templates/macros/array.js.vm
16:04:03.195 [Test worker] DEBUG org.apache.velocity - Velocimacro : added VM numberArray: source=/templates/macros/array.js.vm
16:04:03.195 [Test worker] DEBUG org.apache.velocity - ResourceManager : found /templates/macros/array.js.vm with loader org.apache.velocity.runtime.resource.loader.ClasspathResourceLoader
16:04:03.210 [Test worker] DEBUG org.apache.velocity - Velocimacro : added VM includeBuildInfo: source=/templates/macros/page/buildinfo.vm
16:04:03.210 [Test worker] DEBUG org.apache.velocity - ResourceManager : found /templates/macros/page/buildinfo.vm with loader org.apache.velocity.runtime.resource.loader.ClasspathResourceLoader
16:04:03.210 [Test worker] DEBUG org.apache.velocity - Velocimacro : added VM includeClassifications: source=/templates/macros/page/classifications.vm
16:04:03.210 [Test worker] DEBUG org.apache.velocity - ResourceManager : found /templates/macros/page/classifications.vm with loader org.apache.velocity.runtime.resource.loader.ClasspathResourceLoader
16:04:03.210 [Test worker] DEBUG org.apache.velocity - Velocimacro : added VM includeLead: source=/templates/macros/page/lead.vm
16:04:03.210 [Test worker] DEBUG org.apache.velocity - ResourceManager : found /templates/macros/page/lead.vm with loader org.apache.velocity.runtime.resource.loader.ClasspathResourceLoader
16:04:03.210 [Test worker] DEBUG org.apache.velocity - Velocimacro : added VM includeNavigation: source=/templates/macros/page/navigation.vm
16:04:03.210 [Test worker] DEBUG org.apache.velocity - ResourceManager : found /templates/macros/page/navigation.vm with loader org.apache.velocity.runtime.resource.loader.ClasspathResourceLoader
16:04:03.210 [Test worker] DEBUG org.apache.velocity - Velocimacro : added VM includeReportInfo: source=/templates/macros/page/reportInfo.vm
16:04:03.210 [Test worker] DEBUG org.apache.velocity - ResourceManager : found /templates/macros/page/reportInfo.vm with loader org.apache.velocity.runtime.resource.loader.ClasspathResourceLoader
16:04:03.210 [Test worker] DEBUG org.apache.velocity - Velocimacro : added VM includeTitle: source=/templates/macros/page/title.vm
16:04:03.210 [Test worker] DEBUG org.apache.velocity - ResourceManager : found /templates/macros/page/title.vm with loader org.apache.velocity.runtime.resource.loader.ClasspathResourceLoader
16:04:03.210 [Test worker] DEBUG org.apache.velocity - Velocimacro : added VM includeExpandingButtons: source=/templates/macros/report/expandAllButtons.vm
16:04:03.210 [Test worker] DEBUG org.apache.velocity - ResourceManager : found /templates/macros/report/expandAllButtons.vm with loader org.apache.velocity.runtime.resource.loader.ClasspathResourceLoader
16:04:03.210 [Test worker] DEBUG org.apache.velocity - Velocimacro : added VM includeReportTable: source=/templates/macros/report/reportTable.vm
16:04:03.210 [Test worker] DEBUG org.apache.velocity - ResourceManager : found /templates/macros/report/reportTable.vm with loader org.apache.velocity.runtime.resource.loader.ClasspathResourceLoader
16:04:03.210 [Test worker] DEBUG org.apache.velocity - Velocimacro : added VM includeReportHeader: source=/templates/macros/report/reportHeader.vm
16:04:03.210 [Test worker] DEBUG org.apache.velocity - ResourceManager : found /templates/macros/report/reportHeader.vm with loader org.apache.velocity.runtime.resource.loader.ClasspathResourceLoader
16:04:03.210 [Test worker] DEBUG org.apache.velocity - Velocimacro : added VM includeStatsTable: source=/templates/macros/report/statsTable.vm
16:04:03.210 [Test worker] DEBUG org.apache.velocity - ResourceManager : found /templates/macros/report/statsTable.vm with loader org.apache.velocity.runtime.resource.loader.ClasspathResourceLoader
16:04:03.210 [Test worker] DEBUG org.apache.velocity - Velocimacro : added VM includeBrief: source=/templates/macros/json/brief.vm
16:04:03.210 [Test worker] DEBUG org.apache.velocity - ResourceManager : found /templates/macros/json/brief.vm with loader org.apache.velocity.runtime.resource.loader.ClasspathResourceLoader
16:04:03.210 [Test worker] DEBUG org.apache.velocity - Velocimacro : added VM includeDocString: source=/templates/macros/json/docstring.vm
16:04:03.210 [Test worker] DEBUG org.apache.velocity - ResourceManager : found /templates/macros/json/docstring.vm with loader org.apache.velocity.runtime.resource.loader.ClasspathResourceLoader
16:04:03.210 [Test worker] DEBUG org.apache.velocity - Velocimacro : added VM includeDuration: source=/templates/macros/json/duration.vm
16:04:03.210 [Test worker] DEBUG org.apache.velocity - ResourceManager : found /templates/macros/json/duration.vm with loader org.apache.velocity.runtime.resource.loader.ClasspathResourceLoader
16:04:03.210 [Test worker] DEBUG org.apache.velocity - Velocimacro : added VM includeElement: source=/templates/macros/json/element.vm
16:04:03.210 [Test worker] DEBUG org.apache.velocity - ResourceManager : found /templates/macros/json/element.vm with loader org.apache.velocity.runtime.resource.loader.ClasspathResourceLoader
16:04:03.210 [Test worker] DEBUG org.apache.velocity - Velocimacro : added VM includeEmbeddings: source=/templates/macros/json/embeddings.vm
16:04:03.210 [Test worker] DEBUG org.apache.velocity - Velocimacro : added VM includeHtmlEmbedding: source=/templates/macros/json/embeddings.vm
16:04:03.210 [Test worker] DEBUG org.apache.velocity - Velocimacro : added VM includeImageEmbedding: source=/templates/macros/json/embeddings.vm
16:04:03.210 [Test worker] DEBUG org.apache.velocity - Velocimacro : added VM includeImageReferenceEmbedding: source=/templates/macros/json/embeddings.vm
16:04:03.210 [Test worker] DEBUG org.apache.velocity - Velocimacro : added VM includeTextEmbedding: source=/templates/macros/json/embeddings.vm
16:04:03.210 [Test worker] DEBUG org.apache.velocity - Velocimacro : added VM includeUnknownEmbedding: source=/templates/macros/json/embeddings.vm
16:04:03.210 [Test worker] DEBUG org.apache.velocity - ResourceManager : found /templates/macros/json/embeddings.vm with loader org.apache.velocity.runtime.resource.loader.ClasspathResourceLoader
16:04:03.210 [Test worker] DEBUG org.apache.velocity - Velocimacro : added VM includeHooks: source=/templates/macros/json/hooks.vm
16:04:03.210 [Test worker] DEBUG org.apache.velocity - ResourceManager : found /templates/macros/json/hooks.vm with loader org.apache.velocity.runtime.resource.loader.ClasspathResourceLoader
16:04:03.210 [Test worker] DEBUG org.apache.velocity - Velocimacro : added VM includeOutput: source=/templates/macros/json/output.vm
16:04:03.210 [Test worker] DEBUG org.apache.velocity - ResourceManager : found /templates/macros/json/output.vm with loader org.apache.velocity.runtime.resource.loader.ClasspathResourceLoader
16:04:03.210 [Test worker] DEBUG org.apache.velocity - Velocimacro : added VM includeMessage: source=/templates/macros/json/message.vm
16:04:03.210 [Test worker] DEBUG org.apache.velocity - ResourceManager : found /templates/macros/json/message.vm with loader org.apache.velocity.runtime.resource.loader.ClasspathResourceLoader
16:04:03.210 [Test worker] DEBUG org.apache.velocity - Velocimacro : added VM includeSteps: source=/templates/macros/json/steps.vm
16:04:03.210 [Test worker] DEBUG org.apache.velocity - ResourceManager : found /templates/macros/json/steps.vm with loader org.apache.velocity.runtime.resource.loader.ClasspathResourceLoader
16:04:03.210 [Test worker] DEBUG org.apache.velocity - Velocimacro : added VM includeTags: source=/templates/macros/json/tags.vm
16:04:03.210 [Test worker] DEBUG org.apache.velocity - ResourceManager : found /templates/macros/json/tags.vm with loader org.apache.velocity.runtime.resource.loader.ClasspathResourceLoader
16:04:03.210 [Test worker] DEBUG org.apache.velocity - VM #includeNavigation: too few arguments to macro. Wanted 1 got 0
16:04:03.210 [Test worker] DEBUG org.apache.velocity - Left side ($active_tab) of '==' operation has null value. If it is a reference, it may not be in the context or its toString() returned null. /templates/macros/page/navigation.vm[line 14, column 51]
16:04:03.210 [Test worker] DEBUG org.apache.velocity - Left side ($active_tab) of '==' operation has null value. If it is a reference, it may not be in the context or its toString() returned null. /templates/macros/page/navigation.vm[line 15, column 51]
16:04:03.210 [Test worker] DEBUG org.apache.velocity - Left side ($active_tab) of '==' operation has null value. If it is a reference, it may not be in the context or its toString() returned null. /templates/macros/page/navigation.vm[line 16, column 51]
16:04:03.210 [Test worker] DEBUG org.apache.velocity - Left side ($active_tab) of '==' operation has null value. If it is a reference, it may not be in the context or its toString() returned null. /templates/macros/page/navigation.vm[line 20, column 51]
16:04:03.210 [Test worker] DEBUG org.apache.velocity - VM #includeLead: too few arguments to macro. Wanted 2 got 1
16:04:03.210 [Test worker] DEBUG org.apache.velocity - VM #includeBrief: too few arguments to macro. Wanted 5 got 3
16:04:03.210 [Test worker] DEBUG org.apache.velocity - VM #includeBrief: too few arguments to macro. Wanted 5 got 4
16:04:03.210 [Test worker] DEBUG org.apache.velocity - VM #includeBrief: too few arguments to macro. Wanted 5 got 4
16:04:03.210 [Test worker] DEBUG org.apache.velocity - ResourceManager : found /templates/footer.vm with loader org.apache.velocity.runtime.resource.loader.ClasspathResourceLoader
16:04:03.210 [Test worker] DEBUG org.apache.velocity - ResourceManager : found templates/generators/reportFeature.vm with loader org.apache.velocity.runtime.resource.loader.ClasspathResourceLoader
16:04:03.226 [Test worker] DEBUG org.apache.velocity - ResourceManager : found /templates/headers.vm with loader org.apache.velocity.runtime.resource.loader.ClasspathResourceLoader
16:04:03.226 [Test worker] DEBUG org.apache.velocity - ResourceManager : found /templates/head.vm with loader org.apache.velocity.runtime.resource.loader.ClasspathResourceLoader
16:04:03.226 [Test worker] DEBUG org.apache.velocity - Velocimacro : added VM stringArray: source=/templates/macros/array.js.vm
16:04:03.226 [Test worker] DEBUG org.apache.velocity - Velocimacro : added VM numberArray: source=/templates/macros/array.js.vm
16:04:03.226 [Test worker] DEBUG org.apache.velocity - ResourceManager : found /templates/macros/array.js.vm with loader org.apache.velocity.runtime.resource.loader.ClasspathResourceLoader
16:04:03.226 [Test worker] DEBUG org.apache.velocity - Velocimacro : added VM includeBuildInfo: source=/templates/macros/page/buildinfo.vm
16:04:03.226 [Test worker] DEBUG org.apache.velocity - ResourceManager : found /templates/macros/page/buildinfo.vm with loader org.apache.velocity.runtime.resource.loader.ClasspathResourceLoader
16:04:03.226 [Test worker] DEBUG org.apache.velocity - Velocimacro : added VM includeClassifications: source=/templates/macros/page/classifications.vm
16:04:03.226 [Test worker] DEBUG org.apache.velocity - ResourceManager : found /templates/macros/page/classifications.vm with loader org.apache.velocity.runtime.resource.loader.ClasspathResourceLoader
16:04:03.226 [Test worker] DEBUG org.apache.velocity - Velocimacro : added VM includeLead: source=/templates/macros/page/lead.vm
16:04:03.226 [Test worker] DEBUG org.apache.velocity - ResourceManager : found /templates/macros/page/lead.vm with loader org.apache.velocity.runtime.resource.loader.ClasspathResourceLoader
16:04:03.226 [Test worker] DEBUG org.apache.velocity - Velocimacro : added VM includeNavigation: source=/templates/macros/page/navigation.vm
16:04:03.226 [Test worker] DEBUG org.apache.velocity - ResourceManager : found /templates/macros/page/navigation.vm with loader org.apache.velocity.runtime.resource.loader.ClasspathResourceLoader
16:04:03.226 [Test worker] DEBUG org.apache.velocity - Velocimacro : added VM includeReportInfo: source=/templates/macros/page/reportInfo.vm
16:04:03.226 [Test worker] DEBUG org.apache.velocity - ResourceManager : found /templates/macros/page/reportInfo.vm with loader org.apache.velocity.runtime.resource.loader.ClasspathResourceLoader
16:04:03.226 [Test worker] DEBUG org.apache.velocity - Velocimacro : added VM includeTitle: source=/templates/macros/page/title.vm
16:04:03.226 [Test worker] DEBUG org.apache.velocity - ResourceManager : found /templates/macros/page/title.vm with loader org.apache.velocity.runtime.resource.loader.ClasspathResourceLoader
16:04:03.226 [Test worker] DEBUG org.apache.velocity - Velocimacro : added VM includeExpandingButtons: source=/templates/macros/report/expandAllButtons.vm
16:04:03.226 [Test worker] DEBUG org.apache.velocity - ResourceManager : found /templates/macros/report/expandAllButtons.vm with loader org.apache.velocity.runtime.resource.loader.ClasspathResourceLoader
16:04:03.226 [Test worker] DEBUG org.apache.velocity - Velocimacro : added VM includeReportTable: source=/templates/macros/report/reportTable.vm
16:04:03.226 [Test worker] DEBUG org.apache.velocity - ResourceManager : found /templates/macros/report/reportTable.vm with loader org.apache.velocity.runtime.resource.loader.ClasspathResourceLoader
16:04:03.226 [Test worker] DEBUG org.apache.velocity - Velocimacro : added VM includeReportHeader: source=/templates/macros/report/reportHeader.vm
16:04:03.226 [Test worker] DEBUG org.apache.velocity - ResourceManager : found /templates/macros/report/reportHeader.vm with loader org.apache.velocity.runtime.resource.loader.ClasspathResourceLoader
16:04:03.226 [Test worker] DEBUG org.apache.velocity - Velocimacro : added VM includeStatsTable: source=/templates/macros/report/statsTable.vm
16:04:03.226 [Test worker] DEBUG org.apache.velocity - ResourceManager : found /templates/macros/report/statsTable.vm with loader org.apache.velocity.runtime.resource.loader.ClasspathResourceLoader
16:04:03.226 [Test worker] DEBUG org.apache.velocity - Velocimacro : added VM includeBrief: source=/templates/macros/json/brief.vm
16:04:03.226 [Test worker] DEBUG org.apache.velocity - ResourceManager : found /templates/macros/json/brief.vm with loader org.apache.velocity.runtime.resource.loader.ClasspathResourceLoader
16:04:03.226 [Test worker] DEBUG org.apache.velocity - Velocimacro : added VM includeDocString: source=/templates/macros/json/docstring.vm
16:04:03.226 [Test worker] DEBUG org.apache.velocity - ResourceManager : found /templates/macros/json/docstring.vm with loader org.apache.velocity.runtime.resource.loader.ClasspathResourceLoader
16:04:03.226 [Test worker] DEBUG org.apache.velocity - Velocimacro : added VM includeDuration: source=/templates/macros/json/duration.vm
16:04:03.226 [Test worker] DEBUG org.apache.velocity - ResourceManager : found /templates/macros/json/duration.vm with loader org.apache.velocity.runtime.resource.loader.ClasspathResourceLoader
16:04:03.226 [Test worker] DEBUG org.apache.velocity - Velocimacro : added VM includeElement: source=/templates/macros/json/element.vm
16:04:03.226 [Test worker] DEBUG org.apache.velocity - ResourceManager : found /templates/macros/json/element.vm with loader org.apache.velocity.runtime.resource.loader.ClasspathResourceLoader
16:04:03.226 [Test worker] DEBUG org.apache.velocity - Velocimacro : added VM includeEmbeddings: source=/templates/macros/json/embeddings.vm
16:04:03.226 [Test worker] DEBUG org.apache.velocity - Velocimacro : added VM includeHtmlEmbedding: source=/templates/macros/json/embeddings.vm
16:04:03.226 [Test worker] DEBUG org.apache.velocity - Velocimacro : added VM includeImageEmbedding: source=/templates/macros/json/embeddings.vm
16:04:03.226 [Test worker] DEBUG org.apache.velocity - Velocimacro : added VM includeImageReferenceEmbedding: source=/templates/macros/json/embeddings.vm
16:04:03.226 [Test worker] DEBUG org.apache.velocity - Velocimacro : added VM includeTextEmbedding: source=/templates/macros/json/embeddings.vm
16:04:03.226 [Test worker] DEBUG org.apache.velocity - Velocimacro : added VM includeUnknownEmbedding: source=/templates/macros/json/embeddings.vm
16:04:03.226 [Test worker] DEBUG org.apache.velocity - ResourceManager : found /templates/macros/json/embeddings.vm with loader org.apache.velocity.runtime.resource.loader.ClasspathResourceLoader
16:04:03.226 [Test worker] DEBUG org.apache.velocity - Velocimacro : added VM includeHooks: source=/templates/macros/json/hooks.vm
16:04:03.226 [Test worker] DEBUG org.apache.velocity - ResourceManager : found /templates/macros/json/hooks.vm with loader org.apache.velocity.runtime.resource.loader.ClasspathResourceLoader
16:04:03.226 [Test worker] DEBUG org.apache.velocity - Velocimacro : added VM includeOutput: source=/templates/macros/json/output.vm
16:04:03.226 [Test worker] DEBUG org.apache.velocity - ResourceManager : found /templates/macros/json/output.vm with loader org.apache.velocity.runtime.resource.loader.ClasspathResourceLoader
16:04:03.226 [Test worker] DEBUG org.apache.velocity - Velocimacro : added VM includeMessage: source=/templates/macros/json/message.vm
16:04:03.226 [Test worker] DEBUG org.apache.velocity - ResourceManager : found /templates/macros/json/message.vm with loader org.apache.velocity.runtime.resource.loader.ClasspathResourceLoader
16:04:03.226 [Test worker] DEBUG org.apache.velocity - Velocimacro : added VM includeSteps: source=/templates/macros/json/steps.vm
16:04:03.226 [Test worker] DEBUG org.apache.velocity - ResourceManager : found /templates/macros/json/steps.vm with loader org.apache.velocity.runtime.resource.loader.ClasspathResourceLoader
16:04:03.226 [Test worker] DEBUG org.apache.velocity - Velocimacro : added VM includeTags: source=/templates/macros/json/tags.vm
16:04:03.226 [Test worker] DEBUG org.apache.velocity - ResourceManager : found /templates/macros/json/tags.vm with loader org.apache.velocity.runtime.resource.loader.ClasspathResourceLoader
16:04:03.226 [Test worker] DEBUG org.apache.velocity - VM #includeNavigation: too few arguments to macro. Wanted 1 got 0
16:04:03.226 [Test worker] DEBUG org.apache.velocity - Left side ($active_tab) of '==' operation has null value. If it is a reference, it may not be in the context or its toString() returned null. /templates/macros/page/navigation.vm[line 14, column 51]
16:04:03.226 [Test worker] DEBUG org.apache.velocity - Left side ($active_tab) of '==' operation has null value. If it is a reference, it may not be in the context or its toString() returned null. /templates/macros/page/navigation.vm[line 15, column 51]
16:04:03.226 [Test worker] DEBUG org.apache.velocity - Left side ($active_tab) of '==' operation has null value. If it is a reference, it may not be in the context or its toString() returned null. /templates/macros/page/navigation.vm[line 16, column 51]
16:04:03.226 [Test worker] DEBUG org.apache.velocity - Left side ($active_tab) of '==' operation has null value. If it is a reference, it may not be in the context or its toString() returned null. /templates/macros/page/navigation.vm[line 20, column 51]
16:04:03.226 [Test worker] DEBUG org.apache.velocity - VM #includeLead: too few arguments to macro. Wanted 2 got 1
16:04:03.226 [Test worker] DEBUG org.apache.velocity - VM #includeBrief: too few arguments to macro. Wanted 5 got 3
16:04:03.226 [Test worker] DEBUG org.apache.velocity - VM #includeBrief: too few arguments to macro. Wanted 5 got 4
16:04:03.226 [Test worker] DEBUG org.apache.velocity - VM #includeBrief: too few arguments to macro. Wanted 5 got 4
16:04:03.226 [Test worker] DEBUG org.apache.velocity - ResourceManager : found /templates/footer.vm with loader org.apache.velocity.runtime.resource.loader.ClasspathResourceLoader
16:04:03.241 [Test worker] DEBUG org.apache.velocity - ResourceManager : found templates/generators/reportFeature.vm with loader org.apache.velocity.runtime.resource.loader.ClasspathResourceLoader
16:04:03.241 [Test worker] DEBUG org.apache.velocity - ResourceManager : found /templates/headers.vm with loader org.apache.velocity.runtime.resource.loader.ClasspathResourceLoader
16:04:03.241 [Test worker] DEBUG org.apache.velocity - ResourceManager : found /templates/head.vm with loader org.apache.velocity.runtime.resource.loader.ClasspathResourceLoader
16:04:03.241 [Test worker] DEBUG org.apache.velocity - Velocimacro : added VM stringArray: source=/templates/macros/array.js.vm
16:04:03.241 [Test worker] DEBUG org.apache.velocity - Velocimacro : added VM numberArray: source=/templates/macros/array.js.vm
16:04:03.241 [Test worker] DEBUG org.apache.velocity - ResourceManager : found /templates/macros/array.js.vm with loader org.apache.velocity.runtime.resource.loader.ClasspathResourceLoader
16:04:03.241 [Test worker] DEBUG org.apache.velocity - Velocimacro : added VM includeBuildInfo: source=/templates/macros/page/buildinfo.vm
16:04:03.241 [Test worker] DEBUG org.apache.velocity - ResourceManager : found /templates/macros/page/buildinfo.vm with loader org.apache.velocity.runtime.resource.loader.ClasspathResourceLoader
16:04:03.241 [Test worker] DEBUG org.apache.velocity - Velocimacro : added VM includeClassifications: source=/templates/macros/page/classifications.vm
16:04:03.241 [Test worker] DEBUG org.apache.velocity - ResourceManager : found /templates/macros/page/classifications.vm with loader org.apache.velocity.runtime.resource.loader.ClasspathResourceLoader
16:04:03.241 [Test worker] DEBUG org.apache.velocity - Velocimacro : added VM includeLead: source=/templates/macros/page/lead.vm
16:04:03.241 [Test worker] DEBUG org.apache.velocity - ResourceManager : found /templates/macros/page/lead.vm with loader org.apache.velocity.runtime.resource.loader.ClasspathResourceLoader
16:04:03.241 [Test worker] DEBUG org.apache.velocity - Velocimacro : added VM includeNavigation: source=/templates/macros/page/navigation.vm
16:04:03.241 [Test worker] DEBUG org.apache.velocity - ResourceManager : found /templates/macros/page/navigation.vm with loader org.apache.velocity.runtime.resource.loader.ClasspathResourceLoader
16:04:03.241 [Test worker] DEBUG org.apache.velocity - Velocimacro : added VM includeReportInfo: source=/templates/macros/page/reportInfo.vm
16:04:03.241 [Test worker] DEBUG org.apache.velocity - ResourceManager : found /templates/macros/page/reportInfo.vm with loader org.apache.velocity.runtime.resource.loader.ClasspathResourceLoader
16:04:03.241 [Test worker] DEBUG org.apache.velocity - Velocimacro : added VM includeTitle: source=/templates/macros/page/title.vm
16:04:03.241 [Test worker] DEBUG org.apache.velocity - ResourceManager : found /templates/macros/page/title.vm with loader org.apache.velocity.runtime.resource.loader.ClasspathResourceLoader
16:04:03.241 [Test worker] DEBUG org.apache.velocity - Velocimacro : added VM includeExpandingButtons: source=/templates/macros/report/expandAllButtons.vm
16:04:03.241 [Test worker] DEBUG org.apache.velocity - ResourceManager : found /templates/macros/report/expandAllButtons.vm with loader org.apache.velocity.runtime.resource.loader.ClasspathResourceLoader
16:04:03.241 [Test worker] DEBUG org.apache.velocity - Velocimacro : added VM includeReportTable: source=/templates/macros/report/reportTable.vm
16:04:03.241 [Test worker] DEBUG org.apache.velocity - ResourceManager : found /templates/macros/report/reportTable.vm with loader org.apache.velocity.runtime.resource.loader.ClasspathResourceLoader
16:04:03.241 [Test worker] DEBUG org.apache.velocity - Velocimacro : added VM includeReportHeader: source=/templates/macros/report/reportHeader.vm
16:04:03.241 [Test worker] DEBUG org.apache.velocity - ResourceManager : found /templates/macros/report/reportHeader.vm with loader org.apache.velocity.runtime.resource.loader.ClasspathResourceLoader
16:04:03.241 [Test worker] DEBUG org.apache.velocity - Velocimacro : added VM includeStatsTable: source=/templates/macros/report/statsTable.vm
16:04:03.241 [Test worker] DEBUG org.apache.velocity - ResourceManager : found /templates/macros/report/statsTable.vm with loader org.apache.velocity.runtime.resource.loader.ClasspathResourceLoader
16:04:03.241 [Test worker] DEBUG org.apache.velocity - Velocimacro : added VM includeBrief: source=/templates/macros/json/brief.vm
16:04:03.241 [Test worker] DEBUG org.apache.velocity - ResourceManager : found /templates/macros/json/brief.vm with loader org.apache.velocity.runtime.resource.loader.ClasspathResourceLoader
16:04:03.241 [Test worker] DEBUG org.apache.velocity - Velocimacro : added VM includeDocString: source=/templates/macros/json/docstring.vm
16:04:03.241 [Test worker] DEBUG org.apache.velocity - ResourceManager : found /templates/macros/json/docstring.vm with loader org.apache.velocity.runtime.resource.loader.ClasspathResourceLoader
16:04:03.241 [Test worker] DEBUG org.apache.velocity - Velocimacro : added VM includeDuration: source=/templates/macros/json/duration.vm
16:04:03.241 [Test worker] DEBUG org.apache.velocity - ResourceManager : found /templates/macros/json/duration.vm with loader org.apache.velocity.runtime.resource.loader.ClasspathResourceLoader
16:04:03.241 [Test worker] DEBUG org.apache.velocity - Velocimacro : added VM includeElement: source=/templates/macros/json/element.vm
16:04:03.241 [Test worker] DEBUG org.apache.velocity - ResourceManager : found /templates/macros/json/element.vm with loader org.apache.velocity.runtime.resource.loader.ClasspathResourceLoader
16:04:03.241 [Test worker] DEBUG org.apache.velocity - Velocimacro : added VM includeEmbeddings: source=/templates/macros/json/embeddings.vm
16:04:03.241 [Test worker] DEBUG org.apache.velocity - Velocimacro : added VM includeHtmlEmbedding: source=/templates/macros/json/embeddings.vm
16:04:03.241 [Test worker] DEBUG org.apache.velocity - Velocimacro : added VM includeImageEmbedding: source=/templates/macros/json/embeddings.vm
16:04:03.241 [Test worker] DEBUG org.apache.velocity - Velocimacro : added VM includeImageReferenceEmbedding: source=/templates/macros/json/embeddings.vm
16:04:03.241 [Test worker] DEBUG org.apache.velocity - Velocimacro : added VM includeTextEmbedding: source=/templates/macros/json/embeddings.vm
16:04:03.241 [Test worker] DEBUG org.apache.velocity - Velocimacro : added VM includeUnknownEmbedding: source=/templates/macros/json/embeddings.vm
16:04:03.241 [Test worker] DEBUG org.apache.velocity - ResourceManager : found /templates/macros/json/embeddings.vm with loader org.apache.velocity.runtime.resource.loader.ClasspathResourceLoader
16:04:03.241 [Test worker] DEBUG org.apache.velocity - Velocimacro : added VM includeHooks: source=/templates/macros/json/hooks.vm
16:04:03.241 [Test worker] DEBUG org.apache.velocity - ResourceManager : found /templates/macros/json/hooks.vm with loader org.apache.velocity.runtime.resource.loader.ClasspathResourceLoader
16:04:03.241 [Test worker] DEBUG org.apache.velocity - Velocimacro : added VM includeOutput: source=/templates/macros/json/output.vm
16:04:03.241 [Test worker] DEBUG org.apache.velocity - ResourceManager : found /templates/macros/json/output.vm with loader org.apache.velocity.runtime.resource.loader.ClasspathResourceLoader
16:04:03.241 [Test worker] DEBUG org.apache.velocity - Velocimacro : added VM includeMessage: source=/templates/macros/json/message.vm
16:04:03.241 [Test worker] DEBUG org.apache.velocity - ResourceManager : found /templates/macros/json/message.vm with loader org.apache.velocity.runtime.resource.loader.ClasspathResourceLoader
16:04:03.241 [Test worker] DEBUG org.apache.velocity - Velocimacro : added VM includeSteps: source=/templates/macros/json/steps.vm
16:04:03.241 [Test worker] DEBUG org.apache.velocity - ResourceManager : found /templates/macros/json/steps.vm with loader org.apache.velocity.runtime.resource.loader.ClasspathResourceLoader
16:04:03.241 [Test worker] DEBUG org.apache.velocity - Velocimacro : added VM includeTags: source=/templates/macros/json/tags.vm
16:04:03.241 [Test worker] DEBUG org.apache.velocity - ResourceManager : found /templates/macros/json/tags.vm with loader org.apache.velocity.runtime.resource.loader.ClasspathResourceLoader
16:04:03.257 [Test worker] DEBUG org.apache.velocity - VM #includeNavigation: too few arguments to macro. Wanted 1 got 0
16:04:03.257 [Test worker] DEBUG org.apache.velocity - Left side ($active_tab) of '==' operation has null value. If it is a reference, it may not be in the context or its toString() returned null. /templates/macros/page/navigation.vm[line 14, column 51]
16:04:03.257 [Test worker] DEBUG org.apache.velocity - Left side ($active_tab) of '==' operation has null value. If it is a reference, it may not be in the context or its toString() returned null. /templates/macros/page/navigation.vm[line 15, column 51]
16:04:03.257 [Test worker] DEBUG org.apache.velocity - Left side ($active_tab) of '==' operation has null value. If it is a reference, it may not be in the context or its toString() returned null. /templates/macros/page/navigation.vm[line 16, column 51]
16:04:03.257 [Test worker] DEBUG org.apache.velocity - Left side ($active_tab) of '==' operation has null value. If it is a reference, it may not be in the context or its toString() returned null. /templates/macros/page/navigation.vm[line 20, column 51]
16:04:03.257 [Test worker] DEBUG org.apache.velocity - VM #includeLead: too few arguments to macro. Wanted 2 got 1
16:04:03.257 [Test worker] DEBUG org.apache.velocity - VM #includeBrief: too few arguments to macro. Wanted 5 got 3
16:04:03.257 [Test worker] DEBUG org.apache.velocity - VM #includeBrief: too few arguments to macro. Wanted 5 got 4
16:04:03.257 [Test worker] DEBUG org.apache.velocity - VM #includeBrief: too few arguments to macro. Wanted 5 got 4
16:04:03.257 [Test worker] DEBUG org.apache.velocity - ResourceManager : found /templates/footer.vm with loader org.apache.velocity.runtime.resource.loader.ClasspathResourceLoader
16:04:03.257 [Test worker] DEBUG org.apache.velocity - ResourceManager : found templates/generators/reportFeature.vm with loader org.apache.velocity.runtime.resource.loader.ClasspathResourceLoader
16:04:03.257 [Test worker] DEBUG org.apache.velocity - ResourceManager : found /templates/headers.vm with loader org.apache.velocity.runtime.resource.loader.ClasspathResourceLoader
16:04:03.257 [Test worker] DEBUG org.apache.velocity - ResourceManager : found /templates/head.vm with loader org.apache.velocity.runtime.resource.loader.ClasspathResourceLoader
16:04:03.257 [Test worker] DEBUG org.apache.velocity - Velocimacro : added VM stringArray: source=/templates/macros/array.js.vm
16:04:03.257 [Test worker] DEBUG org.apache.velocity - Velocimacro : added VM numberArray: source=/templates/macros/array.js.vm
16:04:03.257 [Test worker] DEBUG org.apache.velocity - ResourceManager : found /templates/macros/array.js.vm with loader org.apache.velocity.runtime.resource.loader.ClasspathResourceLoader
16:04:03.257 [Test worker] DEBUG org.apache.velocity - Velocimacro : added VM includeBuildInfo: source=/templates/macros/page/buildinfo.vm
16:04:03.257 [Test worker] DEBUG org.apache.velocity - ResourceManager : found /templates/macros/page/buildinfo.vm with loader org.apache.velocity.runtime.resource.loader.ClasspathResourceLoader
16:04:03.257 [Test worker] DEBUG org.apache.velocity - Velocimacro : added VM includeClassifications: source=/templates/macros/page/classifications.vm
16:04:03.257 [Test worker] DEBUG org.apache.velocity - ResourceManager : found /templates/macros/page/classifications.vm with loader org.apache.velocity.runtime.resource.loader.ClasspathResourceLoader
16:04:03.257 [Test worker] DEBUG org.apache.velocity - Velocimacro : added VM includeLead: source=/templates/macros/page/lead.vm
16:04:03.257 [Test worker] DEBUG org.apache.velocity - ResourceManager : found /templates/macros/page/lead.vm with loader org.apache.velocity.runtime.resource.loader.ClasspathResourceLoader
16:04:03.257 [Test worker] DEBUG org.apache.velocity - Velocimacro : added VM includeNavigation: source=/templates/macros/page/navigation.vm
16:04:03.257 [Test worker] DEBUG org.apache.velocity - ResourceManager : found /templates/macros/page/navigation.vm with loader org.apache.velocity.runtime.resource.loader.ClasspathResourceLoader
16:04:03.257 [Test worker] DEBUG org.apache.velocity - Velocimacro : added VM includeReportInfo: source=/templates/macros/page/reportInfo.vm
16:04:03.257 [Test worker] DEBUG org.apache.velocity - ResourceManager : found /templates/macros/page/reportInfo.vm with loader org.apache.velocity.runtime.resource.loader.ClasspathResourceLoader
16:04:03.257 [Test worker] DEBUG org.apache.velocity - Velocimacro : added VM includeTitle: source=/templates/macros/page/title.vm
16:04:03.257 [Test worker] DEBUG org.apache.velocity - ResourceManager : found /templates/macros/page/title.vm with loader org.apache.velocity.runtime.resource.loader.ClasspathResourceLoader
16:04:03.257 [Test worker] DEBUG org.apache.velocity - Velocimacro : added VM includeExpandingButtons: source=/templates/macros/report/expandAllButtons.vm
16:04:03.257 [Test worker] DEBUG org.apache.velocity - ResourceManager : found /templates/macros/report/expandAllButtons.vm with loader org.apache.velocity.runtime.resource.loader.ClasspathResourceLoader
16:04:03.257 [Test worker] DEBUG org.apache.velocity - Velocimacro : added VM includeReportTable: source=/templates/macros/report/reportTable.vm
16:04:03.257 [Test worker] DEBUG org.apache.velocity - ResourceManager : found /templates/macros/report/reportTable.vm with loader org.apache.velocity.runtime.resource.loader.ClasspathResourceLoader
16:04:03.257 [Test worker] DEBUG org.apache.velocity - Velocimacro : added VM includeReportHeader: source=/templates/macros/report/reportHeader.vm
16:04:03.257 [Test worker] DEBUG org.apache.velocity - ResourceManager : found /templates/macros/report/reportHeader.vm with loader org.apache.velocity.runtime.resource.loader.ClasspathResourceLoader
16:04:03.257 [Test worker] DEBUG org.apache.velocity - Velocimacro : added VM includeStatsTable: source=/templates/macros/report/statsTable.vm
16:04:03.257 [Test worker] DEBUG org.apache.velocity - ResourceManager : found /templates/macros/report/statsTable.vm with loader org.apache.velocity.runtime.resource.loader.ClasspathResourceLoader
16:04:03.257 [Test worker] DEBUG org.apache.velocity - Velocimacro : added VM includeBrief: source=/templates/macros/json/brief.vm
16:04:03.257 [Test worker] DEBUG org.apache.velocity - ResourceManager : found /templates/macros/json/brief.vm with loader org.apache.velocity.runtime.resource.loader.ClasspathResourceLoader
16:04:03.257 [Test worker] DEBUG org.apache.velocity - Velocimacro : added VM includeDocString: source=/templates/macros/json/docstring.vm
16:04:03.257 [Test worker] DEBUG org.apache.velocity - ResourceManager : found /templates/macros/json/docstring.vm with loader org.apache.velocity.runtime.resource.loader.ClasspathResourceLoader
16:04:03.257 [Test worker] DEBUG org.apache.velocity - Velocimacro : added VM includeDuration: source=/templates/macros/json/duration.vm
16:04:03.257 [Test worker] DEBUG org.apache.velocity - ResourceManager : found /templates/macros/json/duration.vm with loader org.apache.velocity.runtime.resource.loader.ClasspathResourceLoader
16:04:03.257 [Test worker] DEBUG org.apache.velocity - Velocimacro : added VM includeElement: source=/templates/macros/json/element.vm
16:04:03.257 [Test worker] DEBUG org.apache.velocity - ResourceManager : found /templates/macros/json/element.vm with loader org.apache.velocity.runtime.resource.loader.ClasspathResourceLoader
16:04:03.257 [Test worker] DEBUG org.apache.velocity - Velocimacro : added VM includeEmbeddings: source=/templates/macros/json/embeddings.vm
16:04:03.257 [Test worker] DEBUG org.apache.velocity - Velocimacro : added VM includeHtmlEmbedding: source=/templates/macros/json/embeddings.vm
16:04:03.257 [Test worker] DEBUG org.apache.velocity - Velocimacro : added VM includeImageEmbedding: source=/templates/macros/json/embeddings.vm
16:04:03.257 [Test worker] DEBUG org.apache.velocity - Velocimacro : added VM includeImageReferenceEmbedding: source=/templates/macros/json/embeddings.vm
16:04:03.257 [Test worker] DEBUG org.apache.velocity - Velocimacro : added VM includeTextEmbedding: source=/templates/macros/json/embeddings.vm
16:04:03.257 [Test worker] DEBUG org.apache.velocity - Velocimacro : added VM includeUnknownEmbedding: source=/templates/macros/json/embeddings.vm
16:04:03.257 [Test worker] DEBUG org.apache.velocity - ResourceManager : found /templates/macros/json/embeddings.vm with loader org.apache.velocity.runtime.resource.loader.ClasspathResourceLoader
16:04:03.257 [Test worker] DEBUG org.apache.velocity - Velocimacro : added VM includeHooks: source=/templates/macros/json/hooks.vm
16:04:03.257 [Test worker] DEBUG org.apache.velocity - ResourceManager : found /templates/macros/json/hooks.vm with loader org.apache.velocity.runtime.resource.loader.ClasspathResourceLoader
16:04:03.257 [Test worker] DEBUG org.apache.velocity - Velocimacro : added VM includeOutput: source=/templates/macros/json/output.vm
16:04:03.257 [Test worker] DEBUG org.apache.velocity - ResourceManager : found /templates/macros/json/output.vm with loader org.apache.velocity.runtime.resource.loader.ClasspathResourceLoader
16:04:03.257 [Test worker] DEBUG org.apache.velocity - Velocimacro : added VM includeMessage: source=/templates/macros/json/message.vm
16:04:03.257 [Test worker] DEBUG org.apache.velocity - ResourceManager : found /templates/macros/json/message.vm with loader org.apache.velocity.runtime.resource.loader.ClasspathResourceLoader
16:04:03.257 [Test worker] DEBUG org.apache.velocity - Velocimacro : added VM includeSteps: source=/templates/macros/json/steps.vm
16:04:03.257 [Test worker] DEBUG org.apache.velocity - ResourceManager : found /templates/macros/json/steps.vm with loader org.apache.velocity.runtime.resource.loader.ClasspathResourceLoader
16:04:03.257 [Test worker] DEBUG org.apache.velocity - Velocimacro : added VM includeTags: source=/templates/macros/json/tags.vm
16:04:03.257 [Test worker] DEBUG org.apache.velocity - ResourceManager : found /templates/macros/json/tags.vm with loader org.apache.velocity.runtime.resource.loader.ClasspathResourceLoader
16:04:03.257 [Test worker] DEBUG org.apache.velocity - VM #includeNavigation: too few arguments to macro. Wanted 1 got 0
16:04:03.257 [Test worker] DEBUG org.apache.velocity - Left side ($active_tab) of '==' operation has null value. If it is a reference, it may not be in the context or its toString() returned null. /templates/macros/page/navigation.vm[line 14, column 51]
16:04:03.257 [Test worker] DEBUG org.apache.velocity - Left side ($active_tab) of '==' operation has null value. If it is a reference, it may not be in the context or its toString() returned null. /templates/macros/page/navigation.vm[line 15, column 51]
16:04:03.257 [Test worker] DEBUG org.apache.velocity - Left side ($active_tab) of '==' operation has null value. If it is a reference, it may not be in the context or its toString() returned null. /templates/macros/page/navigation.vm[line 16, column 51]
16:04:03.257 [Test worker] DEBUG org.apache.velocity - Left side ($active_tab) of '==' operation has null value. If it is a reference, it may not be in the context or its toString() returned null. /templates/macros/page/navigation.vm[line 20, column 51]
16:04:03.257 [Test worker] DEBUG org.apache.velocity - VM #includeLead: too few arguments to macro. Wanted 2 got 1
16:04:03.257 [Test worker] DEBUG org.apache.velocity - VM #includeBrief: too few arguments to macro. Wanted 5 got 3
16:04:03.257 [Test worker] DEBUG org.apache.velocity - VM #includeBrief: too few arguments to macro. Wanted 5 got 4
16:04:03.257 [Test worker] DEBUG org.apache.velocity - VM #includeBrief: too few arguments to macro. Wanted 5 got 4
16:04:03.273 [Test worker] DEBUG org.apache.velocity - ResourceManager : found /templates/footer.vm with loader org.apache.velocity.runtime.resource.loader.ClasspathResourceLoader
16:04:03.273 [Test worker] DEBUG org.apache.velocity - ResourceManager : found templates/generators/reportFeature.vm with loader org.apache.velocity.runtime.resource.loader.ClasspathResourceLoader
16:04:03.273 [Test worker] DEBUG org.apache.velocity - ResourceManager : found /templates/headers.vm with loader org.apache.velocity.runtime.resource.loader.ClasspathResourceLoader
16:04:03.273 [Test worker] DEBUG org.apache.velocity - ResourceManager : found /templates/head.vm with loader org.apache.velocity.runtime.resource.loader.ClasspathResourceLoader
16:04:03.273 [Test worker] DEBUG org.apache.velocity - Velocimacro : added VM stringArray: source=/templates/macros/array.js.vm
16:04:03.273 [Test worker] DEBUG org.apache.velocity - Velocimacro : added VM numberArray: source=/templates/macros/array.js.vm
16:04:03.273 [Test worker] DEBUG org.apache.velocity - ResourceManager : found /templates/macros/array.js.vm with loader org.apache.velocity.runtime.resource.loader.ClasspathResourceLoader
16:04:03.273 [Test worker] DEBUG org.apache.velocity - Velocimacro : added VM includeBuildInfo: source=/templates/macros/page/buildinfo.vm
16:04:03.273 [Test worker] DEBUG org.apache.velocity - ResourceManager : found /templates/macros/page/buildinfo.vm with loader org.apache.velocity.runtime.resource.loader.ClasspathResourceLoader
16:04:03.273 [Test worker] DEBUG org.apache.velocity - Velocimacro : added VM includeClassifications: source=/templates/macros/page/classifications.vm
16:04:03.273 [Test worker] DEBUG org.apache.velocity - ResourceManager : found /templates/macros/page/classifications.vm with loader org.apache.velocity.runtime.resource.loader.ClasspathResourceLoader
16:04:03.273 [Test worker] DEBUG org.apache.velocity - Velocimacro : added VM includeLead: source=/templates/macros/page/lead.vm
16:04:03.273 [Test worker] DEBUG org.apache.velocity - ResourceManager : found /templates/macros/page/lead.vm with loader org.apache.velocity.runtime.resource.loader.ClasspathResourceLoader
16:04:03.273 [Test worker] DEBUG org.apache.velocity - Velocimacro : added VM includeNavigation: source=/templates/macros/page/navigation.vm
16:04:03.273 [Test worker] DEBUG org.apache.velocity - ResourceManager : found /templates/macros/page/navigation.vm with loader org.apache.velocity.runtime.resource.loader.ClasspathResourceLoader
16:04:03.273 [Test worker] DEBUG org.apache.velocity - Velocimacro : added VM includeReportInfo: source=/templates/macros/page/reportInfo.vm
16:04:03.273 [Test worker] DEBUG org.apache.velocity - ResourceManager : found /templates/macros/page/reportInfo.vm with loader org.apache.velocity.runtime.resource.loader.ClasspathResourceLoader
16:04:03.273 [Test worker] DEBUG org.apache.velocity - Velocimacro : added VM includeTitle: source=/templates/macros/page/title.vm
16:04:03.273 [Test worker] DEBUG org.apache.velocity - ResourceManager : found /templates/macros/page/title.vm with loader org.apache.velocity.runtime.resource.loader.ClasspathResourceLoader
16:04:03.273 [Test worker] DEBUG org.apache.velocity - Velocimacro : added VM includeExpandingButtons: source=/templates/macros/report/expandAllButtons.vm
16:04:03.273 [Test worker] DEBUG org.apache.velocity - ResourceManager : found /templates/macros/report/expandAllButtons.vm with loader org.apache.velocity.runtime.resource.loader.ClasspathResourceLoader
16:04:03.273 [Test worker] DEBUG org.apache.velocity - Velocimacro : added VM includeReportTable: source=/templates/macros/report/reportTable.vm
16:04:03.273 [Test worker] DEBUG org.apache.velocity - ResourceManager : found /templates/macros/report/reportTable.vm with loader org.apache.velocity.runtime.resource.loader.ClasspathResourceLoader
16:04:03.273 [Test worker] DEBUG org.apache.velocity - Velocimacro : added VM includeReportHeader: source=/templates/macros/report/reportHeader.vm
16:04:03.273 [Test worker] DEBUG org.apache.velocity - ResourceManager : found /templates/macros/report/reportHeader.vm with loader org.apache.velocity.runtime.resource.loader.ClasspathResourceLoader
16:04:03.273 [Test worker] DEBUG org.apache.velocity - Velocimacro : added VM includeStatsTable: source=/templates/macros/report/statsTable.vm
16:04:03.273 [Test worker] DEBUG org.apache.velocity - ResourceManager : found /templates/macros/report/statsTable.vm with loader org.apache.velocity.runtime.resource.loader.ClasspathResourceLoader
16:04:03.273 [Test worker] DEBUG org.apache.velocity - Velocimacro : added VM includeBrief: source=/templates/macros/json/brief.vm
16:04:03.273 [Test worker] DEBUG org.apache.velocity - ResourceManager : found /templates/macros/json/brief.vm with loader org.apache.velocity.runtime.resource.loader.ClasspathResourceLoader
16:04:03.273 [Test worker] DEBUG org.apache.velocity - Velocimacro : added VM includeDocString: source=/templates/macros/json/docstring.vm
16:04:03.273 [Test worker] DEBUG org.apache.velocity - ResourceManager : found /templates/macros/json/docstring.vm with loader org.apache.velocity.runtime.resource.loader.ClasspathResourceLoader
16:04:03.273 [Test worker] DEBUG org.apache.velocity - Velocimacro : added VM includeDuration: source=/templates/macros/json/duration.vm
16:04:03.273 [Test worker] DEBUG org.apache.velocity - ResourceManager : found /templates/macros/json/duration.vm with loader org.apache.velocity.runtime.resource.loader.ClasspathResourceLoader
16:04:03.273 [Test worker] DEBUG org.apache.velocity - Velocimacro : added VM includeElement: source=/templates/macros/json/element.vm
16:04:03.273 [Test worker] DEBUG org.apache.velocity - ResourceManager : found /templates/macros/json/element.vm with loader org.apache.velocity.runtime.resource.loader.ClasspathResourceLoader
16:04:03.288 [Test worker] DEBUG org.apache.velocity - Velocimacro : added VM includeEmbeddings: source=/templates/macros/json/embeddings.vm
16:04:03.288 [Test worker] DEBUG org.apache.velocity - Velocimacro : added VM includeHtmlEmbedding: source=/templates/macros/json/embeddings.vm
16:04:03.288 [Test worker] DEBUG org.apache.velocity - Velocimacro : added VM includeImageEmbedding: source=/templates/macros/json/embeddings.vm
16:04:03.288 [Test worker] DEBUG org.apache.velocity - Velocimacro : added VM includeImageReferenceEmbedding: source=/templates/macros/json/embeddings.vm
16:04:03.288 [Test worker] DEBUG org.apache.velocity - Velocimacro : added VM includeTextEmbedding: source=/templates/macros/json/embeddings.vm
16:04:03.288 [Test worker] DEBUG org.apache.velocity - Velocimacro : added VM includeUnknownEmbedding: source=/templates/macros/json/embeddings.vm
16:04:03.288 [Test worker] DEBUG org.apache.velocity - ResourceManager : found /templates/macros/json/embeddings.vm with loader org.apache.velocity.runtime.resource.loader.ClasspathResourceLoader
16:04:03.288 [Test worker] DEBUG org.apache.velocity - Velocimacro : added VM includeHooks: source=/templates/macros/json/hooks.vm
16:04:03.288 [Test worker] DEBUG org.apache.velocity - ResourceManager : found /templates/macros/json/hooks.vm with loader org.apache.velocity.runtime.resource.loader.ClasspathResourceLoader
16:04:03.288 [Test worker] DEBUG org.apache.velocity - Velocimacro : added VM includeOutput: source=/templates/macros/json/output.vm
16:04:03.288 [Test worker] DEBUG org.apache.velocity - ResourceManager : found /templates/macros/json/output.vm with loader org.apache.velocity.runtime.resource.loader.ClasspathResourceLoader
16:04:03.288 [Test worker] DEBUG org.apache.velocity - Velocimacro : added VM includeMessage: source=/templates/macros/json/message.vm
16:04:03.288 [Test worker] DEBUG org.apache.velocity - ResourceManager : found /templates/macros/json/message.vm with loader org.apache.velocity.runtime.resource.loader.ClasspathResourceLoader
16:04:03.288 [Test worker] DEBUG org.apache.velocity - Velocimacro : added VM includeSteps: source=/templates/macros/json/steps.vm
16:04:03.288 [Test worker] DEBUG org.apache.velocity - ResourceManager : found /templates/macros/json/steps.vm with loader org.apache.velocity.runtime.resource.loader.ClasspathResourceLoader
16:04:03.288 [Test worker] DEBUG org.apache.velocity - Velocimacro : added VM includeTags: source=/templates/macros/json/tags.vm
16:04:03.288 [Test worker] DEBUG org.apache.velocity - ResourceManager : found /templates/macros/json/tags.vm with loader org.apache.velocity.runtime.resource.loader.ClasspathResourceLoader
16:04:03.288 [Test worker] DEBUG org.apache.velocity - VM #includeNavigation: too few arguments to macro. Wanted 1 got 0
16:04:03.288 [Test worker] DEBUG org.apache.velocity - Left side ($active_tab) of '==' operation has null value. If it is a reference, it may not be in the context or its toString() returned null. /templates/macros/page/navigation.vm[line 14, column 51]
16:04:03.288 [Test worker] DEBUG org.apache.velocity - Left side ($active_tab) of '==' operation has null value. If it is a reference, it may not be in the context or its toString() returned null. /templates/macros/page/navigation.vm[line 15, column 51]
16:04:03.288 [Test worker] DEBUG org.apache.velocity - Left side ($active_tab) of '==' operation has null value. If it is a reference, it may not be in the context or its toString() returned null. /templates/macros/page/navigation.vm[line 16, column 51]
16:04:03.288 [Test worker] DEBUG org.apache.velocity - Left side ($active_tab) of '==' operation has null value. If it is a reference, it may not be in the context or its toString() returned null. /templates/macros/page/navigation.vm[line 20, column 51]
16:04:03.288 [Test worker] DEBUG org.apache.velocity - VM #includeLead: too few arguments to macro. Wanted 2 got 1
16:04:03.288 [Test worker] DEBUG org.apache.velocity - VM #includeBrief: too few arguments to macro. Wanted 5 got 3
16:04:03.288 [Test worker] DEBUG org.apache.velocity - VM #includeBrief: too few arguments to macro. Wanted 5 got 4
16:04:03.288 [Test worker] DEBUG org.apache.velocity - VM #includeBrief: too few arguments to macro. Wanted 5 got 4
16:04:03.288 [Test worker] DEBUG org.apache.velocity - VM #includeBrief: too few arguments to macro. Wanted 5 got 4
16:04:03.288 [Test worker] DEBUG org.apache.velocity - VM #includeBrief: too few arguments to macro. Wanted 5 got 4
16:04:03.288 [Test worker] DEBUG org.apache.velocity - ResourceManager : found /templates/footer.vm with loader org.apache.velocity.runtime.resource.loader.ClasspathResourceLoader
16:04:03.288 [Test worker] DEBUG org.apache.velocity - ResourceManager : found templates/generators/reportFeature.vm with loader org.apache.velocity.runtime.resource.loader.ClasspathResourceLoader
16:04:03.288 [Test worker] DEBUG org.apache.velocity - ResourceManager : found /templates/headers.vm with loader org.apache.velocity.runtime.resource.loader.ClasspathResourceLoader
16:04:03.288 [Test worker] DEBUG org.apache.velocity - ResourceManager : found /templates/head.vm with loader org.apache.velocity.runtime.resource.loader.ClasspathResourceLoader
16:04:03.288 [Test worker] DEBUG org.apache.velocity - Velocimacro : added VM stringArray: source=/templates/macros/array.js.vm
16:04:03.288 [Test worker] DEBUG org.apache.velocity - Velocimacro : added VM numberArray: source=/templates/macros/array.js.vm
16:04:03.288 [Test worker] DEBUG org.apache.velocity - ResourceManager : found /templates/macros/array.js.vm with loader org.apache.velocity.runtime.resource.loader.ClasspathResourceLoader
16:04:03.288 [Test worker] DEBUG org.apache.velocity - Velocimacro : added VM includeBuildInfo: source=/templates/macros/page/buildinfo.vm
16:04:03.288 [Test worker] DEBUG org.apache.velocity - ResourceManager : found /templates/macros/page/buildinfo.vm with loader org.apache.velocity.runtime.resource.loader.ClasspathResourceLoader
16:04:03.288 [Test worker] DEBUG org.apache.velocity - Velocimacro : added VM includeClassifications: source=/templates/macros/page/classifications.vm
16:04:03.288 [Test worker] DEBUG org.apache.velocity - ResourceManager : found /templates/macros/page/classifications.vm with loader org.apache.velocity.runtime.resource.loader.ClasspathResourceLoader
16:04:03.288 [Test worker] DEBUG org.apache.velocity - Velocimacro : added VM includeLead: source=/templates/macros/page/lead.vm
16:04:03.288 [Test worker] DEBUG org.apache.velocity - ResourceManager : found /templates/macros/page/lead.vm with loader org.apache.velocity.runtime.resource.loader.ClasspathResourceLoader
16:04:03.288 [Test worker] DEBUG org.apache.velocity - Velocimacro : added VM includeNavigation: source=/templates/macros/page/navigation.vm
16:04:03.288 [Test worker] DEBUG org.apache.velocity - ResourceManager : found /templates/macros/page/navigation.vm with loader org.apache.velocity.runtime.resource.loader.ClasspathResourceLoader
16:04:03.288 [Test worker] DEBUG org.apache.velocity - Velocimacro : added VM includeReportInfo: source=/templates/macros/page/reportInfo.vm
16:04:03.288 [Test worker] DEBUG org.apache.velocity - ResourceManager : found /templates/macros/page/reportInfo.vm with loader org.apache.velocity.runtime.resource.loader.ClasspathResourceLoader
16:04:03.288 [Test worker] DEBUG org.apache.velocity - Velocimacro : added VM includeTitle: source=/templates/macros/page/title.vm
16:04:03.288 [Test worker] DEBUG org.apache.velocity - ResourceManager : found /templates/macros/page/title.vm with loader org.apache.velocity.runtime.resource.loader.ClasspathResourceLoader
16:04:03.288 [Test worker] DEBUG org.apache.velocity - Velocimacro : added VM includeExpandingButtons: source=/templates/macros/report/expandAllButtons.vm
16:04:03.288 [Test worker] DEBUG org.apache.velocity - ResourceManager : found /templates/macros/report/expandAllButtons.vm with loader org.apache.velocity.runtime.resource.loader.ClasspathResourceLoader
16:04:03.288 [Test worker] DEBUG org.apache.velocity - Velocimacro : added VM includeReportTable: source=/templates/macros/report/reportTable.vm
16:04:03.288 [Test worker] DEBUG org.apache.velocity - ResourceManager : found /templates/macros/report/reportTable.vm with loader org.apache.velocity.runtime.resource.loader.ClasspathResourceLoader
16:04:03.288 [Test worker] DEBUG org.apache.velocity - Velocimacro : added VM includeReportHeader: source=/templates/macros/report/reportHeader.vm
16:04:03.288 [Test worker] DEBUG org.apache.velocity - ResourceManager : found /templates/macros/report/reportHeader.vm with loader org.apache.velocity.runtime.resource.loader.ClasspathResourceLoader
16:04:03.288 [Test worker] DEBUG org.apache.velocity - Velocimacro : added VM includeStatsTable: source=/templates/macros/report/statsTable.vm
16:04:03.288 [Test worker] DEBUG org.apache.velocity - ResourceManager : found /templates/macros/report/statsTable.vm with loader org.apache.velocity.runtime.resource.loader.ClasspathResourceLoader
16:04:03.288 [Test worker] DEBUG org.apache.velocity - Velocimacro : added VM includeBrief: source=/templates/macros/json/brief.vm
16:04:03.288 [Test worker] DEBUG org.apache.velocity - ResourceManager : found /templates/macros/json/brief.vm with loader org.apache.velocity.runtime.resource.loader.ClasspathResourceLoader
16:04:03.288 [Test worker] DEBUG org.apache.velocity - Velocimacro : added VM includeDocString: source=/templates/macros/json/docstring.vm
16:04:03.288 [Test worker] DEBUG org.apache.velocity - ResourceManager : found /templates/macros/json/docstring.vm with loader org.apache.velocity.runtime.resource.loader.ClasspathResourceLoader
16:04:03.288 [Test worker] DEBUG org.apache.velocity - Velocimacro : added VM includeDuration: source=/templates/macros/json/duration.vm
16:04:03.288 [Test worker] DEBUG org.apache.velocity - ResourceManager : found /templates/macros/json/duration.vm with loader org.apache.velocity.runtime.resource.loader.ClasspathResourceLoader
16:04:03.304 [Test worker] DEBUG org.apache.velocity - Velocimacro : added VM includeElement: source=/templates/macros/json/element.vm
16:04:03.304 [Test worker] DEBUG org.apache.velocity - ResourceManager : found /templates/macros/json/element.vm with loader org.apache.velocity.runtime.resource.loader.ClasspathResourceLoader
16:04:03.304 [Test worker] DEBUG org.apache.velocity - Velocimacro : added VM includeEmbeddings: source=/templates/macros/json/embeddings.vm
16:04:03.304 [Test worker] DEBUG org.apache.velocity - Velocimacro : added VM includeHtmlEmbedding: source=/templates/macros/json/embeddings.vm
16:04:03.304 [Test worker] DEBUG org.apache.velocity - Velocimacro : added VM includeImageEmbedding: source=/templates/macros/json/embeddings.vm
16:04:03.304 [Test worker] DEBUG org.apache.velocity - Velocimacro : added VM includeImageReferenceEmbedding: source=/templates/macros/json/embeddings.vm
16:04:03.304 [Test worker] DEBUG org.apache.velocity - Velocimacro : added VM includeTextEmbedding: source=/templates/macros/json/embeddings.vm
16:04:03.304 [Test worker] DEBUG org.apache.velocity - Velocimacro : added VM includeUnknownEmbedding: source=/templates/macros/json/embeddings.vm
16:04:03.304 [Test worker] DEBUG org.apache.velocity - ResourceManager : found /templates/macros/json/embeddings.vm with loader org.apache.velocity.runtime.resource.loader.ClasspathResourceLoader
16:04:03.304 [Test worker] DEBUG org.apache.velocity - Velocimacro : added VM includeHooks: source=/templates/macros/json/hooks.vm
16:04:03.304 [Test worker] DEBUG org.apache.velocity - ResourceManager : found /templates/macros/json/hooks.vm with loader org.apache.velocity.runtime.resource.loader.ClasspathResourceLoader
16:04:03.304 [Test worker] DEBUG org.apache.velocity - Velocimacro : added VM includeOutput: source=/templates/macros/json/output.vm
16:04:03.304 [Test worker] DEBUG org.apache.velocity - ResourceManager : found /templates/macros/json/output.vm with loader org.apache.velocity.runtime.resource.loader.ClasspathResourceLoader
16:04:03.304 [Test worker] DEBUG org.apache.velocity - Velocimacro : added VM includeMessage: source=/templates/macros/json/message.vm
16:04:03.304 [Test worker] DEBUG org.apache.velocity - ResourceManager : found /templates/macros/json/message.vm with loader org.apache.velocity.runtime.resource.loader.ClasspathResourceLoader
16:04:03.304 [Test worker] DEBUG org.apache.velocity - Velocimacro : added VM includeSteps: source=/templates/macros/json/steps.vm
16:04:03.304 [Test worker] DEBUG org.apache.velocity - ResourceManager : found /templates/macros/json/steps.vm with loader org.apache.velocity.runtime.resource.loader.ClasspathResourceLoader
16:04:03.304 [Test worker] DEBUG org.apache.velocity - Velocimacro : added VM includeTags: source=/templates/macros/json/tags.vm
16:04:03.304 [Test worker] DEBUG org.apache.velocity - ResourceManager : found /templates/macros/json/tags.vm with loader org.apache.velocity.runtime.resource.loader.ClasspathResourceLoader
16:04:03.304 [Test worker] DEBUG org.apache.velocity - VM #includeNavigation: too few arguments to macro. Wanted 1 got 0
16:04:03.304 [Test worker] DEBUG org.apache.velocity - Left side ($active_tab) of '==' operation has null value. If it is a reference, it may not be in the context or its toString() returned null. /templates/macros/page/navigation.vm[line 14, column 51]
16:04:03.304 [Test worker] DEBUG org.apache.velocity - Left side ($active_tab) of '==' operation has null value. If it is a reference, it may not be in the context or its toString() returned null. /templates/macros/page/navigation.vm[line 15, column 51]
16:04:03.304 [Test worker] DEBUG org.apache.velocity - Left side ($active_tab) of '==' operation has null value. If it is a reference, it may not be in the context or its toString() returned null. /templates/macros/page/navigation.vm[line 16, column 51]
16:04:03.304 [Test worker] DEBUG org.apache.velocity - Left side ($active_tab) of '==' operation has null value. If it is a reference, it may not be in the context or its toString() returned null. /templates/macros/page/navigation.vm[line 20, column 51]
16:04:03.304 [Test worker] DEBUG org.apache.velocity - VM #includeLead: too few arguments to macro. Wanted 2 got 1
16:04:03.304 [Test worker] DEBUG org.apache.velocity - VM #includeBrief: too few arguments to macro. Wanted 5 got 3
16:04:03.304 [Test worker] DEBUG org.apache.velocity - VM #includeBrief: too few arguments to macro. Wanted 5 got 4
16:04:03.304 [Test worker] DEBUG org.apache.velocity - VM #includeBrief: too few arguments to macro. Wanted 5 got 4
16:04:03.304 [Test worker] DEBUG org.apache.velocity - VM #includeBrief: too few arguments to macro. Wanted 5 got 4
16:04:03.304 [Test worker] DEBUG org.apache.velocity - VM #includeBrief: too few arguments to macro. Wanted 5 got 4
16:04:03.304 [Test worker] DEBUG org.apache.velocity - ResourceManager : found /templates/footer.vm with loader org.apache.velocity.runtime.resource.loader.ClasspathResourceLoader
16:04:03.304 [Test worker] DEBUG org.apache.velocity - ResourceManager : found templates/generators/reportFeature.vm with loader org.apache.velocity.runtime.resource.loader.ClasspathResourceLoader
16:04:03.304 [Test worker] DEBUG org.apache.velocity - ResourceManager : found /templates/headers.vm with loader org.apache.velocity.runtime.resource.loader.ClasspathResourceLoader
16:04:03.304 [Test worker] DEBUG org.apache.velocity - ResourceManager : found /templates/head.vm with loader org.apache.velocity.runtime.resource.loader.ClasspathResourceLoader
16:04:03.304 [Test worker] DEBUG org.apache.velocity - Velocimacro : added VM stringArray: source=/templates/macros/array.js.vm
16:04:03.304 [Test worker] DEBUG org.apache.velocity - Velocimacro : added VM numberArray: source=/templates/macros/array.js.vm
16:04:03.304 [Test worker] DEBUG org.apache.velocity - ResourceManager : found /templates/macros/array.js.vm with loader org.apache.velocity.runtime.resource.loader.ClasspathResourceLoader
16:04:03.304 [Test worker] DEBUG org.apache.velocity - Velocimacro : added VM includeBuildInfo: source=/templates/macros/page/buildinfo.vm
16:04:03.304 [Test worker] DEBUG org.apache.velocity - ResourceManager : found /templates/macros/page/buildinfo.vm with loader org.apache.velocity.runtime.resource.loader.ClasspathResourceLoader
16:04:03.304 [Test worker] DEBUG org.apache.velocity - Velocimacro : added VM includeClassifications: source=/templates/macros/page/classifications.vm
16:04:03.304 [Test worker] DEBUG org.apache.velocity - ResourceManager : found /templates/macros/page/classifications.vm with loader org.apache.velocity.runtime.resource.loader.ClasspathResourceLoader
16:04:03.304 [Test worker] DEBUG org.apache.velocity - Velocimacro : added VM includeLead: source=/templates/macros/page/lead.vm
16:04:03.304 [Test worker] DEBUG org.apache.velocity - ResourceManager : found /templates/macros/page/lead.vm with loader org.apache.velocity.runtime.resource.loader.ClasspathResourceLoader
16:04:03.304 [Test worker] DEBUG org.apache.velocity - Velocimacro : added VM includeNavigation: source=/templates/macros/page/navigation.vm
16:04:03.304 [Test worker] DEBUG org.apache.velocity - ResourceManager : found /templates/macros/page/navigation.vm with loader org.apache.velocity.runtime.resource.loader.ClasspathResourceLoader
16:04:03.304 [Test worker] DEBUG org.apache.velocity - Velocimacro : added VM includeReportInfo: source=/templates/macros/page/reportInfo.vm
16:04:03.304 [Test worker] DEBUG org.apache.velocity - ResourceManager : found /templates/macros/page/reportInfo.vm with loader org.apache.velocity.runtime.resource.loader.ClasspathResourceLoader
16:04:03.304 [Test worker] DEBUG org.apache.velocity - Velocimacro : added VM includeTitle: source=/templates/macros/page/title.vm
16:04:03.304 [Test worker] DEBUG org.apache.velocity - ResourceManager : found /templates/macros/page/title.vm with loader org.apache.velocity.runtime.resource.loader.ClasspathResourceLoader
16:04:03.304 [Test worker] DEBUG org.apache.velocity - Velocimacro : added VM includeExpandingButtons: source=/templates/macros/report/expandAllButtons.vm
16:04:03.304 [Test worker] DEBUG org.apache.velocity - ResourceManager : found /templates/macros/report/expandAllButtons.vm with loader org.apache.velocity.runtime.resource.loader.ClasspathResourceLoader
16:04:03.304 [Test worker] DEBUG org.apache.velocity - Velocimacro : added VM includeReportTable: source=/templates/macros/report/reportTable.vm
16:04:03.304 [Test worker] DEBUG org.apache.velocity - ResourceManager : found /templates/macros/report/reportTable.vm with loader org.apache.velocity.runtime.resource.loader.ClasspathResourceLoader
16:04:03.320 [Test worker] DEBUG org.apache.velocity - Velocimacro : added VM includeReportHeader: source=/templates/macros/report/reportHeader.vm
16:04:03.320 [Test worker] DEBUG org.apache.velocity - ResourceManager : found /templates/macros/report/reportHeader.vm with loader org.apache.velocity.runtime.resource.loader.ClasspathResourceLoader
16:04:03.320 [Test worker] DEBUG org.apache.velocity - Velocimacro : added VM includeStatsTable: source=/templates/macros/report/statsTable.vm
16:04:03.320 [Test worker] DEBUG org.apache.velocity - ResourceManager : found /templates/macros/report/statsTable.vm with loader org.apache.velocity.runtime.resource.loader.ClasspathResourceLoader
16:04:03.336 [Test worker] DEBUG org.apache.velocity - Velocimacro : added VM includeBrief: source=/templates/macros/json/brief.vm
16:04:03.336 [Test worker] DEBUG org.apache.velocity - ResourceManager : found /templates/macros/json/brief.vm with loader org.apache.velocity.runtime.resource.loader.ClasspathResourceLoader
16:04:03.336 [Test worker] DEBUG org.apache.velocity - Velocimacro : added VM includeDocString: source=/templates/macros/json/docstring.vm
16:04:03.336 [Test worker] DEBUG org.apache.velocity - ResourceManager : found /templates/macros/json/docstring.vm with loader org.apache.velocity.runtime.resource.loader.ClasspathResourceLoader
16:04:03.336 [Test worker] DEBUG org.apache.velocity - Velocimacro : added VM includeDuration: source=/templates/macros/json/duration.vm
16:04:03.336 [Test worker] DEBUG org.apache.velocity - ResourceManager : found /templates/macros/json/duration.vm with loader org.apache.velocity.runtime.resource.loader.ClasspathResourceLoader
16:04:03.336 [Test worker] DEBUG org.apache.velocity - Velocimacro : added VM includeElement: source=/templates/macros/json/element.vm
16:04:03.336 [Test worker] DEBUG org.apache.velocity - ResourceManager : found /templates/macros/json/element.vm with loader org.apache.velocity.runtime.resource.loader.ClasspathResourceLoader
16:04:03.336 [Test worker] DEBUG org.apache.velocity - Velocimacro : added VM includeEmbeddings: source=/templates/macros/json/embeddings.vm
16:04:03.336 [Test worker] DEBUG org.apache.velocity - Velocimacro : added VM includeHtmlEmbedding: source=/templates/macros/json/embeddings.vm
16:04:03.336 [Test worker] DEBUG org.apache.velocity - Velocimacro : added VM includeImageEmbedding: source=/templates/macros/json/embeddings.vm
16:04:03.336 [Test worker] DEBUG org.apache.velocity - Velocimacro : added VM includeImageReferenceEmbedding: source=/templates/macros/json/embeddings.vm
16:04:03.336 [Test worker] DEBUG org.apache.velocity - Velocimacro : added VM includeTextEmbedding: source=/templates/macros/json/embeddings.vm
16:04:03.336 [Test worker] DEBUG org.apache.velocity - Velocimacro : added VM includeUnknownEmbedding: source=/templates/macros/json/embeddings.vm
16:04:03.336 [Test worker] DEBUG org.apache.velocity - ResourceManager : found /templates/macros/json/embeddings.vm with loader org.apache.velocity.runtime.resource.loader.ClasspathResourceLoader
16:04:03.336 [Test worker] DEBUG org.apache.velocity - Velocimacro : added VM includeHooks: source=/templates/macros/json/hooks.vm
16:04:03.336 [Test worker] DEBUG org.apache.velocity - ResourceManager : found /templates/macros/json/hooks.vm with loader org.apache.velocity.runtime.resource.loader.ClasspathResourceLoader
16:04:03.336 [Test worker] DEBUG org.apache.velocity - Velocimacro : added VM includeOutput: source=/templates/macros/json/output.vm
16:04:03.336 [Test worker] DEBUG org.apache.velocity - ResourceManager : found /templates/macros/json/output.vm with loader org.apache.velocity.runtime.resource.loader.ClasspathResourceLoader
16:04:03.336 [Test worker] DEBUG org.apache.velocity - Velocimacro : added VM includeMessage: source=/templates/macros/json/message.vm
16:04:03.336 [Test worker] DEBUG org.apache.velocity - ResourceManager : found /templates/macros/json/message.vm with loader org.apache.velocity.runtime.resource.loader.ClasspathResourceLoader
16:04:03.336 [Test worker] DEBUG org.apache.velocity - Velocimacro : added VM includeSteps: source=/templates/macros/json/steps.vm
16:04:03.336 [Test worker] DEBUG org.apache.velocity - ResourceManager : found /templates/macros/json/steps.vm with loader org.apache.velocity.runtime.resource.loader.ClasspathResourceLoader
16:04:03.336 [Test worker] DEBUG org.apache.velocity - Velocimacro : added VM includeTags: source=/templates/macros/json/tags.vm
16:04:03.336 [Test worker] DEBUG org.apache.velocity - ResourceManager : found /templates/macros/json/tags.vm with loader org.apache.velocity.runtime.resource.loader.ClasspathResourceLoader
16:04:03.336 [Test worker] DEBUG org.apache.velocity - VM #includeNavigation: too few arguments to macro. Wanted 1 got 0
16:04:03.336 [Test worker] DEBUG org.apache.velocity - Left side ($active_tab) of '==' operation has null value. If it is a reference, it may not be in the context or its toString() returned null. /templates/macros/page/navigation.vm[line 14, column 51]
16:04:03.336 [Test worker] DEBUG org.apache.velocity - Left side ($active_tab) of '==' operation has null value. If it is a reference, it may not be in the context or its toString() returned null. /templates/macros/page/navigation.vm[line 15, column 51]
16:04:03.336 [Test worker] DEBUG org.apache.velocity - Left side ($active_tab) of '==' operation has null value. If it is a reference, it may not be in the context or its toString() returned null. /templates/macros/page/navigation.vm[line 16, column 51]
16:04:03.336 [Test worker] DEBUG org.apache.velocity - Left side ($active_tab) of '==' operation has null value. If it is a reference, it may not be in the context or its toString() returned null. /templates/macros/page/navigation.vm[line 20, column 51]
16:04:03.336 [Test worker] DEBUG org.apache.velocity - VM #includeLead: too few arguments to macro. Wanted 2 got 1
16:04:03.336 [Test worker] DEBUG org.apache.velocity - VM #includeBrief: too few arguments to macro. Wanted 5 got 3
16:04:03.336 [Test worker] DEBUG org.apache.velocity - VM #includeBrief: too few arguments to macro. Wanted 5 got 4
16:04:03.336 [Test worker] DEBUG org.apache.velocity - VM #includeBrief: too few arguments to macro. Wanted 5 got 4
16:04:03.336 [Test worker] DEBUG org.apache.velocity - ResourceManager : found /templates/footer.vm with loader org.apache.velocity.runtime.resource.loader.ClasspathResourceLoader
16:04:03.336 [Test worker] DEBUG org.apache.velocity - ResourceManager : found templates/generators/reportFeature.vm with loader org.apache.velocity.runtime.resource.loader.ClasspathResourceLoader
16:04:03.336 [Test worker] DEBUG org.apache.velocity - ResourceManager : found /templates/headers.vm with loader org.apache.velocity.runtime.resource.loader.ClasspathResourceLoader
16:04:03.336 [Test worker] DEBUG org.apache.velocity - ResourceManager : found /templates/head.vm with loader org.apache.velocity.runtime.resource.loader.ClasspathResourceLoader
16:04:03.336 [Test worker] DEBUG org.apache.velocity - Velocimacro : added VM stringArray: source=/templates/macros/array.js.vm
16:04:03.336 [Test worker] DEBUG org.apache.velocity - Velocimacro : added VM numberArray: source=/templates/macros/array.js.vm
16:04:03.336 [Test worker] DEBUG org.apache.velocity - ResourceManager : found /templates/macros/array.js.vm with loader org.apache.velocity.runtime.resource.loader.ClasspathResourceLoader
16:04:03.336 [Test worker] DEBUG org.apache.velocity - Velocimacro : added VM includeBuildInfo: source=/templates/macros/page/buildinfo.vm
16:04:03.336 [Test worker] DEBUG org.apache.velocity - ResourceManager : found /templates/macros/page/buildinfo.vm with loader org.apache.velocity.runtime.resource.loader.ClasspathResourceLoader
16:04:03.336 [Test worker] DEBUG org.apache.velocity - Velocimacro : added VM includeClassifications: source=/templates/macros/page/classifications.vm
16:04:03.336 [Test worker] DEBUG org.apache.velocity - ResourceManager : found /templates/macros/page/classifications.vm with loader org.apache.velocity.runtime.resource.loader.ClasspathResourceLoader
16:04:03.336 [Test worker] DEBUG org.apache.velocity - Velocimacro : added VM includeLead: source=/templates/macros/page/lead.vm
16:04:03.336 [Test worker] DEBUG org.apache.velocity - ResourceManager : found /templates/macros/page/lead.vm with loader org.apache.velocity.runtime.resource.loader.ClasspathResourceLoader
16:04:03.336 [Test worker] DEBUG org.apache.velocity - Velocimacro : added VM includeNavigation: source=/templates/macros/page/navigation.vm
16:04:03.336 [Test worker] DEBUG org.apache.velocity - ResourceManager : found /templates/macros/page/navigation.vm with loader org.apache.velocity.runtime.resource.loader.ClasspathResourceLoader
16:04:03.336 [Test worker] DEBUG org.apache.velocity - Velocimacro : added VM includeReportInfo: source=/templates/macros/page/reportInfo.vm
16:04:03.336 [Test worker] DEBUG org.apache.velocity - ResourceManager : found /templates/macros/page/reportInfo.vm with loader org.apache.velocity.runtime.resource.loader.ClasspathResourceLoader
16:04:03.351 [Test worker] DEBUG org.apache.velocity - Velocimacro : added VM includeTitle: source=/templates/macros/page/title.vm
16:04:03.351 [Test worker] DEBUG org.apache.velocity - ResourceManager : found /templates/macros/page/title.vm with loader org.apache.velocity.runtime.resource.loader.ClasspathResourceLoader
16:04:03.351 [Test worker] DEBUG org.apache.velocity - Velocimacro : added VM includeExpandingButtons: source=/templates/macros/report/expandAllButtons.vm
16:04:03.351 [Test worker] DEBUG org.apache.velocity - ResourceManager : found /templates/macros/report/expandAllButtons.vm with loader org.apache.velocity.runtime.resource.loader.ClasspathResourceLoader
16:04:03.351 [Test worker] DEBUG org.apache.velocity - Velocimacro : added VM includeReportTable: source=/templates/macros/report/reportTable.vm
16:04:03.351 [Test worker] DEBUG org.apache.velocity - ResourceManager : found /templates/macros/report/reportTable.vm with loader org.apache.velocity.runtime.resource.loader.ClasspathResourceLoader
16:04:03.351 [Test worker] DEBUG org.apache.velocity - Velocimacro : added VM includeReportHeader: source=/templates/macros/report/reportHeader.vm
16:04:03.351 [Test worker] DEBUG org.apache.velocity - ResourceManager : found /templates/macros/report/reportHeader.vm with loader org.apache.velocity.runtime.resource.loader.ClasspathResourceLoader
16:04:03.351 [Test worker] DEBUG org.apache.velocity - Velocimacro : added VM includeStatsTable: source=/templates/macros/report/statsTable.vm
16:04:03.351 [Test worker] DEBUG org.apache.velocity - ResourceManager : found /templates/macros/report/statsTable.vm with loader org.apache.velocity.runtime.resource.loader.ClasspathResourceLoader
16:04:03.351 [Test worker] DEBUG org.apache.velocity - Velocimacro : added VM includeBrief: source=/templates/macros/json/brief.vm
16:04:03.351 [Test worker] DEBUG org.apache.velocity - ResourceManager : found /templates/macros/json/brief.vm with loader org.apache.velocity.runtime.resource.loader.ClasspathResourceLoader
16:04:03.351 [Test worker] DEBUG org.apache.velocity - Velocimacro : added VM includeDocString: source=/templates/macros/json/docstring.vm
16:04:03.351 [Test worker] DEBUG org.apache.velocity - ResourceManager : found /templates/macros/json/docstring.vm with loader org.apache.velocity.runtime.resource.loader.ClasspathResourceLoader
16:04:03.351 [Test worker] DEBUG org.apache.velocity - Velocimacro : added VM includeDuration: source=/templates/macros/json/duration.vm
16:04:03.351 [Test worker] DEBUG org.apache.velocity - ResourceManager : found /templates/macros/json/duration.vm with loader org.apache.velocity.runtime.resource.loader.ClasspathResourceLoader
16:04:03.351 [Test worker] DEBUG org.apache.velocity - Velocimacro : added VM includeElement: source=/templates/macros/json/element.vm
16:04:03.351 [Test worker] DEBUG org.apache.velocity - ResourceManager : found /templates/macros/json/element.vm with loader org.apache.velocity.runtime.resource.loader.ClasspathResourceLoader
16:04:03.351 [Test worker] DEBUG org.apache.velocity - Velocimacro : added VM includeEmbeddings: source=/templates/macros/json/embeddings.vm
16:04:03.351 [Test worker] DEBUG org.apache.velocity - Velocimacro : added VM includeHtmlEmbedding: source=/templates/macros/json/embeddings.vm
16:04:03.351 [Test worker] DEBUG org.apache.velocity - Velocimacro : added VM includeImageEmbedding: source=/templates/macros/json/embeddings.vm
16:04:03.351 [Test worker] DEBUG org.apache.velocity - Velocimacro : added VM includeImageReferenceEmbedding: source=/templates/macros/json/embeddings.vm
16:04:03.351 [Test worker] DEBUG org.apache.velocity - Velocimacro : added VM includeTextEmbedding: source=/templates/macros/json/embeddings.vm
16:04:03.351 [Test worker] DEBUG org.apache.velocity - Velocimacro : added VM includeUnknownEmbedding: source=/templates/macros/json/embeddings.vm
16:04:03.351 [Test worker] DEBUG org.apache.velocity - ResourceManager : found /templates/macros/json/embeddings.vm with loader org.apache.velocity.runtime.resource.loader.ClasspathResourceLoader
16:04:03.351 [Test worker] DEBUG org.apache.velocity - Velocimacro : added VM includeHooks: source=/templates/macros/json/hooks.vm
16:04:03.351 [Test worker] DEBUG org.apache.velocity - ResourceManager : found /templates/macros/json/hooks.vm with loader org.apache.velocity.runtime.resource.loader.ClasspathResourceLoader
16:04:03.351 [Test worker] DEBUG org.apache.velocity - Velocimacro : added VM includeOutput: source=/templates/macros/json/output.vm
16:04:03.351 [Test worker] DEBUG org.apache.velocity - ResourceManager : found /templates/macros/json/output.vm with loader org.apache.velocity.runtime.resource.loader.ClasspathResourceLoader
16:04:03.351 [Test worker] DEBUG org.apache.velocity - Velocimacro : added VM includeMessage: source=/templates/macros/json/message.vm
16:04:03.351 [Test worker] DEBUG org.apache.velocity - ResourceManager : found /templates/macros/json/message.vm with loader org.apache.velocity.runtime.resource.loader.ClasspathResourceLoader
16:04:03.351 [Test worker] DEBUG org.apache.velocity - Velocimacro : added VM includeSteps: source=/templates/macros/json/steps.vm
16:04:03.351 [Test worker] DEBUG org.apache.velocity - ResourceManager : found /templates/macros/json/steps.vm with loader org.apache.velocity.runtime.resource.loader.ClasspathResourceLoader
16:04:03.351 [Test worker] DEBUG org.apache.velocity - Velocimacro : added VM includeTags: source=/templates/macros/json/tags.vm
16:04:03.351 [Test worker] DEBUG org.apache.velocity - ResourceManager : found /templates/macros/json/tags.vm with loader org.apache.velocity.runtime.resource.loader.ClasspathResourceLoader
16:04:03.351 [Test worker] DEBUG org.apache.velocity - VM #includeNavigation: too few arguments to macro. Wanted 1 got 0
16:04:03.351 [Test worker] DEBUG org.apache.velocity - Left side ($active_tab) of '==' operation has null value. If it is a reference, it may not be in the context or its toString() returned null. /templates/macros/page/navigation.vm[line 14, column 51]
16:04:03.351 [Test worker] DEBUG org.apache.velocity - Left side ($active_tab) of '==' operation has null value. If it is a reference, it may not be in the context or its toString() returned null. /templates/macros/page/navigation.vm[line 15, column 51]
16:04:03.351 [Test worker] DEBUG org.apache.velocity - Left side ($active_tab) of '==' operation has null value. If it is a reference, it may not be in the context or its toString() returned null. /templates/macros/page/navigation.vm[line 16, column 51]
16:04:03.351 [Test worker] DEBUG org.apache.velocity - Left side ($active_tab) of '==' operation has null value. If it is a reference, it may not be in the context or its toString() returned null. /templates/macros/page/navigation.vm[line 20, column 51]
16:04:03.351 [Test worker] DEBUG org.apache.velocity - VM #includeLead: too few arguments to macro. Wanted 2 got 1
16:04:03.351 [Test worker] DEBUG org.apache.velocity - VM #includeBrief: too few arguments to macro. Wanted 5 got 3
16:04:03.351 [Test worker] DEBUG org.apache.velocity - VM #includeBrief: too few arguments to macro. Wanted 5 got 4
16:04:03.351 [Test worker] DEBUG org.apache.velocity - VM #includeBrief: too few arguments to macro. Wanted 5 got 4
16:04:03.351 [Test worker] DEBUG org.apache.velocity - VM #includeBrief: too few arguments to macro. Wanted 5 got 4
16:04:03.351 [Test worker] DEBUG org.apache.velocity - VM #includeBrief: too few arguments to macro. Wanted 5 got 4
16:04:03.351 [Test worker] DEBUG org.apache.velocity - VM #includeBrief: too few arguments to macro. Wanted 5 got 4
16:04:03.351 [Test worker] DEBUG org.apache.velocity - VM #includeBrief: too few arguments to macro. Wanted 5 got 4
16:04:03.351 [Test worker] DEBUG org.apache.velocity - VM #includeBrief: too few arguments to macro. Wanted 5 got 4
16:04:03.351 [Test worker] DEBUG org.apache.velocity - VM #includeBrief: too few arguments to macro. Wanted 5 got 4
16:04:03.351 [Test worker] DEBUG org.apache.velocity - ResourceManager : found /templates/footer.vm with loader org.apache.velocity.runtime.resource.loader.ClasspathResourceLoader
16:04:03.367 [Test worker] DEBUG org.apache.velocity - ResourceManager : found templates/generators/reportFeature.vm with loader org.apache.velocity.runtime.resource.loader.ClasspathResourceLoader
16:04:03.367 [Test worker] DEBUG org.apache.velocity - ResourceManager : found /templates/headers.vm with loader org.apache.velocity.runtime.resource.loader.ClasspathResourceLoader
16:04:03.367 [Test worker] DEBUG org.apache.velocity - ResourceManager : found /templates/head.vm with loader org.apache.velocity.runtime.resource.loader.ClasspathResourceLoader
16:04:03.367 [Test worker] DEBUG org.apache.velocity - Velocimacro : added VM stringArray: source=/templates/macros/array.js.vm
16:04:03.367 [Test worker] DEBUG org.apache.velocity - Velocimacro : added VM numberArray: source=/templates/macros/array.js.vm
16:04:03.367 [Test worker] DEBUG org.apache.velocity - ResourceManager : found /templates/macros/array.js.vm with loader org.apache.velocity.runtime.resource.loader.ClasspathResourceLoader
16:04:03.367 [Test worker] DEBUG org.apache.velocity - Velocimacro : added VM includeBuildInfo: source=/templates/macros/page/buildinfo.vm
16:04:03.367 [Test worker] DEBUG org.apache.velocity - ResourceManager : found /templates/macros/page/buildinfo.vm with loader org.apache.velocity.runtime.resource.loader.ClasspathResourceLoader
16:04:03.367 [Test worker] DEBUG org.apache.velocity - Velocimacro : added VM includeClassifications: source=/templates/macros/page/classifications.vm
16:04:03.367 [Test worker] DEBUG org.apache.velocity - ResourceManager : found /templates/macros/page/classifications.vm with loader org.apache.velocity.runtime.resource.loader.ClasspathResourceLoader
16:04:03.367 [Test worker] DEBUG org.apache.velocity - Velocimacro : added VM includeLead: source=/templates/macros/page/lead.vm
16:04:03.367 [Test worker] DEBUG org.apache.velocity - ResourceManager : found /templates/macros/page/lead.vm with loader org.apache.velocity.runtime.resource.loader.ClasspathResourceLoader
16:04:03.367 [Test worker] DEBUG org.apache.velocity - Velocimacro : added VM includeNavigation: source=/templates/macros/page/navigation.vm
16:04:03.367 [Test worker] DEBUG org.apache.velocity - ResourceManager : found /templates/macros/page/navigation.vm with loader org.apache.velocity.runtime.resource.loader.ClasspathResourceLoader
16:04:03.367 [Test worker] DEBUG org.apache.velocity - Velocimacro : added VM includeReportInfo: source=/templates/macros/page/reportInfo.vm
16:04:03.367 [Test worker] DEBUG org.apache.velocity - ResourceManager : found /templates/macros/page/reportInfo.vm with loader org.apache.velocity.runtime.resource.loader.ClasspathResourceLoader
16:04:03.367 [Test worker] DEBUG org.apache.velocity - Velocimacro : added VM includeTitle: source=/templates/macros/page/title.vm
16:04:03.367 [Test worker] DEBUG org.apache.velocity - ResourceManager : found /templates/macros/page/title.vm with loader org.apache.velocity.runtime.resource.loader.ClasspathResourceLoader
16:04:03.367 [Test worker] DEBUG org.apache.velocity - Velocimacro : added VM includeExpandingButtons: source=/templates/macros/report/expandAllButtons.vm
16:04:03.367 [Test worker] DEBUG org.apache.velocity - ResourceManager : found /templates/macros/report/expandAllButtons.vm with loader org.apache.velocity.runtime.resource.loader.ClasspathResourceLoader
16:04:03.367 [Test worker] DEBUG org.apache.velocity - Velocimacro : added VM includeReportTable: source=/templates/macros/report/reportTable.vm
16:04:03.367 [Test worker] DEBUG org.apache.velocity - ResourceManager : found /templates/macros/report/reportTable.vm with loader org.apache.velocity.runtime.resource.loader.ClasspathResourceLoader
16:04:03.367 [Test worker] DEBUG org.apache.velocity - Velocimacro : added VM includeReportHeader: source=/templates/macros/report/reportHeader.vm
16:04:03.367 [Test worker] DEBUG org.apache.velocity - ResourceManager : found /templates/macros/report/reportHeader.vm with loader org.apache.velocity.runtime.resource.loader.ClasspathResourceLoader
16:04:03.367 [Test worker] DEBUG org.apache.velocity - Velocimacro : added VM includeStatsTable: source=/templates/macros/report/statsTable.vm
16:04:03.367 [Test worker] DEBUG org.apache.velocity - ResourceManager : found /templates/macros/report/statsTable.vm with loader org.apache.velocity.runtime.resource.loader.ClasspathResourceLoader
16:04:03.367 [Test worker] DEBUG org.apache.velocity - Velocimacro : added VM includeBrief: source=/templates/macros/json/brief.vm
16:04:03.367 [Test worker] DEBUG org.apache.velocity - ResourceManager : found /templates/macros/json/brief.vm with loader org.apache.velocity.runtime.resource.loader.ClasspathResourceLoader
16:04:03.367 [Test worker] DEBUG org.apache.velocity - Velocimacro : added VM includeDocString: source=/templates/macros/json/docstring.vm
16:04:03.367 [Test worker] DEBUG org.apache.velocity - ResourceManager : found /templates/macros/json/docstring.vm with loader org.apache.velocity.runtime.resource.loader.ClasspathResourceLoader
16:04:03.367 [Test worker] DEBUG org.apache.velocity - Velocimacro : added VM includeDuration: source=/templates/macros/json/duration.vm
16:04:03.367 [Test worker] DEBUG org.apache.velocity - ResourceManager : found /templates/macros/json/duration.vm with loader org.apache.velocity.runtime.resource.loader.ClasspathResourceLoader
16:04:03.367 [Test worker] DEBUG org.apache.velocity - Velocimacro : added VM includeElement: source=/templates/macros/json/element.vm
16:04:03.367 [Test worker] DEBUG org.apache.velocity - ResourceManager : found /templates/macros/json/element.vm with loader org.apache.velocity.runtime.resource.loader.ClasspathResourceLoader
16:04:03.367 [Test worker] DEBUG org.apache.velocity - Velocimacro : added VM includeEmbeddings: source=/templates/macros/json/embeddings.vm
16:04:03.367 [Test worker] DEBUG org.apache.velocity - Velocimacro : added VM includeHtmlEmbedding: source=/templates/macros/json/embeddings.vm
16:04:03.367 [Test worker] DEBUG org.apache.velocity - Velocimacro : added VM includeImageEmbedding: source=/templates/macros/json/embeddings.vm
16:04:03.367 [Test worker] DEBUG org.apache.velocity - Velocimacro : added VM includeImageReferenceEmbedding: source=/templates/macros/json/embeddings.vm
16:04:03.367 [Test worker] DEBUG org.apache.velocity - Velocimacro : added VM includeTextEmbedding: source=/templates/macros/json/embeddings.vm
16:04:03.367 [Test worker] DEBUG org.apache.velocity - Velocimacro : added VM includeUnknownEmbedding: source=/templates/macros/json/embeddings.vm
16:04:03.367 [Test worker] DEBUG org.apache.velocity - ResourceManager : found /templates/macros/json/embeddings.vm with loader org.apache.velocity.runtime.resource.loader.ClasspathResourceLoader
16:04:03.367 [Test worker] DEBUG org.apache.velocity - Velocimacro : added VM includeHooks: source=/templates/macros/json/hooks.vm
16:04:03.367 [Test worker] DEBUG org.apache.velocity - ResourceManager : found /templates/macros/json/hooks.vm with loader org.apache.velocity.runtime.resource.loader.ClasspathResourceLoader
16:04:03.367 [Test worker] DEBUG org.apache.velocity - Velocimacro : added VM includeOutput: source=/templates/macros/json/output.vm
16:04:03.367 [Test worker] DEBUG org.apache.velocity - ResourceManager : found /templates/macros/json/output.vm with loader org.apache.velocity.runtime.resource.loader.ClasspathResourceLoader
16:04:03.367 [Test worker] DEBUG org.apache.velocity - Velocimacro : added VM includeMessage: source=/templates/macros/json/message.vm
16:04:03.367 [Test worker] DEBUG org.apache.velocity - ResourceManager : found /templates/macros/json/message.vm with loader org.apache.velocity.runtime.resource.loader.ClasspathResourceLoader
16:04:03.367 [Test worker] DEBUG org.apache.velocity - Velocimacro : added VM includeSteps: source=/templates/macros/json/steps.vm
16:04:03.367 [Test worker] DEBUG org.apache.velocity - ResourceManager : found /templates/macros/json/steps.vm with loader org.apache.velocity.runtime.resource.loader.ClasspathResourceLoader
16:04:03.367 [Test worker] DEBUG org.apache.velocity - Velocimacro : added VM includeTags: source=/templates/macros/json/tags.vm
16:04:03.367 [Test worker] DEBUG org.apache.velocity - ResourceManager : found /templates/macros/json/tags.vm with loader org.apache.velocity.runtime.resource.loader.ClasspathResourceLoader
16:04:03.367 [Test worker] DEBUG org.apache.velocity - VM #includeNavigation: too few arguments to macro. Wanted 1 got 0
16:04:03.367 [Test worker] DEBUG org.apache.velocity - Left side ($active_tab) of '==' operation has null value. If it is a reference, it may not be in the context or its toString() returned null. /templates/macros/page/navigation.vm[line 14, column 51]
16:04:03.367 [Test worker] DEBUG org.apache.velocity - Left side ($active_tab) of '==' operation has null value. If it is a reference, it may not be in the context or its toString() returned null. /templates/macros/page/navigation.vm[line 15, column 51]
16:04:03.367 [Test worker] DEBUG org.apache.velocity - Left side ($active_tab) of '==' operation has null value. If it is a reference, it may not be in the context or its toString() returned null. /templates/macros/page/navigation.vm[line 16, column 51]
16:04:03.367 [Test worker] DEBUG org.apache.velocity - Left side ($active_tab) of '==' operation has null value. If it is a reference, it may not be in the context or its toString() returned null. /templates/macros/page/navigation.vm[line 20, column 51]
16:04:03.367 [Test worker] DEBUG org.apache.velocity - VM #includeLead: too few arguments to macro. Wanted 2 got 1
16:04:03.367 [Test worker] DEBUG org.apache.velocity - VM #includeBrief: too few arguments to macro. Wanted 5 got 3
16:04:03.367 [Test worker] DEBUG org.apache.velocity - VM #includeBrief: too few arguments to macro. Wanted 5 got 4
16:04:03.367 [Test worker] DEBUG org.apache.velocity - VM #includeBrief: too few arguments to macro. Wanted 5 got 4
16:04:03.367 [Test worker] DEBUG org.apache.velocity - ResourceManager : found /templates/footer.vm with loader org.apache.velocity.runtime.resource.loader.ClasspathResourceLoader
16:04:03.382 [Test worker] DEBUG org.apache.velocity - ResourceManager : found templates/generators/reportFeature.vm with loader org.apache.velocity.runtime.resource.loader.ClasspathResourceLoader
16:04:03.382 [Test worker] DEBUG org.apache.velocity - ResourceManager : found /templates/headers.vm with loader org.apache.velocity.runtime.resource.loader.ClasspathResourceLoader
16:04:03.382 [Test worker] DEBUG org.apache.velocity - ResourceManager : found /templates/head.vm with loader org.apache.velocity.runtime.resource.loader.ClasspathResourceLoader
16:04:03.382 [Test worker] DEBUG org.apache.velocity - Velocimacro : added VM stringArray: source=/templates/macros/array.js.vm
16:04:03.382 [Test worker] DEBUG org.apache.velocity - Velocimacro : added VM numberArray: source=/templates/macros/array.js.vm
16:04:03.382 [Test worker] DEBUG org.apache.velocity - ResourceManager : found /templates/macros/array.js.vm with loader org.apache.velocity.runtime.resource.loader.ClasspathResourceLoader
16:04:03.382 [Test worker] DEBUG org.apache.velocity - Velocimacro : added VM includeBuildInfo: source=/templates/macros/page/buildinfo.vm
16:04:03.382 [Test worker] DEBUG org.apache.velocity - ResourceManager : found /templates/macros/page/buildinfo.vm with loader org.apache.velocity.runtime.resource.loader.ClasspathResourceLoader
16:04:03.382 [Test worker] DEBUG org.apache.velocity - Velocimacro : added VM includeClassifications: source=/templates/macros/page/classifications.vm
16:04:03.382 [Test worker] DEBUG org.apache.velocity - ResourceManager : found /templates/macros/page/classifications.vm with loader org.apache.velocity.runtime.resource.loader.ClasspathResourceLoader
16:04:03.382 [Test worker] DEBUG org.apache.velocity - Velocimacro : added VM includeLead: source=/templates/macros/page/lead.vm
16:04:03.382 [Test worker] DEBUG org.apache.velocity - ResourceManager : found /templates/macros/page/lead.vm with loader org.apache.velocity.runtime.resource.loader.ClasspathResourceLoader
16:04:03.382 [Test worker] DEBUG org.apache.velocity - Velocimacro : added VM includeNavigation: source=/templates/macros/page/navigation.vm
16:04:03.382 [Test worker] DEBUG org.apache.velocity - ResourceManager : found /templates/macros/page/navigation.vm with loader org.apache.velocity.runtime.resource.loader.ClasspathResourceLoader
16:04:03.382 [Test worker] DEBUG org.apache.velocity - Velocimacro : added VM includeReportInfo: source=/templates/macros/page/reportInfo.vm
16:04:03.382 [Test worker] DEBUG org.apache.velocity - ResourceManager : found /templates/macros/page/reportInfo.vm with loader org.apache.velocity.runtime.resource.loader.ClasspathResourceLoader
16:04:03.382 [Test worker] DEBUG org.apache.velocity - Velocimacro : added VM includeTitle: source=/templates/macros/page/title.vm
16:04:03.382 [Test worker] DEBUG org.apache.velocity - ResourceManager : found /templates/macros/page/title.vm with loader org.apache.velocity.runtime.resource.loader.ClasspathResourceLoader
16:04:03.382 [Test worker] DEBUG org.apache.velocity - Velocimacro : added VM includeExpandingButtons: source=/templates/macros/report/expandAllButtons.vm
16:04:03.382 [Test worker] DEBUG org.apache.velocity - ResourceManager : found /templates/macros/report/expandAllButtons.vm with loader org.apache.velocity.runtime.resource.loader.ClasspathResourceLoader
16:04:03.382 [Test worker] DEBUG org.apache.velocity - Velocimacro : added VM includeReportTable: source=/templates/macros/report/reportTable.vm
16:04:03.382 [Test worker] DEBUG org.apache.velocity - ResourceManager : found /templates/macros/report/reportTable.vm with loader org.apache.velocity.runtime.resource.loader.ClasspathResourceLoader
16:04:03.382 [Test worker] DEBUG org.apache.velocity - Velocimacro : added VM includeReportHeader: source=/templates/macros/report/reportHeader.vm
16:04:03.382 [Test worker] DEBUG org.apache.velocity - ResourceManager : found /templates/macros/report/reportHeader.vm with loader org.apache.velocity.runtime.resource.loader.ClasspathResourceLoader
16:04:03.382 [Test worker] DEBUG org.apache.velocity - Velocimacro : added VM includeStatsTable: source=/templates/macros/report/statsTable.vm
16:04:03.382 [Test worker] DEBUG org.apache.velocity - ResourceManager : found /templates/macros/report/statsTable.vm with loader org.apache.velocity.runtime.resource.loader.ClasspathResourceLoader
16:04:03.382 [Test worker] DEBUG org.apache.velocity - Velocimacro : added VM includeBrief: source=/templates/macros/json/brief.vm
16:04:03.382 [Test worker] DEBUG org.apache.velocity - ResourceManager : found /templates/macros/json/brief.vm with loader org.apache.velocity.runtime.resource.loader.ClasspathResourceLoader
16:04:03.382 [Test worker] DEBUG org.apache.velocity - Velocimacro : added VM includeDocString: source=/templates/macros/json/docstring.vm
16:04:03.382 [Test worker] DEBUG org.apache.velocity - ResourceManager : found /templates/macros/json/docstring.vm with loader org.apache.velocity.runtime.resource.loader.ClasspathResourceLoader
16:04:03.382 [Test worker] DEBUG org.apache.velocity - Velocimacro : added VM includeDuration: source=/templates/macros/json/duration.vm
16:04:03.382 [Test worker] DEBUG org.apache.velocity - ResourceManager : found /templates/macros/json/duration.vm with loader org.apache.velocity.runtime.resource.loader.ClasspathResourceLoader
16:04:03.382 [Test worker] DEBUG org.apache.velocity - Velocimacro : added VM includeElement: source=/templates/macros/json/element.vm
16:04:03.382 [Test worker] DEBUG org.apache.velocity - ResourceManager : found /templates/macros/json/element.vm with loader org.apache.velocity.runtime.resource.loader.ClasspathResourceLoader
16:04:03.382 [Test worker] DEBUG org.apache.velocity - Velocimacro : added VM includeEmbeddings: source=/templates/macros/json/embeddings.vm
16:04:03.382 [Test worker] DEBUG org.apache.velocity - Velocimacro : added VM includeHtmlEmbedding: source=/templates/macros/json/embeddings.vm
16:04:03.382 [Test worker] DEBUG org.apache.velocity - Velocimacro : added VM includeImageEmbedding: source=/templates/macros/json/embeddings.vm
16:04:03.382 [Test worker] DEBUG org.apache.velocity - Velocimacro : added VM includeImageReferenceEmbedding: source=/templates/macros/json/embeddings.vm
16:04:03.382 [Test worker] DEBUG org.apache.velocity - Velocimacro : added VM includeTextEmbedding: source=/templates/macros/json/embeddings.vm
16:04:03.382 [Test worker] DEBUG org.apache.velocity - Velocimacro : added VM includeUnknownEmbedding: source=/templates/macros/json/embeddings.vm
16:04:03.382 [Test worker] DEBUG org.apache.velocity - ResourceManager : found /templates/macros/json/embeddings.vm with loader org.apache.velocity.runtime.resource.loader.ClasspathResourceLoader
16:04:03.382 [Test worker] DEBUG org.apache.velocity - Velocimacro : added VM includeHooks: source=/templates/macros/json/hooks.vm
16:04:03.382 [Test worker] DEBUG org.apache.velocity - ResourceManager : found /templates/macros/json/hooks.vm with loader org.apache.velocity.runtime.resource.loader.ClasspathResourceLoader
16:04:03.382 [Test worker] DEBUG org.apache.velocity - Velocimacro : added VM includeOutput: source=/templates/macros/json/output.vm
16:04:03.382 [Test worker] DEBUG org.apache.velocity - ResourceManager : found /templates/macros/json/output.vm with loader org.apache.velocity.runtime.resource.loader.ClasspathResourceLoader
16:04:03.382 [Test worker] DEBUG org.apache.velocity - Velocimacro : added VM includeMessage: source=/templates/macros/json/message.vm
16:04:03.382 [Test worker] DEBUG org.apache.velocity - ResourceManager : found /templates/macros/json/message.vm with loader org.apache.velocity.runtime.resource.loader.ClasspathResourceLoader
16:04:03.382 [Test worker] DEBUG org.apache.velocity - Velocimacro : added VM includeSteps: source=/templates/macros/json/steps.vm
16:04:03.382 [Test worker] DEBUG org.apache.velocity - ResourceManager : found /templates/macros/json/steps.vm with loader org.apache.velocity.runtime.resource.loader.ClasspathResourceLoader
16:04:03.382 [Test worker] DEBUG org.apache.velocity - Velocimacro : added VM includeTags: source=/templates/macros/json/tags.vm
16:04:03.382 [Test worker] DEBUG org.apache.velocity - ResourceManager : found /templates/macros/json/tags.vm with loader org.apache.velocity.runtime.resource.loader.ClasspathResourceLoader
16:04:03.382 [Test worker] DEBUG org.apache.velocity - VM #includeNavigation: too few arguments to macro. Wanted 1 got 0
16:04:03.398 [Test worker] DEBUG org.apache.velocity - Left side ($active_tab) of '==' operation has null value. If it is a reference, it may not be in the context or its toString() returned null. /templates/macros/page/navigation.vm[line 14, column 51]
16:04:03.398 [Test worker] DEBUG org.apache.velocity - Left side ($active_tab) of '==' operation has null value. If it is a reference, it may not be in the context or its toString() returned null. /templates/macros/page/navigation.vm[line 15, column 51]
16:04:03.398 [Test worker] DEBUG org.apache.velocity - Left side ($active_tab) of '==' operation has null value. If it is a reference, it may not be in the context or its toString() returned null. /templates/macros/page/navigation.vm[line 16, column 51]
16:04:03.398 [Test worker] DEBUG org.apache.velocity - Left side ($active_tab) of '==' operation has null value. If it is a reference, it may not be in the context or its toString() returned null. /templates/macros/page/navigation.vm[line 20, column 51]
16:04:03.398 [Test worker] DEBUG org.apache.velocity - VM #includeLead: too few arguments to macro. Wanted 2 got 1
16:04:03.398 [Test worker] DEBUG org.apache.velocity - VM #includeBrief: too few arguments to macro. Wanted 5 got 3
16:04:03.398 [Test worker] DEBUG org.apache.velocity - VM #includeBrief: too few arguments to macro. Wanted 5 got 4
16:04:03.398 [Test worker] DEBUG org.apache.velocity - VM #includeBrief: too few arguments to macro. Wanted 5 got 4
16:04:03.398 [Test worker] DEBUG org.apache.velocity - VM #includeBrief: too few arguments to macro. Wanted 5 got 4
16:04:03.398 [Test worker] DEBUG org.apache.velocity - VM #includeBrief: too few arguments to macro. Wanted 5 got 4
16:04:03.398 [Test worker] DEBUG org.apache.velocity - ResourceManager : found /templates/footer.vm with loader org.apache.velocity.runtime.resource.loader.ClasspathResourceLoader
16:04:03.398 [Test worker] DEBUG org.apache.velocity - ResourceManager : found templates/generators/reportFeature.vm with loader org.apache.velocity.runtime.resource.loader.ClasspathResourceLoader
16:04:03.398 [Test worker] DEBUG org.apache.velocity - ResourceManager : found /templates/headers.vm with loader org.apache.velocity.runtime.resource.loader.ClasspathResourceLoader
16:04:03.398 [Test worker] DEBUG org.apache.velocity - ResourceManager : found /templates/head.vm with loader org.apache.velocity.runtime.resource.loader.ClasspathResourceLoader
16:04:03.398 [Test worker] DEBUG org.apache.velocity - Velocimacro : added VM stringArray: source=/templates/macros/array.js.vm
16:04:03.398 [Test worker] DEBUG org.apache.velocity - Velocimacro : added VM numberArray: source=/templates/macros/array.js.vm
16:04:03.398 [Test worker] DEBUG org.apache.velocity - ResourceManager : found /templates/macros/array.js.vm with loader org.apache.velocity.runtime.resource.loader.ClasspathResourceLoader
16:04:03.398 [Test worker] DEBUG org.apache.velocity - Velocimacro : added VM includeBuildInfo: source=/templates/macros/page/buildinfo.vm
16:04:03.398 [Test worker] DEBUG org.apache.velocity - ResourceManager : found /templates/macros/page/buildinfo.vm with loader org.apache.velocity.runtime.resource.loader.ClasspathResourceLoader
16:04:03.398 [Test worker] DEBUG org.apache.velocity - Velocimacro : added VM includeClassifications: source=/templates/macros/page/classifications.vm
16:04:03.398 [Test worker] DEBUG org.apache.velocity - ResourceManager : found /templates/macros/page/classifications.vm with loader org.apache.velocity.runtime.resource.loader.ClasspathResourceLoader
16:04:03.398 [Test worker] DEBUG org.apache.velocity - Velocimacro : added VM includeLead: source=/templates/macros/page/lead.vm
16:04:03.398 [Test worker] DEBUG org.apache.velocity - ResourceManager : found /templates/macros/page/lead.vm with loader org.apache.velocity.runtime.resource.loader.ClasspathResourceLoader
16:04:03.398 [Test worker] DEBUG org.apache.velocity - Velocimacro : added VM includeNavigation: source=/templates/macros/page/navigation.vm
16:04:03.398 [Test worker] DEBUG org.apache.velocity - ResourceManager : found /templates/macros/page/navigation.vm with loader org.apache.velocity.runtime.resource.loader.ClasspathResourceLoader
16:04:03.398 [Test worker] DEBUG org.apache.velocity - Velocimacro : added VM includeReportInfo: source=/templates/macros/page/reportInfo.vm
16:04:03.398 [Test worker] DEBUG org.apache.velocity - ResourceManager : found /templates/macros/page/reportInfo.vm with loader org.apache.velocity.runtime.resource.loader.ClasspathResourceLoader
16:04:03.398 [Test worker] DEBUG org.apache.velocity - Velocimacro : added VM includeTitle: source=/templates/macros/page/title.vm
16:04:03.398 [Test worker] DEBUG org.apache.velocity - ResourceManager : found /templates/macros/page/title.vm with loader org.apache.velocity.runtime.resource.loader.ClasspathResourceLoader
16:04:03.398 [Test worker] DEBUG org.apache.velocity - Velocimacro : added VM includeExpandingButtons: source=/templates/macros/report/expandAllButtons.vm
16:04:03.398 [Test worker] DEBUG org.apache.velocity - ResourceManager : found /templates/macros/report/expandAllButtons.vm with loader org.apache.velocity.runtime.resource.loader.ClasspathResourceLoader
16:04:03.398 [Test worker] DEBUG org.apache.velocity - Velocimacro : added VM includeReportTable: source=/templates/macros/report/reportTable.vm
16:04:03.398 [Test worker] DEBUG org.apache.velocity - ResourceManager : found /templates/macros/report/reportTable.vm with loader org.apache.velocity.runtime.resource.loader.ClasspathResourceLoader
16:04:03.398 [Test worker] DEBUG org.apache.velocity - Velocimacro : added VM includeReportHeader: source=/templates/macros/report/reportHeader.vm
16:04:03.398 [Test worker] DEBUG org.apache.velocity - ResourceManager : found /templates/macros/report/reportHeader.vm with loader org.apache.velocity.runtime.resource.loader.ClasspathResourceLoader
16:04:03.398 [Test worker] DEBUG org.apache.velocity - Velocimacro : added VM includeStatsTable: source=/templates/macros/report/statsTable.vm
16:04:03.398 [Test worker] DEBUG org.apache.velocity - ResourceManager : found /templates/macros/report/statsTable.vm with loader org.apache.velocity.runtime.resource.loader.ClasspathResourceLoader
16:04:03.398 [Test worker] DEBUG org.apache.velocity - Velocimacro : added VM includeBrief: source=/templates/macros/json/brief.vm
16:04:03.398 [Test worker] DEBUG org.apache.velocity - ResourceManager : found /templates/macros/json/brief.vm with loader org.apache.velocity.runtime.resource.loader.ClasspathResourceLoader
16:04:03.398 [Test worker] DEBUG org.apache.velocity - Velocimacro : added VM includeDocString: source=/templates/macros/json/docstring.vm
16:04:03.398 [Test worker] DEBUG org.apache.velocity - ResourceManager : found /templates/macros/json/docstring.vm with loader org.apache.velocity.runtime.resource.loader.ClasspathResourceLoader
16:04:03.398 [Test worker] DEBUG org.apache.velocity - Velocimacro : added VM includeDuration: source=/templates/macros/json/duration.vm
16:04:03.398 [Test worker] DEBUG org.apache.velocity - ResourceManager : found /templates/macros/json/duration.vm with loader org.apache.velocity.runtime.resource.loader.ClasspathResourceLoader
16:04:03.398 [Test worker] DEBUG org.apache.velocity - Velocimacro : added VM includeElement: source=/templates/macros/json/element.vm
16:04:03.398 [Test worker] DEBUG org.apache.velocity - ResourceManager : found /templates/macros/json/element.vm with loader org.apache.velocity.runtime.resource.loader.ClasspathResourceLoader
16:04:03.398 [Test worker] DEBUG org.apache.velocity - Velocimacro : added VM includeEmbeddings: source=/templates/macros/json/embeddings.vm
16:04:03.398 [Test worker] DEBUG org.apache.velocity - Velocimacro : added VM includeHtmlEmbedding: source=/templates/macros/json/embeddings.vm
16:04:03.398 [Test worker] DEBUG org.apache.velocity - Velocimacro : added VM includeImageEmbedding: source=/templates/macros/json/embeddings.vm
16:04:03.398 [Test worker] DEBUG org.apache.velocity - Velocimacro : added VM includeImageReferenceEmbedding: source=/templates/macros/json/embeddings.vm
16:04:03.398 [Test worker] DEBUG org.apache.velocity - Velocimacro : added VM includeTextEmbedding: source=/templates/macros/json/embeddings.vm
16:04:03.398 [Test worker] DEBUG org.apache.velocity - Velocimacro : added VM includeUnknownEmbedding: source=/templates/macros/json/embeddings.vm
16:04:03.398 [Test worker] DEBUG org.apache.velocity - ResourceManager : found /templates/macros/json/embeddings.vm with loader org.apache.velocity.runtime.resource.loader.ClasspathResourceLoader
16:04:03.398 [Test worker] DEBUG org.apache.velocity - Velocimacro : added VM includeHooks: source=/templates/macros/json/hooks.vm
16:04:03.398 [Test worker] DEBUG org.apache.velocity - ResourceManager : found /templates/macros/json/hooks.vm with loader org.apache.velocity.runtime.resource.loader.ClasspathResourceLoader
16:04:03.398 [Test worker] DEBUG org.apache.velocity - Velocimacro : added VM includeOutput: source=/templates/macros/json/output.vm
16:04:03.398 [Test worker] DEBUG org.apache.velocity - ResourceManager : found /templates/macros/json/output.vm with loader org.apache.velocity.runtime.resource.loader.ClasspathResourceLoader
16:04:03.413 [Test worker] DEBUG org.apache.velocity - Velocimacro : added VM includeMessage: source=/templates/macros/json/message.vm
16:04:03.413 [Test worker] DEBUG org.apache.velocity - ResourceManager : found /templates/macros/json/message.vm with loader org.apache.velocity.runtime.resource.loader.ClasspathResourceLoader
16:04:03.413 [Test worker] DEBUG org.apache.velocity - Velocimacro : added VM includeSteps: source=/templates/macros/json/steps.vm
16:04:03.413 [Test worker] DEBUG org.apache.velocity - ResourceManager : found /templates/macros/json/steps.vm with loader org.apache.velocity.runtime.resource.loader.ClasspathResourceLoader
16:04:03.413 [Test worker] DEBUG org.apache.velocity - Velocimacro : added VM includeTags: source=/templates/macros/json/tags.vm
16:04:03.413 [Test worker] DEBUG org.apache.velocity - ResourceManager : found /templates/macros/json/tags.vm with loader org.apache.velocity.runtime.resource.loader.ClasspathResourceLoader
16:04:03.413 [Test worker] DEBUG org.apache.velocity - VM #includeNavigation: too few arguments to macro. Wanted 1 got 0
16:04:03.413 [Test worker] DEBUG org.apache.velocity - Left side ($active_tab) of '==' operation has null value. If it is a reference, it may not be in the context or its toString() returned null. /templates/macros/page/navigation.vm[line 14, column 51]
16:04:03.413 [Test worker] DEBUG org.apache.velocity - Left side ($active_tab) of '==' operation has null value. If it is a reference, it may not be in the context or its toString() returned null. /templates/macros/page/navigation.vm[line 15, column 51]
16:04:03.413 [Test worker] DEBUG org.apache.velocity - Left side ($active_tab) of '==' operation has null value. If it is a reference, it may not be in the context or its toString() returned null. /templates/macros/page/navigation.vm[line 16, column 51]
16:04:03.413 [Test worker] DEBUG org.apache.velocity - Left side ($active_tab) of '==' operation has null value. If it is a reference, it may not be in the context or its toString() returned null. /templates/macros/page/navigation.vm[line 20, column 51]
16:04:03.413 [Test worker] DEBUG org.apache.velocity - VM #includeLead: too few arguments to macro. Wanted 2 got 1
16:04:03.413 [Test worker] DEBUG org.apache.velocity - VM #includeBrief: too few arguments to macro. Wanted 5 got 3
16:04:03.413 [Test worker] DEBUG org.apache.velocity - VM #includeBrief: too few arguments to macro. Wanted 5 got 4
16:04:03.413 [Test worker] DEBUG org.apache.velocity - VM #includeBrief: too few arguments to macro. Wanted 5 got 4
16:04:03.413 [Test worker] DEBUG org.apache.velocity - VM #includeBrief: too few arguments to macro. Wanted 5 got 4
16:04:03.413 [Test worker] DEBUG org.apache.velocity - VM #includeBrief: too few arguments to macro. Wanted 5 got 4
16:04:03.413 [Test worker] DEBUG org.apache.velocity - VM #includeBrief: too few arguments to macro. Wanted 5 got 4
16:04:03.413 [Test worker] DEBUG org.apache.velocity - VM #includeBrief: too few arguments to macro. Wanted 5 got 4
16:04:03.413 [Test worker] DEBUG org.apache.velocity - VM #includeBrief: too few arguments to macro. Wanted 5 got 4
16:04:03.413 [Test worker] DEBUG org.apache.velocity - VM #includeBrief: too few arguments to macro. Wanted 5 got 4
16:04:03.413 [Test worker] DEBUG org.apache.velocity - VM #includeBrief: too few arguments to macro. Wanted 5 got 4
16:04:03.413 [Test worker] DEBUG org.apache.velocity - VM #includeBrief: too few arguments to macro. Wanted 5 got 4
16:04:03.413 [Test worker] DEBUG org.apache.velocity - VM #includeBrief: too few arguments to macro. Wanted 5 got 4
16:04:03.413 [Test worker] DEBUG org.apache.velocity - VM #includeBrief: too few arguments to macro. Wanted 5 got 4
16:04:03.413 [Test worker] DEBUG org.apache.velocity - VM #includeBrief: too few arguments to macro. Wanted 5 got 4
16:04:03.413 [Test worker] DEBUG org.apache.velocity - VM #includeBrief: too few arguments to macro. Wanted 5 got 4
16:04:03.413 [Test worker] DEBUG org.apache.velocity - VM #includeBrief: too few arguments to macro. Wanted 5 got 4
16:04:03.413 [Test worker] DEBUG org.apache.velocity - VM #includeBrief: too few arguments to macro. Wanted 5 got 4
16:04:03.413 [Test worker] DEBUG org.apache.velocity - ResourceManager : found /templates/footer.vm with loader org.apache.velocity.runtime.resource.loader.ClasspathResourceLoader
16:04:03.413 [Test worker] DEBUG org.apache.velocity - ResourceManager : found templates/generators/reportFeature.vm with loader org.apache.velocity.runtime.resource.loader.ClasspathResourceLoader
16:04:03.413 [Test worker] DEBUG org.apache.velocity - ResourceManager : found /templates/headers.vm with loader org.apache.velocity.runtime.resource.loader.ClasspathResourceLoader
16:04:03.413 [Test worker] DEBUG org.apache.velocity - ResourceManager : found /templates/head.vm with loader org.apache.velocity.runtime.resource.loader.ClasspathResourceLoader
16:04:03.413 [Test worker] DEBUG org.apache.velocity - Velocimacro : added VM stringArray: source=/templates/macros/array.js.vm
16:04:03.413 [Test worker] DEBUG org.apache.velocity - Velocimacro : added VM numberArray: source=/templates/macros/array.js.vm
16:04:03.413 [Test worker] DEBUG org.apache.velocity - ResourceManager : found /templates/macros/array.js.vm with loader org.apache.velocity.runtime.resource.loader.ClasspathResourceLoader
16:04:03.413 [Test worker] DEBUG org.apache.velocity - Velocimacro : added VM includeBuildInfo: source=/templates/macros/page/buildinfo.vm
16:04:03.413 [Test worker] DEBUG org.apache.velocity - ResourceManager : found /templates/macros/page/buildinfo.vm with loader org.apache.velocity.runtime.resource.loader.ClasspathResourceLoader
16:04:03.413 [Test worker] DEBUG org.apache.velocity - Velocimacro : added VM includeClassifications: source=/templates/macros/page/classifications.vm
16:04:03.413 [Test worker] DEBUG org.apache.velocity - ResourceManager : found /templates/macros/page/classifications.vm with loader org.apache.velocity.runtime.resource.loader.ClasspathResourceLoader
16:04:03.429 [Test worker] DEBUG org.apache.velocity - Velocimacro : added VM includeLead: source=/templates/macros/page/lead.vm
16:04:03.429 [Test worker] DEBUG org.apache.velocity - ResourceManager : found /templates/macros/page/lead.vm with loader org.apache.velocity.runtime.resource.loader.ClasspathResourceLoader
16:04:03.429 [Test worker] DEBUG org.apache.velocity - Velocimacro : added VM includeNavigation: source=/templates/macros/page/navigation.vm
16:04:03.429 [Test worker] DEBUG org.apache.velocity - ResourceManager : found /templates/macros/page/navigation.vm with loader org.apache.velocity.runtime.resource.loader.ClasspathResourceLoader
16:04:03.429 [Test worker] DEBUG org.apache.velocity - Velocimacro : added VM includeReportInfo: source=/templates/macros/page/reportInfo.vm
16:04:03.429 [Test worker] DEBUG org.apache.velocity - ResourceManager : found /templates/macros/page/reportInfo.vm with loader org.apache.velocity.runtime.resource.loader.ClasspathResourceLoader
16:04:03.429 [Test worker] DEBUG org.apache.velocity - Velocimacro : added VM includeTitle: source=/templates/macros/page/title.vm
16:04:03.429 [Test worker] DEBUG org.apache.velocity - ResourceManager : found /templates/macros/page/title.vm with loader org.apache.velocity.runtime.resource.loader.ClasspathResourceLoader
16:04:03.429 [Test worker] DEBUG org.apache.velocity - Velocimacro : added VM includeExpandingButtons: source=/templates/macros/report/expandAllButtons.vm
16:04:03.429 [Test worker] DEBUG org.apache.velocity - ResourceManager : found /templates/macros/report/expandAllButtons.vm with loader org.apache.velocity.runtime.resource.loader.ClasspathResourceLoader
16:04:03.429 [Test worker] DEBUG org.apache.velocity - Velocimacro : added VM includeReportTable: source=/templates/macros/report/reportTable.vm
16:04:03.429 [Test worker] DEBUG org.apache.velocity - ResourceManager : found /templates/macros/report/reportTable.vm with loader org.apache.velocity.runtime.resource.loader.ClasspathResourceLoader
16:04:03.429 [Test worker] DEBUG org.apache.velocity - Velocimacro : added VM includeReportHeader: source=/templates/macros/report/reportHeader.vm
16:04:03.429 [Test worker] DEBUG org.apache.velocity - ResourceManager : found /templates/macros/report/reportHeader.vm with loader org.apache.velocity.runtime.resource.loader.ClasspathResourceLoader
16:04:03.429 [Test worker] DEBUG org.apache.velocity - Velocimacro : added VM includeStatsTable: source=/templates/macros/report/statsTable.vm
16:04:03.429 [Test worker] DEBUG org.apache.velocity - ResourceManager : found /templates/macros/report/statsTable.vm with loader org.apache.velocity.runtime.resource.loader.ClasspathResourceLoader
16:04:03.429 [Test worker] DEBUG org.apache.velocity - Velocimacro : added VM includeBrief: source=/templates/macros/json/brief.vm
16:04:03.429 [Test worker] DEBUG org.apache.velocity - ResourceManager : found /templates/macros/json/brief.vm with loader org.apache.velocity.runtime.resource.loader.ClasspathResourceLoader
16:04:03.429 [Test worker] DEBUG org.apache.velocity - Velocimacro : added VM includeDocString: source=/templates/macros/json/docstring.vm
16:04:03.429 [Test worker] DEBUG org.apache.velocity - ResourceManager : found /templates/macros/json/docstring.vm with loader org.apache.velocity.runtime.resource.loader.ClasspathResourceLoader
16:04:03.429 [Test worker] DEBUG org.apache.velocity - Velocimacro : added VM includeDuration: source=/templates/macros/json/duration.vm
16:04:03.429 [Test worker] DEBUG org.apache.velocity - ResourceManager : found /templates/macros/json/duration.vm with loader org.apache.velocity.runtime.resource.loader.ClasspathResourceLoader
16:04:03.429 [Test worker] DEBUG org.apache.velocity - Velocimacro : added VM includeElement: source=/templates/macros/json/element.vm
16:04:03.429 [Test worker] DEBUG org.apache.velocity - ResourceManager : found /templates/macros/json/element.vm with loader org.apache.velocity.runtime.resource.loader.ClasspathResourceLoader
16:04:03.429 [Test worker] DEBUG org.apache.velocity - Velocimacro : added VM includeEmbeddings: source=/templates/macros/json/embeddings.vm
16:04:03.429 [Test worker] DEBUG org.apache.velocity - Velocimacro : added VM includeHtmlEmbedding: source=/templates/macros/json/embeddings.vm
16:04:03.429 [Test worker] DEBUG org.apache.velocity - Velocimacro : added VM includeImageEmbedding: source=/templates/macros/json/embeddings.vm
16:04:03.429 [Test worker] DEBUG org.apache.velocity - Velocimacro : added VM includeImageReferenceEmbedding: source=/templates/macros/json/embeddings.vm
16:04:03.429 [Test worker] DEBUG org.apache.velocity - Velocimacro : added VM includeTextEmbedding: source=/templates/macros/json/embeddings.vm
16:04:03.429 [Test worker] DEBUG org.apache.velocity - Velocimacro : added VM includeUnknownEmbedding: source=/templates/macros/json/embeddings.vm
16:04:03.429 [Test worker] DEBUG org.apache.velocity - ResourceManager : found /templates/macros/json/embeddings.vm with loader org.apache.velocity.runtime.resource.loader.ClasspathResourceLoader
16:04:03.429 [Test worker] DEBUG org.apache.velocity - Velocimacro : added VM includeHooks: source=/templates/macros/json/hooks.vm
16:04:03.429 [Test worker] DEBUG org.apache.velocity - ResourceManager : found /templates/macros/json/hooks.vm with loader org.apache.velocity.runtime.resource.loader.ClasspathResourceLoader
16:04:03.429 [Test worker] DEBUG org.apache.velocity - Velocimacro : added VM includeOutput: source=/templates/macros/json/output.vm
16:04:03.429 [Test worker] DEBUG org.apache.velocity - ResourceManager : found /templates/macros/json/output.vm with loader org.apache.velocity.runtime.resource.loader.ClasspathResourceLoader
16:04:03.429 [Test worker] DEBUG org.apache.velocity - Velocimacro : added VM includeMessage: source=/templates/macros/json/message.vm
16:04:03.429 [Test worker] DEBUG org.apache.velocity - ResourceManager : found /templates/macros/json/message.vm with loader org.apache.velocity.runtime.resource.loader.ClasspathResourceLoader
16:04:03.429 [Test worker] DEBUG org.apache.velocity - Velocimacro : added VM includeSteps: source=/templates/macros/json/steps.vm
16:04:03.429 [Test worker] DEBUG org.apache.velocity - ResourceManager : found /templates/macros/json/steps.vm with loader org.apache.velocity.runtime.resource.loader.ClasspathResourceLoader
16:04:03.429 [Test worker] DEBUG org.apache.velocity - Velocimacro : added VM includeTags: source=/templates/macros/json/tags.vm
16:04:03.429 [Test worker] DEBUG org.apache.velocity - ResourceManager : found /templates/macros/json/tags.vm with loader org.apache.velocity.runtime.resource.loader.ClasspathResourceLoader
16:04:03.429 [Test worker] DEBUG org.apache.velocity - VM #includeNavigation: too few arguments to macro. Wanted 1 got 0
16:04:03.429 [Test worker] DEBUG org.apache.velocity - Left side ($active_tab) of '==' operation has null value. If it is a reference, it may not be in the context or its toString() returned null. /templates/macros/page/navigation.vm[line 14, column 51]
16:04:03.429 [Test worker] DEBUG org.apache.velocity - Left side ($active_tab) of '==' operation has null value. If it is a reference, it may not be in the context or its toString() returned null. /templates/macros/page/navigation.vm[line 15, column 51]
16:04:03.429 [Test worker] DEBUG org.apache.velocity - Left side ($active_tab) of '==' operation has null value. If it is a reference, it may not be in the context or its toString() returned null. /templates/macros/page/navigation.vm[line 16, column 51]
16:04:03.429 [Test worker] DEBUG org.apache.velocity - Left side ($active_tab) of '==' operation has null value. If it is a reference, it may not be in the context or its toString() returned null. /templates/macros/page/navigation.vm[line 20, column 51]
16:04:03.429 [Test worker] DEBUG org.apache.velocity - VM #includeLead: too few arguments to macro. Wanted 2 got 1
16:04:03.429 [Test worker] DEBUG org.apache.velocity - VM #includeBrief: too few arguments to macro. Wanted 5 got 3
16:04:03.429 [Test worker] DEBUG org.apache.velocity - VM #includeBrief: too few arguments to macro. Wanted 5 got 4
16:04:03.429 [Test worker] DEBUG org.apache.velocity - VM #includeBrief: too few arguments to macro. Wanted 5 got 4
16:04:03.429 [Test worker] DEBUG org.apache.velocity - VM #includeBrief: too few arguments to macro. Wanted 5 got 4
16:04:03.429 [Test worker] DEBUG org.apache.velocity - VM #includeBrief: too few arguments to macro. Wanted 5 got 4
16:04:03.429 [Test worker] DEBUG org.apache.velocity - ResourceManager : found /templates/footer.vm with loader org.apache.velocity.runtime.resource.loader.ClasspathResourceLoader
16:04:03.445 [Test worker] DEBUG org.apache.velocity - ResourceManager : found templates/generators/reportFeature.vm with loader org.apache.velocity.runtime.resource.loader.ClasspathResourceLoader
16:04:03.445 [Test worker] DEBUG org.apache.velocity - ResourceManager : found /templates/headers.vm with loader org.apache.velocity.runtime.resource.loader.ClasspathResourceLoader
16:04:03.445 [Test worker] DEBUG org.apache.velocity - ResourceManager : found /templates/head.vm with loader org.apache.velocity.runtime.resource.loader.ClasspathResourceLoader
16:04:03.445 [Test worker] DEBUG org.apache.velocity - Velocimacro : added VM stringArray: source=/templates/macros/array.js.vm
16:04:03.445 [Test worker] DEBUG org.apache.velocity - Velocimacro : added VM numberArray: source=/templates/macros/array.js.vm
16:04:03.445 [Test worker] DEBUG org.apache.velocity - ResourceManager : found /templates/macros/array.js.vm with loader org.apache.velocity.runtime.resource.loader.ClasspathResourceLoader
16:04:03.445 [Test worker] DEBUG org.apache.velocity - Velocimacro : added VM includeBuildInfo: source=/templates/macros/page/buildinfo.vm
16:04:03.445 [Test worker] DEBUG org.apache.velocity - ResourceManager : found /templates/macros/page/buildinfo.vm with loader org.apache.velocity.runtime.resource.loader.ClasspathResourceLoader
16:04:03.445 [Test worker] DEBUG org.apache.velocity - Velocimacro : added VM includeClassifications: source=/templates/macros/page/classifications.vm
16:04:03.445 [Test worker] DEBUG org.apache.velocity - ResourceManager : found /templates/macros/page/classifications.vm with loader org.apache.velocity.runtime.resource.loader.ClasspathResourceLoader
16:04:03.445 [Test worker] DEBUG org.apache.velocity - Velocimacro : added VM includeLead: source=/templates/macros/page/lead.vm
16:04:03.445 [Test worker] DEBUG org.apache.velocity - ResourceManager : found /templates/macros/page/lead.vm with loader org.apache.velocity.runtime.resource.loader.ClasspathResourceLoader
16:04:03.445 [Test worker] DEBUG org.apache.velocity - Velocimacro : added VM includeNavigation: source=/templates/macros/page/navigation.vm
16:04:03.445 [Test worker] DEBUG org.apache.velocity - ResourceManager : found /templates/macros/page/navigation.vm with loader org.apache.velocity.runtime.resource.loader.ClasspathResourceLoader
16:04:03.445 [Test worker] DEBUG org.apache.velocity - Velocimacro : added VM includeReportInfo: source=/templates/macros/page/reportInfo.vm
16:04:03.445 [Test worker] DEBUG org.apache.velocity - ResourceManager : found /templates/macros/page/reportInfo.vm with loader org.apache.velocity.runtime.resource.loader.ClasspathResourceLoader
16:04:03.445 [Test worker] DEBUG org.apache.velocity - Velocimacro : added VM includeTitle: source=/templates/macros/page/title.vm
16:04:03.445 [Test worker] DEBUG org.apache.velocity - ResourceManager : found /templates/macros/page/title.vm with loader org.apache.velocity.runtime.resource.loader.ClasspathResourceLoader
16:04:03.445 [Test worker] DEBUG org.apache.velocity - Velocimacro : added VM includeExpandingButtons: source=/templates/macros/report/expandAllButtons.vm
16:04:03.445 [Test worker] DEBUG org.apache.velocity - ResourceManager : found /templates/macros/report/expandAllButtons.vm with loader org.apache.velocity.runtime.resource.loader.ClasspathResourceLoader
16:04:03.445 [Test worker] DEBUG org.apache.velocity - Velocimacro : added VM includeReportTable: source=/templates/macros/report/reportTable.vm
16:04:03.445 [Test worker] DEBUG org.apache.velocity - ResourceManager : found /templates/macros/report/reportTable.vm with loader org.apache.velocity.runtime.resource.loader.ClasspathResourceLoader
16:04:03.445 [Test worker] DEBUG org.apache.velocity - Velocimacro : added VM includeReportHeader: source=/templates/macros/report/reportHeader.vm
16:04:03.445 [Test worker] DEBUG org.apache.velocity - ResourceManager : found /templates/macros/report/reportHeader.vm with loader org.apache.velocity.runtime.resource.loader.ClasspathResourceLoader
16:04:03.445 [Test worker] DEBUG org.apache.velocity - Velocimacro : added VM includeStatsTable: source=/templates/macros/report/statsTable.vm
16:04:03.445 [Test worker] DEBUG org.apache.velocity - ResourceManager : found /templates/macros/report/statsTable.vm with loader org.apache.velocity.runtime.resource.loader.ClasspathResourceLoader
16:04:03.445 [Test worker] DEBUG org.apache.velocity - Velocimacro : added VM includeBrief: source=/templates/macros/json/brief.vm
16:04:03.445 [Test worker] DEBUG org.apache.velocity - ResourceManager : found /templates/macros/json/brief.vm with loader org.apache.velocity.runtime.resource.loader.ClasspathResourceLoader
16:04:03.445 [Test worker] DEBUG org.apache.velocity - Velocimacro : added VM includeDocString: source=/templates/macros/json/docstring.vm
16:04:03.445 [Test worker] DEBUG org.apache.velocity - ResourceManager : found /templates/macros/json/docstring.vm with loader org.apache.velocity.runtime.resource.loader.ClasspathResourceLoader
16:04:03.445 [Test worker] DEBUG org.apache.velocity - Velocimacro : added VM includeDuration: source=/templates/macros/json/duration.vm
16:04:03.445 [Test worker] DEBUG org.apache.velocity - ResourceManager : found /templates/macros/json/duration.vm with loader org.apache.velocity.runtime.resource.loader.ClasspathResourceLoader
16:04:03.445 [Test worker] DEBUG org.apache.velocity - Velocimacro : added VM includeElement: source=/templates/macros/json/element.vm
16:04:03.445 [Test worker] DEBUG org.apache.velocity - ResourceManager : found /templates/macros/json/element.vm with loader org.apache.velocity.runtime.resource.loader.ClasspathResourceLoader
16:04:03.445 [Test worker] DEBUG org.apache.velocity - Velocimacro : added VM includeEmbeddings: source=/templates/macros/json/embeddings.vm
16:04:03.445 [Test worker] DEBUG org.apache.velocity - Velocimacro : added VM includeHtmlEmbedding: source=/templates/macros/json/embeddings.vm
16:04:03.445 [Test worker] DEBUG org.apache.velocity - Velocimacro : added VM includeImageEmbedding: source=/templates/macros/json/embeddings.vm
16:04:03.445 [Test worker] DEBUG org.apache.velocity - Velocimacro : added VM includeImageReferenceEmbedding: source=/templates/macros/json/embeddings.vm
16:04:03.445 [Test worker] DEBUG org.apache.velocity - Velocimacro : added VM includeTextEmbedding: source=/templates/macros/json/embeddings.vm
16:04:03.445 [Test worker] DEBUG org.apache.velocity - Velocimacro : added VM includeUnknownEmbedding: source=/templates/macros/json/embeddings.vm
16:04:03.445 [Test worker] DEBUG org.apache.velocity - ResourceManager : found /templates/macros/json/embeddings.vm with loader org.apache.velocity.runtime.resource.loader.ClasspathResourceLoader
16:04:03.445 [Test worker] DEBUG org.apache.velocity - Velocimacro : added VM includeHooks: source=/templates/macros/json/hooks.vm
16:04:03.445 [Test worker] DEBUG org.apache.velocity - ResourceManager : found /templates/macros/json/hooks.vm with loader org.apache.velocity.runtime.resource.loader.ClasspathResourceLoader
16:04:03.445 [Test worker] DEBUG org.apache.velocity - Velocimacro : added VM includeOutput: source=/templates/macros/json/output.vm
16:04:03.445 [Test worker] DEBUG org.apache.velocity - ResourceManager : found /templates/macros/json/output.vm with loader org.apache.velocity.runtime.resource.loader.ClasspathResourceLoader
16:04:03.445 [Test worker] DEBUG org.apache.velocity - Velocimacro : added VM includeMessage: source=/templates/macros/json/message.vm
16:04:03.445 [Test worker] DEBUG org.apache.velocity - ResourceManager : found /templates/macros/json/message.vm with loader org.apache.velocity.runtime.resource.loader.ClasspathResourceLoader
16:04:03.445 [Test worker] DEBUG org.apache.velocity - Velocimacro : added VM includeSteps: source=/templates/macros/json/steps.vm
16:04:03.445 [Test worker] DEBUG org.apache.velocity - ResourceManager : found /templates/macros/json/steps.vm with loader org.apache.velocity.runtime.resource.loader.ClasspathResourceLoader
16:04:03.445 [Test worker] DEBUG org.apache.velocity - Velocimacro : added VM includeTags: source=/templates/macros/json/tags.vm
16:04:03.445 [Test worker] DEBUG org.apache.velocity - ResourceManager : found /templates/macros/json/tags.vm with loader org.apache.velocity.runtime.resource.loader.ClasspathResourceLoader
16:04:03.445 [Test worker] DEBUG org.apache.velocity - VM #includeNavigation: too few arguments to macro. Wanted 1 got 0
16:04:03.445 [Test worker] DEBUG org.apache.velocity - Left side ($active_tab) of '==' operation has null value. If it is a reference, it may not be in the context or its toString() returned null. /templates/macros/page/navigation.vm[line 14, column 51]
16:04:03.445 [Test worker] DEBUG org.apache.velocity - Left side ($active_tab) of '==' operation has null value. If it is a reference, it may not be in the context or its toString() returned null. /templates/macros/page/navigation.vm[line 15, column 51]
16:04:03.445 [Test worker] DEBUG org.apache.velocity - Left side ($active_tab) of '==' operation has null value. If it is a reference, it may not be in the context or its toString() returned null. /templates/macros/page/navigation.vm[line 16, column 51]
16:04:03.445 [Test worker] DEBUG org.apache.velocity - Left side ($active_tab) of '==' operation has null value. If it is a reference, it may not be in the context or its toString() returned null. /templates/macros/page/navigation.vm[line 20, column 51]
16:04:03.445 [Test worker] DEBUG org.apache.velocity - VM #includeLead: too few arguments to macro. Wanted 2 got 1
16:04:03.445 [Test worker] DEBUG org.apache.velocity - VM #includeBrief: too few arguments to macro. Wanted 5 got 3
16:04:03.445 [Test worker] DEBUG org.apache.velocity - VM #includeBrief: too few arguments to macro. Wanted 5 got 4
16:04:03.445 [Test worker] DEBUG org.apache.velocity - VM #includeBrief: too few arguments to macro. Wanted 5 got 4
16:04:03.445 [Test worker] DEBUG org.apache.velocity - VM #includeBrief: too few arguments to macro. Wanted 5 got 4
16:04:03.445 [Test worker] DEBUG org.apache.velocity - VM #includeBrief: too few arguments to macro. Wanted 5 got 4
16:04:03.460 [Test worker] DEBUG org.apache.velocity - VM #includeBrief: too few arguments to macro. Wanted 5 got 4
16:04:03.460 [Test worker] DEBUG org.apache.velocity - VM #includeBrief: too few arguments to macro. Wanted 5 got 4
16:04:03.460 [Test worker] DEBUG org.apache.velocity - VM #includeBrief: too few arguments to macro. Wanted 5 got 4
16:04:03.460 [Test worker] DEBUG org.apache.velocity - VM #includeBrief: too few arguments to macro. Wanted 5 got 4
16:04:03.460 [Test worker] DEBUG org.apache.velocity - ResourceManager : found /templates/footer.vm with loader org.apache.velocity.runtime.resource.loader.ClasspathResourceLoader
16:04:03.460 [Test worker] DEBUG org.apache.velocity - ResourceManager : found templates/generators/reportFeature.vm with loader org.apache.velocity.runtime.resource.loader.ClasspathResourceLoader
16:04:03.460 [Test worker] DEBUG org.apache.velocity - ResourceManager : found /templates/headers.vm with loader org.apache.velocity.runtime.resource.loader.ClasspathResourceLoader
16:04:03.460 [Test worker] DEBUG org.apache.velocity - ResourceManager : found /templates/head.vm with loader org.apache.velocity.runtime.resource.loader.ClasspathResourceLoader
16:04:03.460 [Test worker] DEBUG org.apache.velocity - Velocimacro : added VM stringArray: source=/templates/macros/array.js.vm
16:04:03.460 [Test worker] DEBUG org.apache.velocity - Velocimacro : added VM numberArray: source=/templates/macros/array.js.vm
16:04:03.460 [Test worker] DEBUG org.apache.velocity - ResourceManager : found /templates/macros/array.js.vm with loader org.apache.velocity.runtime.resource.loader.ClasspathResourceLoader
16:04:03.460 [Test worker] DEBUG org.apache.velocity - Velocimacro : added VM includeBuildInfo: source=/templates/macros/page/buildinfo.vm
16:04:03.460 [Test worker] DEBUG org.apache.velocity - ResourceManager : found /templates/macros/page/buildinfo.vm with loader org.apache.velocity.runtime.resource.loader.ClasspathResourceLoader
16:04:03.460 [Test worker] DEBUG org.apache.velocity - Velocimacro : added VM includeClassifications: source=/templates/macros/page/classifications.vm
16:04:03.460 [Test worker] DEBUG org.apache.velocity - ResourceManager : found /templates/macros/page/classifications.vm with loader org.apache.velocity.runtime.resource.loader.ClasspathResourceLoader
16:04:03.460 [Test worker] DEBUG org.apache.velocity - Velocimacro : added VM includeLead: source=/templates/macros/page/lead.vm
16:04:03.460 [Test worker] DEBUG org.apache.velocity - ResourceManager : found /templates/macros/page/lead.vm with loader org.apache.velocity.runtime.resource.loader.ClasspathResourceLoader
16:04:03.460 [Test worker] DEBUG org.apache.velocity - Velocimacro : added VM includeNavigation: source=/templates/macros/page/navigation.vm
16:04:03.460 [Test worker] DEBUG org.apache.velocity - ResourceManager : found /templates/macros/page/navigation.vm with loader org.apache.velocity.runtime.resource.loader.ClasspathResourceLoader
16:04:03.460 [Test worker] DEBUG org.apache.velocity - Velocimacro : added VM includeReportInfo: source=/templates/macros/page/reportInfo.vm
16:04:03.460 [Test worker] DEBUG org.apache.velocity - ResourceManager : found /templates/macros/page/reportInfo.vm with loader org.apache.velocity.runtime.resource.loader.ClasspathResourceLoader
16:04:03.460 [Test worker] DEBUG org.apache.velocity - Velocimacro : added VM includeTitle: source=/templates/macros/page/title.vm
16:04:03.460 [Test worker] DEBUG org.apache.velocity - ResourceManager : found /templates/macros/page/title.vm with loader org.apache.velocity.runtime.resource.loader.ClasspathResourceLoader
16:04:03.460 [Test worker] DEBUG org.apache.velocity - Velocimacro : added VM includeExpandingButtons: source=/templates/macros/report/expandAllButtons.vm
16:04:03.460 [Test worker] DEBUG org.apache.velocity - ResourceManager : found /templates/macros/report/expandAllButtons.vm with loader org.apache.velocity.runtime.resource.loader.ClasspathResourceLoader
16:04:03.460 [Test worker] DEBUG org.apache.velocity - Velocimacro : added VM includeReportTable: source=/templates/macros/report/reportTable.vm
16:04:03.460 [Test worker] DEBUG org.apache.velocity - ResourceManager : found /templates/macros/report/reportTable.vm with loader org.apache.velocity.runtime.resource.loader.ClasspathResourceLoader
16:04:03.460 [Test worker] DEBUG org.apache.velocity - Velocimacro : added VM includeReportHeader: source=/templates/macros/report/reportHeader.vm
16:04:03.460 [Test worker] DEBUG org.apache.velocity - ResourceManager : found /templates/macros/report/reportHeader.vm with loader org.apache.velocity.runtime.resource.loader.ClasspathResourceLoader
16:04:03.460 [Test worker] DEBUG org.apache.velocity - Velocimacro : added VM includeStatsTable: source=/templates/macros/report/statsTable.vm
16:04:03.460 [Test worker] DEBUG org.apache.velocity - ResourceManager : found /templates/macros/report/statsTable.vm with loader org.apache.velocity.runtime.resource.loader.ClasspathResourceLoader
16:04:03.460 [Test worker] DEBUG org.apache.velocity - Velocimacro : added VM includeBrief: source=/templates/macros/json/brief.vm
16:04:03.460 [Test worker] DEBUG org.apache.velocity - ResourceManager : found /templates/macros/json/brief.vm with loader org.apache.velocity.runtime.resource.loader.ClasspathResourceLoader
16:04:03.460 [Test worker] DEBUG org.apache.velocity - Velocimacro : added VM includeDocString: source=/templates/macros/json/docstring.vm
16:04:03.460 [Test worker] DEBUG org.apache.velocity - ResourceManager : found /templates/macros/json/docstring.vm with loader org.apache.velocity.runtime.resource.loader.ClasspathResourceLoader
16:04:03.460 [Test worker] DEBUG org.apache.velocity - Velocimacro : added VM includeDuration: source=/templates/macros/json/duration.vm
16:04:03.460 [Test worker] DEBUG org.apache.velocity - ResourceManager : found /templates/macros/json/duration.vm with loader org.apache.velocity.runtime.resource.loader.ClasspathResourceLoader
16:04:03.460 [Test worker] DEBUG org.apache.velocity - Velocimacro : added VM includeElement: source=/templates/macros/json/element.vm
16:04:03.460 [Test worker] DEBUG org.apache.velocity - ResourceManager : found /templates/macros/json/element.vm with loader org.apache.velocity.runtime.resource.loader.ClasspathResourceLoader
16:04:03.460 [Test worker] DEBUG org.apache.velocity - Velocimacro : added VM includeEmbeddings: source=/templates/macros/json/embeddings.vm
16:04:03.460 [Test worker] DEBUG org.apache.velocity - Velocimacro : added VM includeHtmlEmbedding: source=/templates/macros/json/embeddings.vm
16:04:03.460 [Test worker] DEBUG org.apache.velocity - Velocimacro : added VM includeImageEmbedding: source=/templates/macros/json/embeddings.vm
16:04:03.460 [Test worker] DEBUG org.apache.velocity - Velocimacro : added VM includeImageReferenceEmbedding: source=/templates/macros/json/embeddings.vm
16:04:03.460 [Test worker] DEBUG org.apache.velocity - Velocimacro : added VM includeTextEmbedding: source=/templates/macros/json/embeddings.vm
16:04:03.460 [Test worker] DEBUG org.apache.velocity - Velocimacro : added VM includeUnknownEmbedding: source=/templates/macros/json/embeddings.vm
16:04:03.460 [Test worker] DEBUG org.apache.velocity - ResourceManager : found /templates/macros/json/embeddings.vm with loader org.apache.velocity.runtime.resource.loader.ClasspathResourceLoader
16:04:03.460 [Test worker] DEBUG org.apache.velocity - Velocimacro : added VM includeHooks: source=/templates/macros/json/hooks.vm
16:04:03.460 [Test worker] DEBUG org.apache.velocity - ResourceManager : found /templates/macros/json/hooks.vm with loader org.apache.velocity.runtime.resource.loader.ClasspathResourceLoader
16:04:03.460 [Test worker] DEBUG org.apache.velocity - Velocimacro : added VM includeOutput: source=/templates/macros/json/output.vm
16:04:03.460 [Test worker] DEBUG org.apache.velocity - ResourceManager : found /templates/macros/json/output.vm with loader org.apache.velocity.runtime.resource.loader.ClasspathResourceLoader
16:04:03.460 [Test worker] DEBUG org.apache.velocity - Velocimacro : added VM includeMessage: source=/templates/macros/json/message.vm
16:04:03.460 [Test worker] DEBUG org.apache.velocity - ResourceManager : found /templates/macros/json/message.vm with loader org.apache.velocity.runtime.resource.loader.ClasspathResourceLoader
16:04:03.476 [Test worker] DEBUG org.apache.velocity - Velocimacro : added VM includeSteps: source=/templates/macros/json/steps.vm
16:04:03.476 [Test worker] DEBUG org.apache.velocity - ResourceManager : found /templates/macros/json/steps.vm with loader org.apache.velocity.runtime.resource.loader.ClasspathResourceLoader
16:04:03.476 [Test worker] DEBUG org.apache.velocity - Velocimacro : added VM includeTags: source=/templates/macros/json/tags.vm
16:04:03.476 [Test worker] DEBUG org.apache.velocity - ResourceManager : found /templates/macros/json/tags.vm with loader org.apache.velocity.runtime.resource.loader.ClasspathResourceLoader
16:04:03.476 [Test worker] DEBUG org.apache.velocity - VM #includeNavigation: too few arguments to macro. Wanted 1 got 0
16:04:03.476 [Test worker] DEBUG org.apache.velocity - Left side ($active_tab) of '==' operation has null value. If it is a reference, it may not be in the context or its toString() returned null. /templates/macros/page/navigation.vm[line 14, column 51]
16:04:03.476 [Test worker] DEBUG org.apache.velocity - Left side ($active_tab) of '==' operation has null value. If it is a reference, it may not be in the context or its toString() returned null. /templates/macros/page/navigation.vm[line 15, column 51]
16:04:03.476 [Test worker] DEBUG org.apache.velocity - Left side ($active_tab) of '==' operation has null value. If it is a reference, it may not be in the context or its toString() returned null. /templates/macros/page/navigation.vm[line 16, column 51]
16:04:03.476 [Test worker] DEBUG org.apache.velocity - Left side ($active_tab) of '==' operation has null value. If it is a reference, it may not be in the context or its toString() returned null. /templates/macros/page/navigation.vm[line 20, column 51]
16:04:03.476 [Test worker] DEBUG org.apache.velocity - VM #includeLead: too few arguments to macro. Wanted 2 got 1
16:04:03.476 [Test worker] DEBUG org.apache.velocity - VM #includeBrief: too few arguments to macro. Wanted 5 got 3
16:04:03.476 [Test worker] DEBUG org.apache.velocity - VM #includeBrief: too few arguments to macro. Wanted 5 got 4
16:04:03.476 [Test worker] DEBUG org.apache.velocity - VM #includeBrief: too few arguments to macro. Wanted 5 got 4
16:04:03.476 [Test worker] DEBUG org.apache.velocity - VM #includeBrief: too few arguments to macro. Wanted 5 got 4
16:04:03.476 [Test worker] DEBUG org.apache.velocity - VM #includeBrief: too few arguments to macro. Wanted 5 got 4
16:04:03.476 [Test worker] DEBUG org.apache.velocity - ResourceManager : found /templates/footer.vm with loader org.apache.velocity.runtime.resource.loader.ClasspathResourceLoader
16:04:03.476 [Test worker] DEBUG org.apache.velocity - ResourceManager : found templates/generators/reportFeature.vm with loader org.apache.velocity.runtime.resource.loader.ClasspathResourceLoader
16:04:03.476 [Test worker] DEBUG org.apache.velocity - ResourceManager : found /templates/headers.vm with loader org.apache.velocity.runtime.resource.loader.ClasspathResourceLoader
16:04:03.476 [Test worker] DEBUG org.apache.velocity - ResourceManager : found /templates/head.vm with loader org.apache.velocity.runtime.resource.loader.ClasspathResourceLoader
16:04:03.476 [Test worker] DEBUG org.apache.velocity - Velocimacro : added VM stringArray: source=/templates/macros/array.js.vm
16:04:03.476 [Test worker] DEBUG org.apache.velocity - Velocimacro : added VM numberArray: source=/templates/macros/array.js.vm
16:04:03.476 [Test worker] DEBUG org.apache.velocity - ResourceManager : found /templates/macros/array.js.vm with loader org.apache.velocity.runtime.resource.loader.ClasspathResourceLoader
16:04:03.476 [Test worker] DEBUG org.apache.velocity - Velocimacro : added VM includeBuildInfo: source=/templates/macros/page/buildinfo.vm
16:04:03.476 [Test worker] DEBUG org.apache.velocity - ResourceManager : found /templates/macros/page/buildinfo.vm with loader org.apache.velocity.runtime.resource.loader.ClasspathResourceLoader
16:04:03.476 [Test worker] DEBUG org.apache.velocity - Velocimacro : added VM includeClassifications: source=/templates/macros/page/classifications.vm
16:04:03.476 [Test worker] DEBUG org.apache.velocity - ResourceManager : found /templates/macros/page/classifications.vm with loader org.apache.velocity.runtime.resource.loader.ClasspathResourceLoader
16:04:03.476 [Test worker] DEBUG org.apache.velocity - Velocimacro : added VM includeLead: source=/templates/macros/page/lead.vm
16:04:03.476 [Test worker] DEBUG org.apache.velocity - ResourceManager : found /templates/macros/page/lead.vm with loader org.apache.velocity.runtime.resource.loader.ClasspathResourceLoader
16:04:03.476 [Test worker] DEBUG org.apache.velocity - Velocimacro : added VM includeNavigation: source=/templates/macros/page/navigation.vm
16:04:03.476 [Test worker] DEBUG org.apache.velocity - ResourceManager : found /templates/macros/page/navigation.vm with loader org.apache.velocity.runtime.resource.loader.ClasspathResourceLoader
16:04:03.476 [Test worker] DEBUG org.apache.velocity - Velocimacro : added VM includeReportInfo: source=/templates/macros/page/reportInfo.vm
16:04:03.476 [Test worker] DEBUG org.apache.velocity - ResourceManager : found /templates/macros/page/reportInfo.vm with loader org.apache.velocity.runtime.resource.loader.ClasspathResourceLoader
16:04:03.476 [Test worker] DEBUG org.apache.velocity - Velocimacro : added VM includeTitle: source=/templates/macros/page/title.vm
16:04:03.476 [Test worker] DEBUG org.apache.velocity - ResourceManager : found /templates/macros/page/title.vm with loader org.apache.velocity.runtime.resource.loader.ClasspathResourceLoader
16:04:03.476 [Test worker] DEBUG org.apache.velocity - Velocimacro : added VM includeExpandingButtons: source=/templates/macros/report/expandAllButtons.vm
16:04:03.476 [Test worker] DEBUG org.apache.velocity - ResourceManager : found /templates/macros/report/expandAllButtons.vm with loader org.apache.velocity.runtime.resource.loader.ClasspathResourceLoader
16:04:03.476 [Test worker] DEBUG org.apache.velocity - Velocimacro : added VM includeReportTable: source=/templates/macros/report/reportTable.vm
16:04:03.476 [Test worker] DEBUG org.apache.velocity - ResourceManager : found /templates/macros/report/reportTable.vm with loader org.apache.velocity.runtime.resource.loader.ClasspathResourceLoader
16:04:03.476 [Test worker] DEBUG org.apache.velocity - Velocimacro : added VM includeReportHeader: source=/templates/macros/report/reportHeader.vm
16:04:03.476 [Test worker] DEBUG org.apache.velocity - ResourceManager : found /templates/macros/report/reportHeader.vm with loader org.apache.velocity.runtime.resource.loader.ClasspathResourceLoader
16:04:03.476 [Test worker] DEBUG org.apache.velocity - Velocimacro : added VM includeStatsTable: source=/templates/macros/report/statsTable.vm
16:04:03.476 [Test worker] DEBUG org.apache.velocity - ResourceManager : found /templates/macros/report/statsTable.vm with loader org.apache.velocity.runtime.resource.loader.ClasspathResourceLoader
16:04:03.476 [Test worker] DEBUG org.apache.velocity - Velocimacro : added VM includeBrief: source=/templates/macros/json/brief.vm
16:04:03.476 [Test worker] DEBUG org.apache.velocity - ResourceManager : found /templates/macros/json/brief.vm with loader org.apache.velocity.runtime.resource.loader.ClasspathResourceLoader
16:04:03.476 [Test worker] DEBUG org.apache.velocity - Velocimacro : added VM includeDocString: source=/templates/macros/json/docstring.vm
16:04:03.476 [Test worker] DEBUG org.apache.velocity - ResourceManager : found /templates/macros/json/docstring.vm with loader org.apache.velocity.runtime.resource.loader.ClasspathResourceLoader
16:04:03.476 [Test worker] DEBUG org.apache.velocity - Velocimacro : added VM includeDuration: source=/templates/macros/json/duration.vm
16:04:03.476 [Test worker] DEBUG org.apache.velocity - ResourceManager : found /templates/macros/json/duration.vm with loader org.apache.velocity.runtime.resource.loader.ClasspathResourceLoader
16:04:03.476 [Test worker] DEBUG org.apache.velocity - Velocimacro : added VM includeElement: source=/templates/macros/json/element.vm
16:04:03.476 [Test worker] DEBUG org.apache.velocity - ResourceManager : found /templates/macros/json/element.vm with loader org.apache.velocity.runtime.resource.loader.ClasspathResourceLoader
16:04:03.476 [Test worker] DEBUG org.apache.velocity - Velocimacro : added VM includeEmbeddings: source=/templates/macros/json/embeddings.vm
16:04:03.476 [Test worker] DEBUG org.apache.velocity - Velocimacro : added VM includeHtmlEmbedding: source=/templates/macros/json/embeddings.vm
16:04:03.476 [Test worker] DEBUG org.apache.velocity - Velocimacro : added VM includeImageEmbedding: source=/templates/macros/json/embeddings.vm
16:04:03.476 [Test worker] DEBUG org.apache.velocity - Velocimacro : added VM includeImageReferenceEmbedding: source=/templates/macros/json/embeddings.vm
16:04:03.476 [Test worker] DEBUG org.apache.velocity - Velocimacro : added VM includeTextEmbedding: source=/templates/macros/json/embeddings.vm
16:04:03.476 [Test worker] DEBUG org.apache.velocity - Velocimacro : added VM includeUnknownEmbedding: source=/templates/macros/json/embeddings.vm
16:04:03.476 [Test worker] DEBUG org.apache.velocity - ResourceManager : found /templates/macros/json/embeddings.vm with loader org.apache.velocity.runtime.resource.loader.ClasspathResourceLoader
16:04:03.476 [Test worker] DEBUG org.apache.velocity - Velocimacro : added VM includeHooks: source=/templates/macros/json/hooks.vm
16:04:03.476 [Test worker] DEBUG org.apache.velocity - ResourceManager : found /templates/macros/json/hooks.vm with loader org.apache.velocity.runtime.resource.loader.ClasspathResourceLoader
16:04:03.476 [Test worker] DEBUG org.apache.velocity - Velocimacro : added VM includeOutput: source=/templates/macros/json/output.vm
16:04:03.476 [Test worker] DEBUG org.apache.velocity - ResourceManager : found /templates/macros/json/output.vm with loader org.apache.velocity.runtime.resource.loader.ClasspathResourceLoader
16:04:03.491 [Test worker] DEBUG org.apache.velocity - Velocimacro : added VM includeMessage: source=/templates/macros/json/message.vm
16:04:03.491 [Test worker] DEBUG org.apache.velocity - ResourceManager : found /templates/macros/json/message.vm with loader org.apache.velocity.runtime.resource.loader.ClasspathResourceLoader
16:04:03.491 [Test worker] DEBUG org.apache.velocity - Velocimacro : added VM includeSteps: source=/templates/macros/json/steps.vm
16:04:03.491 [Test worker] DEBUG org.apache.velocity - ResourceManager : found /templates/macros/json/steps.vm with loader org.apache.velocity.runtime.resource.loader.ClasspathResourceLoader
16:04:03.491 [Test worker] DEBUG org.apache.velocity - Velocimacro : added VM includeTags: source=/templates/macros/json/tags.vm
16:04:03.491 [Test worker] DEBUG org.apache.velocity - ResourceManager : found /templates/macros/json/tags.vm with loader org.apache.velocity.runtime.resource.loader.ClasspathResourceLoader
16:04:03.491 [Test worker] DEBUG org.apache.velocity - VM #includeNavigation: too few arguments to macro. Wanted 1 got 0
16:04:03.491 [Test worker] DEBUG org.apache.velocity - Left side ($active_tab) of '==' operation has null value. If it is a reference, it may not be in the context or its toString() returned null. /templates/macros/page/navigation.vm[line 14, column 51]
16:04:03.491 [Test worker] DEBUG org.apache.velocity - Left side ($active_tab) of '==' operation has null value. If it is a reference, it may not be in the context or its toString() returned null. /templates/macros/page/navigation.vm[line 15, column 51]
16:04:03.491 [Test worker] DEBUG org.apache.velocity - Left side ($active_tab) of '==' operation has null value. If it is a reference, it may not be in the context or its toString() returned null. /templates/macros/page/navigation.vm[line 16, column 51]
16:04:03.491 [Test worker] DEBUG org.apache.velocity - Left side ($active_tab) of '==' operation has null value. If it is a reference, it may not be in the context or its toString() returned null. /templates/macros/page/navigation.vm[line 20, column 51]
16:04:03.491 [Test worker] DEBUG org.apache.velocity - VM #includeLead: too few arguments to macro. Wanted 2 got 1
16:04:03.491 [Test worker] DEBUG org.apache.velocity - VM #includeBrief: too few arguments to macro. Wanted 5 got 3
16:04:03.491 [Test worker] DEBUG org.apache.velocity - VM #includeBrief: too few arguments to macro. Wanted 5 got 4
16:04:03.491 [Test worker] DEBUG org.apache.velocity - VM #includeBrief: too few arguments to macro. Wanted 5 got 4
16:04:03.491 [Test worker] DEBUG org.apache.velocity - VM #includeBrief: too few arguments to macro. Wanted 5 got 4
16:04:03.491 [Test worker] DEBUG org.apache.velocity - VM #includeBrief: too few arguments to macro. Wanted 5 got 4
16:04:03.491 [Test worker] DEBUG org.apache.velocity - ResourceManager : found /templates/footer.vm with loader org.apache.velocity.runtime.resource.loader.ClasspathResourceLoader
16:04:03.491 [Test worker] DEBUG org.apache.velocity - ResourceManager : found templates/generators/reportFeature.vm with loader org.apache.velocity.runtime.resource.loader.ClasspathResourceLoader
16:04:03.491 [Test worker] DEBUG org.apache.velocity - ResourceManager : found /templates/headers.vm with loader org.apache.velocity.runtime.resource.loader.ClasspathResourceLoader
16:04:03.491 [Test worker] DEBUG org.apache.velocity - ResourceManager : found /templates/head.vm with loader org.apache.velocity.runtime.resource.loader.ClasspathResourceLoader
16:04:03.491 [Test worker] DEBUG org.apache.velocity - Velocimacro : added VM stringArray: source=/templates/macros/array.js.vm
16:04:03.491 [Test worker] DEBUG org.apache.velocity - Velocimacro : added VM numberArray: source=/templates/macros/array.js.vm
16:04:03.491 [Test worker] DEBUG org.apache.velocity - ResourceManager : found /templates/macros/array.js.vm with loader org.apache.velocity.runtime.resource.loader.ClasspathResourceLoader
16:04:03.491 [Test worker] DEBUG org.apache.velocity - Velocimacro : added VM includeBuildInfo: source=/templates/macros/page/buildinfo.vm
16:04:03.491 [Test worker] DEBUG org.apache.velocity - ResourceManager : found /templates/macros/page/buildinfo.vm with loader org.apache.velocity.runtime.resource.loader.ClasspathResourceLoader
16:04:03.491 [Test worker] DEBUG org.apache.velocity - Velocimacro : added VM includeClassifications: source=/templates/macros/page/classifications.vm
16:04:03.491 [Test worker] DEBUG org.apache.velocity - ResourceManager : found /templates/macros/page/classifications.vm with loader org.apache.velocity.runtime.resource.loader.ClasspathResourceLoader
16:04:03.491 [Test worker] DEBUG org.apache.velocity - Velocimacro : added VM includeLead: source=/templates/macros/page/lead.vm
16:04:03.491 [Test worker] DEBUG org.apache.velocity - ResourceManager : found /templates/macros/page/lead.vm with loader org.apache.velocity.runtime.resource.loader.ClasspathResourceLoader
16:04:03.491 [Test worker] DEBUG org.apache.velocity - Velocimacro : added VM includeNavigation: source=/templates/macros/page/navigation.vm
16:04:03.491 [Test worker] DEBUG org.apache.velocity - ResourceManager : found /templates/macros/page/navigation.vm with loader org.apache.velocity.runtime.resource.loader.ClasspathResourceLoader
16:04:03.491 [Test worker] DEBUG org.apache.velocity - Velocimacro : added VM includeReportInfo: source=/templates/macros/page/reportInfo.vm
16:04:03.491 [Test worker] DEBUG org.apache.velocity - ResourceManager : found /templates/macros/page/reportInfo.vm with loader org.apache.velocity.runtime.resource.loader.ClasspathResourceLoader
16:04:03.491 [Test worker] DEBUG org.apache.velocity - Velocimacro : added VM includeTitle: source=/templates/macros/page/title.vm
16:04:03.491 [Test worker] DEBUG org.apache.velocity - ResourceManager : found /templates/macros/page/title.vm with loader org.apache.velocity.runtime.resource.loader.ClasspathResourceLoader
16:04:03.491 [Test worker] DEBUG org.apache.velocity - Velocimacro : added VM includeExpandingButtons: source=/templates/macros/report/expandAllButtons.vm
16:04:03.491 [Test worker] DEBUG org.apache.velocity - ResourceManager : found /templates/macros/report/expandAllButtons.vm with loader org.apache.velocity.runtime.resource.loader.ClasspathResourceLoader
16:04:03.491 [Test worker] DEBUG org.apache.velocity - Velocimacro : added VM includeReportTable: source=/templates/macros/report/reportTable.vm
16:04:03.491 [Test worker] DEBUG org.apache.velocity - ResourceManager : found /templates/macros/report/reportTable.vm with loader org.apache.velocity.runtime.resource.loader.ClasspathResourceLoader
16:04:03.491 [Test worker] DEBUG org.apache.velocity - Velocimacro : added VM includeReportHeader: source=/templates/macros/report/reportHeader.vm
16:04:03.491 [Test worker] DEBUG org.apache.velocity - ResourceManager : found /templates/macros/report/reportHeader.vm with loader org.apache.velocity.runtime.resource.loader.ClasspathResourceLoader
16:04:03.491 [Test worker] DEBUG org.apache.velocity - Velocimacro : added VM includeStatsTable: source=/templates/macros/report/statsTable.vm
16:04:03.491 [Test worker] DEBUG org.apache.velocity - ResourceManager : found /templates/macros/report/statsTable.vm with loader org.apache.velocity.runtime.resource.loader.ClasspathResourceLoader
16:04:03.491 [Test worker] DEBUG org.apache.velocity - Velocimacro : added VM includeBrief: source=/templates/macros/json/brief.vm
16:04:03.491 [Test worker] DEBUG org.apache.velocity - ResourceManager : found /templates/macros/json/brief.vm with loader org.apache.velocity.runtime.resource.loader.ClasspathResourceLoader
16:04:03.491 [Test worker] DEBUG org.apache.velocity - Velocimacro : added VM includeDocString: source=/templates/macros/json/docstring.vm
16:04:03.491 [Test worker] DEBUG org.apache.velocity - ResourceManager : found /templates/macros/json/docstring.vm with loader org.apache.velocity.runtime.resource.loader.ClasspathResourceLoader
16:04:03.491 [Test worker] DEBUG org.apache.velocity - Velocimacro : added VM includeDuration: source=/templates/macros/json/duration.vm
16:04:03.491 [Test worker] DEBUG org.apache.velocity - ResourceManager : found /templates/macros/json/duration.vm with loader org.apache.velocity.runtime.resource.loader.ClasspathResourceLoader
16:04:03.491 [Test worker] DEBUG org.apache.velocity - Velocimacro : added VM includeElement: source=/templates/macros/json/element.vm
16:04:03.491 [Test worker] DEBUG org.apache.velocity - ResourceManager : found /templates/macros/json/element.vm with loader org.apache.velocity.runtime.resource.loader.ClasspathResourceLoader
16:04:03.491 [Test worker] DEBUG org.apache.velocity - Velocimacro : added VM includeEmbeddings: source=/templates/macros/json/embeddings.vm
16:04:03.491 [Test worker] DEBUG org.apache.velocity - Velocimacro : added VM includeHtmlEmbedding: source=/templates/macros/json/embeddings.vm
16:04:03.491 [Test worker] DEBUG org.apache.velocity - Velocimacro : added VM includeImageEmbedding: source=/templates/macros/json/embeddings.vm
16:04:03.491 [Test worker] DEBUG org.apache.velocity - Velocimacro : added VM includeImageReferenceEmbedding: source=/templates/macros/json/embeddings.vm
16:04:03.491 [Test worker] DEBUG org.apache.velocity - Velocimacro : added VM includeTextEmbedding: source=/templates/macros/json/embeddings.vm
16:04:03.491 [Test worker] DEBUG org.apache.velocity - Velocimacro : added VM includeUnknownEmbedding: source=/templates/macros/json/embeddings.vm
16:04:03.491 [Test worker] DEBUG org.apache.velocity - ResourceManager : found /templates/macros/json/embeddings.vm with loader org.apache.velocity.runtime.resource.loader.ClasspathResourceLoader
16:04:03.491 [Test worker] DEBUG org.apache.velocity - Velocimacro : added VM includeHooks: source=/templates/macros/json/hooks.vm
16:04:03.491 [Test worker] DEBUG org.apache.velocity - ResourceManager : found /templates/macros/json/hooks.vm with loader org.apache.velocity.runtime.resource.loader.ClasspathResourceLoader
16:04:03.491 [Test worker] DEBUG org.apache.velocity - Velocimacro : added VM includeOutput: source=/templates/macros/json/output.vm
16:04:03.491 [Test worker] DEBUG org.apache.velocity - ResourceManager : found /templates/macros/json/output.vm with loader org.apache.velocity.runtime.resource.loader.ClasspathResourceLoader
16:04:03.491 [Test worker] DEBUG org.apache.velocity - Velocimacro : added VM includeMessage: source=/templates/macros/json/message.vm
16:04:03.491 [Test worker] DEBUG org.apache.velocity - ResourceManager : found /templates/macros/json/message.vm with loader org.apache.velocity.runtime.resource.loader.ClasspathResourceLoader
16:04:03.507 [Test worker] DEBUG org.apache.velocity - Velocimacro : added VM includeSteps: source=/templates/macros/json/steps.vm
16:04:03.507 [Test worker] DEBUG org.apache.velocity - ResourceManager : found /templates/macros/json/steps.vm with loader org.apache.velocity.runtime.resource.loader.ClasspathResourceLoader
16:04:03.507 [Test worker] DEBUG org.apache.velocity - Velocimacro : added VM includeTags: source=/templates/macros/json/tags.vm
16:04:03.507 [Test worker] DEBUG org.apache.velocity - ResourceManager : found /templates/macros/json/tags.vm with loader org.apache.velocity.runtime.resource.loader.ClasspathResourceLoader
16:04:03.507 [Test worker] DEBUG org.apache.velocity - VM #includeNavigation: too few arguments to macro. Wanted 1 got 0
16:04:03.507 [Test worker] DEBUG org.apache.velocity - Left side ($active_tab) of '==' operation has null value. If it is a reference, it may not be in the context or its toString() returned null. /templates/macros/page/navigation.vm[line 14, column 51]
16:04:03.507 [Test worker] DEBUG org.apache.velocity - Left side ($active_tab) of '==' operation has null value. If it is a reference, it may not be in the context or its toString() returned null. /templates/macros/page/navigation.vm[line 15, column 51]
16:04:03.507 [Test worker] DEBUG org.apache.velocity - Left side ($active_tab) of '==' operation has null value. If it is a reference, it may not be in the context or its toString() returned null. /templates/macros/page/navigation.vm[line 16, column 51]
16:04:03.507 [Test worker] DEBUG org.apache.velocity - Left side ($active_tab) of '==' operation has null value. If it is a reference, it may not be in the context or its toString() returned null. /templates/macros/page/navigation.vm[line 20, column 51]
16:04:03.507 [Test worker] DEBUG org.apache.velocity - VM #includeLead: too few arguments to macro. Wanted 2 got 1
16:04:03.507 [Test worker] DEBUG org.apache.velocity - VM #includeBrief: too few arguments to macro. Wanted 5 got 3
16:04:03.507 [Test worker] DEBUG org.apache.velocity - VM #includeBrief: too few arguments to macro. Wanted 5 got 4
16:04:03.507 [Test worker] DEBUG org.apache.velocity - VM #includeBrief: too few arguments to macro. Wanted 5 got 4
16:04:03.507 [Test worker] DEBUG org.apache.velocity - VM #includeBrief: too few arguments to macro. Wanted 5 got 4
16:04:03.507 [Test worker] DEBUG org.apache.velocity - VM #includeBrief: too few arguments to macro. Wanted 5 got 4
16:04:03.507 [Test worker] DEBUG org.apache.velocity - VM #includeBrief: too few arguments to macro. Wanted 5 got 4
16:04:03.507 [Test worker] DEBUG org.apache.velocity - VM #includeBrief: too few arguments to macro. Wanted 5 got 4
16:04:03.507 [Test worker] DEBUG org.apache.velocity - VM #includeBrief: too few arguments to macro. Wanted 5 got 4
16:04:03.507 [Test worker] DEBUG org.apache.velocity - VM #includeBrief: too few arguments to macro. Wanted 5 got 4
16:04:03.507 [Test worker] DEBUG org.apache.velocity - ResourceManager : found /templates/footer.vm with loader org.apache.velocity.runtime.resource.loader.ClasspathResourceLoader
16:04:03.507 [Test worker] DEBUG org.apache.velocity - ResourceManager : found templates/generators/reportFeature.vm with loader org.apache.velocity.runtime.resource.loader.ClasspathResourceLoader
16:04:03.507 [Test worker] DEBUG org.apache.velocity - ResourceManager : found /templates/headers.vm with loader org.apache.velocity.runtime.resource.loader.ClasspathResourceLoader
16:04:03.507 [Test worker] DEBUG org.apache.velocity - ResourceManager : found /templates/head.vm with loader org.apache.velocity.runtime.resource.loader.ClasspathResourceLoader
16:04:03.507 [Test worker] DEBUG org.apache.velocity - Velocimacro : added VM stringArray: source=/templates/macros/array.js.vm
16:04:03.507 [Test worker] DEBUG org.apache.velocity - Velocimacro : added VM numberArray: source=/templates/macros/array.js.vm
16:04:03.507 [Test worker] DEBUG org.apache.velocity - ResourceManager : found /templates/macros/array.js.vm with loader org.apache.velocity.runtime.resource.loader.ClasspathResourceLoader
16:04:03.538 [Test worker] DEBUG org.apache.velocity - Velocimacro : added VM includeBuildInfo: source=/templates/macros/page/buildinfo.vm
16:04:03.538 [Test worker] DEBUG org.apache.velocity - ResourceManager : found /templates/macros/page/buildinfo.vm with loader org.apache.velocity.runtime.resource.loader.ClasspathResourceLoader
16:04:03.538 [Test worker] DEBUG org.apache.velocity - Velocimacro : added VM includeClassifications: source=/templates/macros/page/classifications.vm
16:04:03.538 [Test worker] DEBUG org.apache.velocity - ResourceManager : found /templates/macros/page/classifications.vm with loader org.apache.velocity.runtime.resource.loader.ClasspathResourceLoader
16:04:03.538 [Test worker] DEBUG org.apache.velocity - Velocimacro : added VM includeLead: source=/templates/macros/page/lead.vm
16:04:03.538 [Test worker] DEBUG org.apache.velocity - ResourceManager : found /templates/macros/page/lead.vm with loader org.apache.velocity.runtime.resource.loader.ClasspathResourceLoader
16:04:03.538 [Test worker] DEBUG org.apache.velocity - Velocimacro : added VM includeNavigation: source=/templates/macros/page/navigation.vm
16:04:03.538 [Test worker] DEBUG org.apache.velocity - ResourceManager : found /templates/macros/page/navigation.vm with loader org.apache.velocity.runtime.resource.loader.ClasspathResourceLoader
16:04:03.538 [Test worker] DEBUG org.apache.velocity - Velocimacro : added VM includeReportInfo: source=/templates/macros/page/reportInfo.vm
16:04:03.538 [Test worker] DEBUG org.apache.velocity - ResourceManager : found /templates/macros/page/reportInfo.vm with loader org.apache.velocity.runtime.resource.loader.ClasspathResourceLoader
16:04:03.538 [Test worker] DEBUG org.apache.velocity - Velocimacro : added VM includeTitle: source=/templates/macros/page/title.vm
16:04:03.538 [Test worker] DEBUG org.apache.velocity - ResourceManager : found /templates/macros/page/title.vm with loader org.apache.velocity.runtime.resource.loader.ClasspathResourceLoader
16:04:03.538 [Test worker] DEBUG org.apache.velocity - Velocimacro : added VM includeExpandingButtons: source=/templates/macros/report/expandAllButtons.vm
16:04:03.538 [Test worker] DEBUG org.apache.velocity - ResourceManager : found /templates/macros/report/expandAllButtons.vm with loader org.apache.velocity.runtime.resource.loader.ClasspathResourceLoader
16:04:03.538 [Test worker] DEBUG org.apache.velocity - Velocimacro : added VM includeReportTable: source=/templates/macros/report/reportTable.vm
16:04:03.538 [Test worker] DEBUG org.apache.velocity - ResourceManager : found /templates/macros/report/reportTable.vm with loader org.apache.velocity.runtime.resource.loader.ClasspathResourceLoader
16:04:03.538 [Test worker] DEBUG org.apache.velocity - Velocimacro : added VM includeReportHeader: source=/templates/macros/report/reportHeader.vm
16:04:03.538 [Test worker] DEBUG org.apache.velocity - ResourceManager : found /templates/macros/report/reportHeader.vm with loader org.apache.velocity.runtime.resource.loader.ClasspathResourceLoader
16:04:03.538 [Test worker] DEBUG org.apache.velocity - Velocimacro : added VM includeStatsTable: source=/templates/macros/report/statsTable.vm
16:04:03.538 [Test worker] DEBUG org.apache.velocity - ResourceManager : found /templates/macros/report/statsTable.vm with loader org.apache.velocity.runtime.resource.loader.ClasspathResourceLoader
16:04:03.538 [Test worker] DEBUG org.apache.velocity - Velocimacro : added VM includeBrief: source=/templates/macros/json/brief.vm
16:04:03.538 [Test worker] DEBUG org.apache.velocity - ResourceManager : found /templates/macros/json/brief.vm with loader org.apache.velocity.runtime.resource.loader.ClasspathResourceLoader
16:04:03.538 [Test worker] DEBUG org.apache.velocity - Velocimacro : added VM includeDocString: source=/templates/macros/json/docstring.vm
16:04:03.538 [Test worker] DEBUG org.apache.velocity - ResourceManager : found /templates/macros/json/docstring.vm with loader org.apache.velocity.runtime.resource.loader.ClasspathResourceLoader
16:04:03.538 [Test worker] DEBUG org.apache.velocity - Velocimacro : added VM includeDuration: source=/templates/macros/json/duration.vm
16:04:03.538 [Test worker] DEBUG org.apache.velocity - ResourceManager : found /templates/macros/json/duration.vm with loader org.apache.velocity.runtime.resource.loader.ClasspathResourceLoader
16:04:03.538 [Test worker] DEBUG org.apache.velocity - Velocimacro : added VM includeElement: source=/templates/macros/json/element.vm
16:04:03.538 [Test worker] DEBUG org.apache.velocity - ResourceManager : found /templates/macros/json/element.vm with loader org.apache.velocity.runtime.resource.loader.ClasspathResourceLoader
16:04:03.538 [Test worker] DEBUG org.apache.velocity - Velocimacro : added VM includeEmbeddings: source=/templates/macros/json/embeddings.vm
16:04:03.538 [Test worker] DEBUG org.apache.velocity - Velocimacro : added VM includeHtmlEmbedding: source=/templates/macros/json/embeddings.vm
16:04:03.538 [Test worker] DEBUG org.apache.velocity - Velocimacro : added VM includeImageEmbedding: source=/templates/macros/json/embeddings.vm
16:04:03.538 [Test worker] DEBUG org.apache.velocity - Velocimacro : added VM includeImageReferenceEmbedding: source=/templates/macros/json/embeddings.vm
16:04:03.538 [Test worker] DEBUG org.apache.velocity - Velocimacro : added VM includeTextEmbedding: source=/templates/macros/json/embeddings.vm
16:04:03.538 [Test worker] DEBUG org.apache.velocity - Velocimacro : added VM includeUnknownEmbedding: source=/templates/macros/json/embeddings.vm
16:04:03.538 [Test worker] DEBUG org.apache.velocity - ResourceManager : found /templates/macros/json/embeddings.vm with loader org.apache.velocity.runtime.resource.loader.ClasspathResourceLoader
16:04:03.538 [Test worker] DEBUG org.apache.velocity - Velocimacro : added VM includeHooks: source=/templates/macros/json/hooks.vm
16:04:03.538 [Test worker] DEBUG org.apache.velocity - ResourceManager : found /templates/macros/json/hooks.vm with loader org.apache.velocity.runtime.resource.loader.ClasspathResourceLoader
16:04:03.538 [Test worker] DEBUG org.apache.velocity - Velocimacro : added VM includeOutput: source=/templates/macros/json/output.vm
16:04:03.538 [Test worker] DEBUG org.apache.velocity - ResourceManager : found /templates/macros/json/output.vm with loader org.apache.velocity.runtime.resource.loader.ClasspathResourceLoader
16:04:03.538 [Test worker] DEBUG org.apache.velocity - Velocimacro : added VM includeMessage: source=/templates/macros/json/message.vm
16:04:03.538 [Test worker] DEBUG org.apache.velocity - ResourceManager : found /templates/macros/json/message.vm with loader org.apache.velocity.runtime.resource.loader.ClasspathResourceLoader
16:04:03.538 [Test worker] DEBUG org.apache.velocity - Velocimacro : added VM includeSteps: source=/templates/macros/json/steps.vm
16:04:03.538 [Test worker] DEBUG org.apache.velocity - ResourceManager : found /templates/macros/json/steps.vm with loader org.apache.velocity.runtime.resource.loader.ClasspathResourceLoader
16:04:03.538 [Test worker] DEBUG org.apache.velocity - Velocimacro : added VM includeTags: source=/templates/macros/json/tags.vm
16:04:03.538 [Test worker] DEBUG org.apache.velocity - ResourceManager : found /templates/macros/json/tags.vm with loader org.apache.velocity.runtime.resource.loader.ClasspathResourceLoader
16:04:03.538 [Test worker] DEBUG org.apache.velocity - VM #includeNavigation: too few arguments to macro. Wanted 1 got 0
16:04:03.538 [Test worker] DEBUG org.apache.velocity - Left side ($active_tab) of '==' operation has null value. If it is a reference, it may not be in the context or its toString() returned null. /templates/macros/page/navigation.vm[line 14, column 51]
16:04:03.538 [Test worker] DEBUG org.apache.velocity - Left side ($active_tab) of '==' operation has null value. If it is a reference, it may not be in the context or its toString() returned null. /templates/macros/page/navigation.vm[line 15, column 51]
16:04:03.538 [Test worker] DEBUG org.apache.velocity - Left side ($active_tab) of '==' operation has null value. If it is a reference, it may not be in the context or its toString() returned null. /templates/macros/page/navigation.vm[line 16, column 51]
16:04:03.538 [Test worker] DEBUG org.apache.velocity - Left side ($active_tab) of '==' operation has null value. If it is a reference, it may not be in the context or its toString() returned null. /templates/macros/page/navigation.vm[line 20, column 51]
16:04:03.538 [Test worker] DEBUG org.apache.velocity - VM #includeLead: too few arguments to macro. Wanted 2 got 1
16:04:03.538 [Test worker] DEBUG org.apache.velocity - VM #includeBrief: too few arguments to macro. Wanted 5 got 3
16:04:03.538 [Test worker] DEBUG org.apache.velocity - VM #includeBrief: too few arguments to macro. Wanted 5 got 4
16:04:03.538 [Test worker] DEBUG org.apache.velocity - VM #includeBrief: too few arguments to macro. Wanted 5 got 4
16:04:03.554 [Test worker] DEBUG org.apache.velocity - VM #includeBrief: too few arguments to macro. Wanted 5 got 4
16:04:03.554 [Test worker] DEBUG org.apache.velocity - VM #includeBrief: too few arguments to macro. Wanted 5 got 4
16:04:03.554 [Test worker] DEBUG org.apache.velocity - ResourceManager : found /templates/footer.vm with loader org.apache.velocity.runtime.resource.loader.ClasspathResourceLoader
16:04:03.554 [Test worker] DEBUG org.apache.velocity - ResourceManager : found templates/generators/reportFeature.vm with loader org.apache.velocity.runtime.resource.loader.ClasspathResourceLoader
16:04:03.570 [Test worker] DEBUG org.apache.velocity - ResourceManager : found /templates/headers.vm with loader org.apache.velocity.runtime.resource.loader.ClasspathResourceLoader
16:04:03.570 [Test worker] DEBUG org.apache.velocity - ResourceManager : found /templates/head.vm with loader org.apache.velocity.runtime.resource.loader.ClasspathResourceLoader
16:04:03.570 [Test worker] DEBUG org.apache.velocity - Velocimacro : added VM stringArray: source=/templates/macros/array.js.vm
16:04:03.570 [Test worker] DEBUG org.apache.velocity - Velocimacro : added VM numberArray: source=/templates/macros/array.js.vm
16:04:03.570 [Test worker] DEBUG org.apache.velocity - ResourceManager : found /templates/macros/array.js.vm with loader org.apache.velocity.runtime.resource.loader.ClasspathResourceLoader
16:04:03.570 [Test worker] DEBUG org.apache.velocity - Velocimacro : added VM includeBuildInfo: source=/templates/macros/page/buildinfo.vm
16:04:03.570 [Test worker] DEBUG org.apache.velocity - ResourceManager : found /templates/macros/page/buildinfo.vm with loader org.apache.velocity.runtime.resource.loader.ClasspathResourceLoader
16:04:03.570 [Test worker] DEBUG org.apache.velocity - Velocimacro : added VM includeClassifications: source=/templates/macros/page/classifications.vm
16:04:03.570 [Test worker] DEBUG org.apache.velocity - ResourceManager : found /templates/macros/page/classifications.vm with loader org.apache.velocity.runtime.resource.loader.ClasspathResourceLoader
16:04:03.570 [Test worker] DEBUG org.apache.velocity - Velocimacro : added VM includeLead: source=/templates/macros/page/lead.vm
16:04:03.570 [Test worker] DEBUG org.apache.velocity - ResourceManager : found /templates/macros/page/lead.vm with loader org.apache.velocity.runtime.resource.loader.ClasspathResourceLoader
16:04:03.570 [Test worker] DEBUG org.apache.velocity - Velocimacro : added VM includeNavigation: source=/templates/macros/page/navigation.vm
16:04:03.570 [Test worker] DEBUG org.apache.velocity - ResourceManager : found /templates/macros/page/navigation.vm with loader org.apache.velocity.runtime.resource.loader.ClasspathResourceLoader
16:04:03.570 [Test worker] DEBUG org.apache.velocity - Velocimacro : added VM includeReportInfo: source=/templates/macros/page/reportInfo.vm
16:04:03.570 [Test worker] DEBUG org.apache.velocity - ResourceManager : found /templates/macros/page/reportInfo.vm with loader org.apache.velocity.runtime.resource.loader.ClasspathResourceLoader
16:04:03.570 [Test worker] DEBUG org.apache.velocity - Velocimacro : added VM includeTitle: source=/templates/macros/page/title.vm
16:04:03.570 [Test worker] DEBUG org.apache.velocity - ResourceManager : found /templates/macros/page/title.vm with loader org.apache.velocity.runtime.resource.loader.ClasspathResourceLoader
16:04:03.570 [Test worker] DEBUG org.apache.velocity - Velocimacro : added VM includeExpandingButtons: source=/templates/macros/report/expandAllButtons.vm
16:04:03.570 [Test worker] DEBUG org.apache.velocity - ResourceManager : found /templates/macros/report/expandAllButtons.vm with loader org.apache.velocity.runtime.resource.loader.ClasspathResourceLoader
16:04:03.570 [Test worker] DEBUG org.apache.velocity - Velocimacro : added VM includeReportTable: source=/templates/macros/report/reportTable.vm
16:04:03.570 [Test worker] DEBUG org.apache.velocity - ResourceManager : found /templates/macros/report/reportTable.vm with loader org.apache.velocity.runtime.resource.loader.ClasspathResourceLoader
16:04:03.570 [Test worker] DEBUG org.apache.velocity - Velocimacro : added VM includeReportHeader: source=/templates/macros/report/reportHeader.vm
16:04:03.570 [Test worker] DEBUG org.apache.velocity - ResourceManager : found /templates/macros/report/reportHeader.vm with loader org.apache.velocity.runtime.resource.loader.ClasspathResourceLoader
16:04:03.570 [Test worker] DEBUG org.apache.velocity - Velocimacro : added VM includeStatsTable: source=/templates/macros/report/statsTable.vm
16:04:03.570 [Test worker] DEBUG org.apache.velocity - ResourceManager : found /templates/macros/report/statsTable.vm with loader org.apache.velocity.runtime.resource.loader.ClasspathResourceLoader
16:04:03.570 [Test worker] DEBUG org.apache.velocity - Velocimacro : added VM includeBrief: source=/templates/macros/json/brief.vm
16:04:03.570 [Test worker] DEBUG org.apache.velocity - ResourceManager : found /templates/macros/json/brief.vm with loader org.apache.velocity.runtime.resource.loader.ClasspathResourceLoader
16:04:03.570 [Test worker] DEBUG org.apache.velocity - Velocimacro : added VM includeDocString: source=/templates/macros/json/docstring.vm
16:04:03.570 [Test worker] DEBUG org.apache.velocity - ResourceManager : found /templates/macros/json/docstring.vm with loader org.apache.velocity.runtime.resource.loader.ClasspathResourceLoader
16:04:03.570 [Test worker] DEBUG org.apache.velocity - Velocimacro : added VM includeDuration: source=/templates/macros/json/duration.vm
16:04:03.570 [Test worker] DEBUG org.apache.velocity - ResourceManager : found /templates/macros/json/duration.vm with loader org.apache.velocity.runtime.resource.loader.ClasspathResourceLoader
16:04:03.570 [Test worker] DEBUG org.apache.velocity - Velocimacro : added VM includeElement: source=/templates/macros/json/element.vm
16:04:03.570 [Test worker] DEBUG org.apache.velocity - ResourceManager : found /templates/macros/json/element.vm with loader org.apache.velocity.runtime.resource.loader.ClasspathResourceLoader
16:04:03.570 [Test worker] DEBUG org.apache.velocity - Velocimacro : added VM includeEmbeddings: source=/templates/macros/json/embeddings.vm
16:04:03.570 [Test worker] DEBUG org.apache.velocity - Velocimacro : added VM includeHtmlEmbedding: source=/templates/macros/json/embeddings.vm
16:04:03.570 [Test worker] DEBUG org.apache.velocity - Velocimacro : added VM includeImageEmbedding: source=/templates/macros/json/embeddings.vm
16:04:03.570 [Test worker] DEBUG org.apache.velocity - Velocimacro : added VM includeImageReferenceEmbedding: source=/templates/macros/json/embeddings.vm
16:04:03.570 [Test worker] DEBUG org.apache.velocity - Velocimacro : added VM includeTextEmbedding: source=/templates/macros/json/embeddings.vm
16:04:03.570 [Test worker] DEBUG org.apache.velocity - Velocimacro : added VM includeUnknownEmbedding: source=/templates/macros/json/embeddings.vm
16:04:03.570 [Test worker] DEBUG org.apache.velocity - ResourceManager : found /templates/macros/json/embeddings.vm with loader org.apache.velocity.runtime.resource.loader.ClasspathResourceLoader
16:04:03.570 [Test worker] DEBUG org.apache.velocity - Velocimacro : added VM includeHooks: source=/templates/macros/json/hooks.vm
16:04:03.585 [Test worker] DEBUG org.apache.velocity - ResourceManager : found /templates/macros/json/hooks.vm with loader org.apache.velocity.runtime.resource.loader.ClasspathResourceLoader
16:04:03.585 [Test worker] DEBUG org.apache.velocity - Velocimacro : added VM includeOutput: source=/templates/macros/json/output.vm
16:04:03.585 [Test worker] DEBUG org.apache.velocity - ResourceManager : found /templates/macros/json/output.vm with loader org.apache.velocity.runtime.resource.loader.ClasspathResourceLoader
16:04:03.585 [Test worker] DEBUG org.apache.velocity - Velocimacro : added VM includeMessage: source=/templates/macros/json/message.vm
16:04:03.585 [Test worker] DEBUG org.apache.velocity - ResourceManager : found /templates/macros/json/message.vm with loader org.apache.velocity.runtime.resource.loader.ClasspathResourceLoader
16:04:03.585 [Test worker] DEBUG org.apache.velocity - Velocimacro : added VM includeSteps: source=/templates/macros/json/steps.vm
16:04:03.585 [Test worker] DEBUG org.apache.velocity - ResourceManager : found /templates/macros/json/steps.vm with loader org.apache.velocity.runtime.resource.loader.ClasspathResourceLoader
16:04:03.585 [Test worker] DEBUG org.apache.velocity - Velocimacro : added VM includeTags: source=/templates/macros/json/tags.vm
16:04:03.585 [Test worker] DEBUG org.apache.velocity - ResourceManager : found /templates/macros/json/tags.vm with loader org.apache.velocity.runtime.resource.loader.ClasspathResourceLoader
16:04:03.585 [Test worker] DEBUG org.apache.velocity - VM #includeNavigation: too few arguments to macro. Wanted 1 got 0
16:04:03.585 [Test worker] DEBUG org.apache.velocity - Left side ($active_tab) of '==' operation has null value. If it is a reference, it may not be in the context or its toString() returned null. /templates/macros/page/navigation.vm[line 14, column 51]
16:04:03.585 [Test worker] DEBUG org.apache.velocity - Left side ($active_tab) of '==' operation has null value. If it is a reference, it may not be in the context or its toString() returned null. /templates/macros/page/navigation.vm[line 15, column 51]
16:04:03.585 [Test worker] DEBUG org.apache.velocity - Left side ($active_tab) of '==' operation has null value. If it is a reference, it may not be in the context or its toString() returned null. /templates/macros/page/navigation.vm[line 16, column 51]
16:04:03.585 [Test worker] DEBUG org.apache.velocity - Left side ($active_tab) of '==' operation has null value. If it is a reference, it may not be in the context or its toString() returned null. /templates/macros/page/navigation.vm[line 20, column 51]
16:04:03.585 [Test worker] DEBUG org.apache.velocity - VM #includeLead: too few arguments to macro. Wanted 2 got 1
16:04:03.585 [Test worker] DEBUG org.apache.velocity - VM #includeBrief: too few arguments to macro. Wanted 5 got 3
16:04:03.585 [Test worker] DEBUG org.apache.velocity - VM #includeBrief: too few arguments to macro. Wanted 5 got 4
16:04:03.585 [Test worker] DEBUG org.apache.velocity - VM #includeBrief: too few arguments to macro. Wanted 5 got 4
16:04:03.585 [Test worker] DEBUG org.apache.velocity - VM #includeBrief: too few arguments to macro. Wanted 5 got 4
16:04:03.585 [Test worker] DEBUG org.apache.velocity - VM #includeBrief: too few arguments to macro. Wanted 5 got 4
16:04:03.585 [Test worker] DEBUG org.apache.velocity - VM #includeBrief: too few arguments to macro. Wanted 5 got 4
16:04:03.585 [Test worker] DEBUG org.apache.velocity - VM #includeBrief: too few arguments to macro. Wanted 5 got 4
16:04:03.585 [Test worker] DEBUG org.apache.velocity - VM #includeBrief: too few arguments to macro. Wanted 5 got 4
16:04:03.585 [Test worker] DEBUG org.apache.velocity - VM #includeBrief: too few arguments to macro. Wanted 5 got 4
16:04:03.585 [Test worker] DEBUG org.apache.velocity - VM #includeBrief: too few arguments to macro. Wanted 5 got 4
16:04:03.585 [Test worker] DEBUG org.apache.velocity - VM #includeBrief: too few arguments to macro. Wanted 5 got 4
16:04:03.585 [Test worker] DEBUG org.apache.velocity - VM #includeBrief: too few arguments to macro. Wanted 5 got 4
16:04:03.585 [Test worker] DEBUG org.apache.velocity - VM #includeBrief: too few arguments to macro. Wanted 5 got 4
16:04:03.585 [Test worker] DEBUG org.apache.velocity - VM #includeBrief: too few arguments to macro. Wanted 5 got 4
16:04:03.585 [Test worker] DEBUG org.apache.velocity - VM #includeBrief: too few arguments to macro. Wanted 5 got 4
16:04:03.585 [Test worker] DEBUG org.apache.velocity - VM #includeBrief: too few arguments to macro. Wanted 5 got 4
16:04:03.585 [Test worker] DEBUG org.apache.velocity - VM #includeBrief: too few arguments to macro. Wanted 5 got 4
16:04:03.585 [Test worker] DEBUG org.apache.velocity - VM #includeBrief: too few arguments to macro. Wanted 5 got 4
16:04:03.585 [Test worker] DEBUG org.apache.velocity - VM #includeBrief: too few arguments to macro. Wanted 5 got 4
16:04:03.585 [Test worker] DEBUG org.apache.velocity - VM #includeBrief: too few arguments to macro. Wanted 5 got 4
16:04:03.585 [Test worker] DEBUG org.apache.velocity - VM #includeBrief: too few arguments to macro. Wanted 5 got 4
16:04:03.585 [Test worker] DEBUG org.apache.velocity - VM #includeBrief: too few arguments to macro. Wanted 5 got 4
16:04:03.585 [Test worker] DEBUG org.apache.velocity - VM #includeBrief: too few arguments to macro. Wanted 5 got 4
16:04:03.585 [Test worker] DEBUG org.apache.velocity - VM #includeBrief: too few arguments to macro. Wanted 5 got 4
16:04:03.585 [Test worker] DEBUG org.apache.velocity - VM #includeBrief: too few arguments to macro. Wanted 5 got 4
16:04:03.585 [Test worker] DEBUG org.apache.velocity - VM #includeBrief: too few arguments to macro. Wanted 5 got 4
16:04:03.585 [Test worker] DEBUG org.apache.velocity - VM #includeBrief: too few arguments to macro. Wanted 5 got 4
16:04:03.585 [Test worker] DEBUG org.apache.velocity - VM #includeBrief: too few arguments to macro. Wanted 5 got 4
16:04:03.585 [Test worker] DEBUG org.apache.velocity - VM #includeBrief: too few arguments to macro. Wanted 5 got 4
16:04:03.585 [Test worker] DEBUG org.apache.velocity - VM #includeBrief: too few arguments to macro. Wanted 5 got 4
16:04:03.585 [Test worker] DEBUG org.apache.velocity - VM #includeBrief: too few arguments to macro. Wanted 5 got 4
16:04:03.585 [Test worker] DEBUG org.apache.velocity - VM #includeBrief: too few arguments to macro. Wanted 5 got 4
16:04:03.585 [Test worker] DEBUG org.apache.velocity - VM #includeBrief: too few arguments to macro. Wanted 5 got 4
16:04:03.585 [Test worker] DEBUG org.apache.velocity - ResourceManager : found /templates/footer.vm with loader org.apache.velocity.runtime.resource.loader.ClasspathResourceLoader
16:04:03.585 [Test worker] DEBUG org.apache.velocity - ResourceManager : found templates/generators/reportFeature.vm with loader org.apache.velocity.runtime.resource.loader.ClasspathResourceLoader
16:04:03.585 [Test worker] DEBUG org.apache.velocity - ResourceManager : found /templates/headers.vm with loader org.apache.velocity.runtime.resource.loader.ClasspathResourceLoader
16:04:03.585 [Test worker] DEBUG org.apache.velocity - ResourceManager : found /templates/head.vm with loader org.apache.velocity.runtime.resource.loader.ClasspathResourceLoader
16:04:03.585 [Test worker] DEBUG org.apache.velocity - Velocimacro : added VM stringArray: source=/templates/macros/array.js.vm
16:04:03.585 [Test worker] DEBUG org.apache.velocity - Velocimacro : added VM numberArray: source=/templates/macros/array.js.vm
16:04:03.585 [Test worker] DEBUG org.apache.velocity - ResourceManager : found /templates/macros/array.js.vm with loader org.apache.velocity.runtime.resource.loader.ClasspathResourceLoader
16:04:03.601 [Test worker] DEBUG org.apache.velocity - Velocimacro : added VM includeBuildInfo: source=/templates/macros/page/buildinfo.vm
16:04:03.601 [Test worker] DEBUG org.apache.velocity - ResourceManager : found /templates/macros/page/buildinfo.vm with loader org.apache.velocity.runtime.resource.loader.ClasspathResourceLoader
16:04:03.601 [Test worker] DEBUG org.apache.velocity - Velocimacro : added VM includeClassifications: source=/templates/macros/page/classifications.vm
16:04:03.601 [Test worker] DEBUG org.apache.velocity - ResourceManager : found /templates/macros/page/classifications.vm with loader org.apache.velocity.runtime.resource.loader.ClasspathResourceLoader
16:04:03.601 [Test worker] DEBUG org.apache.velocity - Velocimacro : added VM includeLead: source=/templates/macros/page/lead.vm
16:04:03.601 [Test worker] DEBUG org.apache.velocity - ResourceManager : found /templates/macros/page/lead.vm with loader org.apache.velocity.runtime.resource.loader.ClasspathResourceLoader
16:04:03.601 [Test worker] DEBUG org.apache.velocity - Velocimacro : added VM includeNavigation: source=/templates/macros/page/navigation.vm
16:04:03.601 [Test worker] DEBUG org.apache.velocity - ResourceManager : found /templates/macros/page/navigation.vm with loader org.apache.velocity.runtime.resource.loader.ClasspathResourceLoader
16:04:03.601 [Test worker] DEBUG org.apache.velocity - Velocimacro : added VM includeReportInfo: source=/templates/macros/page/reportInfo.vm
16:04:03.601 [Test worker] DEBUG org.apache.velocity - ResourceManager : found /templates/macros/page/reportInfo.vm with loader org.apache.velocity.runtime.resource.loader.ClasspathResourceLoader
16:04:03.601 [Test worker] DEBUG org.apache.velocity - Velocimacro : added VM includeTitle: source=/templates/macros/page/title.vm
16:04:03.601 [Test worker] DEBUG org.apache.velocity - ResourceManager : found /templates/macros/page/title.vm with loader org.apache.velocity.runtime.resource.loader.ClasspathResourceLoader
16:04:03.601 [Test worker] DEBUG org.apache.velocity - Velocimacro : added VM includeExpandingButtons: source=/templates/macros/report/expandAllButtons.vm
16:04:03.601 [Test worker] DEBUG org.apache.velocity - ResourceManager : found /templates/macros/report/expandAllButtons.vm with loader org.apache.velocity.runtime.resource.loader.ClasspathResourceLoader
16:04:03.601 [Test worker] DEBUG org.apache.velocity - Velocimacro : added VM includeReportTable: source=/templates/macros/report/reportTable.vm
16:04:03.601 [Test worker] DEBUG org.apache.velocity - ResourceManager : found /templates/macros/report/reportTable.vm with loader org.apache.velocity.runtime.resource.loader.ClasspathResourceLoader
16:04:03.601 [Test worker] DEBUG org.apache.velocity - Velocimacro : added VM includeReportHeader: source=/templates/macros/report/reportHeader.vm
16:04:03.601 [Test worker] DEBUG org.apache.velocity - ResourceManager : found /templates/macros/report/reportHeader.vm with loader org.apache.velocity.runtime.resource.loader.ClasspathResourceLoader
16:04:03.601 [Test worker] DEBUG org.apache.velocity - Velocimacro : added VM includeStatsTable: source=/templates/macros/report/statsTable.vm
16:04:03.601 [Test worker] DEBUG org.apache.velocity - ResourceManager : found /templates/macros/report/statsTable.vm with loader org.apache.velocity.runtime.resource.loader.ClasspathResourceLoader
16:04:03.601 [Test worker] DEBUG org.apache.velocity - Velocimacro : added VM includeBrief: source=/templates/macros/json/brief.vm
16:04:03.601 [Test worker] DEBUG org.apache.velocity - ResourceManager : found /templates/macros/json/brief.vm with loader org.apache.velocity.runtime.resource.loader.ClasspathResourceLoader
16:04:03.601 [Test worker] DEBUG org.apache.velocity - Velocimacro : added VM includeDocString: source=/templates/macros/json/docstring.vm
16:04:03.601 [Test worker] DEBUG org.apache.velocity - ResourceManager : found /templates/macros/json/docstring.vm with loader org.apache.velocity.runtime.resource.loader.ClasspathResourceLoader
16:04:03.601 [Test worker] DEBUG org.apache.velocity - Velocimacro : added VM includeDuration: source=/templates/macros/json/duration.vm
16:04:03.601 [Test worker] DEBUG org.apache.velocity - ResourceManager : found /templates/macros/json/duration.vm with loader org.apache.velocity.runtime.resource.loader.ClasspathResourceLoader
16:04:03.601 [Test worker] DEBUG org.apache.velocity - Velocimacro : added VM includeElement: source=/templates/macros/json/element.vm
16:04:03.601 [Test worker] DEBUG org.apache.velocity - ResourceManager : found /templates/macros/json/element.vm with loader org.apache.velocity.runtime.resource.loader.ClasspathResourceLoader
16:04:03.601 [Test worker] DEBUG org.apache.velocity - Velocimacro : added VM includeEmbeddings: source=/templates/macros/json/embeddings.vm
16:04:03.601 [Test worker] DEBUG org.apache.velocity - Velocimacro : added VM includeHtmlEmbedding: source=/templates/macros/json/embeddings.vm
16:04:03.601 [Test worker] DEBUG org.apache.velocity - Velocimacro : added VM includeImageEmbedding: source=/templates/macros/json/embeddings.vm
16:04:03.601 [Test worker] DEBUG org.apache.velocity - Velocimacro : added VM includeImageReferenceEmbedding: source=/templates/macros/json/embeddings.vm
16:04:03.601 [Test worker] DEBUG org.apache.velocity - Velocimacro : added VM includeTextEmbedding: source=/templates/macros/json/embeddings.vm
16:04:03.601 [Test worker] DEBUG org.apache.velocity - Velocimacro : added VM includeUnknownEmbedding: source=/templates/macros/json/embeddings.vm
16:04:03.601 [Test worker] DEBUG org.apache.velocity - ResourceManager : found /templates/macros/json/embeddings.vm with loader org.apache.velocity.runtime.resource.loader.ClasspathResourceLoader
16:04:03.601 [Test worker] DEBUG org.apache.velocity - Velocimacro : added VM includeHooks: source=/templates/macros/json/hooks.vm
16:04:03.601 [Test worker] DEBUG org.apache.velocity - ResourceManager : found /templates/macros/json/hooks.vm with loader org.apache.velocity.runtime.resource.loader.ClasspathResourceLoader
16:04:03.601 [Test worker] DEBUG org.apache.velocity - Velocimacro : added VM includeOutput: source=/templates/macros/json/output.vm
16:04:03.601 [Test worker] DEBUG org.apache.velocity - ResourceManager : found /templates/macros/json/output.vm with loader org.apache.velocity.runtime.resource.loader.ClasspathResourceLoader
16:04:03.601 [Test worker] DEBUG org.apache.velocity - Velocimacro : added VM includeMessage: source=/templates/macros/json/message.vm
16:04:03.601 [Test worker] DEBUG org.apache.velocity - ResourceManager : found /templates/macros/json/message.vm with loader org.apache.velocity.runtime.resource.loader.ClasspathResourceLoader
16:04:03.601 [Test worker] DEBUG org.apache.velocity - Velocimacro : added VM includeSteps: source=/templates/macros/json/steps.vm
16:04:03.601 [Test worker] DEBUG org.apache.velocity - ResourceManager : found /templates/macros/json/steps.vm with loader org.apache.velocity.runtime.resource.loader.ClasspathResourceLoader
16:04:03.601 [Test worker] DEBUG org.apache.velocity - Velocimacro : added VM includeTags: source=/templates/macros/json/tags.vm
16:04:03.601 [Test worker] DEBUG org.apache.velocity - ResourceManager : found /templates/macros/json/tags.vm with loader org.apache.velocity.runtime.resource.loader.ClasspathResourceLoader
16:04:03.601 [Test worker] DEBUG org.apache.velocity - VM #includeNavigation: too few arguments to macro. Wanted 1 got 0
16:04:03.601 [Test worker] DEBUG org.apache.velocity - Left side ($active_tab) of '==' operation has null value. If it is a reference, it may not be in the context or its toString() returned null. /templates/macros/page/navigation.vm[line 14, column 51]
16:04:03.601 [Test worker] DEBUG org.apache.velocity - Left side ($active_tab) of '==' operation has null value. If it is a reference, it may not be in the context or its toString() returned null. /templates/macros/page/navigation.vm[line 15, column 51]
16:04:03.601 [Test worker] DEBUG org.apache.velocity - Left side ($active_tab) of '==' operation has null value. If it is a reference, it may not be in the context or its toString() returned null. /templates/macros/page/navigation.vm[line 16, column 51]
16:04:03.601 [Test worker] DEBUG org.apache.velocity - Left side ($active_tab) of '==' operation has null value. If it is a reference, it may not be in the context or its toString() returned null. /templates/macros/page/navigation.vm[line 20, column 51]
16:04:03.601 [Test worker] DEBUG org.apache.velocity - VM #includeLead: too few arguments to macro. Wanted 2 got 1
16:04:03.601 [Test worker] DEBUG org.apache.velocity - VM #includeBrief: too few arguments to macro. Wanted 5 got 3
16:04:03.601 [Test worker] DEBUG org.apache.velocity - VM #includeBrief: too few arguments to macro. Wanted 5 got 4
16:04:03.601 [Test worker] DEBUG org.apache.velocity - VM #includeBrief: too few arguments to macro. Wanted 5 got 4
16:04:03.616 [Test worker] DEBUG org.apache.velocity - ResourceManager : found /templates/footer.vm with loader org.apache.velocity.runtime.resource.loader.ClasspathResourceLoader
16:04:03.616 [Test worker] DEBUG org.apache.velocity - ResourceManager : found templates/generators/reportFeature.vm with loader org.apache.velocity.runtime.resource.loader.ClasspathResourceLoader
16:04:03.616 [Test worker] DEBUG org.apache.velocity - ResourceManager : found /templates/headers.vm with loader org.apache.velocity.runtime.resource.loader.ClasspathResourceLoader
16:04:03.616 [Test worker] DEBUG org.apache.velocity - ResourceManager : found /templates/head.vm with loader org.apache.velocity.runtime.resource.loader.ClasspathResourceLoader
16:04:03.616 [Test worker] DEBUG org.apache.velocity - Velocimacro : added VM stringArray: source=/templates/macros/array.js.vm
16:04:03.616 [Test worker] DEBUG org.apache.velocity - Velocimacro : added VM numberArray: source=/templates/macros/array.js.vm
16:04:03.616 [Test worker] DEBUG org.apache.velocity - ResourceManager : found /templates/macros/array.js.vm with loader org.apache.velocity.runtime.resource.loader.ClasspathResourceLoader
16:04:03.616 [Test worker] DEBUG org.apache.velocity - Velocimacro : added VM includeBuildInfo: source=/templates/macros/page/buildinfo.vm
16:04:03.616 [Test worker] DEBUG org.apache.velocity - ResourceManager : found /templates/macros/page/buildinfo.vm with loader org.apache.velocity.runtime.resource.loader.ClasspathResourceLoader
16:04:03.616 [Test worker] DEBUG org.apache.velocity - Velocimacro : added VM includeClassifications: source=/templates/macros/page/classifications.vm
16:04:03.616 [Test worker] DEBUG org.apache.velocity - ResourceManager : found /templates/macros/page/classifications.vm with loader org.apache.velocity.runtime.resource.loader.ClasspathResourceLoader
16:04:03.616 [Test worker] DEBUG org.apache.velocity - Velocimacro : added VM includeLead: source=/templates/macros/page/lead.vm
16:04:03.616 [Test worker] DEBUG org.apache.velocity - ResourceManager : found /templates/macros/page/lead.vm with loader org.apache.velocity.runtime.resource.loader.ClasspathResourceLoader
16:04:03.616 [Test worker] DEBUG org.apache.velocity - Velocimacro : added VM includeNavigation: source=/templates/macros/page/navigation.vm
16:04:03.616 [Test worker] DEBUG org.apache.velocity - ResourceManager : found /templates/macros/page/navigation.vm with loader org.apache.velocity.runtime.resource.loader.ClasspathResourceLoader
16:04:03.616 [Test worker] DEBUG org.apache.velocity - Velocimacro : added VM includeReportInfo: source=/templates/macros/page/reportInfo.vm
16:04:03.616 [Test worker] DEBUG org.apache.velocity - ResourceManager : found /templates/macros/page/reportInfo.vm with loader org.apache.velocity.runtime.resource.loader.ClasspathResourceLoader
16:04:03.616 [Test worker] DEBUG org.apache.velocity - Velocimacro : added VM includeTitle: source=/templates/macros/page/title.vm
16:04:03.616 [Test worker] DEBUG org.apache.velocity - ResourceManager : found /templates/macros/page/title.vm with loader org.apache.velocity.runtime.resource.loader.ClasspathResourceLoader
16:04:03.616 [Test worker] DEBUG org.apache.velocity - Velocimacro : added VM includeExpandingButtons: source=/templates/macros/report/expandAllButtons.vm
16:04:03.616 [Test worker] DEBUG org.apache.velocity - ResourceManager : found /templates/macros/report/expandAllButtons.vm with loader org.apache.velocity.runtime.resource.loader.ClasspathResourceLoader
16:04:03.616 [Test worker] DEBUG org.apache.velocity - Velocimacro : added VM includeReportTable: source=/templates/macros/report/reportTable.vm
16:04:03.616 [Test worker] DEBUG org.apache.velocity - ResourceManager : found /templates/macros/report/reportTable.vm with loader org.apache.velocity.runtime.resource.loader.ClasspathResourceLoader
16:04:03.616 [Test worker] DEBUG org.apache.velocity - Velocimacro : added VM includeReportHeader: source=/templates/macros/report/reportHeader.vm
16:04:03.616 [Test worker] DEBUG org.apache.velocity - ResourceManager : found /templates/macros/report/reportHeader.vm with loader org.apache.velocity.runtime.resource.loader.ClasspathResourceLoader
16:04:03.616 [Test worker] DEBUG org.apache.velocity - Velocimacro : added VM includeStatsTable: source=/templates/macros/report/statsTable.vm
16:04:03.616 [Test worker] DEBUG org.apache.velocity - ResourceManager : found /templates/macros/report/statsTable.vm with loader org.apache.velocity.runtime.resource.loader.ClasspathResourceLoader
16:04:03.616 [Test worker] DEBUG org.apache.velocity - Velocimacro : added VM includeBrief: source=/templates/macros/json/brief.vm
16:04:03.616 [Test worker] DEBUG org.apache.velocity - ResourceManager : found /templates/macros/json/brief.vm with loader org.apache.velocity.runtime.resource.loader.ClasspathResourceLoader
16:04:03.616 [Test worker] DEBUG org.apache.velocity - Velocimacro : added VM includeDocString: source=/templates/macros/json/docstring.vm
16:04:03.616 [Test worker] DEBUG org.apache.velocity - ResourceManager : found /templates/macros/json/docstring.vm with loader org.apache.velocity.runtime.resource.loader.ClasspathResourceLoader
16:04:03.616 [Test worker] DEBUG org.apache.velocity - Velocimacro : added VM includeDuration: source=/templates/macros/json/duration.vm
16:04:03.616 [Test worker] DEBUG org.apache.velocity - ResourceManager : found /templates/macros/json/duration.vm with loader org.apache.velocity.runtime.resource.loader.ClasspathResourceLoader
16:04:03.616 [Test worker] DEBUG org.apache.velocity - Velocimacro : added VM includeElement: source=/templates/macros/json/element.vm
16:04:03.616 [Test worker] DEBUG org.apache.velocity - ResourceManager : found /templates/macros/json/element.vm with loader org.apache.velocity.runtime.resource.loader.ClasspathResourceLoader
16:04:03.616 [Test worker] DEBUG org.apache.velocity - Velocimacro : added VM includeEmbeddings: source=/templates/macros/json/embeddings.vm
16:04:03.616 [Test worker] DEBUG org.apache.velocity - Velocimacro : added VM includeHtmlEmbedding: source=/templates/macros/json/embeddings.vm
16:04:03.616 [Test worker] DEBUG org.apache.velocity - Velocimacro : added VM includeImageEmbedding: source=/templates/macros/json/embeddings.vm
16:04:03.616 [Test worker] DEBUG org.apache.velocity - Velocimacro : added VM includeImageReferenceEmbedding: source=/templates/macros/json/embeddings.vm
16:04:03.616 [Test worker] DEBUG org.apache.velocity - Velocimacro : added VM includeTextEmbedding: source=/templates/macros/json/embeddings.vm
16:04:03.616 [Test worker] DEBUG org.apache.velocity - Velocimacro : added VM includeUnknownEmbedding: source=/templates/macros/json/embeddings.vm
16:04:03.616 [Test worker] DEBUG org.apache.velocity - ResourceManager : found /templates/macros/json/embeddings.vm with loader org.apache.velocity.runtime.resource.loader.ClasspathResourceLoader
16:04:03.616 [Test worker] DEBUG org.apache.velocity - Velocimacro : added VM includeHooks: source=/templates/macros/json/hooks.vm
16:04:03.616 [Test worker] DEBUG org.apache.velocity - ResourceManager : found /templates/macros/json/hooks.vm with loader org.apache.velocity.runtime.resource.loader.ClasspathResourceLoader
16:04:03.616 [Test worker] DEBUG org.apache.velocity - Velocimacro : added VM includeOutput: source=/templates/macros/json/output.vm
16:04:03.616 [Test worker] DEBUG org.apache.velocity - ResourceManager : found /templates/macros/json/output.vm with loader org.apache.velocity.runtime.resource.loader.ClasspathResourceLoader
16:04:03.632 [Test worker] DEBUG org.apache.velocity - Velocimacro : added VM includeMessage: source=/templates/macros/json/message.vm
16:04:03.632 [Test worker] DEBUG org.apache.velocity - ResourceManager : found /templates/macros/json/message.vm with loader org.apache.velocity.runtime.resource.loader.ClasspathResourceLoader
16:04:03.632 [Test worker] DEBUG org.apache.velocity - Velocimacro : added VM includeSteps: source=/templates/macros/json/steps.vm
16:04:03.632 [Test worker] DEBUG org.apache.velocity - ResourceManager : found /templates/macros/json/steps.vm with loader org.apache.velocity.runtime.resource.loader.ClasspathResourceLoader
16:04:03.632 [Test worker] DEBUG org.apache.velocity - Velocimacro : added VM includeTags: source=/templates/macros/json/tags.vm
16:04:03.632 [Test worker] DEBUG org.apache.velocity - ResourceManager : found /templates/macros/json/tags.vm with loader org.apache.velocity.runtime.resource.loader.ClasspathResourceLoader
16:04:03.632 [Test worker] DEBUG org.apache.velocity - VM #includeNavigation: too few arguments to macro. Wanted 1 got 0
16:04:03.632 [Test worker] DEBUG org.apache.velocity - Left side ($active_tab) of '==' operation has null value. If it is a reference, it may not be in the context or its toString() returned null. /templates/macros/page/navigation.vm[line 14, column 51]
16:04:03.632 [Test worker] DEBUG org.apache.velocity - Left side ($active_tab) of '==' operation has null value. If it is a reference, it may not be in the context or its toString() returned null. /templates/macros/page/navigation.vm[line 15, column 51]
16:04:03.632 [Test worker] DEBUG org.apache.velocity - Left side ($active_tab) of '==' operation has null value. If it is a reference, it may not be in the context or its toString() returned null. /templates/macros/page/navigation.vm[line 16, column 51]
16:04:03.632 [Test worker] DEBUG org.apache.velocity - Left side ($active_tab) of '==' operation has null value. If it is a reference, it may not be in the context or its toString() returned null. /templates/macros/page/navigation.vm[line 20, column 51]
16:04:03.632 [Test worker] DEBUG org.apache.velocity - VM #includeLead: too few arguments to macro. Wanted 2 got 1
16:04:03.632 [Test worker] DEBUG org.apache.velocity - VM #includeBrief: too few arguments to macro. Wanted 5 got 3
16:04:03.632 [Test worker] DEBUG org.apache.velocity - VM #includeBrief: too few arguments to macro. Wanted 5 got 4
16:04:03.632 [Test worker] DEBUG org.apache.velocity - VM #includeBrief: too few arguments to macro. Wanted 5 got 4
16:04:03.632 [Test worker] DEBUG org.apache.velocity - VM #includeBrief: too few arguments to macro. Wanted 5 got 4
16:04:03.632 [Test worker] DEBUG org.apache.velocity - VM #includeBrief: too few arguments to macro. Wanted 5 got 4
16:04:03.632 [Test worker] DEBUG org.apache.velocity - ResourceManager : found /templates/footer.vm with loader org.apache.velocity.runtime.resource.loader.ClasspathResourceLoader
16:04:03.632 [Test worker] DEBUG org.apache.velocity - ResourceManager : found templates/generators/overviewTags.vm with loader org.apache.velocity.runtime.resource.loader.ClasspathResourceLoader
16:04:03.632 [Test worker] DEBUG org.apache.velocity - ResourceManager : found /templates/headers.vm with loader org.apache.velocity.runtime.resource.loader.ClasspathResourceLoader
16:04:03.632 [Test worker] DEBUG org.apache.velocity - ResourceManager : found /templates/head.vm with loader org.apache.velocity.runtime.resource.loader.ClasspathResourceLoader
16:04:03.632 [Test worker] DEBUG org.apache.velocity - Velocimacro : added VM stringArray: source=/templates/macros/array.js.vm
16:04:03.632 [Test worker] DEBUG org.apache.velocity - Velocimacro : added VM numberArray: source=/templates/macros/array.js.vm
16:04:03.632 [Test worker] DEBUG org.apache.velocity - ResourceManager : found /templates/macros/array.js.vm with loader org.apache.velocity.runtime.resource.loader.ClasspathResourceLoader
16:04:03.632 [Test worker] DEBUG org.apache.velocity - Velocimacro : added VM includeBuildInfo: source=/templates/macros/page/buildinfo.vm
16:04:03.632 [Test worker] DEBUG org.apache.velocity - ResourceManager : found /templates/macros/page/buildinfo.vm with loader org.apache.velocity.runtime.resource.loader.ClasspathResourceLoader
16:04:03.632 [Test worker] DEBUG org.apache.velocity - Velocimacro : added VM includeClassifications: source=/templates/macros/page/classifications.vm
16:04:03.632 [Test worker] DEBUG org.apache.velocity - ResourceManager : found /templates/macros/page/classifications.vm with loader org.apache.velocity.runtime.resource.loader.ClasspathResourceLoader
16:04:03.632 [Test worker] DEBUG org.apache.velocity - Velocimacro : added VM includeLead: source=/templates/macros/page/lead.vm
16:04:03.632 [Test worker] DEBUG org.apache.velocity - ResourceManager : found /templates/macros/page/lead.vm with loader org.apache.velocity.runtime.resource.loader.ClasspathResourceLoader
16:04:03.632 [Test worker] DEBUG org.apache.velocity - Velocimacro : added VM includeNavigation: source=/templates/macros/page/navigation.vm
16:04:03.632 [Test worker] DEBUG org.apache.velocity - ResourceManager : found /templates/macros/page/navigation.vm with loader org.apache.velocity.runtime.resource.loader.ClasspathResourceLoader
16:04:03.632 [Test worker] DEBUG org.apache.velocity - Velocimacro : added VM includeReportInfo: source=/templates/macros/page/reportInfo.vm
16:04:03.632 [Test worker] DEBUG org.apache.velocity - ResourceManager : found /templates/macros/page/reportInfo.vm with loader org.apache.velocity.runtime.resource.loader.ClasspathResourceLoader
16:04:03.632 [Test worker] DEBUG org.apache.velocity - Velocimacro : added VM includeTitle: source=/templates/macros/page/title.vm
16:04:03.632 [Test worker] DEBUG org.apache.velocity - ResourceManager : found /templates/macros/page/title.vm with loader org.apache.velocity.runtime.resource.loader.ClasspathResourceLoader
16:04:03.632 [Test worker] DEBUG org.apache.velocity - Velocimacro : added VM includeExpandingButtons: source=/templates/macros/report/expandAllButtons.vm
16:04:03.632 [Test worker] DEBUG org.apache.velocity - ResourceManager : found /templates/macros/report/expandAllButtons.vm with loader org.apache.velocity.runtime.resource.loader.ClasspathResourceLoader
16:04:03.632 [Test worker] DEBUG org.apache.velocity - Velocimacro : added VM includeReportTable: source=/templates/macros/report/reportTable.vm
16:04:03.632 [Test worker] DEBUG org.apache.velocity - ResourceManager : found /templates/macros/report/reportTable.vm with loader org.apache.velocity.runtime.resource.loader.ClasspathResourceLoader
16:04:03.632 [Test worker] DEBUG org.apache.velocity - Velocimacro : added VM includeReportHeader: source=/templates/macros/report/reportHeader.vm
16:04:03.632 [Test worker] DEBUG org.apache.velocity - ResourceManager : found /templates/macros/report/reportHeader.vm with loader org.apache.velocity.runtime.resource.loader.ClasspathResourceLoader
16:04:03.632 [Test worker] DEBUG org.apache.velocity - Velocimacro : added VM includeStatsTable: source=/templates/macros/report/statsTable.vm
16:04:03.632 [Test worker] DEBUG org.apache.velocity - ResourceManager : found /templates/macros/report/statsTable.vm with loader org.apache.velocity.runtime.resource.loader.ClasspathResourceLoader
16:04:03.632 [Test worker] DEBUG org.apache.velocity - Velocimacro : added VM includeBrief: source=/templates/macros/json/brief.vm
16:04:03.632 [Test worker] DEBUG org.apache.velocity - ResourceManager : found /templates/macros/json/brief.vm with loader org.apache.velocity.runtime.resource.loader.ClasspathResourceLoader
16:04:03.632 [Test worker] DEBUG org.apache.velocity - Velocimacro : added VM includeDocString: source=/templates/macros/json/docstring.vm
16:04:03.632 [Test worker] DEBUG org.apache.velocity - ResourceManager : found /templates/macros/json/docstring.vm with loader org.apache.velocity.runtime.resource.loader.ClasspathResourceLoader
16:04:03.632 [Test worker] DEBUG org.apache.velocity - Velocimacro : added VM includeDuration: source=/templates/macros/json/duration.vm
16:04:03.632 [Test worker] DEBUG org.apache.velocity - ResourceManager : found /templates/macros/json/duration.vm with loader org.apache.velocity.runtime.resource.loader.ClasspathResourceLoader
16:04:03.632 [Test worker] DEBUG org.apache.velocity - Velocimacro : added VM includeElement: source=/templates/macros/json/element.vm
16:04:03.632 [Test worker] DEBUG org.apache.velocity - ResourceManager : found /templates/macros/json/element.vm with loader org.apache.velocity.runtime.resource.loader.ClasspathResourceLoader
16:04:03.632 [Test worker] DEBUG org.apache.velocity - Velocimacro : added VM includeEmbeddings: source=/templates/macros/json/embeddings.vm
16:04:03.632 [Test worker] DEBUG org.apache.velocity - Velocimacro : added VM includeHtmlEmbedding: source=/templates/macros/json/embeddings.vm
16:04:03.632 [Test worker] DEBUG org.apache.velocity - Velocimacro : added VM includeImageEmbedding: source=/templates/macros/json/embeddings.vm
16:04:03.632 [Test worker] DEBUG org.apache.velocity - Velocimacro : added VM includeImageReferenceEmbedding: source=/templates/macros/json/embeddings.vm
16:04:03.632 [Test worker] DEBUG org.apache.velocity - Velocimacro : added VM includeTextEmbedding: source=/templates/macros/json/embeddings.vm
16:04:03.632 [Test worker] DEBUG org.apache.velocity - Velocimacro : added VM includeUnknownEmbedding: source=/templates/macros/json/embeddings.vm
16:04:03.632 [Test worker] DEBUG org.apache.velocity - ResourceManager : found /templates/macros/json/embeddings.vm with loader org.apache.velocity.runtime.resource.loader.ClasspathResourceLoader
16:04:03.632 [Test worker] DEBUG org.apache.velocity - Velocimacro : added VM includeHooks: source=/templates/macros/json/hooks.vm
16:04:03.632 [Test worker] DEBUG org.apache.velocity - ResourceManager : found /templates/macros/json/hooks.vm with loader org.apache.velocity.runtime.resource.loader.ClasspathResourceLoader
16:04:03.632 [Test worker] DEBUG org.apache.velocity - Velocimacro : added VM includeOutput: source=/templates/macros/json/output.vm
16:04:03.632 [Test worker] DEBUG org.apache.velocity - ResourceManager : found /templates/macros/json/output.vm with loader org.apache.velocity.runtime.resource.loader.ClasspathResourceLoader
16:04:03.632 [Test worker] DEBUG org.apache.velocity - Velocimacro : added VM includeMessage: source=/templates/macros/json/message.vm
16:04:03.632 [Test worker] DEBUG org.apache.velocity - ResourceManager : found /templates/macros/json/message.vm with loader org.apache.velocity.runtime.resource.loader.ClasspathResourceLoader
16:04:03.632 [Test worker] DEBUG org.apache.velocity - Velocimacro : added VM includeSteps: source=/templates/macros/json/steps.vm
16:04:03.632 [Test worker] DEBUG org.apache.velocity - ResourceManager : found /templates/macros/json/steps.vm with loader org.apache.velocity.runtime.resource.loader.ClasspathResourceLoader
16:04:03.632 [Test worker] DEBUG org.apache.velocity - Velocimacro : added VM includeTags: source=/templates/macros/json/tags.vm
16:04:03.632 [Test worker] DEBUG org.apache.velocity - ResourceManager : found /templates/macros/json/tags.vm with loader org.apache.velocity.runtime.resource.loader.ClasspathResourceLoader
16:04:03.632 [Test worker] DEBUG org.apache.velocity - ResourceManager : found /templates/js/tags-chart.js.vm with loader org.apache.velocity.runtime.resource.loader.ClasspathResourceLoader
16:04:03.648 [Test worker] DEBUG org.apache.velocity - ResourceManager : found /templates/footer.vm with loader org.apache.velocity.runtime.resource.loader.ClasspathResourceLoader
16:04:03.648 [Test worker] DEBUG org.apache.velocity - ResourceManager : found templates/generators/reportTag.vm with loader org.apache.velocity.runtime.resource.loader.ClasspathResourceLoader
16:04:03.648 [Test worker] DEBUG org.apache.velocity - ResourceManager : found /templates/headers.vm with loader org.apache.velocity.runtime.resource.loader.ClasspathResourceLoader
16:04:03.648 [Test worker] DEBUG org.apache.velocity - ResourceManager : found /templates/head.vm with loader org.apache.velocity.runtime.resource.loader.ClasspathResourceLoader
16:04:03.648 [Test worker] DEBUG org.apache.velocity - Velocimacro : added VM stringArray: source=/templates/macros/array.js.vm
16:04:03.648 [Test worker] DEBUG org.apache.velocity - Velocimacro : added VM numberArray: source=/templates/macros/array.js.vm
16:04:03.648 [Test worker] DEBUG org.apache.velocity - ResourceManager : found /templates/macros/array.js.vm with loader org.apache.velocity.runtime.resource.loader.ClasspathResourceLoader
16:04:03.648 [Test worker] DEBUG org.apache.velocity - Velocimacro : added VM includeBuildInfo: source=/templates/macros/page/buildinfo.vm
16:04:03.648 [Test worker] DEBUG org.apache.velocity - ResourceManager : found /templates/macros/page/buildinfo.vm with loader org.apache.velocity.runtime.resource.loader.ClasspathResourceLoader
16:04:03.648 [Test worker] DEBUG org.apache.velocity - Velocimacro : added VM includeClassifications: source=/templates/macros/page/classifications.vm
16:04:03.648 [Test worker] DEBUG org.apache.velocity - ResourceManager : found /templates/macros/page/classifications.vm with loader org.apache.velocity.runtime.resource.loader.ClasspathResourceLoader
16:04:03.648 [Test worker] DEBUG org.apache.velocity - Velocimacro : added VM includeLead: source=/templates/macros/page/lead.vm
16:04:03.648 [Test worker] DEBUG org.apache.velocity - ResourceManager : found /templates/macros/page/lead.vm with loader org.apache.velocity.runtime.resource.loader.ClasspathResourceLoader
16:04:03.648 [Test worker] DEBUG org.apache.velocity - Velocimacro : added VM includeNavigation: source=/templates/macros/page/navigation.vm
16:04:03.648 [Test worker] DEBUG org.apache.velocity - ResourceManager : found /templates/macros/page/navigation.vm with loader org.apache.velocity.runtime.resource.loader.ClasspathResourceLoader
16:04:03.648 [Test worker] DEBUG org.apache.velocity - Velocimacro : added VM includeReportInfo: source=/templates/macros/page/reportInfo.vm
16:04:03.648 [Test worker] DEBUG org.apache.velocity - ResourceManager : found /templates/macros/page/reportInfo.vm with loader org.apache.velocity.runtime.resource.loader.ClasspathResourceLoader
16:04:03.648 [Test worker] DEBUG org.apache.velocity - Velocimacro : added VM includeTitle: source=/templates/macros/page/title.vm
16:04:03.648 [Test worker] DEBUG org.apache.velocity - ResourceManager : found /templates/macros/page/title.vm with loader org.apache.velocity.runtime.resource.loader.ClasspathResourceLoader
16:04:03.648 [Test worker] DEBUG org.apache.velocity - Velocimacro : added VM includeExpandingButtons: source=/templates/macros/report/expandAllButtons.vm
16:04:03.648 [Test worker] DEBUG org.apache.velocity - ResourceManager : found /templates/macros/report/expandAllButtons.vm with loader org.apache.velocity.runtime.resource.loader.ClasspathResourceLoader
16:04:03.648 [Test worker] DEBUG org.apache.velocity - Velocimacro : added VM includeReportTable: source=/templates/macros/report/reportTable.vm
16:04:03.648 [Test worker] DEBUG org.apache.velocity - ResourceManager : found /templates/macros/report/reportTable.vm with loader org.apache.velocity.runtime.resource.loader.ClasspathResourceLoader
16:04:03.648 [Test worker] DEBUG org.apache.velocity - Velocimacro : added VM includeReportHeader: source=/templates/macros/report/reportHeader.vm
16:04:03.648 [Test worker] DEBUG org.apache.velocity - ResourceManager : found /templates/macros/report/reportHeader.vm with loader org.apache.velocity.runtime.resource.loader.ClasspathResourceLoader
16:04:03.648 [Test worker] DEBUG org.apache.velocity - Velocimacro : added VM includeStatsTable: source=/templates/macros/report/statsTable.vm
16:04:03.648 [Test worker] DEBUG org.apache.velocity - ResourceManager : found /templates/macros/report/statsTable.vm with loader org.apache.velocity.runtime.resource.loader.ClasspathResourceLoader
16:04:03.648 [Test worker] DEBUG org.apache.velocity - Velocimacro : added VM includeBrief: source=/templates/macros/json/brief.vm
16:04:03.648 [Test worker] DEBUG org.apache.velocity - ResourceManager : found /templates/macros/json/brief.vm with loader org.apache.velocity.runtime.resource.loader.ClasspathResourceLoader
16:04:03.648 [Test worker] DEBUG org.apache.velocity - Velocimacro : added VM includeDocString: source=/templates/macros/json/docstring.vm
16:04:03.648 [Test worker] DEBUG org.apache.velocity - ResourceManager : found /templates/macros/json/docstring.vm with loader org.apache.velocity.runtime.resource.loader.ClasspathResourceLoader
16:04:03.648 [Test worker] DEBUG org.apache.velocity - Velocimacro : added VM includeDuration: source=/templates/macros/json/duration.vm
16:04:03.648 [Test worker] DEBUG org.apache.velocity - ResourceManager : found /templates/macros/json/duration.vm with loader org.apache.velocity.runtime.resource.loader.ClasspathResourceLoader
16:04:03.648 [Test worker] DEBUG org.apache.velocity - Velocimacro : added VM includeElement: source=/templates/macros/json/element.vm
16:04:03.648 [Test worker] DEBUG org.apache.velocity - ResourceManager : found /templates/macros/json/element.vm with loader org.apache.velocity.runtime.resource.loader.ClasspathResourceLoader
16:04:03.679 [Test worker] DEBUG org.apache.velocity - Velocimacro : added VM includeEmbeddings: source=/templates/macros/json/embeddings.vm
16:04:03.679 [Test worker] DEBUG org.apache.velocity - Velocimacro : added VM includeHtmlEmbedding: source=/templates/macros/json/embeddings.vm
16:04:03.679 [Test worker] DEBUG org.apache.velocity - Velocimacro : added VM includeImageEmbedding: source=/templates/macros/json/embeddings.vm
16:04:03.679 [Test worker] DEBUG org.apache.velocity - Velocimacro : added VM includeImageReferenceEmbedding: source=/templates/macros/json/embeddings.vm
16:04:03.679 [Test worker] DEBUG org.apache.velocity - Velocimacro : added VM includeTextEmbedding: source=/templates/macros/json/embeddings.vm
16:04:03.679 [Test worker] DEBUG org.apache.velocity - Velocimacro : added VM includeUnknownEmbedding: source=/templates/macros/json/embeddings.vm
16:04:03.679 [Test worker] DEBUG org.apache.velocity - ResourceManager : found /templates/macros/json/embeddings.vm with loader org.apache.velocity.runtime.resource.loader.ClasspathResourceLoader
16:04:03.679 [Test worker] DEBUG org.apache.velocity - Velocimacro : added VM includeHooks: source=/templates/macros/json/hooks.vm
16:04:03.679 [Test worker] DEBUG org.apache.velocity - ResourceManager : found /templates/macros/json/hooks.vm with loader org.apache.velocity.runtime.resource.loader.ClasspathResourceLoader
16:04:03.679 [Test worker] DEBUG org.apache.velocity - Velocimacro : added VM includeOutput: source=/templates/macros/json/output.vm
16:04:03.679 [Test worker] DEBUG org.apache.velocity - ResourceManager : found /templates/macros/json/output.vm with loader org.apache.velocity.runtime.resource.loader.ClasspathResourceLoader
16:04:03.679 [Test worker] DEBUG org.apache.velocity - Velocimacro : added VM includeMessage: source=/templates/macros/json/message.vm
16:04:03.679 [Test worker] DEBUG org.apache.velocity - ResourceManager : found /templates/macros/json/message.vm with loader org.apache.velocity.runtime.resource.loader.ClasspathResourceLoader
16:04:03.679 [Test worker] DEBUG org.apache.velocity - Velocimacro : added VM includeSteps: source=/templates/macros/json/steps.vm
16:04:03.679 [Test worker] DEBUG org.apache.velocity - ResourceManager : found /templates/macros/json/steps.vm with loader org.apache.velocity.runtime.resource.loader.ClasspathResourceLoader
16:04:03.679 [Test worker] DEBUG org.apache.velocity - Velocimacro : added VM includeTags: source=/templates/macros/json/tags.vm
16:04:03.679 [Test worker] DEBUG org.apache.velocity - ResourceManager : found /templates/macros/json/tags.vm with loader org.apache.velocity.runtime.resource.loader.ClasspathResourceLoader
16:04:03.679 [Test worker] DEBUG org.apache.velocity - VM #includeNavigation: too few arguments to macro. Wanted 1 got 0
16:04:03.679 [Test worker] DEBUG org.apache.velocity - Left side ($active_tab) of '==' operation has null value. If it is a reference, it may not be in the context or its toString() returned null. /templates/macros/page/navigation.vm[line 14, column 51]
16:04:03.679 [Test worker] DEBUG org.apache.velocity - Left side ($active_tab) of '==' operation has null value. If it is a reference, it may not be in the context or its toString() returned null. /templates/macros/page/navigation.vm[line 15, column 51]
16:04:03.679 [Test worker] DEBUG org.apache.velocity - Left side ($active_tab) of '==' operation has null value. If it is a reference, it may not be in the context or its toString() returned null. /templates/macros/page/navigation.vm[line 16, column 51]
16:04:03.679 [Test worker] DEBUG org.apache.velocity - Left side ($active_tab) of '==' operation has null value. If it is a reference, it may not be in the context or its toString() returned null. /templates/macros/page/navigation.vm[line 20, column 51]
16:04:03.679 [Test worker] DEBUG org.apache.velocity - VM #includeLead: too few arguments to macro. Wanted 2 got 1
16:04:03.679 [Test worker] DEBUG org.apache.velocity - VM #includeBrief: too few arguments to macro. Wanted 5 got 4
16:04:03.679 [Test worker] DEBUG org.apache.velocity - VM #includeBrief: too few arguments to macro. Wanted 5 got 4
16:04:03.679 [Test worker] DEBUG org.apache.velocity - VM #includeBrief: too few arguments to macro. Wanted 5 got 4
16:04:03.679 [Test worker] DEBUG org.apache.velocity - VM #includeBrief: too few arguments to macro. Wanted 5 got 4
16:04:03.679 [Test worker] DEBUG org.apache.velocity - VM #includeBrief: too few arguments to macro. Wanted 5 got 4
16:04:03.679 [Test worker] DEBUG org.apache.velocity - VM #includeBrief: too few arguments to macro. Wanted 5 got 4
16:04:03.679 [Test worker] DEBUG org.apache.velocity - VM #includeBrief: too few arguments to macro. Wanted 5 got 4
16:04:03.679 [Test worker] DEBUG org.apache.velocity - VM #includeBrief: too few arguments to macro. Wanted 5 got 4
16:04:03.695 [Test worker] DEBUG org.apache.velocity - ResourceManager : found /templates/footer.vm with loader org.apache.velocity.runtime.resource.loader.ClasspathResourceLoader
16:04:03.695 [Test worker] DEBUG org.apache.velocity - ResourceManager : found templates/generators/reportTag.vm with loader org.apache.velocity.runtime.resource.loader.ClasspathResourceLoader
16:04:03.695 [Test worker] DEBUG org.apache.velocity - ResourceManager : found /templates/headers.vm with loader org.apache.velocity.runtime.resource.loader.ClasspathResourceLoader
16:04:03.695 [Test worker] DEBUG org.apache.velocity - ResourceManager : found /templates/head.vm with loader org.apache.velocity.runtime.resource.loader.ClasspathResourceLoader
16:04:03.695 [Test worker] DEBUG org.apache.velocity - Velocimacro : added VM stringArray: source=/templates/macros/array.js.vm
16:04:03.695 [Test worker] DEBUG org.apache.velocity - Velocimacro : added VM numberArray: source=/templates/macros/array.js.vm
16:04:03.695 [Test worker] DEBUG org.apache.velocity - ResourceManager : found /templates/macros/array.js.vm with loader org.apache.velocity.runtime.resource.loader.ClasspathResourceLoader
16:04:03.695 [Test worker] DEBUG org.apache.velocity - Velocimacro : added VM includeBuildInfo: source=/templates/macros/page/buildinfo.vm
16:04:03.695 [Test worker] DEBUG org.apache.velocity - ResourceManager : found /templates/macros/page/buildinfo.vm with loader org.apache.velocity.runtime.resource.loader.ClasspathResourceLoader
16:04:03.695 [Test worker] DEBUG org.apache.velocity - Velocimacro : added VM includeClassifications: source=/templates/macros/page/classifications.vm
16:04:03.695 [Test worker] DEBUG org.apache.velocity - ResourceManager : found /templates/macros/page/classifications.vm with loader org.apache.velocity.runtime.resource.loader.ClasspathResourceLoader
16:04:03.695 [Test worker] DEBUG org.apache.velocity - Velocimacro : added VM includeLead: source=/templates/macros/page/lead.vm
16:04:03.695 [Test worker] DEBUG org.apache.velocity - ResourceManager : found /templates/macros/page/lead.vm with loader org.apache.velocity.runtime.resource.loader.ClasspathResourceLoader
16:04:03.695 [Test worker] DEBUG org.apache.velocity - Velocimacro : added VM includeNavigation: source=/templates/macros/page/navigation.vm
16:04:03.695 [Test worker] DEBUG org.apache.velocity - ResourceManager : found /templates/macros/page/navigation.vm with loader org.apache.velocity.runtime.resource.loader.ClasspathResourceLoader
16:04:03.695 [Test worker] DEBUG org.apache.velocity - Velocimacro : added VM includeReportInfo: source=/templates/macros/page/reportInfo.vm
16:04:03.695 [Test worker] DEBUG org.apache.velocity - ResourceManager : found /templates/macros/page/reportInfo.vm with loader org.apache.velocity.runtime.resource.loader.ClasspathResourceLoader
16:04:03.695 [Test worker] DEBUG org.apache.velocity - Velocimacro : added VM includeTitle: source=/templates/macros/page/title.vm
16:04:03.695 [Test worker] DEBUG org.apache.velocity - ResourceManager : found /templates/macros/page/title.vm with loader org.apache.velocity.runtime.resource.loader.ClasspathResourceLoader
16:04:03.695 [Test worker] DEBUG org.apache.velocity - Velocimacro : added VM includeExpandingButtons: source=/templates/macros/report/expandAllButtons.vm
16:04:03.695 [Test worker] DEBUG org.apache.velocity - ResourceManager : found /templates/macros/report/expandAllButtons.vm with loader org.apache.velocity.runtime.resource.loader.ClasspathResourceLoader
16:04:03.695 [Test worker] DEBUG org.apache.velocity - Velocimacro : added VM includeReportTable: source=/templates/macros/report/reportTable.vm
16:04:03.695 [Test worker] DEBUG org.apache.velocity - ResourceManager : found /templates/macros/report/reportTable.vm with loader org.apache.velocity.runtime.resource.loader.ClasspathResourceLoader
16:04:03.695 [Test worker] DEBUG org.apache.velocity - Velocimacro : added VM includeReportHeader: source=/templates/macros/report/reportHeader.vm
16:04:03.695 [Test worker] DEBUG org.apache.velocity - ResourceManager : found /templates/macros/report/reportHeader.vm with loader org.apache.velocity.runtime.resource.loader.ClasspathResourceLoader
16:04:03.695 [Test worker] DEBUG org.apache.velocity - Velocimacro : added VM includeStatsTable: source=/templates/macros/report/statsTable.vm
16:04:03.695 [Test worker] DEBUG org.apache.velocity - ResourceManager : found /templates/macros/report/statsTable.vm with loader org.apache.velocity.runtime.resource.loader.ClasspathResourceLoader
16:04:03.695 [Test worker] DEBUG org.apache.velocity - Velocimacro : added VM includeBrief: source=/templates/macros/json/brief.vm
16:04:03.695 [Test worker] DEBUG org.apache.velocity - ResourceManager : found /templates/macros/json/brief.vm with loader org.apache.velocity.runtime.resource.loader.ClasspathResourceLoader
16:04:03.695 [Test worker] DEBUG org.apache.velocity - Velocimacro : added VM includeDocString: source=/templates/macros/json/docstring.vm
16:04:03.695 [Test worker] DEBUG org.apache.velocity - ResourceManager : found /templates/macros/json/docstring.vm with loader org.apache.velocity.runtime.resource.loader.ClasspathResourceLoader
16:04:03.695 [Test worker] DEBUG org.apache.velocity - Velocimacro : added VM includeDuration: source=/templates/macros/json/duration.vm
16:04:03.695 [Test worker] DEBUG org.apache.velocity - ResourceManager : found /templates/macros/json/duration.vm with loader org.apache.velocity.runtime.resource.loader.ClasspathResourceLoader
16:04:03.695 [Test worker] DEBUG org.apache.velocity - Velocimacro : added VM includeElement: source=/templates/macros/json/element.vm
16:04:03.695 [Test worker] DEBUG org.apache.velocity - ResourceManager : found /templates/macros/json/element.vm with loader org.apache.velocity.runtime.resource.loader.ClasspathResourceLoader
16:04:03.695 [Test worker] DEBUG org.apache.velocity - Velocimacro : added VM includeEmbeddings: source=/templates/macros/json/embeddings.vm
16:04:03.695 [Test worker] DEBUG org.apache.velocity - Velocimacro : added VM includeHtmlEmbedding: source=/templates/macros/json/embeddings.vm
16:04:03.695 [Test worker] DEBUG org.apache.velocity - Velocimacro : added VM includeImageEmbedding: source=/templates/macros/json/embeddings.vm
16:04:03.695 [Test worker] DEBUG org.apache.velocity - Velocimacro : added VM includeImageReferenceEmbedding: source=/templates/macros/json/embeddings.vm
16:04:03.695 [Test worker] DEBUG org.apache.velocity - Velocimacro : added VM includeTextEmbedding: source=/templates/macros/json/embeddings.vm
16:04:03.695 [Test worker] DEBUG org.apache.velocity - Velocimacro : added VM includeUnknownEmbedding: source=/templates/macros/json/embeddings.vm
16:04:03.695 [Test worker] DEBUG org.apache.velocity - ResourceManager : found /templates/macros/json/embeddings.vm with loader org.apache.velocity.runtime.resource.loader.ClasspathResourceLoader
16:04:03.695 [Test worker] DEBUG org.apache.velocity - Velocimacro : added VM includeHooks: source=/templates/macros/json/hooks.vm
16:04:03.695 [Test worker] DEBUG org.apache.velocity - ResourceManager : found /templates/macros/json/hooks.vm with loader org.apache.velocity.runtime.resource.loader.ClasspathResourceLoader
16:04:03.695 [Test worker] DEBUG org.apache.velocity - Velocimacro : added VM includeOutput: source=/templates/macros/json/output.vm
16:04:03.695 [Test worker] DEBUG org.apache.velocity - ResourceManager : found /templates/macros/json/output.vm with loader org.apache.velocity.runtime.resource.loader.ClasspathResourceLoader
16:04:03.695 [Test worker] DEBUG org.apache.velocity - Velocimacro : added VM includeMessage: source=/templates/macros/json/message.vm
16:04:03.695 [Test worker] DEBUG org.apache.velocity - ResourceManager : found /templates/macros/json/message.vm with loader org.apache.velocity.runtime.resource.loader.ClasspathResourceLoader
16:04:03.695 [Test worker] DEBUG org.apache.velocity - Velocimacro : added VM includeSteps: source=/templates/macros/json/steps.vm
16:04:03.695 [Test worker] DEBUG org.apache.velocity - ResourceManager : found /templates/macros/json/steps.vm with loader org.apache.velocity.runtime.resource.loader.ClasspathResourceLoader
16:04:03.695 [Test worker] DEBUG org.apache.velocity - Velocimacro : added VM includeTags: source=/templates/macros/json/tags.vm
16:04:03.695 [Test worker] DEBUG org.apache.velocity - ResourceManager : found /templates/macros/json/tags.vm with loader org.apache.velocity.runtime.resource.loader.ClasspathResourceLoader
16:04:03.695 [Test worker] DEBUG org.apache.velocity - VM #includeNavigation: too few arguments to macro. Wanted 1 got 0
16:04:03.695 [Test worker] DEBUG org.apache.velocity - Left side ($active_tab) of '==' operation has null value. If it is a reference, it may not be in the context or its toString() returned null. /templates/macros/page/navigation.vm[line 14, column 51]
16:04:03.695 [Test worker] DEBUG org.apache.velocity - Left side ($active_tab) of '==' operation has null value. If it is a reference, it may not be in the context or its toString() returned null. /templates/macros/page/navigation.vm[line 15, column 51]
16:04:03.695 [Test worker] DEBUG org.apache.velocity - Left side ($active_tab) of '==' operation has null value. If it is a reference, it may not be in the context or its toString() returned null. /templates/macros/page/navigation.vm[line 16, column 51]
16:04:03.695 [Test worker] DEBUG org.apache.velocity - Left side ($active_tab) of '==' operation has null value. If it is a reference, it may not be in the context or its toString() returned null. /templates/macros/page/navigation.vm[line 20, column 51]
16:04:03.695 [Test worker] DEBUG org.apache.velocity - VM #includeLead: too few arguments to macro. Wanted 2 got 1
16:04:03.695 [Test worker] DEBUG org.apache.velocity - VM #includeBrief: too few arguments to macro. Wanted 5 got 4
16:04:03.695 [Test worker] DEBUG org.apache.velocity - VM #includeBrief: too few arguments to macro. Wanted 5 got 4
16:04:03.695 [Test worker] DEBUG org.apache.velocity - ResourceManager : found /templates/footer.vm with loader org.apache.velocity.runtime.resource.loader.ClasspathResourceLoader
16:04:03.695 [Test worker] DEBUG org.apache.velocity - ResourceManager : found templates/generators/reportTag.vm with loader org.apache.velocity.runtime.resource.loader.ClasspathResourceLoader
16:04:03.695 [Test worker] DEBUG org.apache.velocity - ResourceManager : found /templates/headers.vm with loader org.apache.velocity.runtime.resource.loader.ClasspathResourceLoader
16:04:03.695 [Test worker] DEBUG org.apache.velocity - ResourceManager : found /templates/head.vm with loader org.apache.velocity.runtime.resource.loader.ClasspathResourceLoader
16:04:03.695 [Test worker] DEBUG org.apache.velocity - Velocimacro : added VM stringArray: source=/templates/macros/array.js.vm
16:04:03.695 [Test worker] DEBUG org.apache.velocity - Velocimacro : added VM numberArray: source=/templates/macros/array.js.vm
16:04:03.695 [Test worker] DEBUG org.apache.velocity - ResourceManager : found /templates/macros/array.js.vm with loader org.apache.velocity.runtime.resource.loader.ClasspathResourceLoader
16:04:03.695 [Test worker] DEBUG org.apache.velocity - Velocimacro : added VM includeBuildInfo: source=/templates/macros/page/buildinfo.vm
16:04:03.695 [Test worker] DEBUG org.apache.velocity - ResourceManager : found /templates/macros/page/buildinfo.vm with loader org.apache.velocity.runtime.resource.loader.ClasspathResourceLoader
16:04:03.695 [Test worker] DEBUG org.apache.velocity - Velocimacro : added VM includeClassifications: source=/templates/macros/page/classifications.vm
16:04:03.695 [Test worker] DEBUG org.apache.velocity - ResourceManager : found /templates/macros/page/classifications.vm with loader org.apache.velocity.runtime.resource.loader.ClasspathResourceLoader
16:04:03.695 [Test worker] DEBUG org.apache.velocity - Velocimacro : added VM includeLead: source=/templates/macros/page/lead.vm
16:04:03.695 [Test worker] DEBUG org.apache.velocity - ResourceManager : found /templates/macros/page/lead.vm with loader org.apache.velocity.runtime.resource.loader.ClasspathResourceLoader
16:04:03.695 [Test worker] DEBUG org.apache.velocity - Velocimacro : added VM includeNavigation: source=/templates/macros/page/navigation.vm
16:04:03.695 [Test worker] DEBUG org.apache.velocity - ResourceManager : found /templates/macros/page/navigation.vm with loader org.apache.velocity.runtime.resource.loader.ClasspathResourceLoader
16:04:03.695 [Test worker] DEBUG org.apache.velocity - Velocimacro : added VM includeReportInfo: source=/templates/macros/page/reportInfo.vm
16:04:03.695 [Test worker] DEBUG org.apache.velocity - ResourceManager : found /templates/macros/page/reportInfo.vm with loader org.apache.velocity.runtime.resource.loader.ClasspathResourceLoader
16:04:03.695 [Test worker] DEBUG org.apache.velocity - Velocimacro : added VM includeTitle: source=/templates/macros/page/title.vm
16:04:03.695 [Test worker] DEBUG org.apache.velocity - ResourceManager : found /templates/macros/page/title.vm with loader org.apache.velocity.runtime.resource.loader.ClasspathResourceLoader
16:04:03.695 [Test worker] DEBUG org.apache.velocity - Velocimacro : added VM includeExpandingButtons: source=/templates/macros/report/expandAllButtons.vm
16:04:03.695 [Test worker] DEBUG org.apache.velocity - ResourceManager : found /templates/macros/report/expandAllButtons.vm with loader org.apache.velocity.runtime.resource.loader.ClasspathResourceLoader
16:04:03.695 [Test worker] DEBUG org.apache.velocity - Velocimacro : added VM includeReportTable: source=/templates/macros/report/reportTable.vm
16:04:03.695 [Test worker] DEBUG org.apache.velocity - ResourceManager : found /templates/macros/report/reportTable.vm with loader org.apache.velocity.runtime.resource.loader.ClasspathResourceLoader
16:04:03.695 [Test worker] DEBUG org.apache.velocity - Velocimacro : added VM includeReportHeader: source=/templates/macros/report/reportHeader.vm
16:04:03.695 [Test worker] DEBUG org.apache.velocity - ResourceManager : found /templates/macros/report/reportHeader.vm with loader org.apache.velocity.runtime.resource.loader.ClasspathResourceLoader
16:04:03.695 [Test worker] DEBUG org.apache.velocity - Velocimacro : added VM includeStatsTable: source=/templates/macros/report/statsTable.vm
16:04:03.695 [Test worker] DEBUG org.apache.velocity - ResourceManager : found /templates/macros/report/statsTable.vm with loader org.apache.velocity.runtime.resource.loader.ClasspathResourceLoader
16:04:03.695 [Test worker] DEBUG org.apache.velocity - Velocimacro : added VM includeBrief: source=/templates/macros/json/brief.vm
16:04:03.695 [Test worker] DEBUG org.apache.velocity - ResourceManager : found /templates/macros/json/brief.vm with loader org.apache.velocity.runtime.resource.loader.ClasspathResourceLoader
16:04:03.695 [Test worker] DEBUG org.apache.velocity - Velocimacro : added VM includeDocString: source=/templates/macros/json/docstring.vm
16:04:03.695 [Test worker] DEBUG org.apache.velocity - ResourceManager : found /templates/macros/json/docstring.vm with loader org.apache.velocity.runtime.resource.loader.ClasspathResourceLoader
16:04:03.695 [Test worker] DEBUG org.apache.velocity - Velocimacro : added VM includeDuration: source=/templates/macros/json/duration.vm
16:04:03.695 [Test worker] DEBUG org.apache.velocity - ResourceManager : found /templates/macros/json/duration.vm with loader org.apache.velocity.runtime.resource.loader.ClasspathResourceLoader
16:04:03.711 [Test worker] DEBUG org.apache.velocity - Velocimacro : added VM includeElement: source=/templates/macros/json/element.vm
16:04:03.711 [Test worker] DEBUG org.apache.velocity - ResourceManager : found /templates/macros/json/element.vm with loader org.apache.velocity.runtime.resource.loader.ClasspathResourceLoader
16:04:03.711 [Test worker] DEBUG org.apache.velocity - Velocimacro : added VM includeEmbeddings: source=/templates/macros/json/embeddings.vm
16:04:03.711 [Test worker] DEBUG org.apache.velocity - Velocimacro : added VM includeHtmlEmbedding: source=/templates/macros/json/embeddings.vm
16:04:03.711 [Test worker] DEBUG org.apache.velocity - Velocimacro : added VM includeImageEmbedding: source=/templates/macros/json/embeddings.vm
16:04:03.711 [Test worker] DEBUG org.apache.velocity - Velocimacro : added VM includeImageReferenceEmbedding: source=/templates/macros/json/embeddings.vm
16:04:03.711 [Test worker] DEBUG org.apache.velocity - Velocimacro : added VM includeTextEmbedding: source=/templates/macros/json/embeddings.vm
16:04:03.711 [Test worker] DEBUG org.apache.velocity - Velocimacro : added VM includeUnknownEmbedding: source=/templates/macros/json/embeddings.vm
16:04:03.711 [Test worker] DEBUG org.apache.velocity - ResourceManager : found /templates/macros/json/embeddings.vm with loader org.apache.velocity.runtime.resource.loader.ClasspathResourceLoader
16:04:03.711 [Test worker] DEBUG org.apache.velocity - Velocimacro : added VM includeHooks: source=/templates/macros/json/hooks.vm
16:04:03.711 [Test worker] DEBUG org.apache.velocity - ResourceManager : found /templates/macros/json/hooks.vm with loader org.apache.velocity.runtime.resource.loader.ClasspathResourceLoader
16:04:03.711 [Test worker] DEBUG org.apache.velocity - Velocimacro : added VM includeOutput: source=/templates/macros/json/output.vm
16:04:03.711 [Test worker] DEBUG org.apache.velocity - ResourceManager : found /templates/macros/json/output.vm with loader org.apache.velocity.runtime.resource.loader.ClasspathResourceLoader
16:04:03.711 [Test worker] DEBUG org.apache.velocity - Velocimacro : added VM includeMessage: source=/templates/macros/json/message.vm
16:04:03.711 [Test worker] DEBUG org.apache.velocity - ResourceManager : found /templates/macros/json/message.vm with loader org.apache.velocity.runtime.resource.loader.ClasspathResourceLoader
16:04:03.711 [Test worker] DEBUG org.apache.velocity - Velocimacro : added VM includeSteps: source=/templates/macros/json/steps.vm
16:04:03.711 [Test worker] DEBUG org.apache.velocity - ResourceManager : found /templates/macros/json/steps.vm with loader org.apache.velocity.runtime.resource.loader.ClasspathResourceLoader
16:04:03.711 [Test worker] DEBUG org.apache.velocity - Velocimacro : added VM includeTags: source=/templates/macros/json/tags.vm
16:04:03.711 [Test worker] DEBUG org.apache.velocity - ResourceManager : found /templates/macros/json/tags.vm with loader org.apache.velocity.runtime.resource.loader.ClasspathResourceLoader
16:04:03.711 [Test worker] DEBUG org.apache.velocity - VM #includeNavigation: too few arguments to macro. Wanted 1 got 0
16:04:03.711 [Test worker] DEBUG org.apache.velocity - Left side ($active_tab) of '==' operation has null value. If it is a reference, it may not be in the context or its toString() returned null. /templates/macros/page/navigation.vm[line 14, column 51]
16:04:03.711 [Test worker] DEBUG org.apache.velocity - Left side ($active_tab) of '==' operation has null value. If it is a reference, it may not be in the context or its toString() returned null. /templates/macros/page/navigation.vm[line 15, column 51]
16:04:03.711 [Test worker] DEBUG org.apache.velocity - Left side ($active_tab) of '==' operation has null value. If it is a reference, it may not be in the context or its toString() returned null. /templates/macros/page/navigation.vm[line 16, column 51]
16:04:03.711 [Test worker] DEBUG org.apache.velocity - Left side ($active_tab) of '==' operation has null value. If it is a reference, it may not be in the context or its toString() returned null. /templates/macros/page/navigation.vm[line 20, column 51]
16:04:03.711 [Test worker] DEBUG org.apache.velocity - VM #includeLead: too few arguments to macro. Wanted 2 got 1
16:04:03.711 [Test worker] DEBUG org.apache.velocity - VM #includeBrief: too few arguments to macro. Wanted 5 got 4
16:04:03.711 [Test worker] DEBUG org.apache.velocity - VM #includeBrief: too few arguments to macro. Wanted 5 got 4
16:04:03.711 [Test worker] DEBUG org.apache.velocity - VM #includeBrief: too few arguments to macro. Wanted 5 got 4
16:04:03.711 [Test worker] DEBUG org.apache.velocity - VM #includeBrief: too few arguments to macro. Wanted 5 got 4
16:04:03.711 [Test worker] DEBUG org.apache.velocity - VM #includeBrief: too few arguments to macro. Wanted 5 got 4
16:04:03.711 [Test worker] DEBUG org.apache.velocity - VM #includeBrief: too few arguments to macro. Wanted 5 got 4
16:04:03.711 [Test worker] DEBUG org.apache.velocity - VM #includeBrief: too few arguments to macro. Wanted 5 got 4
16:04:03.711 [Test worker] DEBUG org.apache.velocity - VM #includeBrief: too few arguments to macro. Wanted 5 got 4
16:04:03.711 [Test worker] DEBUG org.apache.velocity - VM #includeBrief: too few arguments to macro. Wanted 5 got 4
16:04:03.711 [Test worker] DEBUG org.apache.velocity - VM #includeBrief: too few arguments to macro. Wanted 5 got 4
16:04:03.711 [Test worker] DEBUG org.apache.velocity - VM #includeBrief: too few arguments to macro. Wanted 5 got 4
16:04:03.711 [Test worker] DEBUG org.apache.velocity - VM #includeBrief: too few arguments to macro. Wanted 5 got 4
16:04:03.711 [Test worker] DEBUG org.apache.velocity - ResourceManager : found /templates/footer.vm with loader org.apache.velocity.runtime.resource.loader.ClasspathResourceLoader
16:04:03.711 [Test worker] DEBUG org.apache.velocity - ResourceManager : found templates/generators/reportTag.vm with loader org.apache.velocity.runtime.resource.loader.ClasspathResourceLoader
16:04:03.711 [Test worker] DEBUG org.apache.velocity - ResourceManager : found /templates/headers.vm with loader org.apache.velocity.runtime.resource.loader.ClasspathResourceLoader
16:04:03.711 [Test worker] DEBUG org.apache.velocity - ResourceManager : found /templates/head.vm with loader org.apache.velocity.runtime.resource.loader.ClasspathResourceLoader
16:04:03.711 [Test worker] DEBUG org.apache.velocity - Velocimacro : added VM stringArray: source=/templates/macros/array.js.vm
16:04:03.711 [Test worker] DEBUG org.apache.velocity - Velocimacro : added VM numberArray: source=/templates/macros/array.js.vm
16:04:03.711 [Test worker] DEBUG org.apache.velocity - ResourceManager : found /templates/macros/array.js.vm with loader org.apache.velocity.runtime.resource.loader.ClasspathResourceLoader
16:04:03.726 [Test worker] DEBUG org.apache.velocity - Velocimacro : added VM includeBuildInfo: source=/templates/macros/page/buildinfo.vm
16:04:03.726 [Test worker] DEBUG org.apache.velocity - ResourceManager : found /templates/macros/page/buildinfo.vm with loader org.apache.velocity.runtime.resource.loader.ClasspathResourceLoader
16:04:03.726 [Test worker] DEBUG org.apache.velocity - Velocimacro : added VM includeClassifications: source=/templates/macros/page/classifications.vm
16:04:03.726 [Test worker] DEBUG org.apache.velocity - ResourceManager : found /templates/macros/page/classifications.vm with loader org.apache.velocity.runtime.resource.loader.ClasspathResourceLoader
16:04:03.726 [Test worker] DEBUG org.apache.velocity - Velocimacro : added VM includeLead: source=/templates/macros/page/lead.vm
16:04:03.726 [Test worker] DEBUG org.apache.velocity - ResourceManager : found /templates/macros/page/lead.vm with loader org.apache.velocity.runtime.resource.loader.ClasspathResourceLoader
16:04:03.726 [Test worker] DEBUG org.apache.velocity - Velocimacro : added VM includeNavigation: source=/templates/macros/page/navigation.vm
16:04:03.726 [Test worker] DEBUG org.apache.velocity - ResourceManager : found /templates/macros/page/navigation.vm with loader org.apache.velocity.runtime.resource.loader.ClasspathResourceLoader
16:04:03.726 [Test worker] DEBUG org.apache.velocity - Velocimacro : added VM includeReportInfo: source=/templates/macros/page/reportInfo.vm
16:04:03.726 [Test worker] DEBUG org.apache.velocity - ResourceManager : found /templates/macros/page/reportInfo.vm with loader org.apache.velocity.runtime.resource.loader.ClasspathResourceLoader
16:04:03.726 [Test worker] DEBUG org.apache.velocity - Velocimacro : added VM includeTitle: source=/templates/macros/page/title.vm
16:04:03.726 [Test worker] DEBUG org.apache.velocity - ResourceManager : found /templates/macros/page/title.vm with loader org.apache.velocity.runtime.resource.loader.ClasspathResourceLoader
16:04:03.726 [Test worker] DEBUG org.apache.velocity - Velocimacro : added VM includeExpandingButtons: source=/templates/macros/report/expandAllButtons.vm
16:04:03.726 [Test worker] DEBUG org.apache.velocity - ResourceManager : found /templates/macros/report/expandAllButtons.vm with loader org.apache.velocity.runtime.resource.loader.ClasspathResourceLoader
16:04:03.726 [Test worker] DEBUG org.apache.velocity - Velocimacro : added VM includeReportTable: source=/templates/macros/report/reportTable.vm
16:04:03.726 [Test worker] DEBUG org.apache.velocity - ResourceManager : found /templates/macros/report/reportTable.vm with loader org.apache.velocity.runtime.resource.loader.ClasspathResourceLoader
16:04:03.726 [Test worker] DEBUG org.apache.velocity - Velocimacro : added VM includeReportHeader: source=/templates/macros/report/reportHeader.vm
16:04:03.726 [Test worker] DEBUG org.apache.velocity - ResourceManager : found /templates/macros/report/reportHeader.vm with loader org.apache.velocity.runtime.resource.loader.ClasspathResourceLoader
16:04:03.726 [Test worker] DEBUG org.apache.velocity - Velocimacro : added VM includeStatsTable: source=/templates/macros/report/statsTable.vm
16:04:03.726 [Test worker] DEBUG org.apache.velocity - ResourceManager : found /templates/macros/report/statsTable.vm with loader org.apache.velocity.runtime.resource.loader.ClasspathResourceLoader
16:04:03.726 [Test worker] DEBUG org.apache.velocity - Velocimacro : added VM includeBrief: source=/templates/macros/json/brief.vm
16:04:03.726 [Test worker] DEBUG org.apache.velocity - ResourceManager : found /templates/macros/json/brief.vm with loader org.apache.velocity.runtime.resource.loader.ClasspathResourceLoader
16:04:03.726 [Test worker] DEBUG org.apache.velocity - Velocimacro : added VM includeDocString: source=/templates/macros/json/docstring.vm
16:04:03.726 [Test worker] DEBUG org.apache.velocity - ResourceManager : found /templates/macros/json/docstring.vm with loader org.apache.velocity.runtime.resource.loader.ClasspathResourceLoader
16:04:03.726 [Test worker] DEBUG org.apache.velocity - Velocimacro : added VM includeDuration: source=/templates/macros/json/duration.vm
16:04:03.726 [Test worker] DEBUG org.apache.velocity - ResourceManager : found /templates/macros/json/duration.vm with loader org.apache.velocity.runtime.resource.loader.ClasspathResourceLoader
16:04:03.726 [Test worker] DEBUG org.apache.velocity - Velocimacro : added VM includeElement: source=/templates/macros/json/element.vm
16:04:03.726 [Test worker] DEBUG org.apache.velocity - ResourceManager : found /templates/macros/json/element.vm with loader org.apache.velocity.runtime.resource.loader.ClasspathResourceLoader
16:04:03.726 [Test worker] DEBUG org.apache.velocity - Velocimacro : added VM includeEmbeddings: source=/templates/macros/json/embeddings.vm
16:04:03.726 [Test worker] DEBUG org.apache.velocity - Velocimacro : added VM includeHtmlEmbedding: source=/templates/macros/json/embeddings.vm
16:04:03.726 [Test worker] DEBUG org.apache.velocity - Velocimacro : added VM includeImageEmbedding: source=/templates/macros/json/embeddings.vm
16:04:03.726 [Test worker] DEBUG org.apache.velocity - Velocimacro : added VM includeImageReferenceEmbedding: source=/templates/macros/json/embeddings.vm
16:04:03.726 [Test worker] DEBUG org.apache.velocity - Velocimacro : added VM includeTextEmbedding: source=/templates/macros/json/embeddings.vm
16:04:03.726 [Test worker] DEBUG org.apache.velocity - Velocimacro : added VM includeUnknownEmbedding: source=/templates/macros/json/embeddings.vm
16:04:03.726 [Test worker] DEBUG org.apache.velocity - ResourceManager : found /templates/macros/json/embeddings.vm with loader org.apache.velocity.runtime.resource.loader.ClasspathResourceLoader
16:04:03.726 [Test worker] DEBUG org.apache.velocity - Velocimacro : added VM includeHooks: source=/templates/macros/json/hooks.vm
16:04:03.726 [Test worker] DEBUG org.apache.velocity - ResourceManager : found /templates/macros/json/hooks.vm with loader org.apache.velocity.runtime.resource.loader.ClasspathResourceLoader
16:04:03.726 [Test worker] DEBUG org.apache.velocity - Velocimacro : added VM includeOutput: source=/templates/macros/json/output.vm
16:04:03.726 [Test worker] DEBUG org.apache.velocity - ResourceManager : found /templates/macros/json/output.vm with loader org.apache.velocity.runtime.resource.loader.ClasspathResourceLoader
16:04:03.726 [Test worker] DEBUG org.apache.velocity - Velocimacro : added VM includeMessage: source=/templates/macros/json/message.vm
16:04:03.726 [Test worker] DEBUG org.apache.velocity - ResourceManager : found /templates/macros/json/message.vm with loader org.apache.velocity.runtime.resource.loader.ClasspathResourceLoader
16:04:03.726 [Test worker] DEBUG org.apache.velocity - Velocimacro : added VM includeSteps: source=/templates/macros/json/steps.vm
16:04:03.726 [Test worker] DEBUG org.apache.velocity - ResourceManager : found /templates/macros/json/steps.vm with loader org.apache.velocity.runtime.resource.loader.ClasspathResourceLoader
16:04:03.726 [Test worker] DEBUG org.apache.velocity - Velocimacro : added VM includeTags: source=/templates/macros/json/tags.vm
16:04:03.726 [Test worker] DEBUG org.apache.velocity - ResourceManager : found /templates/macros/json/tags.vm with loader org.apache.velocity.runtime.resource.loader.ClasspathResourceLoader
16:04:03.726 [Test worker] DEBUG org.apache.velocity - VM #includeNavigation: too few arguments to macro. Wanted 1 got 0
16:04:03.726 [Test worker] DEBUG org.apache.velocity - Left side ($active_tab) of '==' operation has null value. If it is a reference, it may not be in the context or its toString() returned null. /templates/macros/page/navigation.vm[line 14, column 51]
16:04:03.726 [Test worker] DEBUG org.apache.velocity - Left side ($active_tab) of '==' operation has null value. If it is a reference, it may not be in the context or its toString() returned null. /templates/macros/page/navigation.vm[line 15, column 51]
16:04:03.726 [Test worker] DEBUG org.apache.velocity - Left side ($active_tab) of '==' operation has null value. If it is a reference, it may not be in the context or its toString() returned null. /templates/macros/page/navigation.vm[line 16, column 51]
16:04:03.726 [Test worker] DEBUG org.apache.velocity - Left side ($active_tab) of '==' operation has null value. If it is a reference, it may not be in the context or its toString() returned null. /templates/macros/page/navigation.vm[line 20, column 51]
16:04:03.726 [Test worker] DEBUG org.apache.velocity - VM #includeLead: too few arguments to macro. Wanted 2 got 1
16:04:03.726 [Test worker] DEBUG org.apache.velocity - VM #includeBrief: too few arguments to macro. Wanted 5 got 4
16:04:03.726 [Test worker] DEBUG org.apache.velocity - VM #includeBrief: too few arguments to macro. Wanted 5 got 4
16:04:03.726 [Test worker] DEBUG org.apache.velocity - ResourceManager : found /templates/footer.vm with loader org.apache.velocity.runtime.resource.loader.ClasspathResourceLoader
16:04:03.726 [Test worker] DEBUG org.apache.velocity - ResourceManager : found templates/generators/reportTag.vm with loader org.apache.velocity.runtime.resource.loader.ClasspathResourceLoader
16:04:03.726 [Test worker] DEBUG org.apache.velocity - ResourceManager : found /templates/headers.vm with loader org.apache.velocity.runtime.resource.loader.ClasspathResourceLoader
16:04:03.726 [Test worker] DEBUG org.apache.velocity - ResourceManager : found /templates/head.vm with loader org.apache.velocity.runtime.resource.loader.ClasspathResourceLoader
16:04:03.726 [Test worker] DEBUG org.apache.velocity - Velocimacro : added VM stringArray: source=/templates/macros/array.js.vm
16:04:03.726 [Test worker] DEBUG org.apache.velocity - Velocimacro : added VM numberArray: source=/templates/macros/array.js.vm
16:04:03.726 [Test worker] DEBUG org.apache.velocity - ResourceManager : found /templates/macros/array.js.vm with loader org.apache.velocity.runtime.resource.loader.ClasspathResourceLoader
16:04:03.726 [Test worker] DEBUG org.apache.velocity - Velocimacro : added VM includeBuildInfo: source=/templates/macros/page/buildinfo.vm
16:04:03.726 [Test worker] DEBUG org.apache.velocity - ResourceManager : found /templates/macros/page/buildinfo.vm with loader org.apache.velocity.runtime.resource.loader.ClasspathResourceLoader
16:04:03.726 [Test worker] DEBUG org.apache.velocity - Velocimacro : added VM includeClassifications: source=/templates/macros/page/classifications.vm
16:04:03.726 [Test worker] DEBUG org.apache.velocity - ResourceManager : found /templates/macros/page/classifications.vm with loader org.apache.velocity.runtime.resource.loader.ClasspathResourceLoader
16:04:03.726 [Test worker] DEBUG org.apache.velocity - Velocimacro : added VM includeLead: source=/templates/macros/page/lead.vm
16:04:03.726 [Test worker] DEBUG org.apache.velocity - ResourceManager : found /templates/macros/page/lead.vm with loader org.apache.velocity.runtime.resource.loader.ClasspathResourceLoader
16:04:03.726 [Test worker] DEBUG org.apache.velocity - Velocimacro : added VM includeNavigation: source=/templates/macros/page/navigation.vm
16:04:03.726 [Test worker] DEBUG org.apache.velocity - ResourceManager : found /templates/macros/page/navigation.vm with loader org.apache.velocity.runtime.resource.loader.ClasspathResourceLoader
16:04:03.726 [Test worker] DEBUG org.apache.velocity - Velocimacro : added VM includeReportInfo: source=/templates/macros/page/reportInfo.vm
16:04:03.726 [Test worker] DEBUG org.apache.velocity - ResourceManager : found /templates/macros/page/reportInfo.vm with loader org.apache.velocity.runtime.resource.loader.ClasspathResourceLoader
16:04:03.726 [Test worker] DEBUG org.apache.velocity - Velocimacro : added VM includeTitle: source=/templates/macros/page/title.vm
16:04:03.726 [Test worker] DEBUG org.apache.velocity - ResourceManager : found /templates/macros/page/title.vm with loader org.apache.velocity.runtime.resource.loader.ClasspathResourceLoader
16:04:03.742 [Test worker] DEBUG org.apache.velocity - Velocimacro : added VM includeExpandingButtons: source=/templates/macros/report/expandAllButtons.vm
16:04:03.742 [Test worker] DEBUG org.apache.velocity - ResourceManager : found /templates/macros/report/expandAllButtons.vm with loader org.apache.velocity.runtime.resource.loader.ClasspathResourceLoader
16:04:03.742 [Test worker] DEBUG org.apache.velocity - Velocimacro : added VM includeReportTable: source=/templates/macros/report/reportTable.vm
16:04:03.742 [Test worker] DEBUG org.apache.velocity - ResourceManager : found /templates/macros/report/reportTable.vm with loader org.apache.velocity.runtime.resource.loader.ClasspathResourceLoader
16:04:03.742 [Test worker] DEBUG org.apache.velocity - Velocimacro : added VM includeReportHeader: source=/templates/macros/report/reportHeader.vm
16:04:03.742 [Test worker] DEBUG org.apache.velocity - ResourceManager : found /templates/macros/report/reportHeader.vm with loader org.apache.velocity.runtime.resource.loader.ClasspathResourceLoader
16:04:03.742 [Test worker] DEBUG org.apache.velocity - Velocimacro : added VM includeStatsTable: source=/templates/macros/report/statsTable.vm
16:04:03.742 [Test worker] DEBUG org.apache.velocity - ResourceManager : found /templates/macros/report/statsTable.vm with loader org.apache.velocity.runtime.resource.loader.ClasspathResourceLoader
16:04:03.742 [Test worker] DEBUG org.apache.velocity - Velocimacro : added VM includeBrief: source=/templates/macros/json/brief.vm
16:04:03.742 [Test worker] DEBUG org.apache.velocity - ResourceManager : found /templates/macros/json/brief.vm with loader org.apache.velocity.runtime.resource.loader.ClasspathResourceLoader
16:04:03.742 [Test worker] DEBUG org.apache.velocity - Velocimacro : added VM includeDocString: source=/templates/macros/json/docstring.vm
16:04:03.742 [Test worker] DEBUG org.apache.velocity - ResourceManager : found /templates/macros/json/docstring.vm with loader org.apache.velocity.runtime.resource.loader.ClasspathResourceLoader
16:04:03.742 [Test worker] DEBUG org.apache.velocity - Velocimacro : added VM includeDuration: source=/templates/macros/json/duration.vm
16:04:03.742 [Test worker] DEBUG org.apache.velocity - ResourceManager : found /templates/macros/json/duration.vm with loader org.apache.velocity.runtime.resource.loader.ClasspathResourceLoader
16:04:03.742 [Test worker] DEBUG org.apache.velocity - Velocimacro : added VM includeElement: source=/templates/macros/json/element.vm
16:04:03.742 [Test worker] DEBUG org.apache.velocity - ResourceManager : found /templates/macros/json/element.vm with loader org.apache.velocity.runtime.resource.loader.ClasspathResourceLoader
16:04:03.742 [Test worker] DEBUG org.apache.velocity - Velocimacro : added VM includeEmbeddings: source=/templates/macros/json/embeddings.vm
16:04:03.742 [Test worker] DEBUG org.apache.velocity - Velocimacro : added VM includeHtmlEmbedding: source=/templates/macros/json/embeddings.vm
16:04:03.742 [Test worker] DEBUG org.apache.velocity - Velocimacro : added VM includeImageEmbedding: source=/templates/macros/json/embeddings.vm
16:04:03.742 [Test worker] DEBUG org.apache.velocity - Velocimacro : added VM includeImageReferenceEmbedding: source=/templates/macros/json/embeddings.vm
16:04:03.742 [Test worker] DEBUG org.apache.velocity - Velocimacro : added VM includeTextEmbedding: source=/templates/macros/json/embeddings.vm
16:04:03.742 [Test worker] DEBUG org.apache.velocity - Velocimacro : added VM includeUnknownEmbedding: source=/templates/macros/json/embeddings.vm
16:04:03.742 [Test worker] DEBUG org.apache.velocity - ResourceManager : found /templates/macros/json/embeddings.vm with loader org.apache.velocity.runtime.resource.loader.ClasspathResourceLoader
16:04:03.742 [Test worker] DEBUG org.apache.velocity - Velocimacro : added VM includeHooks: source=/templates/macros/json/hooks.vm
16:04:03.742 [Test worker] DEBUG org.apache.velocity - ResourceManager : found /templates/macros/json/hooks.vm with loader org.apache.velocity.runtime.resource.loader.ClasspathResourceLoader
16:04:03.742 [Test worker] DEBUG org.apache.velocity - Velocimacro : added VM includeOutput: source=/templates/macros/json/output.vm
16:04:03.742 [Test worker] DEBUG org.apache.velocity - ResourceManager : found /templates/macros/json/output.vm with loader org.apache.velocity.runtime.resource.loader.ClasspathResourceLoader
16:04:03.742 [Test worker] DEBUG org.apache.velocity - Velocimacro : added VM includeMessage: source=/templates/macros/json/message.vm
16:04:03.742 [Test worker] DEBUG org.apache.velocity - ResourceManager : found /templates/macros/json/message.vm with loader org.apache.velocity.runtime.resource.loader.ClasspathResourceLoader
16:04:03.742 [Test worker] DEBUG org.apache.velocity - Velocimacro : added VM includeSteps: source=/templates/macros/json/steps.vm
16:04:03.742 [Test worker] DEBUG org.apache.velocity - ResourceManager : found /templates/macros/json/steps.vm with loader org.apache.velocity.runtime.resource.loader.ClasspathResourceLoader
16:04:03.742 [Test worker] DEBUG org.apache.velocity - Velocimacro : added VM includeTags: source=/templates/macros/json/tags.vm
16:04:03.742 [Test worker] DEBUG org.apache.velocity - ResourceManager : found /templates/macros/json/tags.vm with loader org.apache.velocity.runtime.resource.loader.ClasspathResourceLoader
16:04:03.742 [Test worker] DEBUG org.apache.velocity - VM #includeNavigation: too few arguments to macro. Wanted 1 got 0
16:04:03.742 [Test worker] DEBUG org.apache.velocity - Left side ($active_tab) of '==' operation has null value. If it is a reference, it may not be in the context or its toString() returned null. /templates/macros/page/navigation.vm[line 14, column 51]
16:04:03.742 [Test worker] DEBUG org.apache.velocity - Left side ($active_tab) of '==' operation has null value. If it is a reference, it may not be in the context or its toString() returned null. /templates/macros/page/navigation.vm[line 15, column 51]
16:04:03.742 [Test worker] DEBUG org.apache.velocity - Left side ($active_tab) of '==' operation has null value. If it is a reference, it may not be in the context or its toString() returned null. /templates/macros/page/navigation.vm[line 16, column 51]
16:04:03.742 [Test worker] DEBUG org.apache.velocity - Left side ($active_tab) of '==' operation has null value. If it is a reference, it may not be in the context or its toString() returned null. /templates/macros/page/navigation.vm[line 20, column 51]
16:04:03.742 [Test worker] DEBUG org.apache.velocity - VM #includeLead: too few arguments to macro. Wanted 2 got 1
16:04:03.742 [Test worker] DEBUG org.apache.velocity - VM #includeBrief: too few arguments to macro. Wanted 5 got 4
16:04:03.742 [Test worker] DEBUG org.apache.velocity - VM #includeBrief: too few arguments to macro. Wanted 5 got 4
16:04:03.742 [Test worker] DEBUG org.apache.velocity - VM #includeBrief: too few arguments to macro. Wanted 5 got 4
16:04:03.742 [Test worker] DEBUG org.apache.velocity - VM #includeBrief: too few arguments to macro. Wanted 5 got 4
16:04:03.742 [Test worker] DEBUG org.apache.velocity - VM #includeBrief: too few arguments to macro. Wanted 5 got 4
16:04:03.742 [Test worker] DEBUG org.apache.velocity - VM #includeBrief: too few arguments to macro. Wanted 5 got 4
16:04:03.742 [Test worker] DEBUG org.apache.velocity - VM #includeBrief: too few arguments to macro. Wanted 5 got 4
16:04:03.742 [Test worker] DEBUG org.apache.velocity - VM #includeBrief: too few arguments to macro. Wanted 5 got 4
16:04:03.742 [Test worker] DEBUG org.apache.velocity - ResourceManager : found /templates/footer.vm with loader org.apache.velocity.runtime.resource.loader.ClasspathResourceLoader
16:04:03.742 [Test worker] DEBUG org.apache.velocity - ResourceManager : found templates/generators/overviewSteps.vm with loader org.apache.velocity.runtime.resource.loader.ClasspathResourceLoader
16:04:03.742 [Test worker] DEBUG org.apache.velocity - ResourceManager : found /templates/headers.vm with loader org.apache.velocity.runtime.resource.loader.ClasspathResourceLoader
16:04:03.742 [Test worker] DEBUG org.apache.velocity - ResourceManager : found /templates/head.vm with loader org.apache.velocity.runtime.resource.loader.ClasspathResourceLoader
16:04:03.757 [Test worker] DEBUG org.apache.velocity - Velocimacro : added VM stringArray: source=/templates/macros/array.js.vm
16:04:03.757 [Test worker] DEBUG org.apache.velocity - Velocimacro : added VM numberArray: source=/templates/macros/array.js.vm
16:04:03.757 [Test worker] DEBUG org.apache.velocity - ResourceManager : found /templates/macros/array.js.vm with loader org.apache.velocity.runtime.resource.loader.ClasspathResourceLoader
16:04:03.757 [Test worker] DEBUG org.apache.velocity - Velocimacro : added VM includeBuildInfo: source=/templates/macros/page/buildinfo.vm
16:04:03.757 [Test worker] DEBUG org.apache.velocity - ResourceManager : found /templates/macros/page/buildinfo.vm with loader org.apache.velocity.runtime.resource.loader.ClasspathResourceLoader
16:04:03.757 [Test worker] DEBUG org.apache.velocity - Velocimacro : added VM includeClassifications: source=/templates/macros/page/classifications.vm
16:04:03.757 [Test worker] DEBUG org.apache.velocity - ResourceManager : found /templates/macros/page/classifications.vm with loader org.apache.velocity.runtime.resource.loader.ClasspathResourceLoader
16:04:03.757 [Test worker] DEBUG org.apache.velocity - Velocimacro : added VM includeLead: source=/templates/macros/page/lead.vm
16:04:03.757 [Test worker] DEBUG org.apache.velocity - ResourceManager : found /templates/macros/page/lead.vm with loader org.apache.velocity.runtime.resource.loader.ClasspathResourceLoader
16:04:03.757 [Test worker] DEBUG org.apache.velocity - Velocimacro : added VM includeNavigation: source=/templates/macros/page/navigation.vm
16:04:03.757 [Test worker] DEBUG org.apache.velocity - ResourceManager : found /templates/macros/page/navigation.vm with loader org.apache.velocity.runtime.resource.loader.ClasspathResourceLoader
16:04:03.757 [Test worker] DEBUG org.apache.velocity - Velocimacro : added VM includeReportInfo: source=/templates/macros/page/reportInfo.vm
16:04:03.757 [Test worker] DEBUG org.apache.velocity - ResourceManager : found /templates/macros/page/reportInfo.vm with loader org.apache.velocity.runtime.resource.loader.ClasspathResourceLoader
16:04:03.757 [Test worker] DEBUG org.apache.velocity - Velocimacro : added VM includeTitle: source=/templates/macros/page/title.vm
16:04:03.757 [Test worker] DEBUG org.apache.velocity - ResourceManager : found /templates/macros/page/title.vm with loader org.apache.velocity.runtime.resource.loader.ClasspathResourceLoader
16:04:03.757 [Test worker] DEBUG org.apache.velocity - Velocimacro : added VM includeExpandingButtons: source=/templates/macros/report/expandAllButtons.vm
16:04:03.757 [Test worker] DEBUG org.apache.velocity - ResourceManager : found /templates/macros/report/expandAllButtons.vm with loader org.apache.velocity.runtime.resource.loader.ClasspathResourceLoader
16:04:03.757 [Test worker] DEBUG org.apache.velocity - Velocimacro : added VM includeReportTable: source=/templates/macros/report/reportTable.vm
16:04:03.757 [Test worker] DEBUG org.apache.velocity - ResourceManager : found /templates/macros/report/reportTable.vm with loader org.apache.velocity.runtime.resource.loader.ClasspathResourceLoader
16:04:03.757 [Test worker] DEBUG org.apache.velocity - Velocimacro : added VM includeReportHeader: source=/templates/macros/report/reportHeader.vm
16:04:03.757 [Test worker] DEBUG org.apache.velocity - ResourceManager : found /templates/macros/report/reportHeader.vm with loader org.apache.velocity.runtime.resource.loader.ClasspathResourceLoader
16:04:03.757 [Test worker] DEBUG org.apache.velocity - Velocimacro : added VM includeStatsTable: source=/templates/macros/report/statsTable.vm
16:04:03.757 [Test worker] DEBUG org.apache.velocity - ResourceManager : found /templates/macros/report/statsTable.vm with loader org.apache.velocity.runtime.resource.loader.ClasspathResourceLoader
16:04:03.757 [Test worker] DEBUG org.apache.velocity - Velocimacro : added VM includeBrief: source=/templates/macros/json/brief.vm
16:04:03.757 [Test worker] DEBUG org.apache.velocity - ResourceManager : found /templates/macros/json/brief.vm with loader org.apache.velocity.runtime.resource.loader.ClasspathResourceLoader
16:04:03.757 [Test worker] DEBUG org.apache.velocity - Velocimacro : added VM includeDocString: source=/templates/macros/json/docstring.vm
16:04:03.757 [Test worker] DEBUG org.apache.velocity - ResourceManager : found /templates/macros/json/docstring.vm with loader org.apache.velocity.runtime.resource.loader.ClasspathResourceLoader
16:04:03.757 [Test worker] DEBUG org.apache.velocity - Velocimacro : added VM includeDuration: source=/templates/macros/json/duration.vm
16:04:03.757 [Test worker] DEBUG org.apache.velocity - ResourceManager : found /templates/macros/json/duration.vm with loader org.apache.velocity.runtime.resource.loader.ClasspathResourceLoader
16:04:03.757 [Test worker] DEBUG org.apache.velocity - Velocimacro : added VM includeElement: source=/templates/macros/json/element.vm
16:04:03.757 [Test worker] DEBUG org.apache.velocity - ResourceManager : found /templates/macros/json/element.vm with loader org.apache.velocity.runtime.resource.loader.ClasspathResourceLoader
16:04:03.757 [Test worker] DEBUG org.apache.velocity - Velocimacro : added VM includeEmbeddings: source=/templates/macros/json/embeddings.vm
16:04:03.757 [Test worker] DEBUG org.apache.velocity - Velocimacro : added VM includeHtmlEmbedding: source=/templates/macros/json/embeddings.vm
16:04:03.757 [Test worker] DEBUG org.apache.velocity - Velocimacro : added VM includeImageEmbedding: source=/templates/macros/json/embeddings.vm
16:04:03.757 [Test worker] DEBUG org.apache.velocity - Velocimacro : added VM includeImageReferenceEmbedding: source=/templates/macros/json/embeddings.vm
16:04:03.757 [Test worker] DEBUG org.apache.velocity - Velocimacro : added VM includeTextEmbedding: source=/templates/macros/json/embeddings.vm
16:04:03.757 [Test worker] DEBUG org.apache.velocity - Velocimacro : added VM includeUnknownEmbedding: source=/templates/macros/json/embeddings.vm
16:04:03.757 [Test worker] DEBUG org.apache.velocity - ResourceManager : found /templates/macros/json/embeddings.vm with loader org.apache.velocity.runtime.resource.loader.ClasspathResourceLoader
16:04:03.757 [Test worker] DEBUG org.apache.velocity - Velocimacro : added VM includeHooks: source=/templates/macros/json/hooks.vm
16:04:03.757 [Test worker] DEBUG org.apache.velocity - ResourceManager : found /templates/macros/json/hooks.vm with loader org.apache.velocity.runtime.resource.loader.ClasspathResourceLoader
16:04:03.757 [Test worker] DEBUG org.apache.velocity - Velocimacro : added VM includeOutput: source=/templates/macros/json/output.vm
16:04:03.757 [Test worker] DEBUG org.apache.velocity - ResourceManager : found /templates/macros/json/output.vm with loader org.apache.velocity.runtime.resource.loader.ClasspathResourceLoader
16:04:03.757 [Test worker] DEBUG org.apache.velocity - Velocimacro : added VM includeMessage: source=/templates/macros/json/message.vm
16:04:03.757 [Test worker] DEBUG org.apache.velocity - ResourceManager : found /templates/macros/json/message.vm with loader org.apache.velocity.runtime.resource.loader.ClasspathResourceLoader
16:04:03.757 [Test worker] DEBUG org.apache.velocity - Velocimacro : added VM includeSteps: source=/templates/macros/json/steps.vm
16:04:03.757 [Test worker] DEBUG org.apache.velocity - ResourceManager : found /templates/macros/json/steps.vm with loader org.apache.velocity.runtime.resource.loader.ClasspathResourceLoader
16:04:03.757 [Test worker] DEBUG org.apache.velocity - Velocimacro : added VM includeTags: source=/templates/macros/json/tags.vm
16:04:03.757 [Test worker] DEBUG org.apache.velocity - ResourceManager : found /templates/macros/json/tags.vm with loader org.apache.velocity.runtime.resource.loader.ClasspathResourceLoader
16:04:03.757 [Test worker] DEBUG org.apache.velocity - ResourceManager : found /templates/footer.vm with loader org.apache.velocity.runtime.resource.loader.ClasspathResourceLoader
16:04:03.757 [Test worker] DEBUG org.apache.velocity - ResourceManager : found templates/generators/overviewFailures.vm with loader org.apache.velocity.runtime.resource.loader.ClasspathResourceLoader
16:04:03.757 [Test worker] DEBUG org.apache.velocity - ResourceManager : found /templates/headers.vm with loader org.apache.velocity.runtime.resource.loader.ClasspathResourceLoader
16:04:03.757 [Test worker] DEBUG org.apache.velocity - ResourceManager : found /templates/head.vm with loader org.apache.velocity.runtime.resource.loader.ClasspathResourceLoader
16:04:03.757 [Test worker] DEBUG org.apache.velocity - Velocimacro : added VM stringArray: source=/templates/macros/array.js.vm
16:04:03.757 [Test worker] DEBUG org.apache.velocity - Velocimacro : added VM numberArray: source=/templates/macros/array.js.vm
16:04:03.757 [Test worker] DEBUG org.apache.velocity - ResourceManager : found /templates/macros/array.js.vm with loader org.apache.velocity.runtime.resource.loader.ClasspathResourceLoader
16:04:03.757 [Test worker] DEBUG org.apache.velocity - Velocimacro : added VM includeBuildInfo: source=/templates/macros/page/buildinfo.vm
16:04:03.757 [Test worker] DEBUG org.apache.velocity - ResourceManager : found /templates/macros/page/buildinfo.vm with loader org.apache.velocity.runtime.resource.loader.ClasspathResourceLoader
16:04:03.757 [Test worker] DEBUG org.apache.velocity - Velocimacro : added VM includeClassifications: source=/templates/macros/page/classifications.vm
16:04:03.757 [Test worker] DEBUG org.apache.velocity - ResourceManager : found /templates/macros/page/classifications.vm with loader org.apache.velocity.runtime.resource.loader.ClasspathResourceLoader
16:04:03.757 [Test worker] DEBUG org.apache.velocity - Velocimacro : added VM includeLead: source=/templates/macros/page/lead.vm
16:04:03.757 [Test worker] DEBUG org.apache.velocity - ResourceManager : found /templates/macros/page/lead.vm with loader org.apache.velocity.runtime.resource.loader.ClasspathResourceLoader
16:04:03.757 [Test worker] DEBUG org.apache.velocity - Velocimacro : added VM includeNavigation: source=/templates/macros/page/navigation.vm
16:04:03.757 [Test worker] DEBUG org.apache.velocity - ResourceManager : found /templates/macros/page/navigation.vm with loader org.apache.velocity.runtime.resource.loader.ClasspathResourceLoader
16:04:03.757 [Test worker] DEBUG org.apache.velocity - Velocimacro : added VM includeReportInfo: source=/templates/macros/page/reportInfo.vm
16:04:03.757 [Test worker] DEBUG org.apache.velocity - ResourceManager : found /templates/macros/page/reportInfo.vm with loader org.apache.velocity.runtime.resource.loader.ClasspathResourceLoader
16:04:03.757 [Test worker] DEBUG org.apache.velocity - Velocimacro : added VM includeTitle: source=/templates/macros/page/title.vm
16:04:03.757 [Test worker] DEBUG org.apache.velocity - ResourceManager : found /templates/macros/page/title.vm with loader org.apache.velocity.runtime.resource.loader.ClasspathResourceLoader
16:04:03.757 [Test worker] DEBUG org.apache.velocity - Velocimacro : added VM includeExpandingButtons: source=/templates/macros/report/expandAllButtons.vm
16:04:03.757 [Test worker] DEBUG org.apache.velocity - ResourceManager : found /templates/macros/report/expandAllButtons.vm with loader org.apache.velocity.runtime.resource.loader.ClasspathResourceLoader
16:04:03.757 [Test worker] DEBUG org.apache.velocity - Velocimacro : added VM includeReportTable: source=/templates/macros/report/reportTable.vm
16:04:03.757 [Test worker] DEBUG org.apache.velocity - ResourceManager : found /templates/macros/report/reportTable.vm with loader org.apache.velocity.runtime.resource.loader.ClasspathResourceLoader
16:04:03.757 [Test worker] DEBUG org.apache.velocity - Velocimacro : added VM includeReportHeader: source=/templates/macros/report/reportHeader.vm
16:04:03.757 [Test worker] DEBUG org.apache.velocity - ResourceManager : found /templates/macros/report/reportHeader.vm with loader org.apache.velocity.runtime.resource.loader.ClasspathResourceLoader
16:04:03.757 [Test worker] DEBUG org.apache.velocity - Velocimacro : added VM includeStatsTable: source=/templates/macros/report/statsTable.vm
16:04:03.757 [Test worker] DEBUG org.apache.velocity - ResourceManager : found /templates/macros/report/statsTable.vm with loader org.apache.velocity.runtime.resource.loader.ClasspathResourceLoader
16:04:03.757 [Test worker] DEBUG org.apache.velocity - Velocimacro : added VM includeBrief: source=/templates/macros/json/brief.vm
16:04:03.757 [Test worker] DEBUG org.apache.velocity - ResourceManager : found /templates/macros/json/brief.vm with loader org.apache.velocity.runtime.resource.loader.ClasspathResourceLoader
16:04:03.757 [Test worker] DEBUG org.apache.velocity - Velocimacro : added VM includeDocString: source=/templates/macros/json/docstring.vm
16:04:03.757 [Test worker] DEBUG org.apache.velocity - ResourceManager : found /templates/macros/json/docstring.vm with loader org.apache.velocity.runtime.resource.loader.ClasspathResourceLoader
16:04:03.757 [Test worker] DEBUG org.apache.velocity - Velocimacro : added VM includeDuration: source=/templates/macros/json/duration.vm
16:04:03.757 [Test worker] DEBUG org.apache.velocity - ResourceManager : found /templates/macros/json/duration.vm with loader org.apache.velocity.runtime.resource.loader.ClasspathResourceLoader
16:04:03.773 [Test worker] DEBUG org.apache.velocity - Velocimacro : added VM includeElement: source=/templates/macros/json/element.vm
16:04:03.773 [Test worker] DEBUG org.apache.velocity - ResourceManager : found /templates/macros/json/element.vm with loader org.apache.velocity.runtime.resource.loader.ClasspathResourceLoader
16:04:03.773 [Test worker] DEBUG org.apache.velocity - Velocimacro : added VM includeEmbeddings: source=/templates/macros/json/embeddings.vm
16:04:03.773 [Test worker] DEBUG org.apache.velocity - Velocimacro : added VM includeHtmlEmbedding: source=/templates/macros/json/embeddings.vm
16:04:03.773 [Test worker] DEBUG org.apache.velocity - Velocimacro : added VM includeImageEmbedding: source=/templates/macros/json/embeddings.vm
16:04:03.773 [Test worker] DEBUG org.apache.velocity - Velocimacro : added VM includeImageReferenceEmbedding: source=/templates/macros/json/embeddings.vm
16:04:03.773 [Test worker] DEBUG org.apache.velocity - Velocimacro : added VM includeTextEmbedding: source=/templates/macros/json/embeddings.vm
16:04:03.773 [Test worker] DEBUG org.apache.velocity - Velocimacro : added VM includeUnknownEmbedding: source=/templates/macros/json/embeddings.vm
16:04:03.773 [Test worker] DEBUG org.apache.velocity - ResourceManager : found /templates/macros/json/embeddings.vm with loader org.apache.velocity.runtime.resource.loader.ClasspathResourceLoader
16:04:03.773 [Test worker] DEBUG org.apache.velocity - Velocimacro : added VM includeHooks: source=/templates/macros/json/hooks.vm
16:04:03.773 [Test worker] DEBUG org.apache.velocity - ResourceManager : found /templates/macros/json/hooks.vm with loader org.apache.velocity.runtime.resource.loader.ClasspathResourceLoader
16:04:03.773 [Test worker] DEBUG org.apache.velocity - Velocimacro : added VM includeOutput: source=/templates/macros/json/output.vm
16:04:03.773 [Test worker] DEBUG org.apache.velocity - ResourceManager : found /templates/macros/json/output.vm with loader org.apache.velocity.runtime.resource.loader.ClasspathResourceLoader
16:04:03.773 [Test worker] DEBUG org.apache.velocity - Velocimacro : added VM includeMessage: source=/templates/macros/json/message.vm
16:04:03.773 [Test worker] DEBUG org.apache.velocity - ResourceManager : found /templates/macros/json/message.vm with loader org.apache.velocity.runtime.resource.loader.ClasspathResourceLoader
16:04:03.773 [Test worker] DEBUG org.apache.velocity - Velocimacro : added VM includeSteps: source=/templates/macros/json/steps.vm
16:04:03.773 [Test worker] DEBUG org.apache.velocity - ResourceManager : found /templates/macros/json/steps.vm with loader org.apache.velocity.runtime.resource.loader.ClasspathResourceLoader
16:04:03.773 [Test worker] DEBUG org.apache.velocity - Velocimacro : added VM includeTags: source=/templates/macros/json/tags.vm
16:04:03.773 [Test worker] DEBUG org.apache.velocity - ResourceManager : found /templates/macros/json/tags.vm with loader org.apache.velocity.runtime.resource.loader.ClasspathResourceLoader
16:04:03.773 [Test worker] DEBUG org.apache.velocity - VM #includeBrief: too few arguments to macro. Wanted 5 got 4
16:04:03.773 [Test worker] DEBUG org.apache.velocity - VM #includeBrief: too few arguments to macro. Wanted 5 got 4
16:04:03.773 [Test worker] DEBUG org.apache.velocity - VM #includeBrief: too few arguments to macro. Wanted 5 got 4
16:04:03.773 [Test worker] DEBUG org.apache.velocity - VM #includeBrief: too few arguments to macro. Wanted 5 got 4
16:04:03.773 [Test worker] DEBUG org.apache.velocity - VM #includeBrief: too few arguments to macro. Wanted 5 got 4
16:04:03.773 [Test worker] DEBUG org.apache.velocity - VM #includeBrief: too few arguments to macro. Wanted 5 got 4
16:04:03.773 [Test worker] DEBUG org.apache.velocity - VM #includeBrief: too few arguments to macro. Wanted 5 got 4
16:04:03.773 [Test worker] DEBUG org.apache.velocity - VM #includeBrief: too few arguments to macro. Wanted 5 got 4
16:04:03.773 [Test worker] DEBUG org.apache.velocity - VM #includeBrief: too few arguments to macro. Wanted 5 got 4
16:04:03.773 [Test worker] DEBUG org.apache.velocity - VM #includeBrief: too few arguments to macro. Wanted 5 got 4
16:04:03.773 [Test worker] DEBUG org.apache.velocity - VM #includeBrief: too few arguments to macro. Wanted 5 got 4
16:04:03.773 [Test worker] DEBUG org.apache.velocity - VM #includeBrief: too few arguments to macro. Wanted 5 got 4
16:04:03.773 [Test worker] DEBUG org.apache.velocity - VM #includeBrief: too few arguments to macro. Wanted 5 got 4
16:04:03.773 [Test worker] DEBUG org.apache.velocity - VM #includeBrief: too few arguments to macro. Wanted 5 got 4
16:04:03.773 [Test worker] DEBUG org.apache.velocity - VM #includeBrief: too few arguments to macro. Wanted 5 got 4
16:04:03.773 [Test worker] DEBUG org.apache.velocity - VM #includeBrief: too few arguments to macro. Wanted 5 got 4
16:04:03.773 [Test worker] DEBUG org.apache.velocity - VM #includeBrief: too few arguments to macro. Wanted 5 got 4
16:04:03.773 [Test worker] DEBUG org.apache.velocity - VM #includeBrief: too few arguments to macro. Wanted 5 got 4
16:04:03.773 [Test worker] DEBUG org.apache.velocity - VM #includeBrief: too few arguments to macro. Wanted 5 got 4
16:04:03.773 [Test worker] DEBUG org.apache.velocity - VM #includeBrief: too few arguments to macro. Wanted 5 got 4
16:04:03.773 [Test worker] DEBUG org.apache.velocity - VM #includeBrief: too few arguments to macro. Wanted 5 got 4
16:04:03.773 [Test worker] DEBUG org.apache.velocity - VM #includeBrief: too few arguments to macro. Wanted 5 got 4
16:04:03.773 [Test worker] DEBUG org.apache.velocity - VM #includeBrief: too few arguments to macro. Wanted 5 got 4
16:04:03.773 [Test worker] DEBUG org.apache.velocity - VM #includeBrief: too few arguments to macro. Wanted 5 got 4
16:04:03.773 [Test worker] DEBUG org.apache.velocity - VM #includeBrief: too few arguments to macro. Wanted 5 got 4
16:04:03.773 [Test worker] DEBUG org.apache.velocity - VM #includeBrief: too few arguments to macro. Wanted 5 got 4
16:04:03.773 [Test worker] DEBUG org.apache.velocity - ResourceManager : found /templates/footer.vm with loader org.apache.velocity.runtime.resource.loader.ClasspathResourceLoader
]]></system-out>
  <system-err><![CDATA[[Fatal Error] :4:74: Attribute name "data-pagespeed-no-defer" associated with an element type "script" must be followed by the ' = ' character.
ERROR StatusLogger No log4j2 configuration file found. Using default configuration: logging only errors to the console.
]]></system-err>
</testsuite>
